Log file open, 04/08/23 18:19:01
LogWindows: Failed to load 'aqProf.dll' (GetLastError=126)
LogWindows: File 'aqProf.dll' does not exist
LogWindows: Failed to load 'VtuneApi.dll' (GetLastError=126)
LogWindows: File 'VtuneApi.dll' does not exist
LogWindows: Failed to load 'VtuneApi32e.dll' (GetLastError=126)
LogWindows: File 'VtuneApi32e.dll' does not exist
LogConsoleResponse: Display: Failed to find resolution value strings in scalability ini. Falling back to default.
LogConsoleResponse: Display: Failed to find resolution value strings in scalability ini. Falling back to default.
LogInit: Display: Running engine for game: PacManHunter
LogPlatformFile: Not using cached read wrapper
LogTaskGraph: Started task graph with 5 named threads and 35 total threads with 3 sets of task threads.
LogStats: Stats thread started at 0.285737
LogICUInternationalization: ICU TimeZone Detection - Raw Offset: +0:00, Platform Override: ''
LogInit: Display: Loading text-based GConfig....
LogPluginManager: Mounting plugin MeshPainting
LogPluginManager: Mounting plugin XGEController
LogPluginManager: Mounting plugin Paper2D
LogPluginManager: Mounting plugin AISupport
LogPluginManager: Mounting plugin EnvironmentQueryEditor
LogPluginManager: Mounting plugin CameraShakePreviewer
LogPluginManager: Mounting plugin OodleData
LogPluginManager: Mounting plugin OodleNetwork
LogPluginManager: Mounting plugin AnimationSharing
LogPluginManager: Mounting plugin GameplayCameras
LogPluginManager: Mounting plugin CLionSourceCodeAccess
LogPluginManager: Mounting plugin CodeLiteSourceCodeAccess
LogPluginManager: Mounting plugin PerforceSourceControl
LogPluginManager: Mounting plugin KDevelopSourceCodeAccess
LogPluginManager: Mounting plugin PluginUtils
LogPluginManager: Mounting plugin NullSourceCodeAccess
LogPluginManager: Mounting plugin GitSourceControl
LogPluginManager: Mounting plugin PlasticSourceControl
LogPluginManager: Mounting plugin PixWinPlugin
LogPluginManager: Mounting plugin PropertyAccessNode
LogPluginManager: Mounting plugin RiderSourceCodeAccess
LogPluginManager: Mounting plugin SubversionSourceControl
LogPluginManager: Mounting plugin TextureFormatOodle
LogPluginManager: Mounting plugin VisualStudioCodeSourceCodeAccess
LogPluginManager: Mounting plugin VisualStudioSourceCodeAccess
LogPluginManager: Mounting plugin UObjectPlugin
LogPluginManager: Mounting plugin LiveLink
LogPluginManager: Mounting plugin LightPropagationVolume
LogPluginManager: Mounting plugin XCodeSourceCodeAccess
LogPluginManager: Mounting plugin AlembicImporter
LogPluginManager: Mounting plugin AutomationUtils
LogPluginManager: Mounting plugin ChaosCloth
LogPluginManager: Mounting plugin BackChannel
LogPluginManager: Mounting plugin ChaosNiagara
LogPluginManager: Mounting plugin CharacterAI
LogPluginManager: Mounting plugin ChaosSolverPlugin
LogPluginManager: Mounting plugin ChaosEditor
LogPluginManager: Mounting plugin AndroidMedia
LogPluginManager: Mounting plugin AvfMedia
LogPluginManager: Mounting plugin ChaosClothEditor
LogPluginManager: Mounting plugin ImgMedia
LogPluginManager: Mounting plugin MediaCompositing
LogPluginManager: Mounting plugin MediaPlayerEditor
LogPluginManager: Mounting plugin WmfMedia
LogPluginManager: Mounting plugin AssetManagerEditor
LogPluginManager: Mounting plugin CurveEditorTools
LogPluginManager: Mounting plugin DataValidation
LogPluginManager: Mounting plugin CryptoKeys
LogPluginManager: Mounting plugin GameplayTagsEditor
LogPluginManager: Mounting plugin FacialAnimation
LogPluginManager: Mounting plugin WebMMedia
LogPluginManager: Mounting plugin GeometryMode
LogPluginManager: Mounting plugin MaterialAnalyzer
LogPluginManager: Mounting plugin MacGraphicsSwitching
LogPluginManager: Mounting plugin MobileLauncherProfileWizard
LogPluginManager: Mounting plugin PluginBrowser
LogPluginManager: Mounting plugin SpeedTreeImporter
LogPluginManager: Mounting plugin GeometryCache
LogPluginManager: Mounting plugin GeometryCollectionPlugin
LogPluginManager: Mounting plugin GeometryProcessing
LogPluginManager: Mounting plugin OpenImageDenoise
LogPluginManager: Mounting plugin PlanarCut
LogPluginManager: Mounting plugin ProxyLODPlugin
LogPluginManager: Mounting plugin PlatformCrypto
LogPluginManager: Mounting plugin MotoSynth
LogPluginManager: Mounting plugin PythonScriptPlugin
LogPluginManager: Mounting plugin SkeletalReduction
LogPluginManager: Mounting plugin TcpMessaging
LogPluginManager: Mounting plugin TemplateSequence
LogPluginManager: Mounting plugin ActorSequence
LogPluginManager: Mounting plugin LevelSequenceEditor
LogPluginManager: Mounting plugin OnlineSubsystem
LogPluginManager: Mounting plugin MatineeToLevelSequence
LogPluginManager: Mounting plugin UdpMessaging
LogPluginManager: Mounting plugin OnlineSubsystemNull
LogPluginManager: Mounting plugin OnlineSubsystemUtils
LogPluginManager: Mounting plugin LuminPlatformFeatures
LogPluginManager: Mounting plugin MagicLeap
LogPluginManager: Mounting plugin Niagara
LogPluginManager: Mounting plugin MagicLeapLightEstimation
LogPluginManager: Mounting plugin MagicLeapMedia
LogPluginManager: Mounting plugin MagicLeapPassableWorld
LogPluginManager: Mounting plugin LauncherChunkInstaller
LogPluginManager: Mounting plugin MLSDK
LogPluginManager: Mounting plugin ScreenshotTools
LogPluginManager: Mounting plugin Takes
LogPluginManager: Mounting plugin DatasmithContent
LogPluginManager: Mounting plugin VariantManagerContent
LogPluginManager: Mounting plugin ActorLayerUtilities
LogPluginManager: Mounting plugin AndroidDeviceProfileSelector
LogPluginManager: Mounting plugin AndroidMoviePlayer
LogPluginManager: Mounting plugin AndroidPermission
LogPluginManager: Mounting plugin AppleImageUtils
LogPluginManager: Mounting plugin AppleMoviePlayer
LogPluginManager: Mounting plugin ArchVisCharacter
LogPluginManager: Mounting plugin AssetTags
LogPluginManager: Mounting plugin AudioCapture
LogPluginManager: Mounting plugin AudioSynesthesia
LogPluginManager: Mounting plugin CableComponent
LogPluginManager: Mounting plugin CustomMeshComponent
LogPluginManager: Mounting plugin ChunkDownloader
LogPluginManager: Mounting plugin EditableMesh
LogPluginManager: Mounting plugin ExampleDeviceProfileSelector
LogPluginManager: Mounting plugin GoogleCloudMessaging
LogPluginManager: Mounting plugin GooglePAD
LogPluginManager: Mounting plugin IOSDeviceProfileSelector
LogPluginManager: Mounting plugin LinuxDeviceProfileSelector
LogPluginManager: Mounting plugin LocationServicesBPLibrary
LogPluginManager: Mounting plugin MobilePatchingUtils
LogPluginManager: Mounting plugin OpenXREyeTracker
LogPluginManager: Mounting plugin OpenXRHandTracking
LogPluginManager: Mounting plugin OpenXR
LogPluginManager: Mounting plugin PhysXVehicles
LogPluginManager: Mounting plugin PostSplashScreen
LogPluginManager: Mounting plugin PropertyAccessEditor
LogPluginManager: Mounting plugin ProceduralMeshComponent
LogPluginManager: Mounting plugin RuntimePhysXCooking
LogPluginManager: Mounting plugin SignificanceManager
LogPluginManager: Mounting plugin SoundFields
LogPluginManager: Mounting plugin Synthesis
LogPluginManager: Mounting plugin WebMMoviePlayer
LogPluginManager: Mounting plugin WindowsMoviePlayer
LogPluginManager: Mounting plugin ContentBrowserAssetDataSource
LogPluginManager: Mounting plugin ContentBrowserFileDataSource
LogPluginManager: Mounting plugin ContentBrowserClassDataSource
LogPluginManager: Mounting plugin OnlineSubsystemGooglePlay
LogPluginManager: Mounting plugin OnlineSubsystemIOS
LogPluginManager: Mounting plugin OculusVR
LogPluginManager: Mounting plugin SteamVR
PixWinPlugin: PIX capture plugin failed to initialize! Check that the process is launched from PIX.
LogInit: Using libcurl 7.55.1-DEV
LogInit:  - built for x86_64-pc-win32
LogInit:  - supports SSL with OpenSSL/1.1.1
LogInit:  - supports HTTP deflate (compression) using libz 1.2.8
LogInit:  - other features:
LogInit:      CURL_VERSION_SSL
LogInit:      CURL_VERSION_LIBZ
LogInit:      CURL_VERSION_IPV6
LogInit:      CURL_VERSION_ASYNCHDNS
LogInit:      CURL_VERSION_LARGEFILE
LogInit:      CURL_VERSION_IDN
LogInit:  CurlRequestOptions (configurable via config and command line):
LogInit:  - bVerifyPeer = true  - Libcurl will verify peer certificate
LogInit:  - bUseHttpProxy = false  - Libcurl will NOT use HTTP proxy
LogInit:  - bDontReuseConnections = false  - Libcurl will reuse connections
LogInit:  - MaxHostConnections = 16  - Libcurl will limit the number of connections to a host
LogInit:  - LocalHostAddr = Default
LogInit:  - BufferSize = 65536
LogOnline: OSS: Creating online subsystem instance for: NULL
LogInit: WinSock: version 1.1 (2.2), MaxSocks=32767, MaxUdp=65467
LogOnline: OSS: TryLoadSubsystemAndSetDefault: Loaded subsystem for module [NULL]
LogOculusPluginWrapper: OculusPlugin initialized successfully
LogHMD: Failed initializing OVRPlugin 1.59.0
LogInit: Build: ++UE4+Release-4.27-CL-18319896
LogInit: Engine Version: 4.27.2-18319896+++UE4+Release-4.27
LogInit: Compatible Engine Version: 4.27.0-17155196+++UE4+Release-4.27
LogInit: Net CL: 17155196
LogInit: OS: Windows 10 (Release 2009) (), CPU: 11th Gen Intel(R) Core(TM) i5-11400H @ 2.70GHz, GPU: Intel(R) UHD Graphics
LogInit: Compiled (64-bit): Nov 30 2021 07:12:08
LogInit: Compiled with Visual C++: 19.24.28315.00
LogInit: Build Configuration: Development
LogInit: Branch Name: ++UE4+Release-4.27
LogInit: Command Line:  /Game/ThirdPersonBP/Maps/ThirdPersonExampleMap -game -PIEVIACONSOLE -Multiprocess GameUserSettingsINI=C:/Users/Jack/Documents/GitHub/PacManHunter/Saved/Config/Windows/PIEGameUserSettings0.ini -MultiprocessSaveConfig -forcepassthrough -messaging -SessionName="Play in Standalone Game" -windowed -ResX=1280 -ResY=720
LogInit: Base Directory: C:/Program Files/Epic Games/UE_4.27/Engine/Binaries/Win64/
LogInit: Allocator: TBB
LogInit: Installed Engine Build: 1
LogDevObjectVersion: Number of dev versions registered: 29
LogDevObjectVersion:   Dev-Blueprints (B0D832E4-1F89-4F0D-ACCF-7EB736FD4AA2): 10
LogDevObjectVersion:   Dev-Build (E1C64328-A22C-4D53-A36C-8E866417BD8C): 0
LogDevObjectVersion:   Dev-Core (375EC13C-06E4-48FB-B500-84F0262A717E): 4
LogDevObjectVersion:   Dev-Editor (E4B068ED-F494-42E9-A231-DA0B2E46BB41): 40
LogDevObjectVersion:   Dev-Framework (CFFC743F-43B0-4480-9391-14DF171D2073): 37
LogDevObjectVersion:   Dev-Mobile (B02B49B5-BB20-44E9-A304-32B752E40360): 3
LogDevObjectVersion:   Dev-Networking (A4E4105C-59A1-49B5-A7C5-40C4547EDFEE): 0
LogDevObjectVersion:   Dev-Online (39C831C9-5AE6-47DC-9A44-9C173E1C8E7C): 0
LogDevObjectVersion:   Dev-Physics (78F01B33-EBEA-4F98-B9B4-84EACCB95AA2): 14
LogDevObjectVersion:   Dev-Platform (6631380F-2D4D-43E0-8009-CF276956A95A): 0
LogDevObjectVersion:   Dev-Rendering (12F88B9F-8875-4AFC-A67C-D90C383ABD29): 45
LogDevObjectVersion:   Dev-Sequencer (7B5AE74C-D270-4C10-A958-57980B212A5A): 13
LogDevObjectVersion:   Dev-VR (D7296918-1DD6-4BDD-9DE2-64A83CC13884): 3
LogDevObjectVersion:   Dev-LoadTimes (C2A15278-BFE7-4AFE-6C17-90FF531DF755): 1
LogDevObjectVersion:   Private-Geometry (6EACA3D4-40EC-4CC1-B786-8BED09428FC5): 3
LogDevObjectVersion:   Dev-AnimPhys (29E575DD-E0A3-4627-9D10-D276232CDCEA): 17
LogDevObjectVersion:   Dev-Anim (AF43A65D-7FD3-4947-9873-3E8ED9C1BB05): 15
LogDevObjectVersion:   Dev-ReflectionCapture (6B266CEC-1EC7-4B8F-A30B-E4D90942FC07): 1
LogDevObjectVersion:   Dev-Automation (0DF73D61-A23F-47EA-B727-89E90C41499A): 1
LogDevObjectVersion:   FortniteMain (601D1886-AC64-4F84-AA16-D3DE0DEAC7D6): 47
LogDevObjectVersion:   FortniteRelease (E7086368-6B23-4C58-8439-1B7016265E91): 1
LogDevObjectVersion:   Dev-Enterprise (9DFFBCD6-494F-0158-E221-12823C92A888): 10
LogDevObjectVersion:   Dev-Niagara (F2AED0AC-9AFE-416F-8664-AA7FFA26D6FC): 1
LogDevObjectVersion:   Dev-Destruction (174F1F0B-B4C6-45A5-B13F-2EE8D0FB917D): 10
LogDevObjectVersion:   Dev-Physics-Ext (35F94A83-E258-406C-A318-09F59610247C): 41
LogDevObjectVersion:   Dev-PhysicsMaterial-Chaos (B68FC16E-8B1B-42E2-B453-215C058844FE): 1
LogDevObjectVersion:   Dev-CineCamera (B2E18506-4273-CFC2-A54E-F4BB758BBA07): 1
LogDevObjectVersion:   Dev-VirtualProduction (64F58936-FD1B-42BA-BA96-7289D5D0FA4E): 1
LogDevObjectVersion:   Dev-MediaFramework (6F0ED827-A609-4895-9C91-998D90180EA4): 2
LogInit: Presizing for max 25165824 objects, including 0 objects not considered by GC, pre-allocating 0 bytes for permanent pool.
LogConfig: Applying CVar settings from Section [/Script/Engine.StreamingSettings] File [C:/Users/Jack/Documents/GitHub/PacManHunter/Saved/Config/Windows/Engine.ini]
LogConfig: Setting CVar [[s.MinBulkDataSizeForAsyncLoading:131072]]
LogConfig: Setting CVar [[s.AsyncLoadingThreadEnabled:0]]
LogConfig: Setting CVar [[s.EventDrivenLoaderEnabled:1]]
LogConfig: Setting CVar [[s.WarnIfTimeLimitExceeded:0]]
LogConfig: Setting CVar [[s.TimeLimitExceededMultiplier:1.5]]
LogConfig: Setting CVar [[s.TimeLimitExceededMinTime:0.005]]
LogConfig: Setting CVar [[s.UseBackgroundLevelStreaming:1]]
LogConfig: Setting CVar [[s.PriorityAsyncLoadingExtraTime:15.0]]
LogConfig: Setting CVar [[s.LevelStreamingActorsUpdateTimeLimit:5.0]]
LogConfig: Setting CVar [[s.PriorityLevelStreamingActorsUpdateExtraTime:5.0]]
LogConfig: Setting CVar [[s.LevelStreamingComponentsRegistrationGranularity:10]]
LogConfig: Setting CVar [[s.UnregisterComponentsTimeLimit:1.0]]
LogConfig: Setting CVar [[s.LevelStreamingComponentsUnregistrationGranularity:5]]
LogConfig: Setting CVar [[s.FlushStreamingOnExit:1]]
LogInit: Object subsystem initialized
LogConfig: Setting CVar [[con.DebugEarlyDefault:1]]
LogConfig: Setting CVar [[r.setres:1280x720]]
[2023.04.08-17.19.02:214][  0]LogConfig: Setting CVar [[con.DebugEarlyDefault:1]]
[2023.04.08-17.19.02:214][  0]LogConfig: Setting CVar [[r.setres:1280x720]]
[2023.04.08-17.19.02:214][  0]LogConfig: Applying CVar settings from Section [/Script/Engine.RendererSettings] File [C:/Users/Jack/Documents/GitHub/PacManHunter/Saved/Config/Windows/Engine.ini]
[2023.04.08-17.19.02:214][  0]LogConfig: Setting CVar [[r.GPUCrashDebugging:0]]
[2023.04.08-17.19.02:214][  0]LogConfig: Setting CVar [[r.SkinCache.CompileShaders:1]]
[2023.04.08-17.19.02:214][  0]LogConfig: Applying CVar settings from Section [/Script/Engine.RendererOverrideSettings] File [C:/Users/Jack/Documents/GitHub/PacManHunter/Saved/Config/Windows/Engine.ini]
[2023.04.08-17.19.02:214][  0]LogConfig: Applying CVar settings from Section [/Script/Engine.StreamingSettings] File [C:/Users/Jack/Documents/GitHub/PacManHunter/Saved/Config/Windows/Engine.ini]
[2023.04.08-17.19.02:214][  0]LogConfig: Setting CVar [[s.MinBulkDataSizeForAsyncLoading:131072]]
[2023.04.08-17.19.02:214][  0]LogConfig: Setting CVar [[s.AsyncLoadingThreadEnabled:0]]
[2023.04.08-17.19.02:214][  0]LogConfig: Setting CVar [[s.EventDrivenLoaderEnabled:1]]
[2023.04.08-17.19.02:214][  0]LogConfig: Setting CVar [[s.WarnIfTimeLimitExceeded:0]]
[2023.04.08-17.19.02:214][  0]LogConfig: Setting CVar [[s.TimeLimitExceededMultiplier:1.5]]
[2023.04.08-17.19.02:214][  0]LogConfig: Setting CVar [[s.TimeLimitExceededMinTime:0.005]]
[2023.04.08-17.19.02:214][  0]LogConfig: Setting CVar [[s.UseBackgroundLevelStreaming:1]]
[2023.04.08-17.19.02:214][  0]LogConfig: Setting CVar [[s.PriorityAsyncLoadingExtraTime:15.0]]
[2023.04.08-17.19.02:214][  0]LogConfig: Setting CVar [[s.LevelStreamingActorsUpdateTimeLimit:5.0]]
[2023.04.08-17.19.02:214][  0]LogConfig: Setting CVar [[s.PriorityLevelStreamingActorsUpdateExtraTime:5.0]]
[2023.04.08-17.19.02:214][  0]LogConfig: Setting CVar [[s.LevelStreamingComponentsRegistrationGranularity:10]]
[2023.04.08-17.19.02:214][  0]LogConfig: Setting CVar [[s.UnregisterComponentsTimeLimit:1.0]]
[2023.04.08-17.19.02:214][  0]LogConfig: Setting CVar [[s.LevelStreamingComponentsUnregistrationGranularity:5]]
[2023.04.08-17.19.02:214][  0]LogConfig: Setting CVar [[s.FlushStreamingOnExit:1]]
[2023.04.08-17.19.02:214][  0]LogConfig: Applying CVar settings from Section [/Script/Engine.GarbageCollectionSettings] File [C:/Users/Jack/Documents/GitHub/PacManHunter/Saved/Config/Windows/Engine.ini]
[2023.04.08-17.19.02:214][  0]LogConfig: Setting CVar [[gc.MaxObjectsNotConsideredByGC:1]]
[2023.04.08-17.19.02:214][  0]LogConfig: Setting CVar [[gc.SizeOfPermanentObjectPool:0]]
[2023.04.08-17.19.02:214][  0]LogConfig: Setting CVar [[gc.FlushStreamingOnGC:0]]
[2023.04.08-17.19.02:214][  0]LogConfig: Setting CVar [[gc.NumRetriesBeforeForcingGC:10]]
[2023.04.08-17.19.02:214][  0]LogConfig: Setting CVar [[gc.AllowParallelGC:1]]
[2023.04.08-17.19.02:214][  0]LogConfig: Setting CVar [[gc.TimeBetweenPurgingPendingKillObjects:61.1]]
[2023.04.08-17.19.02:214][  0]LogConfig: Setting CVar [[gc.MaxObjectsInEditor:25165824]]
[2023.04.08-17.19.02:214][  0]LogConfig: Setting CVar [[gc.IncrementalBeginDestroyEnabled:1]]
[2023.04.08-17.19.02:214][  0]LogConfig: Setting CVar [[gc.CreateGCClusters:1]]
[2023.04.08-17.19.02:214][  0]LogConfig: Setting CVar [[gc.MinGCClusterSize:5]]
[2023.04.08-17.19.02:214][  0]LogConfig: Setting CVar [[gc.ActorClusteringEnabled:0]]
[2023.04.08-17.19.02:214][  0]LogConfig: Setting CVar [[gc.BlueprintClusteringEnabled:0]]
[2023.04.08-17.19.02:214][  0]LogConfig: Setting CVar [[gc.UseDisregardForGCOnDedicatedServers:0]]
[2023.04.08-17.19.02:214][  0]LogConfig: Setting CVar [[gc.MultithreadedDestructionEnabled:1]]
[2023.04.08-17.19.02:214][  0]LogConfig: Applying CVar settings from Section [/Script/Engine.NetworkSettings] File [C:/Users/Jack/Documents/GitHub/PacManHunter/Saved/Config/Windows/Engine.ini]
[2023.04.08-17.19.02:214][  0]LogConfig: Applying CVar settings from Section [/Script/UnrealEd.CookerSettings] File [C:/Users/Jack/Documents/GitHub/PacManHunter/Saved/Config/Windows/Engine.ini]
[2023.04.08-17.19.02:219][  0]LogConfig: Applying CVar settings from Section [ViewDistanceQuality@3] File [C:/Users/Jack/Documents/GitHub/PacManHunter/Saved/Config/Windows/Scalability.ini]
[2023.04.08-17.19.02:219][  0]LogConfig: Setting CVar [[r.SkeletalMeshLODBias:0]]
[2023.04.08-17.19.02:219][  0]LogConfig: Setting CVar [[r.ViewDistanceScale:1.0]]
[2023.04.08-17.19.02:219][  0]LogConfig: Applying CVar settings from Section [AntiAliasingQuality@3] File [C:/Users/Jack/Documents/GitHub/PacManHunter/Saved/Config/Windows/Scalability.ini]
[2023.04.08-17.19.02:219][  0]LogConfig: Setting CVar [[r.PostProcessAAQuality:4]]
[2023.04.08-17.19.02:219][  0]LogConfig: Applying CVar settings from Section [ShadowQuality@3] File [C:/Users/Jack/Documents/GitHub/PacManHunter/Saved/Config/Windows/Scalability.ini]
[2023.04.08-17.19.02:219][  0]LogConfig: Setting CVar [[r.LightFunctionQuality:1]]
[2023.04.08-17.19.02:219][  0]LogConfig: Setting CVar [[r.ShadowQuality:5]]
[2023.04.08-17.19.02:219][  0]LogConfig: Setting CVar [[r.Shadow.CSM.MaxCascades:10]]
[2023.04.08-17.19.02:219][  0]LogConfig: Setting CVar [[r.Shadow.MaxResolution:2048]]
[2023.04.08-17.19.02:219][  0]LogConfig: Setting CVar [[r.Shadow.MaxCSMResolution:2048]]
[2023.04.08-17.19.02:219][  0]LogConfig: Setting CVar [[r.Shadow.RadiusThreshold:0.01]]
[2023.04.08-17.19.02:220][  0]LogConfig: Setting CVar [[r.Shadow.DistanceScale:1.0]]
[2023.04.08-17.19.02:220][  0]LogConfig: Setting CVar [[r.Shadow.CSM.TransitionScale:1.0]]
[2023.04.08-17.19.02:220][  0]LogConfig: Setting CVar [[r.Shadow.PreShadowResolutionFactor:1.0]]
[2023.04.08-17.19.02:220][  0]LogConfig: Setting CVar [[r.DistanceFieldShadowing:1]]
[2023.04.08-17.19.02:220][  0]LogConfig: Setting CVar [[r.DistanceFieldAO:1]]
[2023.04.08-17.19.02:220][  0]LogConfig: Setting CVar [[r.AOQuality:2]]
[2023.04.08-17.19.02:220][  0]LogConfig: Setting CVar [[r.VolumetricFog:1]]
[2023.04.08-17.19.02:220][  0]LogConfig: Setting CVar [[r.VolumetricFog.GridPixelSize:8]]
[2023.04.08-17.19.02:220][  0]LogConfig: Setting CVar [[r.VolumetricFog.GridSizeZ:128]]
[2023.04.08-17.19.02:220][  0]LogConfig: Setting CVar [[r.VolumetricFog.HistoryMissSupersampleCount:4]]
[2023.04.08-17.19.02:220][  0]LogConfig: Setting CVar [[r.LightMaxDrawDistanceScale:1]]
[2023.04.08-17.19.02:220][  0]LogConfig: Setting CVar [[r.CapsuleShadows:1]]
[2023.04.08-17.19.02:220][  0]LogConfig: Applying CVar settings from Section [PostProcessQuality@3] File [C:/Users/Jack/Documents/GitHub/PacManHunter/Saved/Config/Windows/Scalability.ini]
[2023.04.08-17.19.02:220][  0]LogConfig: Setting CVar [[r.MotionBlurQuality:4]]
[2023.04.08-17.19.02:220][  0]LogConfig: Setting CVar [[r.AmbientOcclusionMipLevelFactor:0.4]]
[2023.04.08-17.19.02:220][  0]LogConfig: Setting CVar [[r.AmbientOcclusionMaxQuality:100]]
[2023.04.08-17.19.02:220][  0]LogConfig: Setting CVar [[r.AmbientOcclusionLevels:-1]]
[2023.04.08-17.19.02:220][  0]LogConfig: Setting CVar [[r.AmbientOcclusionRadiusScale:1.0]]
[2023.04.08-17.19.02:220][  0]LogConfig: Setting CVar [[r.DepthOfFieldQuality:2]]
[2023.04.08-17.19.02:220][  0]LogConfig: Setting CVar [[r.RenderTargetPoolMin:400]]
[2023.04.08-17.19.02:220][  0]LogConfig: Setting CVar [[r.LensFlareQuality:2]]
[2023.04.08-17.19.02:220][  0]LogConfig: Setting CVar [[r.SceneColorFringeQuality:1]]
[2023.04.08-17.19.02:220][  0]LogConfig: Setting CVar [[r.EyeAdaptationQuality:2]]
[2023.04.08-17.19.02:220][  0]LogConfig: Setting CVar [[r.BloomQuality:5]]
[2023.04.08-17.19.02:220][  0]LogConfig: Setting CVar [[r.FastBlurThreshold:100]]
[2023.04.08-17.19.02:220][  0]LogConfig: Setting CVar [[r.Upscale.Quality:3]]
[2023.04.08-17.19.02:220][  0]LogConfig: Setting CVar [[r.Tonemapper.GrainQuantization:1]]
[2023.04.08-17.19.02:220][  0]LogConfig: Setting CVar [[r.LightShaftQuality:1]]
[2023.04.08-17.19.02:220][  0]LogConfig: Setting CVar [[r.Filter.SizeScale:1]]
[2023.04.08-17.19.02:220][  0]LogConfig: Setting CVar [[r.Tonemapper.Quality:5]]
[2023.04.08-17.19.02:220][  0]LogConfig: Setting CVar [[r.DOF.Gather.AccumulatorQuality:1        ; higher gathering accumulator quality]]
[2023.04.08-17.19.02:220][  0]LogConfig: Setting CVar [[r.DOF.Gather.PostfilterMethod:1          ; Median3x3 postfilering method]]
[2023.04.08-17.19.02:220][  0]LogConfig: Setting CVar [[r.DOF.Gather.EnableBokehSettings:0       ; no bokeh simulation when gathering]]
[2023.04.08-17.19.02:220][  0]LogConfig: Setting CVar [[r.DOF.Gather.RingCount:4                 ; medium number of samples when gathering]]
[2023.04.08-17.19.02:220][  0]LogConfig: Setting CVar [[r.DOF.Scatter.ForegroundCompositing:1    ; additive foreground scattering]]
[2023.04.08-17.19.02:220][  0]LogConfig: Setting CVar [[r.DOF.Scatter.BackgroundCompositing:2    ; additive background scattering]]
[2023.04.08-17.19.02:220][  0]LogConfig: Setting CVar [[r.DOF.Scatter.EnableBokehSettings:1      ; bokeh simulation when scattering]]
[2023.04.08-17.19.02:220][  0]LogConfig: Setting CVar [[r.DOF.Scatter.MaxSpriteRatio:0.1         ; only a maximum of 10% of scattered bokeh]]
[2023.04.08-17.19.02:220][  0]LogConfig: Setting CVar [[r.DOF.Recombine.Quality:1                ; cheap slight out of focus]]
[2023.04.08-17.19.02:220][  0]LogConfig: Setting CVar [[r.DOF.Recombine.EnableBokehSettings:0    ; no bokeh simulation on slight out of focus]]
[2023.04.08-17.19.02:220][  0]LogConfig: Setting CVar [[r.DOF.TemporalAAQuality:1                ; more stable temporal accumulation]]
[2023.04.08-17.19.02:220][  0]LogConfig: Setting CVar [[r.DOF.Kernel.MaxForegroundRadius:0.025]]
[2023.04.08-17.19.02:220][  0]LogConfig: Setting CVar [[r.DOF.Kernel.MaxBackgroundRadius:0.025]]
[2023.04.08-17.19.02:220][  0]LogConfig: Applying CVar settings from Section [TextureQuality@3] File [C:/Users/Jack/Documents/GitHub/PacManHunter/Saved/Config/Windows/Scalability.ini]
[2023.04.08-17.19.02:220][  0]LogConfig: Setting CVar [[r.Streaming.MipBias:0]]
[2023.04.08-17.19.02:220][  0]LogConfig: Setting CVar [[r.Streaming.AmortizeCPUToGPUCopy:0]]
[2023.04.08-17.19.02:220][  0]LogConfig: Setting CVar [[r.Streaming.MaxNumTexturesToStreamPerFrame:0]]
[2023.04.08-17.19.02:220][  0]LogConfig: Setting CVar [[r.Streaming.Boost:1]]
[2023.04.08-17.19.02:220][  0]LogConfig: Setting CVar [[r.MaxAnisotropy:8]]
[2023.04.08-17.19.02:220][  0]LogConfig: Setting CVar [[r.VT.MaxAnisotropy:8]]
[2023.04.08-17.19.02:220][  0]LogConfig: Setting CVar [[r.Streaming.LimitPoolSizeToVRAM:0]]
[2023.04.08-17.19.02:220][  0]LogConfig: Setting CVar [[r.Streaming.PoolSize:1000]]
[2023.04.08-17.19.02:220][  0]LogConfig: Setting CVar [[r.Streaming.MaxEffectiveScreenSize:0]]
[2023.04.08-17.19.02:220][  0]LogConfig: Applying CVar settings from Section [EffectsQuality@3] File [C:/Users/Jack/Documents/GitHub/PacManHunter/Saved/Config/Windows/Scalability.ini]
[2023.04.08-17.19.02:220][  0]LogConfig: Setting CVar [[r.TranslucencyLightingVolumeDim:64]]
[2023.04.08-17.19.02:220][  0]LogConfig: Setting CVar [[r.RefractionQuality:2]]
[2023.04.08-17.19.02:220][  0]LogConfig: Setting CVar [[r.SSR.Quality:3]]
[2023.04.08-17.19.02:220][  0]LogConfig: Setting CVar [[r.SSR.HalfResSceneColor:0]]
[2023.04.08-17.19.02:220][  0]LogConfig: Setting CVar [[r.SceneColorFormat:4]]
[2023.04.08-17.19.02:220][  0]LogConfig: Setting CVar [[r.DetailMode:2]]
[2023.04.08-17.19.02:220][  0]LogConfig: Setting CVar [[r.TranslucencyVolumeBlur:1]]
[2023.04.08-17.19.02:220][  0]LogConfig: Setting CVar [[r.MaterialQualityLevel:1 ; High quality]]
[2023.04.08-17.19.02:220][  0]LogConfig: Setting CVar [[r.AnisotropicMaterials:1]]
[2023.04.08-17.19.02:220][  0]LogConfig: Setting CVar [[r.SSS.Scale:1]]
[2023.04.08-17.19.02:220][  0]LogConfig: Setting CVar [[r.SSS.SampleSet:2]]
[2023.04.08-17.19.02:220][  0]LogConfig: Setting CVar [[r.SSS.Quality:1]]
[2023.04.08-17.19.02:220][  0]LogConfig: Setting CVar [[r.SSS.HalfRes:0]]
[2023.04.08-17.19.02:220][  0]LogConfig: Setting CVar [[r.SSGI.Quality:3]]
[2023.04.08-17.19.02:220][  0]LogConfig: Setting CVar [[r.EmitterSpawnRateScale:1.0]]
[2023.04.08-17.19.02:220][  0]LogConfig: Setting CVar [[r.ParticleLightQuality:2]]
[2023.04.08-17.19.02:220][  0]LogConfig: Setting CVar [[r.SkyAtmosphere.AerialPerspectiveLUT.FastApplyOnOpaque:1 ; Always have FastSkyLUT 1 in this case to avoid wrong sky]]
[2023.04.08-17.19.02:220][  0]LogConfig: Setting CVar [[r.SkyAtmosphere.AerialPerspectiveLUT.SampleCountMaxPerSlice:4]]
[2023.04.08-17.19.02:220][  0]LogConfig: Setting CVar [[r.SkyAtmosphere.AerialPerspectiveLUT.DepthResolution:16.0]]
[2023.04.08-17.19.02:220][  0]LogConfig: Setting CVar [[r.SkyAtmosphere.FastSkyLUT:1]]
[2023.04.08-17.19.02:220][  0]LogConfig: Setting CVar [[r.SkyAtmosphere.FastSkyLUT.SampleCountMin:4.0]]
[2023.04.08-17.19.02:220][  0]LogConfig: Setting CVar [[r.SkyAtmosphere.FastSkyLUT.SampleCountMax:128.0]]
[2023.04.08-17.19.02:220][  0]LogConfig: Setting CVar [[r.SkyAtmosphere.SampleCountMin:4.0]]
[2023.04.08-17.19.02:220][  0]LogConfig: Setting CVar [[r.SkyAtmosphere.SampleCountMax:128.0]]
[2023.04.08-17.19.02:220][  0]LogConfig: Setting CVar [[r.SkyAtmosphere.TransmittanceLUT.UseSmallFormat:0]]
[2023.04.08-17.19.02:220][  0]LogConfig: Setting CVar [[r.SkyAtmosphere.TransmittanceLUT.SampleCount:10.0]]
[2023.04.08-17.19.02:220][  0]LogConfig: Setting CVar [[r.SkyAtmosphere.MultiScatteringLUT.SampleCount:15.0]]
[2023.04.08-17.19.02:220][  0]LogConfig: Setting CVar [[r.SkyLight.RealTimeReflectionCapture:1]]
[2023.04.08-17.19.02:220][  0]LogConfig: Applying CVar settings from Section [FoliageQuality@3] File [C:/Users/Jack/Documents/GitHub/PacManHunter/Saved/Config/Windows/Scalability.ini]
[2023.04.08-17.19.02:220][  0]LogConfig: Setting CVar [[foliage.DensityScale:1.0]]
[2023.04.08-17.19.02:220][  0]LogConfig: Setting CVar [[grass.DensityScale:1.0]]
[2023.04.08-17.19.02:220][  0]LogConfig: Applying CVar settings from Section [ShadingQuality@3] File [C:/Users/Jack/Documents/GitHub/PacManHunter/Saved/Config/Windows/Scalability.ini]
[2023.04.08-17.19.02:220][  0]LogConfig: Setting CVar [[r.HairStrands.SkyLighting.IntegrationType:2]]
[2023.04.08-17.19.02:220][  0]LogConfig: Setting CVar [[r.HairStrands.SkyAO.SampleCount:4]]
[2023.04.08-17.19.02:220][  0]LogConfig: Setting CVar [[r.HairStrands.Visibility.MSAA.SamplePerPixel:4]]
[2023.04.08-17.19.02:220][  0]LogInit: Selected Device Profile: [Windows]
[2023.04.08-17.19.02:220][  0]LogInit: Applying CVar settings loaded from the selected device profile: [Windows]
[2023.04.08-17.19.02:220][  0]LogHAL: Display: Platform has ~ 8 GB [8341741568 / 8589934592 / 8], which maps to Default [LargestMinGB=32, LargerMinGB=12, DefaultMinGB=8, SmallerMinGB=6, SmallestMinGB=0)
[2023.04.08-17.19.02:220][  0]LogInit: Going up to parent DeviceProfile []
[2023.04.08-17.19.02:220][  0]LogConfig: Applying CVar settings from Section [ViewDistanceQuality@3] File [C:/Users/Jack/Documents/GitHub/PacManHunter/Saved/Config/Windows/Scalability.ini]
[2023.04.08-17.19.02:220][  0]LogConfig: Setting CVar [[r.SkeletalMeshLODBias:0]]
[2023.04.08-17.19.02:220][  0]LogConfig: Setting CVar [[r.ViewDistanceScale:1.0]]
[2023.04.08-17.19.02:220][  0]LogConfig: Applying CVar settings from Section [AntiAliasingQuality@3] File [C:/Users/Jack/Documents/GitHub/PacManHunter/Saved/Config/Windows/Scalability.ini]
[2023.04.08-17.19.02:220][  0]LogConfig: Setting CVar [[r.PostProcessAAQuality:4]]
[2023.04.08-17.19.02:220][  0]LogConfig: Applying CVar settings from Section [ShadowQuality@3] File [C:/Users/Jack/Documents/GitHub/PacManHunter/Saved/Config/Windows/Scalability.ini]
[2023.04.08-17.19.02:220][  0]LogConfig: Setting CVar [[r.LightFunctionQuality:1]]
[2023.04.08-17.19.02:220][  0]LogConfig: Setting CVar [[r.ShadowQuality:5]]
[2023.04.08-17.19.02:220][  0]LogConfig: Setting CVar [[r.Shadow.CSM.MaxCascades:10]]
[2023.04.08-17.19.02:220][  0]LogConfig: Setting CVar [[r.Shadow.MaxResolution:2048]]
[2023.04.08-17.19.02:220][  0]LogConfig: Setting CVar [[r.Shadow.MaxCSMResolution:2048]]
[2023.04.08-17.19.02:220][  0]LogConfig: Setting CVar [[r.Shadow.RadiusThreshold:0.01]]
[2023.04.08-17.19.02:220][  0]LogConfig: Setting CVar [[r.Shadow.DistanceScale:1.0]]
[2023.04.08-17.19.02:220][  0]LogConfig: Setting CVar [[r.Shadow.CSM.TransitionScale:1.0]]
[2023.04.08-17.19.02:220][  0]LogConfig: Setting CVar [[r.Shadow.PreShadowResolutionFactor:1.0]]
[2023.04.08-17.19.02:221][  0]LogConfig: Setting CVar [[r.DistanceFieldShadowing:1]]
[2023.04.08-17.19.02:221][  0]LogConfig: Setting CVar [[r.DistanceFieldAO:1]]
[2023.04.08-17.19.02:221][  0]LogConfig: Setting CVar [[r.AOQuality:2]]
[2023.04.08-17.19.02:221][  0]LogConfig: Setting CVar [[r.VolumetricFog:1]]
[2023.04.08-17.19.02:221][  0]LogConfig: Setting CVar [[r.VolumetricFog.GridPixelSize:8]]
[2023.04.08-17.19.02:221][  0]LogConfig: Setting CVar [[r.VolumetricFog.GridSizeZ:128]]
[2023.04.08-17.19.02:221][  0]LogConfig: Setting CVar [[r.VolumetricFog.HistoryMissSupersampleCount:4]]
[2023.04.08-17.19.02:221][  0]LogConfig: Setting CVar [[r.LightMaxDrawDistanceScale:1]]
[2023.04.08-17.19.02:221][  0]LogConfig: Setting CVar [[r.CapsuleShadows:1]]
[2023.04.08-17.19.02:221][  0]LogConfig: Applying CVar settings from Section [PostProcessQuality@3] File [C:/Users/Jack/Documents/GitHub/PacManHunter/Saved/Config/Windows/Scalability.ini]
[2023.04.08-17.19.02:221][  0]LogConfig: Setting CVar [[r.MotionBlurQuality:4]]
[2023.04.08-17.19.02:221][  0]LogConfig: Setting CVar [[r.AmbientOcclusionMipLevelFactor:0.4]]
[2023.04.08-17.19.02:221][  0]LogConfig: Setting CVar [[r.AmbientOcclusionMaxQuality:100]]
[2023.04.08-17.19.02:221][  0]LogConfig: Setting CVar [[r.AmbientOcclusionLevels:-1]]
[2023.04.08-17.19.02:221][  0]LogConfig: Setting CVar [[r.AmbientOcclusionRadiusScale:1.0]]
[2023.04.08-17.19.02:221][  0]LogConfig: Setting CVar [[r.DepthOfFieldQuality:2]]
[2023.04.08-17.19.02:221][  0]LogConfig: Setting CVar [[r.RenderTargetPoolMin:400]]
[2023.04.08-17.19.02:221][  0]LogConfig: Setting CVar [[r.LensFlareQuality:2]]
[2023.04.08-17.19.02:221][  0]LogConfig: Setting CVar [[r.SceneColorFringeQuality:1]]
[2023.04.08-17.19.02:221][  0]LogConfig: Setting CVar [[r.EyeAdaptationQuality:2]]
[2023.04.08-17.19.02:221][  0]LogConfig: Setting CVar [[r.BloomQuality:5]]
[2023.04.08-17.19.02:221][  0]LogConfig: Setting CVar [[r.FastBlurThreshold:100]]
[2023.04.08-17.19.02:221][  0]LogConfig: Setting CVar [[r.Upscale.Quality:3]]
[2023.04.08-17.19.02:221][  0]LogConfig: Setting CVar [[r.Tonemapper.GrainQuantization:1]]
[2023.04.08-17.19.02:221][  0]LogConfig: Setting CVar [[r.LightShaftQuality:1]]
[2023.04.08-17.19.02:221][  0]LogConfig: Setting CVar [[r.Filter.SizeScale:1]]
[2023.04.08-17.19.02:221][  0]LogConfig: Setting CVar [[r.Tonemapper.Quality:5]]
[2023.04.08-17.19.02:221][  0]LogConfig: Setting CVar [[r.DOF.Gather.AccumulatorQuality:1        ; higher gathering accumulator quality]]
[2023.04.08-17.19.02:221][  0]LogConfig: Setting CVar [[r.DOF.Gather.PostfilterMethod:1          ; Median3x3 postfilering method]]
[2023.04.08-17.19.02:221][  0]LogConfig: Setting CVar [[r.DOF.Gather.EnableBokehSettings:0       ; no bokeh simulation when gathering]]
[2023.04.08-17.19.02:221][  0]LogConfig: Setting CVar [[r.DOF.Gather.RingCount:4                 ; medium number of samples when gathering]]
[2023.04.08-17.19.02:221][  0]LogConfig: Setting CVar [[r.DOF.Scatter.ForegroundCompositing:1    ; additive foreground scattering]]
[2023.04.08-17.19.02:221][  0]LogConfig: Setting CVar [[r.DOF.Scatter.BackgroundCompositing:2    ; additive background scattering]]
[2023.04.08-17.19.02:221][  0]LogConfig: Setting CVar [[r.DOF.Scatter.EnableBokehSettings:1      ; bokeh simulation when scattering]]
[2023.04.08-17.19.02:221][  0]LogConfig: Setting CVar [[r.DOF.Scatter.MaxSpriteRatio:0.1         ; only a maximum of 10% of scattered bokeh]]
[2023.04.08-17.19.02:221][  0]LogConfig: Setting CVar [[r.DOF.Recombine.Quality:1                ; cheap slight out of focus]]
[2023.04.08-17.19.02:221][  0]LogConfig: Setting CVar [[r.DOF.Recombine.EnableBokehSettings:0    ; no bokeh simulation on slight out of focus]]
[2023.04.08-17.19.02:221][  0]LogConfig: Setting CVar [[r.DOF.TemporalAAQuality:1                ; more stable temporal accumulation]]
[2023.04.08-17.19.02:221][  0]LogConfig: Setting CVar [[r.DOF.Kernel.MaxForegroundRadius:0.025]]
[2023.04.08-17.19.02:221][  0]LogConfig: Setting CVar [[r.DOF.Kernel.MaxBackgroundRadius:0.025]]
[2023.04.08-17.19.02:221][  0]LogConfig: Applying CVar settings from Section [TextureQuality@3] File [C:/Users/Jack/Documents/GitHub/PacManHunter/Saved/Config/Windows/Scalability.ini]
[2023.04.08-17.19.02:221][  0]LogConfig: Setting CVar [[r.Streaming.MipBias:0]]
[2023.04.08-17.19.02:221][  0]LogConfig: Setting CVar [[r.Streaming.AmortizeCPUToGPUCopy:0]]
[2023.04.08-17.19.02:221][  0]LogConfig: Setting CVar [[r.Streaming.MaxNumTexturesToStreamPerFrame:0]]
[2023.04.08-17.19.02:221][  0]LogConfig: Setting CVar [[r.Streaming.Boost:1]]
[2023.04.08-17.19.02:221][  0]LogConfig: Setting CVar [[r.MaxAnisotropy:8]]
[2023.04.08-17.19.02:221][  0]LogConfig: Setting CVar [[r.VT.MaxAnisotropy:8]]
[2023.04.08-17.19.02:221][  0]LogConfig: Setting CVar [[r.Streaming.LimitPoolSizeToVRAM:0]]
[2023.04.08-17.19.02:221][  0]LogConfig: Setting CVar [[r.Streaming.PoolSize:1000]]
[2023.04.08-17.19.02:221][  0]LogConfig: Setting CVar [[r.Streaming.MaxEffectiveScreenSize:0]]
[2023.04.08-17.19.02:221][  0]LogConfig: Applying CVar settings from Section [EffectsQuality@3] File [C:/Users/Jack/Documents/GitHub/PacManHunter/Saved/Config/Windows/Scalability.ini]
[2023.04.08-17.19.02:221][  0]LogConfig: Setting CVar [[r.TranslucencyLightingVolumeDim:64]]
[2023.04.08-17.19.02:221][  0]LogConfig: Setting CVar [[r.RefractionQuality:2]]
[2023.04.08-17.19.02:221][  0]LogConfig: Setting CVar [[r.SSR.Quality:3]]
[2023.04.08-17.19.02:221][  0]LogConfig: Setting CVar [[r.SSR.HalfResSceneColor:0]]
[2023.04.08-17.19.02:221][  0]LogConfig: Setting CVar [[r.SceneColorFormat:4]]
[2023.04.08-17.19.02:221][  0]LogConfig: Setting CVar [[r.DetailMode:2]]
[2023.04.08-17.19.02:221][  0]LogConfig: Setting CVar [[r.TranslucencyVolumeBlur:1]]
[2023.04.08-17.19.02:221][  0]LogConfig: Setting CVar [[r.MaterialQualityLevel:1 ; High quality]]
[2023.04.08-17.19.02:221][  0]LogConfig: Setting CVar [[r.AnisotropicMaterials:1]]
[2023.04.08-17.19.02:221][  0]LogConfig: Setting CVar [[r.SSS.Scale:1]]
[2023.04.08-17.19.02:221][  0]LogConfig: Setting CVar [[r.SSS.SampleSet:2]]
[2023.04.08-17.19.02:221][  0]LogConfig: Setting CVar [[r.SSS.Quality:1]]
[2023.04.08-17.19.02:221][  0]LogConfig: Setting CVar [[r.SSS.HalfRes:0]]
[2023.04.08-17.19.02:221][  0]LogConfig: Setting CVar [[r.SSGI.Quality:3]]
[2023.04.08-17.19.02:221][  0]LogConfig: Setting CVar [[r.EmitterSpawnRateScale:1.0]]
[2023.04.08-17.19.02:221][  0]LogConfig: Setting CVar [[r.ParticleLightQuality:2]]
[2023.04.08-17.19.02:221][  0]LogConfig: Setting CVar [[r.SkyAtmosphere.AerialPerspectiveLUT.FastApplyOnOpaque:1 ; Always have FastSkyLUT 1 in this case to avoid wrong sky]]
[2023.04.08-17.19.02:221][  0]LogConfig: Setting CVar [[r.SkyAtmosphere.AerialPerspectiveLUT.SampleCountMaxPerSlice:4]]
[2023.04.08-17.19.02:221][  0]LogConfig: Setting CVar [[r.SkyAtmosphere.AerialPerspectiveLUT.DepthResolution:16.0]]
[2023.04.08-17.19.02:221][  0]LogConfig: Setting CVar [[r.SkyAtmosphere.FastSkyLUT:1]]
[2023.04.08-17.19.02:221][  0]LogConfig: Setting CVar [[r.SkyAtmosphere.FastSkyLUT.SampleCountMin:4.0]]
[2023.04.08-17.19.02:221][  0]LogConfig: Setting CVar [[r.SkyAtmosphere.FastSkyLUT.SampleCountMax:128.0]]
[2023.04.08-17.19.02:221][  0]LogConfig: Setting CVar [[r.SkyAtmosphere.SampleCountMin:4.0]]
[2023.04.08-17.19.02:221][  0]LogConfig: Setting CVar [[r.SkyAtmosphere.SampleCountMax:128.0]]
[2023.04.08-17.19.02:221][  0]LogConfig: Setting CVar [[r.SkyAtmosphere.TransmittanceLUT.UseSmallFormat:0]]
[2023.04.08-17.19.02:221][  0]LogConfig: Setting CVar [[r.SkyAtmosphere.TransmittanceLUT.SampleCount:10.0]]
[2023.04.08-17.19.02:221][  0]LogConfig: Setting CVar [[r.SkyAtmosphere.MultiScatteringLUT.SampleCount:15.0]]
[2023.04.08-17.19.02:221][  0]LogConfig: Setting CVar [[r.SkyLight.RealTimeReflectionCapture:1]]
[2023.04.08-17.19.02:221][  0]LogConfig: Applying CVar settings from Section [FoliageQuality@3] File [C:/Users/Jack/Documents/GitHub/PacManHunter/Saved/Config/Windows/Scalability.ini]
[2023.04.08-17.19.02:221][  0]LogConfig: Setting CVar [[foliage.DensityScale:1.0]]
[2023.04.08-17.19.02:221][  0]LogConfig: Setting CVar [[grass.DensityScale:1.0]]
[2023.04.08-17.19.02:221][  0]LogConfig: Applying CVar settings from Section [ShadingQuality@3] File [C:/Users/Jack/Documents/GitHub/PacManHunter/Saved/Config/Windows/Scalability.ini]
[2023.04.08-17.19.02:221][  0]LogConfig: Setting CVar [[r.HairStrands.SkyLighting.IntegrationType:2]]
[2023.04.08-17.19.02:221][  0]LogConfig: Setting CVar [[r.HairStrands.SkyAO.SampleCount:4]]
[2023.04.08-17.19.02:221][  0]LogConfig: Setting CVar [[r.HairStrands.Visibility.MSAA.SamplePerPixel:4]]
[2023.04.08-17.19.02:221][  0]LogConfig: Applying CVar settings from Section [Startup] File [../../../Engine/Config/ConsoleVariables.ini]
[2023.04.08-17.19.02:222][  0]LogConfig: Setting CVar [[net.UseAdaptiveNetUpdateFrequency:0]]
[2023.04.08-17.19.02:222][  0]LogConfig: Setting CVar [[p.chaos.AllowCreatePhysxBodies:1]]
[2023.04.08-17.19.02:222][  0]LogConfig: Setting CVar [[fx.SkipVectorVMBackendOptimizations:1]]
[2023.04.08-17.19.02:222][  0]LogConfig: Applying CVar settings from Section [ConsoleVariables] File [C:/Users/Jack/Documents/GitHub/PacManHunter/Saved/Config/Windows/Engine.ini]
[2023.04.08-17.19.02:222][  0]LogConfig: Applying CVar settings from Section [ConsoleVariables] File [C:/Users/Jack/Documents/GitHub/PacManHunter/Saved/Config/Windows/Editor.ini]
[2023.04.08-17.19.02:222][  0]LogInit: Computer: LAPTOP-REET2DGH
[2023.04.08-17.19.02:222][  0]LogInit: User: Jack
[2023.04.08-17.19.02:222][  0]LogInit: CPU Page size=4096, Cores=6
[2023.04.08-17.19.02:222][  0]LogInit: High frequency timer resolution =10.000000 MHz
[2023.04.08-17.19.02:222][  0]LogMemory: Memory total: Physical=7.8GB (8GB approx)
[2023.04.08-17.19.02:222][  0]LogMemory: Platform Memory Stats for Windows
[2023.04.08-17.19.02:222][  0]LogMemory: Process Physical Memory: 143.86 MB used, 143.86 MB peak
[2023.04.08-17.19.02:222][  0]LogMemory: Process Virtual Memory: 130.04 MB used, 130.04 MB peak
[2023.04.08-17.19.02:222][  0]LogMemory: Physical Memory: 6798.93 MB used,  1156.38 MB free, 7955.30 MB total
[2023.04.08-17.19.02:222][  0]LogMemory: Virtual Memory: 134213200.00 MB used,  4528.63 MB free, 134217728.00 MB total
[2023.04.08-17.19.02:230][  0]LogWindows: WindowsPlatformFeatures enabled
[2023.04.08-17.19.02:286][  0]LogInit: Physics initialised using underlying interface: PhysX
[2023.04.08-17.19.02:286][  0]LogInit: Using OS detected language (en-GB).
[2023.04.08-17.19.02:286][  0]LogInit: Using OS detected locale (en-GB).
[2023.04.08-17.19.02:289][  0]LogTextLocalizationManager: No specific localization for 'en-GB' exists, so the 'en' localization will be used.
[2023.04.08-17.19.02:639][  0]LogWindowsTextInputMethodSystem: Display: IME system deactivated.
[2023.04.08-17.19.02:677][  0]LogSlate: New Slate User Created.  User Index 0, Is Virtual User: 0
[2023.04.08-17.19.02:677][  0]LogSlate: Slate User Registered.  User Index 0, Is Virtual User: 0
[2023.04.08-17.19.02:692][  0]LogD3D11RHI: Loaded GFSDK_Aftermath_Lib.x64.dll
[2023.04.08-17.19.02:731][  0]LogHMD: Failed to initialize OpenVR with code 110
[2023.04.08-17.19.02:731][  0]LogD3D11RHI: D3D11 min allowed feature level: 11_0
[2023.04.08-17.19.02:731][  0]LogD3D11RHI: D3D11 max allowed feature level: 11_0
[2023.04.08-17.19.02:731][  0]LogD3D11RHI: D3D11 adapters:
[2023.04.08-17.19.02:867][  0]LogD3D11RHI:    0. 'NVIDIA GeForce RTX 3050 Ti Laptop GPU' (Feature Level 11_0)
[2023.04.08-17.19.02:868][  0]LogD3D11RHI:       3990/0/3977 MB DedicatedVideo/DedicatedSystem/SharedSystem, Outputs:1, VendorId:0x10de
[2023.04.08-17.19.02:939][  0]LogD3D11RHI:    1. 'Intel(R) UHD Graphics' (Feature Level 11_0)
[2023.04.08-17.19.02:939][  0]LogD3D11RHI:       128/0/3977 MB DedicatedVideo/DedicatedSystem/SharedSystem, Outputs:0, VendorId:0x8086
[2023.04.08-17.19.02:945][  0]LogD3D11RHI:    2. 'Microsoft Basic Render Driver' (Feature Level 11_0)
[2023.04.08-17.19.02:945][  0]LogD3D11RHI:       0/0/3977 MB DedicatedVideo/DedicatedSystem/SharedSystem, Outputs:0, VendorId:0x1414
[2023.04.08-17.19.02:945][  0]LogD3D11RHI: Chosen D3D11 Adapter:
[2023.04.08-17.19.02:945][  0]LogD3D11RHI:     Description : NVIDIA GeForce RTX 3050 Ti Laptop GPU
[2023.04.08-17.19.02:945][  0]LogD3D11RHI:     VendorId    : 10de
[2023.04.08-17.19.02:945][  0]LogD3D11RHI:     DeviceId    : 25a0
[2023.04.08-17.19.02:945][  0]LogD3D11RHI:     SubSysId    : 153a1025
[2023.04.08-17.19.02:945][  0]LogD3D11RHI:     Revision    : 00a1
[2023.04.08-17.19.02:945][  0]LogD3D11RHI:     DedicatedVideoMemory : 4183818240 bytes
[2023.04.08-17.19.02:945][  0]LogD3D11RHI:     DedicatedSystemMemory : 0 bytes
[2023.04.08-17.19.02:945][  0]LogD3D11RHI:     SharedSystemMemory : 4170870784 bytes
[2023.04.08-17.19.02:945][  0]LogD3D11RHI:     AdapterLuid : 0 66704
[2023.04.08-17.19.02:955][  0]LogD3D11RHI: Creating new Direct3DDevice
[2023.04.08-17.19.02:955][  0]LogD3D11RHI:     GPU DeviceId: 0x25a0 (for the marketing name, search the web for "GPU Device Id")
[2023.04.08-17.19.02:955][  0]LogWindows: EnumDisplayDevices:
[2023.04.08-17.19.02:955][  0]LogWindows:    0. 'Intel(R) UHD Graphics' (P:1 D:1)
[2023.04.08-17.19.02:955][  0]LogWindows:    1. 'Intel(R) UHD Graphics' (P:0 D:0)
[2023.04.08-17.19.02:955][  0]LogWindows:    2. 'Intel(R) UHD Graphics' (P:0 D:0)
[2023.04.08-17.19.02:955][  0]LogWindows:    3. 'Intel(R) UHD Graphics' (P:0 D:0)
[2023.04.08-17.19.02:955][  0]LogWindows:    4. 'NVIDIA GeForce RTX 3050 Ti Laptop GPU' (P:0 D:0)
[2023.04.08-17.19.02:956][  0]LogWindows: DebugString: PrimaryIsNotTheChoosenAdapter PrimaryIsNotTheChoosenAdapter PrimaryIsNotTheChoosenAdapter PrimaryIsNotTheChoosenAdapter 
[2023.04.08-17.19.02:956][  0]LogD3D11RHI:     Adapter Name: NVIDIA GeForce RTX 3050 Ti Laptop GPU
[2023.04.08-17.19.02:956][  0]LogD3D11RHI:   Driver Version: 462.62 (internal:27.21.14.6262, unified:462.62)
[2023.04.08-17.19.02:956][  0]LogD3D11RHI:      Driver Date: 5-11-2021
[2023.04.08-17.19.02:956][  0]LogRHI: Texture pool is 2793 MB (70% of 3990 MB)
[2023.04.08-17.19.02:956][  0]LogD3D11RHI: Creating D3DDevice using adapter:
[2023.04.08-17.19.02:956][  0]LogD3D11RHI:     Description : NVIDIA GeForce RTX 3050 Ti Laptop GPU
[2023.04.08-17.19.02:956][  0]LogD3D11RHI:     VendorId    : 10de
[2023.04.08-17.19.02:956][  0]LogD3D11RHI:     DeviceId    : 25a0
[2023.04.08-17.19.02:956][  0]LogD3D11RHI:     SubSysId    : 153a1025
[2023.04.08-17.19.02:956][  0]LogD3D11RHI:     Revision    : 00a1
[2023.04.08-17.19.02:956][  0]LogD3D11RHI:     DedicatedVideoMemory : 4183818240 bytes
[2023.04.08-17.19.02:956][  0]LogD3D11RHI:     DedicatedSystemMemory : 0 bytes
[2023.04.08-17.19.02:956][  0]LogD3D11RHI:     SharedSystemMemory : 4170870784 bytes
[2023.04.08-17.19.02:956][  0]LogD3D11RHI:     AdapterLuid : 0 66704
[2023.04.08-17.19.03:027][  0]LogD3D11RHI: RHI has support for 64 bit atomics
[2023.04.08-17.19.03:028][  0]LogD3D11RHI: Async texture creation enabled
[2023.04.08-17.19.03:028][  0]LogD3D11RHI: Array index from any shader is supported
[2023.04.08-17.19.03:041][  0]LogD3D11RHI: GPU Timing Frequency: 1000.000000 (Debug: 2 1)
[2023.04.08-17.19.03:072][  0]LogRHI: GeForceNow SDK initialized: 1
[2023.04.08-17.19.03:400][  0]LogTargetPlatformManager: Display: Loaded TargetPlatform 'WindowsNoEditor'
[2023.04.08-17.19.03:406][  0]LogTargetPlatformManager: Display: Loaded TargetPlatform 'Windows'
[2023.04.08-17.19.03:412][  0]LogTargetPlatformManager: Display: Loaded TargetPlatform 'WindowsClient'
[2023.04.08-17.19.03:417][  0]LogTargetPlatformManager: Display: Loaded TargetPlatform 'WindowsServer'
[2023.04.08-17.19.03:417][  0]LogTargetPlatformManager: Display: Building Assets For Windows
[2023.04.08-17.19.03:430][  0]LogAudioDebug: Display: Lib vorbis DLL was dynamically loaded.
[2023.04.08-17.19.03:473][  0]LogTextureFormatOodle: Display: Oodle Texture 2.9.0 init RDO Off
[2023.04.08-17.19.03:518][  0]LogRendererCore: Ray tracing is disabled. Reason: r.RayTracing=0.
[2023.04.08-17.19.03:518][  0]LogShaderCompilers: Guid format shader working directory is -13 characters bigger than the processId version (../../../../../../Users/Jack/Documents/GitHub/PacManHunter/Intermediate/Shaders/WorkingDirectory/1276/).
[2023.04.08-17.19.03:518][  0]LogShaderCompilers: Cleaned the shader compiler working directory 'C:/Users/Jack/AppData/Local/Temp/UnrealShaderWorkingDir/732B2C4443E38FD592C3C8B004F1FD28/'.
[2023.04.08-17.19.03:518][  0]LogXGEController: Cannot use XGE Controller as Incredibuild is not installed on this machine.
[2023.04.08-17.19.03:518][  0]LogShaderCompilers: Cannot use XGE Shader Compiler as Incredibuild is not installed on this machine.
[2023.04.08-17.19.03:518][  0]LogShaderCompilers: Display: Using Local Shader Compiler.
[2023.04.08-17.19.04:279][  0]LogDerivedDataCache: Display: Max Cache Size: 512 MB
[2023.04.08-17.19.04:406][  0]LogDerivedDataCache: Loaded boot cache 0.13s 106MB C:/Users/Jack/AppData/Local/UnrealEngine/4.27/DerivedDataCache/Boot.ddc.
[2023.04.08-17.19.04:406][  0]LogDerivedDataCache: Display: Loaded Boot cache: C:/Users/Jack/AppData/Local/UnrealEngine/4.27/DerivedDataCache/Boot.ddc
[2023.04.08-17.19.04:407][  0]LogDerivedDataCache: FDerivedDataBackendGraph:  Pak pak cache file ../../../../../../Users/Jack/Documents/GitHub/PacManHunter/DerivedDataCache/DDC.ddp not found, will not use a pak cache.
[2023.04.08-17.19.04:407][  0]LogDerivedDataCache: Unable to find inner node Pak for hierarchical cache Hierarchy.
[2023.04.08-17.19.04:407][  0]LogDerivedDataCache: FDerivedDataBackendGraph:  CompressedPak pak cache file ../../../../../../Users/Jack/Documents/GitHub/PacManHunter/DerivedDataCache/Compressed.ddp not found, will not use a pak cache.
[2023.04.08-17.19.04:407][  0]LogDerivedDataCache: Unable to find inner node CompressedPak for hierarchical cache Hierarchy.
[2023.04.08-17.19.04:422][  0]LogDerivedDataCache: Display: Pak cache opened for reading ../../../Engine/DerivedDataCache/Compressed.ddp.
[2023.04.08-17.19.04:423][  0]LogDerivedDataCache: FDerivedDataBackendGraph:  EnterprisePak pak cache file ../../../Enterprise/DerivedDataCache/Compressed.ddp not found, will not use a pak cache.
[2023.04.08-17.19.04:423][  0]LogDerivedDataCache: Unable to find inner node EnterprisePak for hierarchical cache Hierarchy.
[2023.04.08-17.19.04:442][  0]LogDerivedDataCache: Speed tests for C:/Users/Jack/AppData/Local/UnrealEngine/Common/DerivedDataCache took 0.02 seconds
[2023.04.08-17.19.04:442][  0]LogDerivedDataCache: Display: Performance to C:/Users/Jack/AppData/Local/UnrealEngine/Common/DerivedDataCache: Latency=0.03ms. RandomReadSpeed=178.42MBs, RandomWriteSpeed=68.67MBs. Assigned SpeedClass 'Local'
[2023.04.08-17.19.04:443][  0]LogDerivedDataCache: Using Local data cache path C:/Users/Jack/AppData/Local/UnrealEngine/Common/DerivedDataCache: Writable
[2023.04.08-17.19.04:443][  0]LogDerivedDataCache: Shared data cache path not found in *engine.ini, will not use an Shared cache.
[2023.04.08-17.19.04:443][  0]LogDerivedDataCache: Unable to find inner node Shared for hierarchical cache Hierarchy.
[2023.04.08-17.19.04:475][  0]LogSlate: Using FreeType 2.10.0
[2023.04.08-17.19.04:476][  0]LogSlate: SlateFontServices - WITH_FREETYPE: 1, WITH_HARFBUZZ: 1
[2023.04.08-17.19.04:627][  0]LogInit: Using OS detected language (en-GB).
[2023.04.08-17.19.04:627][  0]LogInit: Using OS detected locale (en-GB).
[2023.04.08-17.19.04:627][  0]LogTextLocalizationManager: No localization for 'en-GB' exists, so 'en' will be used for the language.
[2023.04.08-17.19.04:627][  0]LogTextLocalizationManager: No localization for 'en-GB' exists, so 'en' will be used for the locale.
[2023.04.08-17.19.04:627][  0]LogSlate: FontCache flush requested. Reason: Culture for localization was changed
[2023.04.08-17.19.04:627][  0]LogSlate: FontCache flush requested. Reason: Culture for localization was changed
[2023.04.08-17.19.04:634][  0]LogTextLocalizationManager: Compacting localization data took   0.01ms
[2023.04.08-17.19.04:634][  0]LogAssetRegistry: FAssetRegistry took 0.0050 seconds to start up
[2023.04.08-17.19.04:874][  0]LogPackageLocalizationCache: Processed 27 localized package path(s) for 1 prioritized culture(s) in 0.000789 seconds
[2023.04.08-17.19.04:930][  0]LogInit: Selected Device Profile: [Windows]
[2023.04.08-17.19.04:930][  0]LogInit: Active device profile: [000001428B579400][00000142FCFD7840 49] Windows
[2023.04.08-17.19.04:930][  0]LogInit: Profiles: [000001428B579400][00000142FCFD7840 49] Windows, [000001428B503F00][00000142FCFDB980 49] WindowsNoEditor, [000001428B50F700][00000142FC81BAC0 49] WindowsServer, [000001428B503000][00000142FC8220C0 49] WindowsClient, [000001428B50EF00][00000142FC826240 49] IOS, [000001428B500D00][00000142FC82A3C0 49] iPadAir, [000001428B50D100][00000142FC82E540 49] iPadAir2, [000001428B4B4400][00000142FCA02800 49] IPadPro, [000001428B4B4500][00000142FC9FE840 49] iPadAir3, [000001428B501200][00000142FCA069C0 49] iPadAir4, [000001428B4B6F00][00000142FCA0AB40 49] iPadMini2, [000001428B502C00][00000142FCA0ECC0 49] iPadMini3, [000001428B4B6C00][00000142FCA12E40 49] iPadMini4, [000001428B501600][00000142FCA16FC0 49] iPadMini5, [000001428B4A7C00][00000142FCA1F280 49] iPhone6, [000001428B4A7D00][00000142FCA1B2C0 49] iPodTouch6, [000001428B50FF00][00000142FCA27580 49] iPhone7, [000001428B50E700][00000142FCA235C0 49] iPodTouch7, [000001428B4B5A00][00000142FCA2B740 49] iPhone5S, [000001428B4A4100][00000142FCA2F8C0 49] iPhone6Plus, [000001428B50C500][00000142FC81FA00 49] iPhone6S, [000001428B4A5D00][00000142FCA33B40 49] iPhone6SPlus, [000001428B4B4100][00000142FCA36100 49] iPhone7Plus, [000001428B4A5900][00000142FCA3E280 49] iPhoneSE, [000001428B4B5F00][00000142FCA42400 49] iPhone8, [000001428B4A4B00][00000142FCA46580 49] iPhone8Plus, [000001428B4B5D00][000001428B790700 49] iPhoneX, [000001428B4A4400][000001428B794880 49] iPhoneXS, [000001428B4B5900][000001428B798A00 49] iPhoneXSMax, [000001428B4A5800][000001428B79CB80 49] iPhoneXR, [000001428B4B7D00][000001428B7A0D00 49] iPhone11, [000001428B4A5100][000001428B7A4E80 49] iPhone11Pro, [000001428B4B5100][000001428B7A9000 49] iPhone11ProMax, [000001428B4A6C00][000001428B7AD180 49] iPhoneSE2, [000001428B4B4D00][000001428B7B1300 49] iPhone12Mini, [000001428B4A7300][000001428B7B5480 49] iPhone12, [000001428B4B7A00][000001428B7B9600 49] iPhone12Pro, [000001428B4A5300][000001428B7BD780 49] iPhone12ProMax, [000001428B4B5500][000001428B7C1900 49] iPadPro105, [000001428B4A7F00][000001428B7C5A80 49] iPadPro129, [000001428B4B5700][00000142FCA3BBC0 49] iPadPro97, [000001428B4A7600][000001428B7C8180 49] iPadPro2_129, [000001428B4B4C00][000001428B7CC2C0 49] iPad5, [000001428B4A4C00][000001428B7D4440 49] iPad6, [000001428B4B5800][000001428B7D85C0 49] iPad7, [000001428B4A7400][000001428B7DC740 49] iPad8, [000001428B4B4900][000001428B7E08C0 49] iPadPro11, [000001428B4A6900][000001428B7E4A40 49] iPadPro2_11, [000001428B4B6A00][000001428B7E8BC0 49] iPadPro3_129, [000001428B4A7000][000001428B7ECD40 49] iPadPro4_129, [000001428B4B4800][000001428B7F0EC0 49] AppleTV, [000001428B4A6400][000001428B7F5040 49] AppleTV4K, [000001428B4B4F00][000001428B7F91C0 49] TVOS, [000001428B4A4600][000001428B7FD340 49] Mac, [000001428B4B5400][000001428B8014C0 49] MacClient, [000001428B4A7200][000001428B805640 49] MacNoEditor, [000001428B4B7E00][000001428B8097C0 49] MacServer, [000001428B4A6E00][000001428B80D940 49] Linux, [000001428B4B6700][000001428B811AC0 49] LinuxAArch64, [000001428B4A7E00][000001428B8140C0 49] LinuxNoEditor, [000001428B4B5000][000001428B7D0200 49] LinuxAArch64NoEditor, [000001428B4A7500][000001428B818340 49] LinuxClient, [000001428B4B6100][000001428B81C480 49] LinuxAArch64Client, [000001428B4A6700][000001428B8205C0 49] LinuxServer, [000001428B4B7900][000001428B828740 49] LinuxAArch64Server, [000001428B4A7900][000001428B82C8C0 49] Android, [000001428B4B6D00][000001428B830A40 49] Android_Low, [000001428B4A6B00][000001428B834BC0 49] Android_Mid, [000001428B4B7100][000001428B838D40 49] Android_High, [000001428B4A5600][000001428B83CEC0 49] Android_Default, [000001428B4B5600][000001428B841040 49] Android_Adreno4xx, [000001428B4A4700][000001428B8451C0 49] Android_Adreno5xx_Low, [000001428B57AD00][000001428B849340 49] Android_Adreno5xx, [000001428B50C600][000001428B84D4C0 49] Android_Adreno6xx, [000001428B57AC00][000001428B851640 49] Android_Adreno6xx_Vulkan, [000001428B50CF00][000001428B8557C0 49] Android_Mali_T6xx, [000001428B57B400][000001428B859940 49] Android_Mali_T7xx, [000001428B50DA00][000001428B85DAC0 49] Android_Mali_T8xx, [000001428B57AA00][000001428B8600C0 49] Android_Mali_G71, [000001428B50C100][000001428B864240 49] Android_Mali_G72, [000001428B579F00][000001428B824380 49] Android_Mali_G72_Vulkan, [000001428B50CD00][000001428B8684C0 49] Android_Mali_G76, [000001428B579800][000001428B86C600 49] Android_Mali_G76_Vulkan, [000001428B50D600][000001428B870740 49] Android_Mali_G77, [000001428B57A800][000001428B8788C0 49] Android_Mali_G77_Vulkan, [000001428B50C900][000001428B87CA40 49] Android_Mali_G78, [000001428B57B500][000001428B880BC0 49] Android_Mali_G78_Vulkan, [000001428B50E100][000001428B884D40 49] Android_Mali_G710, [000001428B579300][000001428B888EC0 49] Android_Mali_G710_Vulkan, [000001428B50E000][000001428B88D040 49] Android_Vulkan_SM5, [000001428B578C00][000001428B8911C0 49] Android_PowerVR_G6xxx, [000001428B50DE00][000001428B895340 49] Android_PowerVR_GT7xxx, [000001428B578600][000001428B8994C0 49] Android_PowerVR_GE8xxx, [000001428B50F100][000001428B89D640 49] Android_PowerVR_GM9xxx, [000001428B578100][000001428B8A17C0 49] Android_PowerVR_GM9xxx_Vulkan, [000001428B4A6D00][00000142FCA4B940 49] Android_TegraK1, [000001428B579C00][00000142FCA4FAC0 49] Android_Unknown_Vulkan, [000001428B4A6100][00000142FCA520C0 49] Lumin, [000001428B579700][00000142FCA56240 49] Lumin_Desktop, [000001428B4A5E00][00000142FCA5A3C0 49] HoloLens, 
[2023.04.08-17.19.04:983][  0]LogMeshReduction: Using QuadricMeshReduction for automatic static mesh reduction
[2023.04.08-17.19.04:983][  0]LogMeshReduction: Using SimplygonMeshReduction for automatic skeletal mesh reduction
[2023.04.08-17.19.04:983][  0]LogMeshReduction: Using ProxyLODMeshReduction for automatic mesh merging
[2023.04.08-17.19.04:983][  0]LogMeshReduction: No distributed automatic mesh merging module available
[2023.04.08-17.19.04:983][  0]LogMeshMerging: No distributed automatic mesh merging module available
[2023.04.08-17.19.05:080][  0]LogNetVersion: PacManHunter 1.0.0, NetCL: 17155196, EngineNetVer: 17, GameNetVer: 0 (Checksum: 2554951525)
[2023.04.08-17.19.05:331][  0]LogTexture: Default maximum texture size for cubemaps generated from long-lat sources has been changed from 512 to unlimited. In order to preserve old behaiour for '/Engine/MapTemplates/Sky/DaylightAmbientCubemap.DaylightAmbientCubemap', its maximum texture size has been explicitly set to 512.
[2023.04.08-17.19.05:403][  0]LogHMD: PokeAHoleMaterial loaded successfully
[2023.04.08-17.19.05:563][  0]LogMoviePlayer: Initializing movie player
[2023.04.08-17.19.05:693][  0]LogPython: Using Python 3.7.7
[2023.04.08-17.19.06:069][  0]LogTcpMessaging: Initializing TcpMessaging bridge
[2023.04.08-17.19.06:080][  0]LogUdpMessaging: Initializing bridge on interface 0.0.0.0:0 to multicast group 230.0.0.1:6666.
[2023.04.08-17.19.06:211][  0]LogNiagaraDebuggerClient: Niagara Debugger Client Initialized | Session: 0A170B974E1117727B7522B7A902F106 | Instance: CDF90B844A803CD54E8CFE9BFC2FF85E (LAPTOP-REET2DGH-1276).
[2023.04.08-17.19.06:240][  0]LogCollectionManager: Loaded 0 collections in 0.001645 seconds
[2023.04.08-17.19.06:242][  0]LogFileCache: Scanning file cache for directory 'C:/Users/Jack/Documents/GitHub/PacManHunter/Saved/Collections/' took 0.00s
[2023.04.08-17.19.06:242][  0]LogFileCache: Scanning file cache for directory 'C:/Users/Jack/Documents/GitHub/PacManHunter/Content/Developers/Jack/Collections/' took 0.00s
[2023.04.08-17.19.06:242][  0]LogCollectionManager: Fixed up redirectors for 0 collections in 0.000003 seconds (updated 0 objects)
[2023.04.08-17.19.06:328][  0]LogFileCache: Scanning file cache for directory 'C:/Users/Jack/Documents/GitHub/PacManHunter/Content/Collections/' took 0.00s
[2023.04.08-17.19.06:328][  0]SourceControl: Source control is disabled
[2023.04.08-17.19.06:329][  0]SourceControl: Source control is disabled
[2023.04.08-17.19.06:333][  0]SourceControl: Source control is disabled
[2023.04.08-17.19.06:336][  0]LogUProjectInfo: Found projects:
[2023.04.08-17.19.06:514][  0]LogOpenImageDenoise: OIDN starting up
[2023.04.08-17.19.06:547][  0]LogAndroidPermission: UAndroidPermissionCallbackProxy::GetInstance
[2023.04.08-17.19.06:576][  0]LogAudioCaptureCore: Display: No Audio Capture implementations found. Audio input will be silent.
[2023.04.08-17.19.06:577][  0]LogAudioCaptureCore: Display: No Audio Capture implementations found. Audio input will be silent.
[2023.04.08-17.19.06:657][  0]LogOcInput: OculusInput pre-init called
[2023.04.08-17.19.06:666][  0]LogUObjectArray: 22121 objects as part of root set at end of initial load.
[2023.04.08-17.19.06:666][  0]LogUObjectAllocator: 5975632 out of 0 bytes used by permanent object pool.
[2023.04.08-17.19.06:666][  0]LogUObjectArray: CloseDisregardForGC: 0/0 objects in disregard for GC pool
[2023.04.08-17.19.06:720][  0]LogEngine: Initializing Engine...
[2023.04.08-17.19.06:725][  0]LogHMD: Failed to enumerate extensions. Please check that you have a valid OpenXR runtime installed.
[2023.04.08-17.19.06:725][  0]LogHMD: Failed to initialize OpenVR with code 110
[2023.04.08-17.19.06:725][  0]LogMagicLeap: Warning: VR disabled because ZI is not enabled.  To enable, in the editor, Edit -> Project Settings -> Plugins -> Magic Leap Plugin -> Enable Zero Iteration
[2023.04.08-17.19.06:727][  0]LogStats: UGameplayTagsManager::InitializeManager -  0.000 s
[2023.04.08-17.19.06:859][  0]LogInit: Initializing FReadOnlyCVARCache
[2023.04.08-17.19.06:859][  0]LogAudio: Display: Initializing Audio Device Manager...
[2023.04.08-17.19.06:867][  0]LogAudio: Display: Loading Default Audio Settings Objects...
[2023.04.08-17.19.06:868][  0]LogAudio: Display: No default SoundConcurrencyObject specified (or failed to load).
[2023.04.08-17.19.06:870][  0]LogAudio: Display: Audio Device Manager Initialized
[2023.04.08-17.19.06:870][  0]LogAudio: Display: Creating Audio Device:                 Id: 1, Scope: Shared, Realtime: True
[2023.04.08-17.19.06:870][  0]LogAudioMixer: Display: Audio Mixer Platform Settings:
[2023.04.08-17.19.06:870][  0]LogAudioMixer: Display: 	Sample Rate:						  48000
[2023.04.08-17.19.06:870][  0]LogAudioMixer: Display: 	Callback Buffer Frame Size Requested: 1024
[2023.04.08-17.19.06:870][  0]LogAudioMixer: Display: 	Callback Buffer Frame Size To Use:	  1024
[2023.04.08-17.19.06:870][  0]LogAudioMixer: Display: 	Number of buffers to queue:			  2
[2023.04.08-17.19.06:870][  0]LogAudioMixer: Display: 	Max Channels (voices):				  32
[2023.04.08-17.19.06:870][  0]LogAudioMixer: Display: 	Number of Async Source Workers:		  0
[2023.04.08-17.19.06:870][  0]LogAudio: Display: AudioDevice MaxSources: 32
[2023.04.08-17.19.06:870][  0]LogAudio: Display: Audio Spatialization Plugin: None (built-in).
[2023.04.08-17.19.06:870][  0]LogAudio: Display: Audio Reverb Plugin: None (built-in).
[2023.04.08-17.19.06:870][  0]LogAudio: Display: Audio Occlusion Plugin: None (built-in).
[2023.04.08-17.19.06:870][  0]LogAudioMixer: Display: Initializing audio mixer.
[2023.04.08-17.19.06:886][  0]LogAudioMixer: Display: 0: FrontLeft
[2023.04.08-17.19.06:886][  0]LogAudioMixer: Display: 1: FrontRight
[2023.04.08-17.19.06:905][  0]LogAudioMixer: Display: Using Audio Device Headphones (Soundcore Life Q20)
[2023.04.08-17.19.06:913][  0]LogAudioMixer: Display: Initializing Sound Submixes...
[2023.04.08-17.19.06:916][  0]LogAudioMixer: Display: Creating Master Submix 'MasterSubmixDefault'
[2023.04.08-17.19.06:916][  0]LogAudioMixer: Display: Creating Master Submix 'MasterReverbSubmixDefault'
[2023.04.08-17.19.06:917][  0]LogAudioMixer: Display: Creating Master Submix 'MasterEQSubmixDefault'
[2023.04.08-17.19.06:917][  0]LogAudioMixer: FMixerPlatformXAudio2::StartAudioStream() called
[2023.04.08-17.19.06:917][  0]LogAudioMixer: Display: Output buffers initialized: Frames=1024, Channels=2, Samples=2048
[2023.04.08-17.19.06:918][  0]LogAudioMixer: Display: Starting AudioMixerPlatformInterface::RunInternal()
[2023.04.08-17.19.06:918][  0]LogAudioMixer: Display: FMixerPlatformXAudio2::SubmitBuffer() called for the first time
[2023.04.08-17.19.06:918][  0]LogInit: FAudioDevice initialized.
[2023.04.08-17.19.06:920][  0]LogNetVersion: Set ProjectVersion to 1.0.0.0. Version Checksum will be recalculated on next use.
[2023.04.08-17.19.06:920][  0]LogInit: Texture streaming: Enabled
[2023.04.08-17.19.07:004][  0]LogAudio: Display: Audio Device (ID: 1) registered with world 'Untitled'.
[2023.04.08-17.19.07:005][  0]LogSlate: Updating window title bar state: overlay mode, drag disabled, window buttons hidden, title bar hidden
[2023.04.08-17.19.07:005][  0]LogInit: Display: Game Engine Initialized.
[2023.04.08-17.19.07:005][  0]LogNiagaraEditor: GEditor isn't valid! Particle reset commands will not work for Niagara components!
[2023.04.08-17.19.07:138][  0]LogInit: Display: Starting Game.
[2023.04.08-17.19.07:138][  0]LogNet: Browse: /Game/ThirdPersonBP/Maps/ThirdPersonExampleMap?Name=Player
[2023.04.08-17.19.07:138][  0]LogLoad: LoadMap: /Game/ThirdPersonBP/Maps/ThirdPersonExampleMap?Name=Player
[2023.04.08-17.19.07:138][  0]LogWorld: BeginTearingDown for /Temp/Untitled_0
[2023.04.08-17.19.07:140][  0]LogWorld: UWorld::CleanupWorld for Untitled, bSessionEnded=true, bCleanupResources=true
[2023.04.08-17.19.07:140][  0]LogSlate: InvalidateAllWidgets triggered.  All widgets were invalidated
[2023.04.08-17.19.07:144][  0]LogAudio: Display: Audio Device unregistered from world 'None'.
[2023.04.08-17.19.07:148][  0]LogUObjectHash: Compacting FUObjectHashTables data took   0.65ms
[2023.04.08-17.19.07:292][  0]LogBlueprint: Error: [AssetLog] C:\Users\Jack\Documents\GitHub\PacManHunter\Content\Player_Character.uasset: [Compiler] Spawn node  Create Widget  must have a class specified.
[2023.04.08-17.19.07:293][  0]LogBlueprint: Error: [AssetLog] C:\Users\Jack\Documents\GitHub\PacManHunter\Content\Player_Character.uasset: [Compiler] In use pin  PauseMenuRef  no longer exists on node  Get . Please refresh node or break links to remove pin.
[2023.04.08-17.19.07:293][  0]LogBlueprint: Error: [AssetLog] C:\Users\Jack\Documents\GitHub\PacManHunter\Content\Player_Character.uasset: [Compiler] In use pin  PauseMenuRef  no longer exists on node  Get . Please refresh node or break links to remove pin.
[2023.04.08-17.19.07:294][  0]LogBlueprint: Error: [AssetLog] C:\Users\Jack\Documents\GitHub\PacManHunter\Content\Player_Character.uasset: [Compiler] In use pin  PauseMenuRef  no longer exists on node  Set . Please refresh node or break links to remove pin.
[2023.04.08-17.19.07:835][  0]LogAudio: Display: Audio Device (ID: 1) registered with world 'ThirdPersonExampleMap'.
[2023.04.08-17.19.07:846][  0]LogAIModule: Creating AISystem for world ThirdPersonExampleMap
[2023.04.08-17.19.07:847][  0]LogLoad: Game class is 'ThirdPersonGameMode_C'
[2023.04.08-17.19.07:852][  0]LogWorld: Bringing World /Game/ThirdPersonBP/Maps/ThirdPersonExampleMap.ThirdPersonExampleMap up for play (max tick rate 0) at 2023.04.08-18.19.07
[2023.04.08-17.19.07:853][  0]LogWorld: Bringing up level for play took: 0.005391
[2023.04.08-17.19.07:856][  0]LogSpawn: Warning: SpawnActor failed because no class was specified
[2023.04.08-17.19.07:860][  0]LogLoad: Took 0.722366 seconds to LoadMap(/Game/ThirdPersonBP/Maps/ThirdPersonExampleMap)
[2023.04.08-17.19.07:887][  0]LogRenderer: Reallocating scene render targets to support 1280x720 Format 10 NumSamples 1 (Frame:1).
[2023.04.08-17.19.07:887][  0]LogSlate: Took 0.001101 seconds to synchronously load lazily loaded font '../../../Engine/Content/Slate/Fonts/Roboto-Regular.ttf' (155K)
[2023.04.08-17.19.07:918][  0]LogInit: Display: Engine is initialized. Leaving FEngineLoop::Init()
[2023.04.08-17.19.07:918][  0]LogLoad: (Engine Initialization) Total time: 7.07 seconds
[2023.04.08-17.19.07:918][  0]LogLoad: (Engine Initialization) Total Blueprint compile time: 0.00 seconds
[2023.04.08-17.19.07:922][  0]LogContentStreaming: Texture pool size now 1000 MB
[2023.04.08-17.19.07:926][  0]LogSlate: InvalidateAllWidgets triggered.  All widgets were invalidated
[2023.04.08-17.19.07:965][  0]LogRenderer: Reallocating scene render targets to support 128x128 Format 10 NumSamples 1 (Frame:1).
[2023.04.08-17.19.07:991][  0]LogRenderer: Reallocating scene render targets to support 1280x720 Format 10 NumSamples 1 (Frame:2).
[2023.04.08-17.19.08:005][  1]LogSlate: Took 0.000422 seconds to synchronously load lazily loaded font '../../../Engine/Content/Slate/Fonts/Roboto-Regular.ttf' (155K)
[2023.04.08-17.19.15:589][244]LogSlate: Window 'PacManHunter (64-bit Development PCD3D_SM5) ' being destroyed
[2023.04.08-17.19.15:592][244]LogWindowsTextInputMethodSystem: Display: IME system deactivated.
[2023.04.08-17.19.15:603][244]LogSlate: Updating window title bar state: overlay mode, drag disabled, window buttons hidden, title bar hidden
[2023.04.08-17.19.15:603][244]LogEngine: All Windows Closed
[2023.04.08-17.19.15:603][244]LogWindows: FPlatformMisc::RequestExit(0)
[2023.04.08-17.19.15:603][244]LogWindows: FPlatformMisc::RequestExitWithStatus(0, 0)
[2023.04.08-17.19.15:603][244]LogCore: Engine exit requested (reason: Win RequestExit)
[2023.04.08-17.19.15:603][245]LogCore: Engine exit requested (reason: EngineExit() was called; note: exit was already requested)
[2023.04.08-17.19.15:604][245]LogInit: Display: PreExit Game.
[2023.04.08-17.19.15:713][245]LogWorld: BeginTearingDown for /Game/ThirdPersonBP/Maps/ThirdPersonExampleMap
[2023.04.08-17.19.15:714][245]LogWorld: UWorld::CleanupWorld for ThirdPersonExampleMap, bSessionEnded=true, bCleanupResources=true
[2023.04.08-17.19.15:714][245]LogSlate: InvalidateAllWidgets triggered.  All widgets were invalidated
[2023.04.08-17.19.15:737][245]LogAudio: Display: Beginning Audio Device Manager Shutdown (Module: AudioMixerXAudio2)...
[2023.04.08-17.19.15:737][245]LogAudio: Display: Destroying 1 Remaining Audio Device(s)...
[2023.04.08-17.19.15:737][245]LogAudio: Display: Audio Device unregistered from world 'ThirdPersonExampleMap'.
[2023.04.08-17.19.15:777][245]LogAudioMixer: FMixerPlatformXAudio2::StopAudioStream() called
[2023.04.08-17.19.15:778][245]LogAudioMixer: FMixerPlatformXAudio2::StopAudioStream() called
[2023.04.08-17.19.15:781][245]LogAudio: Display: Audio Device Manager Shutdown
[2023.04.08-17.19.15:787][245]LogExit: Preparing to exit.
[2023.04.08-17.19.16:102][245]LogSlate: Updating window title bar state: overlay mode, drag disabled, window buttons hidden, title bar hidden
[2023.04.08-17.19.16:110][245]LogUObjectHash: Compacting FUObjectHashTables data took   2.25ms
[2023.04.08-17.19.16:153][245]LogMoviePlayer: Shutting down movie player
[2023.04.08-17.19.16:354][245]LogDemo: Cleaned up 0 splitscreen connections with owner deletion
[2023.04.08-17.19.16:362][245]LogExit: Game engine shut down
[2023.04.08-17.19.16:460][245]LogExit: Object subsystem successfully closed.
[2023.04.08-17.19.16:477][245]LogShaderCompilers: Display: === FShaderJobCache stats ===
[2023.04.08-17.19.16:477][245]LogShaderCompilers: Display: Total job queries 0, among them cache hits 0 (0.00%)
[2023.04.08-17.19.16:477][245]LogShaderCompilers: Display: Tracking 0 distinct input hashes that result in 0 distinct outputs (0.00%)
[2023.04.08-17.19.16:477][245]LogShaderCompilers: Display: RAM used: 0.00 MB (0.00 GB) of 409.60 MB (0.40 GB) budget. Usage: 0.00%
[2023.04.08-17.19.16:477][245]LogShaderCompilers: Display: ================================================
[2023.04.08-17.19.16:493][245]LogShaderCompilers: Display: Shaders left to compile 0
[2023.04.08-17.19.16:533][245]LogModuleManager: Shutting down and abandoning module SequenceRecorderSections (560)
[2023.04.08-17.19.16:533][245]LogModuleManager: Shutting down and abandoning module SequenceRecorder (558)
[2023.04.08-17.19.16:533][245]LogModuleManager: Shutting down and abandoning module AutomationController (556)
[2023.04.08-17.19.16:533][245]LogModuleManager: Shutting down and abandoning module AutomationWorker (554)
[2023.04.08-17.19.16:534][245]LogModuleManager: Shutting down and abandoning module Voice (552)
[2023.04.08-17.19.16:534][245]LogModuleManager: Shutting down and abandoning module AIModule (550)
[2023.04.08-17.19.16:534][245]LogModuleManager: Shutting down and abandoning module GameplayDebugger (549)
[2023.04.08-17.19.16:534][245]LogModuleManager: Shutting down and abandoning module AITestSuite (547)
[2023.04.08-17.19.16:534][245]LogModuleManager: Shutting down and abandoning module NavigationSystem (545)
[2023.04.08-17.19.16:534][245]LogModuleManager: Shutting down and abandoning module AnimGraph (542)
[2023.04.08-17.19.16:534][245]LogModuleManager: Shutting down and abandoning module SteamVREditor (540)
[2023.04.08-17.19.16:534][245]LogModuleManager: Shutting down and abandoning module ToolMenus (539)
[2023.04.08-17.19.16:534][245]LogModuleManager: Shutting down and abandoning module OculusMR (536)
[2023.04.08-17.19.16:534][245]LogModuleManager: Shutting down and abandoning module OpenXRInput (534)
[2023.04.08-17.19.16:534][245]LogModuleManager: Shutting down and abandoning module TakeRecorderSources (532)
[2023.04.08-17.19.16:535][245]LogModuleManager: Shutting down and abandoning module TakeRecorder (531)
[2023.04.08-17.19.16:535][245]LogModuleManager: Shutting down and abandoning module TakeTrackRecorders (528)
[2023.04.08-17.19.16:535][245]LogModuleManager: Shutting down and abandoning module TakesCore (526)
[2023.04.08-17.19.16:535][245]LogModuleManager: Shutting down and abandoning module MagicLeapMediaCodecFactory (524)
[2023.04.08-17.19.16:535][245]LogModuleManager: Shutting down and abandoning module MagicLeapMediaFactory (522)
[2023.04.08-17.19.16:535][245]LogModuleManager: Shutting down and abandoning module PlanarCut (520)
[2023.04.08-17.19.16:536][245]LogModuleManager: Shutting down and abandoning module WebMMediaFactory (518)
[2023.04.08-17.19.16:536][245]LogModuleManager: Shutting down and abandoning module WebMMedia (516)
[2023.04.08-17.19.16:536][245]LogModuleManager: Shutting down and abandoning module WmfMediaFactory (514)
[2023.04.08-17.19.16:536][245]LogModuleManager: Shutting down and abandoning module OpenExrWrapper (512)
[2023.04.08-17.19.16:536][245]LogModuleManager: Shutting down and abandoning module ImgMediaFactory (510)
[2023.04.08-17.19.16:536][245]LogModuleManager: Shutting down and abandoning module AvfMediaFactory (508)
[2023.04.08-17.19.16:536][245]LogModuleManager: Shutting down and abandoning module CharacterAI (506)
[2023.04.08-17.19.16:536][245]LogModuleManager: Shutting down and abandoning module SessionServices (504)
[2023.04.08-17.19.16:536][245]LogModuleManager: Shutting down and abandoning module MovieSceneCapture (502)
[2023.04.08-17.19.16:536][245]LogModuleManager: Shutting down and abandoning module LiveCoding (500)
[2023.04.08-17.19.16:537][245]LogModuleManager: Shutting down and abandoning module LevelSequence (498)
[2023.04.08-17.19.16:537][245]LogModuleManager: Shutting down and abandoning module MovieSceneTracks (496)
[2023.04.08-17.19.16:537][245]LogModuleManager: Shutting down and abandoning module MovieScene (494)
[2023.04.08-17.19.16:537][245]LogModuleManager: Shutting down and abandoning module StreamingPauseRendering (492)
[2023.04.08-17.19.16:537][245]LogModuleManager: Shutting down and abandoning module PortalServices (490)
[2023.04.08-17.19.16:537][245]LogModuleManager: Shutting down and abandoning module PortalRpc (488)
[2023.04.08-17.19.16:537][245]LogModuleManager: Shutting down and abandoning module MessagingRpc (486)
[2023.04.08-17.19.16:537][245]LogModuleManager: Shutting down and abandoning module AudioMixerXAudio2 (484)
[2023.04.08-17.19.16:537][245]LogModuleManager: Shutting down and abandoning module AudioMixerCore (483)
[2023.04.08-17.19.16:537][245]LogModuleManager: Shutting down and abandoning module ImageWriteQueue (480)
[2023.04.08-17.19.16:540][245]LogModuleManager: Shutting down and abandoning module ProfilerService (478)
[2023.04.08-17.19.16:706][245]LogModuleManager: Shutting down and abandoning module TaskGraph (476)
[2023.04.08-17.19.16:707][245]LogModuleManager: Shutting down and abandoning module OculusInput (474)
[2023.04.08-17.19.16:707][245]LogModuleManager: Shutting down and abandoning module Synthesis (472)
[2023.04.08-17.19.16:707][245]LogModuleManager: Shutting down and abandoning module ProceduralMeshComponent (470)
[2023.04.08-17.19.16:707][245]LogModuleManager: Shutting down and abandoning module MobilePatchingUtils (468)
[2023.04.08-17.19.16:707][245]LogModuleManager: Shutting down and abandoning module GooglePAD (466)
[2023.04.08-17.19.16:707][245]LogModuleManager: Shutting down and abandoning module EditableMesh (464)
[2023.04.08-17.19.16:707][245]LogModuleManager: Shutting down and abandoning module CustomMeshComponent (462)
[2023.04.08-17.19.16:707][245]LogModuleManager: Shutting down and abandoning module CableComponent (460)
[2023.04.08-17.19.16:707][245]LogModuleManager: Shutting down and abandoning module AudioCapture (458)
[2023.04.08-17.19.16:707][245]LogModuleManager: Shutting down and abandoning module AudioCaptureRtAudio (457)
[2023.04.08-17.19.16:708][245]LogModuleManager: Shutting down and abandoning module AssetTags (454)
[2023.04.08-17.19.16:708][245]LogModuleManager: Shutting down and abandoning module ArchVisCharacter (452)
[2023.04.08-17.19.16:708][245]LogModuleManager: Shutting down and abandoning module AppleImageUtilsBlueprintSupport (450)
[2023.04.08-17.19.16:708][245]LogModuleManager: Shutting down and abandoning module AppleImageUtils (448)
[2023.04.08-17.19.16:708][245]LogModuleManager: Shutting down and abandoning module AndroidPermission (446)
[2023.04.08-17.19.16:708][245]LogModuleManager: Shutting down and abandoning module ActorLayerUtilities (444)
[2023.04.08-17.19.16:708][245]LogModuleManager: Shutting down and abandoning module TakeMovieScene (442)
[2023.04.08-17.19.16:708][245]LogModuleManager: Shutting down and abandoning module MagicLeapSharedWorld (440)
[2023.04.08-17.19.16:708][245]LogModuleManager: Shutting down and abandoning module MagicLeapLightEstimation (438)
[2023.04.08-17.19.16:708][245]LogModuleManager: Shutting down and abandoning module MagicLeapHelperVulkan (436)
[2023.04.08-17.19.16:708][245]LogModuleManager: Shutting down and abandoning module MagicLeapHelperOpenGL (434)
[2023.04.08-17.19.16:708][245]LogModuleManager: Shutting down and abandoning module MagicLeapAudio (432)
[2023.04.08-17.19.16:708][245]LogModuleManager: Shutting down and abandoning module TemplateSequence (430)
[2023.04.08-17.19.16:708][245]LogModuleManager: Shutting down and abandoning module MotoSynth (428)
[2023.04.08-17.19.16:708][245]LogModuleManager: Shutting down and abandoning module OpenImageDenoise (426)
[2023.04.08-17.19.16:708][245]LogOpenImageDenoise: OIDN shutting down
[2023.04.08-17.19.16:708][245]LogModuleManager: Shutting down and abandoning module MeshConversion (424)
[2023.04.08-17.19.16:708][245]LogModuleManager: Shutting down and abandoning module DynamicMesh (422)
[2023.04.08-17.19.16:709][245]LogModuleManager: Shutting down and abandoning module GeometryAlgorithms (420)
[2023.04.08-17.19.16:709][245]LogModuleManager: Shutting down and abandoning module GeometricObjects (418)
[2023.04.08-17.19.16:709][245]LogModuleManager: Shutting down and abandoning module GeometryCollectionTracks (416)
[2023.04.08-17.19.16:709][245]LogModuleManager: Shutting down and abandoning module GeometryCollectionSequencer (415)
[2023.04.08-17.19.16:709][245]LogModuleManager: Shutting down and abandoning module GeometryCacheTracks (412)
[2023.04.08-17.19.16:709][245]LogModuleManager: Shutting down and abandoning module GeometryCacheSequencer (411)
[2023.04.08-17.19.16:709][245]LogModuleManager: Shutting down and abandoning module GeometryCache (408)
[2023.04.08-17.19.16:709][245]LogModuleManager: Shutting down and abandoning module GeometryCacheEd (407)
[2023.04.08-17.19.16:709][245]LogModuleManager: Shutting down and abandoning module MediaCompositing (404)
[2023.04.08-17.19.16:709][245]LogModuleManager: Shutting down and abandoning module ImgMedia (402)
[2023.04.08-17.19.16:709][245]LogModuleManager: Shutting down and abandoning module ChaosNiagara (400)
[2023.04.08-17.19.16:709][245]LogModuleManager: Shutting down and abandoning module FieldSystemEngine (399)
[2023.04.08-17.19.16:709][245]LogModuleManager: Shutting down and abandoning module BackChannel (396)
[2023.04.08-17.19.16:710][245]LogModuleManager: Shutting down and abandoning module AutomationUtils (394)
[2023.04.08-17.19.16:710][245]LogModuleManager: Shutting down and abandoning module LiveLinkSequencer (392)
[2023.04.08-17.19.16:710][245]LogModuleManager: Shutting down and abandoning module LiveLinkMovieScene (390)
[2023.04.08-17.19.16:710][245]LogModuleManager: Shutting down and abandoning module LiveLinkGraphNode (388)
[2023.04.08-17.19.16:710][245]LogModuleManager: Shutting down and abandoning module LiveLinkComponents (386)
[2023.04.08-17.19.16:710][245]LogModuleManager: Shutting down and abandoning module LiveLink (384)
[2023.04.08-17.19.17:361][245]LogModuleManager: Shutting down and abandoning module UObjectPlugin (382)
[2023.04.08-17.19.17:361][245]LogModuleManager: Shutting down and abandoning module VisualStudioSourceCodeAccess (380)
[2023.04.08-17.19.17:361][245]LogModuleManager: Shutting down and abandoning module HotReload (379)
[2023.04.08-17.19.17:362][245]LogModuleManager: Shutting down and abandoning module VisualStudioCodeSourceCodeAccess (376)
[2023.04.08-17.19.17:362][245]LogModuleManager: Shutting down and abandoning module SubversionSourceControl (374)
[2023.04.08-17.19.17:362][245]LogModuleManager: Shutting down and abandoning module PerforceSourceControl (372)
[2023.04.08-17.19.17:363][245]LogModuleManager: Shutting down and abandoning module SourceControl (371)
[2023.04.08-17.19.17:363][245]LogModuleManager: Shutting down and abandoning module CLionSourceCodeAccess (368)
[2023.04.08-17.19.17:363][245]LogModuleManager: Shutting down and abandoning module OodleNetworkHandlerComponent (366)
[2023.04.08-17.19.17:363][245]LogModuleManager: Shutting down and abandoning module SoundFields (364)
[2023.04.08-17.19.17:363][245]LogModuleManager: Shutting down and abandoning module SignificanceManager (362)
[2023.04.08-17.19.17:363][245]LogModuleManager: Shutting down and abandoning module RuntimePhysXCooking (360)
[2023.04.08-17.19.17:363][245]LogModuleManager: Shutting down and abandoning module PropertyAccessEditor (358)
[2023.04.08-17.19.17:363][245]LogModuleManager: Shutting down and abandoning module PhysXVehiclesEditor (356)
[2023.04.08-17.19.17:363][245]LogModuleManager: Shutting down and abandoning module LocationServicesBPLibrary (352)
[2023.04.08-17.19.17:363][245]LogModuleManager: Shutting down and abandoning module AudioSynesthesia (350)
[2023.04.08-17.19.17:364][245]LogModuleManager: Shutting down and abandoning module AudioSynesthesiaCore (348)
[2023.04.08-17.19.17:364][245]LogModuleManager: Shutting down and abandoning module MagicLeapARPin (346)
[2023.04.08-17.19.17:364][245]LogModuleManager: Shutting down and abandoning module NiagaraAnimNotifies (344)
[2023.04.08-17.19.17:364][245]LogModuleManager: Shutting down and abandoning module Niagara (342)
[2023.04.08-17.19.17:364][245]LogModuleManager: Shutting down and abandoning module SignalProcessing (341)
[2023.04.08-17.19.17:364][245]LogModuleManager: Shutting down and abandoning module NiagaraEditor (339)
[2023.04.08-17.19.17:365][245]LogModuleManager: Shutting down and abandoning module ContentBrowser (338)
[2023.04.08-17.19.17:365][245]LogModuleManager: Shutting down and abandoning module CollectionManager (337)
[2023.04.08-17.19.17:366][245]LogModuleManager: Shutting down and abandoning module DirectoryWatcher (336)
[2023.04.08-17.19.17:366][245]LogModuleManager: Shutting down and abandoning module ContentBrowserData (333)
[2023.04.08-17.19.17:366][245]LogModuleManager: Shutting down and abandoning module NiagaraCore (328)
[2023.04.08-17.19.17:366][245]LogModuleManager: Shutting down and abandoning module MagicLeapHandMeshing (326)
[2023.04.08-17.19.17:366][245]LogModuleManager: Shutting down and abandoning module MagicLeapSecureStorage (324)
[2023.04.08-17.19.17:366][245]LogModuleManager: Shutting down and abandoning module MagicLeapPrivileges (322)
[2023.04.08-17.19.17:367][245]LogModuleManager: Shutting down and abandoning module MagicLeapPlanes (320)
[2023.04.08-17.19.17:367][245]LogMagicLeapPlanes: Planes tracker already destroyed.
[2023.04.08-17.19.17:367][245]LogModuleManager: Shutting down and abandoning module MagicLeapImageTracker (318)
[2023.04.08-17.19.17:367][245]LogModuleManager: Shutting down and abandoning module MagicLeapIdentity (316)
[2023.04.08-17.19.17:367][245]LogModuleManager: Shutting down and abandoning module MagicLeapHandTracking (314)
[2023.04.08-17.19.17:367][245]LogModuleManager: Shutting down and abandoning module MagicLeapEyeTracker (312)
[2023.04.08-17.19.17:367][245]LogModuleManager: Shutting down and abandoning module MagicLeapController (310)
[2023.04.08-17.19.17:367][245]LogModuleManager: Shutting down and abandoning module MagicLeapARPinImpl (308)
[2023.04.08-17.19.17:367][245]LogModuleManager: Shutting down and abandoning module MagicLeapAR (306)
[2023.04.08-17.19.17:367][245]LogModuleManager: Shutting down and abandoning module UdpMessaging (304)
[2023.04.08-17.19.17:468][245]LogModuleManager: Shutting down and abandoning module ActorSequence (302)
[2023.04.08-17.19.17:468][245]LogModuleManager: Shutting down and abandoning module TcpMessaging (300)
[2023.04.08-17.19.17:569][245]LogModuleManager: Shutting down and abandoning module PythonScriptPlugin (298)
[2023.04.08-17.19.17:571][245]LogModuleManager: Shutting down and abandoning module FacialAnimation (296)
[2023.04.08-17.19.17:571][245]LogModuleManager: Shutting down and abandoning module GameplayTagsEditor (294)
[2023.04.08-17.19.17:571][245]LogModuleManager: Shutting down and abandoning module AssetManagerEditor (292)
[2023.04.08-17.19.17:572][245]LogModuleManager: Shutting down and abandoning module TreeMap (291)
[2023.04.08-17.19.17:572][245]LogModuleManager: Shutting down and abandoning module ImgMediaEngine (288)
[2023.04.08-17.19.17:572][245]LogModuleManager: Shutting down and abandoning module LightPropagationVolumeRuntime (286)
[2023.04.08-17.19.17:572][245]LogModuleManager: Shutting down and abandoning module PropertyAccessNode (284)
[2023.04.08-17.19.17:572][245]LogModuleManager: Shutting down and abandoning module GameplayCameras (282)
[2023.04.08-17.19.17:572][245]LogModuleManager: Shutting down and abandoning module AnimationSharing (280)
[2023.04.08-17.19.17:572][245]LogModuleManager: Shutting down and abandoning module EnvironmentQueryEditor (278)
[2023.04.08-17.19.17:572][245]LogModuleManager: Shutting down and abandoning module Paper2D (276)
[2023.04.08-17.19.17:573][245]LogModuleManager: Shutting down and abandoning module WindowsMoviePlayer (274)
[2023.04.08-17.19.17:574][245]LogModuleManager: Shutting down and abandoning module WebMMoviePlayer (272)
[2023.04.08-17.19.17:574][245]LogModuleManager: Shutting down and abandoning module NetworkReplayStreaming (270)
[2023.04.08-17.19.17:574][245]LogModuleManager: Shutting down and abandoning module PacketHandler (268)
[2023.04.08-17.19.17:574][245]LogModuleManager: Shutting down and abandoning module ClothingSystemEditor (266)
[2023.04.08-17.19.17:574][245]LogModuleManager: Shutting down and abandoning module ClothingSystemRuntimeNv (264)
[2023.04.08-17.19.17:574][245]LogModuleManager: Shutting down and abandoning module MediaAssets (262)
[2023.04.08-17.19.17:574][245]LogModuleManager: Shutting down and abandoning module Overlay (260)
[2023.04.08-17.19.17:574][245]LogModuleManager: Shutting down and abandoning module OverlayEditor (259)
[2023.04.08-17.19.17:574][245]LogModuleManager: Shutting down and abandoning module VREditor (256)
[2023.04.08-17.19.17:574][245]LogModuleManager: Shutting down and abandoning module StringTableEditor (254)
[2023.04.08-17.19.17:575][245]LogModuleManager: Shutting down and abandoning module GameplayTasksEditor (252)
[2023.04.08-17.19.17:575][245]LogModuleManager: Shutting down and abandoning module BehaviorTreeEditor (250)
[2023.04.08-17.19.17:575][245]LogModuleManager: Shutting down and abandoning module FunctionalTesting (248)
[2023.04.08-17.19.17:576][245]LogModuleManager: Shutting down and abandoning module CollisionAnalyzer (246)
[2023.04.08-17.19.17:576][245]LogModuleManager: Shutting down and abandoning module WorkspaceMenuStructure (245)
[2023.04.08-17.19.17:576][245]LogModuleManager: Shutting down and abandoning module UMG (242)
[2023.04.08-17.19.17:576][245]LogModuleManager: Shutting down and abandoning module UMGEditor (241)
[2023.04.08-17.19.17:576][245]LogModuleManager: Shutting down and abandoning module Sequencer (240)
[2023.04.08-17.19.17:576][245]LogModuleManager: Shutting down and abandoning module MessageLog (237)
[2023.04.08-17.19.17:577][245]LogModuleManager: Shutting down and abandoning module SlateReflector (232)
[2023.04.08-17.19.17:578][245]LogModuleManager: Shutting down and abandoning module Slate (230)
[2023.04.08-17.19.17:578][245]LogModuleManager: Shutting down and abandoning module SlateCore (228)
[2023.04.08-17.19.17:579][245]LogModuleManager: Shutting down and abandoning module LandscapeEditorUtilities (226)
[2023.04.08-17.19.17:579][245]LogModuleManager: Shutting down and abandoning module UnrealEd (224)
[2023.04.08-17.19.17:579][245]LogModuleManager: Shutting down and abandoning module MRMesh (222)
[2023.04.08-17.19.17:579][245]LogModuleManager: Shutting down and abandoning module Messaging (220)
[2023.04.08-17.19.17:579][245]LogModuleManager: Shutting down and abandoning module SourceCodeAccess (218)
[2023.04.08-17.19.17:579][245]LogModuleManager: Shutting down and abandoning module HeadMountedDisplay (216)
[2023.04.08-17.19.17:579][245]LogModuleManager: Shutting down and abandoning module XAudio2 (214)
[2023.04.08-17.19.17:579][245]LogModuleManager: Shutting down and abandoning module Networking (212)
[2023.04.08-17.19.17:579][245]LogModuleManager: Shutting down and abandoning module Core (210)
[2023.04.08-17.19.17:579][245]LogModuleManager: Shutting down and abandoning module MaterialEditor (208)
[2023.04.08-17.19.17:580][245]LogModuleManager: Shutting down and abandoning module MovieSceneTools (206)
[2023.04.08-17.19.17:580][245]LogModuleManager: Shutting down and abandoning module EditorStyle (205)
[2023.04.08-17.19.17:581][245]LogModuleManager: Shutting down and abandoning module KismetCompiler (202)
[2023.04.08-17.19.17:581][245]LogModuleManager: Shutting down and abandoning module MeshBuilder (200)
[2023.04.08-17.19.17:581][245]LogModuleManager: Shutting down and abandoning module MeshUtilities (198)
[2023.04.08-17.19.17:581][245]LogModuleManager: Shutting down and abandoning module MeshMergeUtilities (197)
[2023.04.08-17.19.17:581][245]LogModuleManager: Shutting down and abandoning module MeshReductionInterface (196)
[2023.04.08-17.19.17:581][245]LogModuleManager: Shutting down and abandoning module MeshBoneReduction (195)
[2023.04.08-17.19.17:581][245]LogModuleManager: Shutting down and abandoning module SkeletalMeshReduction (193)
[2023.04.08-17.19.17:582][245]LogModuleManager: Shutting down and abandoning module ProxyLODMeshReduction (191)
[2023.04.08-17.19.17:582][245]LogModuleManager: Shutting down and abandoning module QuadricMeshReduction (189)
[2023.04.08-17.19.17:582][245]LogModuleManager: Shutting down and abandoning module MaterialBaking (185)
[2023.04.08-17.19.17:582][245]LogModuleManager: Shutting down and abandoning module NullInstallBundleManager (180)
[2023.04.08-17.19.17:582][245]LogModuleManager: Shutting down and abandoning module PIEPreviewDeviceProfileSelector (178)
[2023.04.08-17.19.17:583][245]LogModuleManager: Shutting down and abandoning module DerivedDataCache (176)
[2023.04.08-17.19.17:583][245]LogModuleManager: Shutting down and abandoning module TargetPlatform (174)
[2023.04.08-17.19.17:583][245]LogModuleManager: Shutting down and abandoning module VulkanShaderFormat (173)
[2023.04.08-17.19.17:584][245]LogModuleManager: Shutting down and abandoning module ShaderFormatVectorVM (171)
[2023.04.08-17.19.17:584][245]LogModuleManager: Shutting down and abandoning module ShaderFormatOpenGL (169)
[2023.04.08-17.19.17:584][245]LogModuleManager: Shutting down and abandoning module ShaderFormatD3D (167)
[2023.04.08-17.19.17:585][245]LogModuleManager: Shutting down and abandoning module MetalShaderFormat (165)
[2023.04.08-17.19.17:585][245]LogModuleManager: Shutting down and abandoning module TextureFormatOodle (163)
[2023.04.08-17.19.17:585][245]LogModuleManager: Shutting down and abandoning module TextureFormatUncompressed (161)
[2023.04.08-17.19.17:585][245]LogModuleManager: Shutting down and abandoning module TextureFormatPVR (159)
[2023.04.08-17.19.17:585][245]LogModuleManager: Shutting down and abandoning module TextureFormatETC2 (157)
[2023.04.08-17.19.17:585][245]LogModuleManager: Shutting down and abandoning module TextureFormatDXT (155)
[2023.04.08-17.19.17:585][245]LogModuleManager: Shutting down and abandoning module TextureFormatIntelISPCTexComp (153)
[2023.04.08-17.19.17:585][245]LogModuleManager: Shutting down and abandoning module TextureFormatASTC (151)
[2023.04.08-17.19.17:585][245]LogModuleManager: Shutting down and abandoning module ImageWrapper (150)
[2023.04.08-17.19.17:585][245]LogModuleManager: Shutting down and abandoning module AudioFormatOpus (147)
[2023.04.08-17.19.17:585][245]LogModuleManager: Shutting down and abandoning module AudioFormatOgg (145)
[2023.04.08-17.19.17:585][245]LogModuleManager: Shutting down and abandoning module AudioFormatADPCM (143)
[2023.04.08-17.19.17:586][245]LogModuleManager: Shutting down and abandoning module WindowsServerTargetPlatform (141)
[2023.04.08-17.19.17:586][245]LogModuleManager: Shutting down and abandoning module WindowsClientTargetPlatform (139)
[2023.04.08-17.19.17:586][245]LogModuleManager: Shutting down and abandoning module WindowsTargetPlatform (137)
[2023.04.08-17.19.17:586][245]LogModuleManager: Shutting down and abandoning module WindowsNoEditorTargetPlatform (135)
[2023.04.08-17.19.17:586][245]LogModuleManager: Shutting down and abandoning module D3D11RHI (132)
[2023.04.08-17.19.17:586][245]LogModuleManager: Shutting down and abandoning module InputCore (130)
[2023.04.08-17.19.17:586][245]LogModuleManager: Shutting down and abandoning module Settings (128)
[2023.04.08-17.19.17:586][245]LogModuleManager: Shutting down and abandoning module PhysXCooking (126)
[2023.04.08-17.19.17:586][245]LogModuleManager: Shutting down and abandoning module Chaos (124)
[2023.04.08-17.19.17:586][245]LogModuleManager: Shutting down and abandoning module WindowsPlatformFeatures (122)
[2023.04.08-17.19.17:586][245]LogModuleManager: Shutting down and abandoning module GameplayMediaEncoder (121)
[2023.04.08-17.19.17:586][245]LogModuleManager: Shutting down and abandoning module AVEncoder (120)
[2023.04.08-17.19.17:586][245]LogModuleManager: Shutting down and abandoning module SteamVRInputDevice (116)
[2023.04.08-17.19.17:586][245]LogModuleManager: Shutting down and abandoning module SteamVRInput (114)
[2023.04.08-17.19.17:586][245]LogModuleManager: Shutting down and abandoning module SteamVR (112)
[2023.04.08-17.19.17:586][245]LogHMD: Freeing OpenVRDLLHandle.
[2023.04.08-17.19.17:586][245]LogModuleManager: Shutting down and abandoning module OculusHMD (110)
[2023.04.08-17.19.17:587][245]LogModuleManager: Shutting down and abandoning module OpenXRAR (108)
[2023.04.08-17.19.17:587][245]LogModuleManager: Shutting down and abandoning module AugmentedReality (107)
[2023.04.08-17.19.17:587][245]LogModuleManager: Shutting down and abandoning module OpenXRHandTracking (104)
[2023.04.08-17.19.17:587][245]LogSlate: Slate User Destroyed.  User Index 0, Is Virtual User: 0
[2023.04.08-17.19.17:587][245]LogModuleManager: Shutting down and abandoning module OpenXRHMD (103)
[2023.04.08-17.19.17:587][245]LogModuleManager: Shutting down and abandoning module OpenXREyeTracker (100)
[2023.04.08-17.19.17:587][245]LogModuleManager: Shutting down and abandoning module ExampleDeviceProfileSelector (98)
[2023.04.08-17.19.17:587][245]LogModuleManager: Shutting down and abandoning module ChunkDownloader (96)
[2023.04.08-17.19.17:587][245]LogModuleManager: Shutting down and abandoning module VariantManagerContent (94)
[2023.04.08-17.19.17:587][245]LogModuleManager: Shutting down and abandoning module DatasmithContent (92)
[2023.04.08-17.19.17:588][245]LogModuleManager: Shutting down and abandoning module MLSDK (90)
[2023.04.08-17.19.17:588][245]LogModuleManager: Shutting down and abandoning module LauncherChunkInstaller (88)
[2023.04.08-17.19.17:588][245]LogModuleManager: Shutting down and abandoning module NiagaraVertexFactories (86)
[2023.04.08-17.19.17:588][245]LogModuleManager: Shutting down and abandoning module NiagaraShader (84)
[2023.04.08-17.19.17:588][245]LogModuleManager: Shutting down and abandoning module MagicLeap (82)
[2023.04.08-17.19.17:588][245]LogModuleManager: Shutting down and abandoning module OnlineBlueprintSupport (80)
[2023.04.08-17.19.17:588][245]LogModuleManager: Shutting down and abandoning module OnlineSubsystem (76)
[2023.04.08-17.19.17:590][245]LogModuleManager: Shutting down and abandoning module XMPP (71)
[2023.04.08-17.19.17:591][245]LogModuleManager: Shutting down and abandoning module WebSockets (70)
[2023.04.08-17.19.17:624][245]LogModuleManager: Shutting down and abandoning module HTTP (67)
[2023.04.08-17.19.17:624][245]LogHttp: Display: cleaning up 0 outstanding Http requests.
[2023.04.08-17.19.17:652][245]LogModuleManager: Shutting down and abandoning module SSL (66)
[2023.04.08-17.19.17:653][245]LogModuleManager: Shutting down and abandoning module WmfMedia (62)
[2023.04.08-17.19.17:655][245]LogModuleManager: Shutting down and abandoning module Media (61)
[2023.04.08-17.19.17:655][245]LogModuleManager: Shutting down and abandoning module MediaInfo (60)
[2023.04.08-17.19.17:655][245]LogModuleManager: Shutting down and abandoning module ExrReaderGpu (56)
[2023.04.08-17.19.17:655][245]LogModuleManager: Shutting down and abandoning module ChaosCloth (54)
[2023.04.08-17.19.17:655][245]LogModuleManager: Shutting down and abandoning module PixWinPlugin (52)
[2023.04.08-17.19.17:655][245]LogModuleManager: Shutting down and abandoning module AISupportModule (50)
[2023.04.08-17.19.17:655][245]LogModuleManager: Shutting down and abandoning module DesktopPlatform (48)
[2023.04.08-17.19.17:655][245]LogModuleManager: Shutting down and abandoning module PythonScriptPluginPreload (46)
[2023.04.08-17.19.17:655][245]LogModuleManager: Shutting down and abandoning module PlatformCryptoOpenSSL (44)
[2023.04.08-17.19.17:656][245]LogModuleManager: Shutting down and abandoning module PlatformCryptoTypes (42)
[2023.04.08-17.19.17:656][245]LogModuleManager: Shutting down and abandoning module PlatformCrypto (40)
[2023.04.08-17.19.17:656][245]LogModuleManager: Shutting down and abandoning module OodleDataCompressionFormat (38)
[2023.04.08-17.19.17:656][245]LogModuleManager: Shutting down and abandoning module XGEController (36)
[2023.04.08-17.19.17:656][245]LogModuleManager: Shutting down and abandoning module AnimationModifiers (34)
[2023.04.08-17.19.17:656][245]LogModuleManager: Shutting down and abandoning module AudioEditor (32)
[2023.04.08-17.19.17:657][245]LogModuleManager: Shutting down and abandoning module PropertyEditor (31)
[2023.04.08-17.19.17:657][245]LogModuleManager: Shutting down and abandoning module TextureCompressor (28)
[2023.04.08-17.19.17:657][245]LogModuleManager: Shutting down and abandoning module RenderCore (26)
[2023.04.08-17.19.17:657][245]LogModuleManager: Shutting down and abandoning module Landscape (24)
[2023.04.08-17.19.17:657][245]LogModuleManager: Shutting down and abandoning module SlateRHIRenderer (22)
[2023.04.08-17.19.17:658][245]LogModuleManager: Shutting down and abandoning module AnimGraphRuntime (20)
[2023.04.08-17.19.17:658][245]LogModuleManager: Shutting down and abandoning module Renderer (18)
[2023.04.08-17.19.17:658][245]LogModuleManager: Shutting down and abandoning module Engine (16)
[2023.04.08-17.19.17:658][245]LogModuleManager: Shutting down and abandoning module CoreUObject (14)
[2023.04.08-17.19.17:658][245]LogModuleManager: Shutting down and abandoning module NetworkFile (12)
[2023.04.08-17.19.17:658][245]LogModuleManager: Shutting down and abandoning module CookedIterativeFile (10)
[2023.04.08-17.19.17:658][245]LogModuleManager: Shutting down and abandoning module StreamingFile (8)
[2023.04.08-17.19.17:658][245]LogModuleManager: Shutting down and abandoning module SandboxFile (6)
[2023.04.08-17.19.17:659][245]LogModuleManager: Shutting down and abandoning module PakFile (4)
[2023.04.08-17.19.17:659][245]LogModuleManager: Shutting down and abandoning module RSA (3)
[2023.04.08-17.19.17:952][245]LogContentStreaming: Display: There are 1 unreleased StreamingManagers
[2023.04.08-17.19.17:963][245]LogD3D11RHI: Shutdown
[2023.04.08-17.19.17:963][245]LogD3D11RHI: CleanupD3DDevice
[2023.04.08-17.19.17:967][245]LogExit: Exiting.
[2023.04.08-17.19.17:976][245]Log file closed, 04/08/23 18:19:17
