Log file open, 04/16/23 20:15:59
LogWindows: Failed to load 'aqProf.dll' (GetLastError=126)
LogWindows: File 'aqProf.dll' does not exist
LogWindows: Failed to load 'VtuneApi.dll' (GetLastError=126)
LogWindows: File 'VtuneApi.dll' does not exist
LogWindows: Failed to load 'VtuneApi32e.dll' (GetLastError=126)
LogWindows: File 'VtuneApi32e.dll' does not exist
LogConsoleResponse: Display: Failed to find resolution value strings in scalability ini. Falling back to default.
LogConsoleResponse: Display: Failed to find resolution value strings in scalability ini. Falling back to default.
LogInit: Display: Running engine for game: PacManHunter
LogPlatformFile: Not using cached read wrapper
LogTaskGraph: Started task graph with 5 named threads and 35 total threads with 3 sets of task threads.
LogStats: Stats thread started at 0.747755
LogICUInternationalization: ICU TimeZone Detection - Raw Offset: +0:00, Platform Override: ''
LogInit: Display: Loading text-based GConfig....
LogPluginManager: Mounting plugin MeshPainting
LogPluginManager: Mounting plugin XGEController
LogPluginManager: Mounting plugin Paper2D
LogPluginManager: Mounting plugin LiveLink
LogPluginManager: Mounting plugin AISupport
LogPluginManager: Mounting plugin EnvironmentQueryEditor
LogPluginManager: Mounting plugin LightPropagationVolume
LogPluginManager: Mounting plugin OodleData
LogPluginManager: Mounting plugin OodleNetwork
LogPluginManager: Mounting plugin Niagara
LogPluginManager: Mounting plugin AnimationSharing
LogPluginManager: Mounting plugin CLionSourceCodeAccess
LogPluginManager: Mounting plugin GitSourceControl
LogPluginManager: Mounting plugin PerforceSourceControl
LogPluginManager: Mounting plugin PlasticSourceControl
LogPluginManager: Mounting plugin PluginUtils
LogPluginManager: Mounting plugin PixWinPlugin
LogPluginManager: Mounting plugin CodeLiteSourceCodeAccess
LogPluginManager: Mounting plugin PropertyAccessNode
LogPluginManager: Mounting plugin RiderSourceCodeAccess
LogPluginManager: Mounting plugin KDevelopSourceCodeAccess
LogPluginManager: Mounting plugin SubversionSourceControl
LogPluginManager: Mounting plugin TextureFormatOodle
LogPluginManager: Mounting plugin NullSourceCodeAccess
LogPluginManager: Mounting plugin UObjectPlugin
LogPluginManager: Mounting plugin DatasmithContent
LogPluginManager: Mounting plugin AndroidMedia
LogPluginManager: Mounting plugin AvfMedia
LogPluginManager: Mounting plugin AssetManagerEditor
LogPluginManager: Mounting plugin ImgMedia
LogPluginManager: Mounting plugin MediaCompositing
LogPluginManager: Mounting plugin VisualStudioCodeSourceCodeAccess
LogPluginManager: Mounting plugin VariantManagerContent
LogPluginManager: Mounting plugin MediaPlayerEditor
LogPluginManager: Mounting plugin VisualStudioSourceCodeAccess
LogPluginManager: Mounting plugin CurveEditorTools
LogPluginManager: Mounting plugin DataValidation
LogPluginManager: Mounting plugin CryptoKeys
LogPluginManager: Mounting plugin GameplayTagsEditor
LogPluginManager: Mounting plugin FacialAnimation
LogPluginManager: Mounting plugin GeometryMode
LogPluginManager: Mounting plugin MaterialAnalyzer
LogPluginManager: Mounting plugin MacGraphicsSwitching
LogPluginManager: Mounting plugin XCodeSourceCodeAccess
LogPluginManager: Mounting plugin MobileLauncherProfileWizard
LogPluginManager: Mounting plugin PluginBrowser
LogPluginManager: Mounting plugin SpeedTreeImporter
LogPluginManager: Mounting plugin LuminPlatformFeatures
LogPluginManager: Mounting plugin WmfMedia
LogPluginManager: Mounting plugin WebMMedia
LogPluginManager: Mounting plugin MagicLeap
LogPluginManager: Mounting plugin MagicLeapLightEstimation
LogPluginManager: Mounting plugin MagicLeapMedia
LogPluginManager: Mounting plugin MagicLeapPassableWorld
LogPluginManager: Mounting plugin MLSDK
LogPluginManager: Mounting plugin ActorSequence
LogPluginManager: Mounting plugin LevelSequenceEditor
LogPluginManager: Mounting plugin MatineeToLevelSequence
LogPluginManager: Mounting plugin TemplateSequence
LogPluginManager: Mounting plugin LauncherChunkInstaller
LogPluginManager: Mounting plugin OnlineSubsystem
LogPluginManager: Mounting plugin OnlineSubsystemNull
LogPluginManager: Mounting plugin OnlineSubsystemUtils
LogPluginManager: Mounting plugin AlembicImporter
LogPluginManager: Mounting plugin AutomationUtils
LogPluginManager: Mounting plugin BackChannel
LogPluginManager: Mounting plugin ChaosCloth
LogPluginManager: Mounting plugin ChaosClothEditor
LogPluginManager: Mounting plugin ChaosEditor
LogPluginManager: Mounting plugin ChaosSolverPlugin
LogPluginManager: Mounting plugin ChaosNiagara
LogPluginManager: Mounting plugin CharacterAI
LogPluginManager: Mounting plugin UdpMessaging
LogPluginManager: Mounting plugin TcpMessaging
LogPluginManager: Mounting plugin Takes
LogPluginManager: Mounting plugin GeometryCache
LogPluginManager: Mounting plugin GeometryProcessing
LogPluginManager: Mounting plugin GeometryCollectionPlugin
LogPluginManager: Mounting plugin OpenImageDenoise
LogPluginManager: Mounting plugin MotoSynth
LogPluginManager: Mounting plugin PlanarCut
LogPluginManager: Mounting plugin PlatformCrypto
LogPluginManager: Mounting plugin PythonScriptPlugin
LogPluginManager: Mounting plugin ProxyLODPlugin
LogPluginManager: Mounting plugin SkeletalReduction
LogPluginManager: Mounting plugin ScreenshotTools
LogPluginManager: Mounting plugin ActorLayerUtilities
LogPluginManager: Mounting plugin AndroidPermission
LogPluginManager: Mounting plugin AndroidMoviePlayer
LogPluginManager: Mounting plugin AppleImageUtils
LogPluginManager: Mounting plugin AssetTags
LogPluginManager: Mounting plugin ArchVisCharacter
LogPluginManager: Mounting plugin AudioCapture
LogPluginManager: Mounting plugin AudioSynesthesia
LogPluginManager: Mounting plugin AndroidDeviceProfileSelector
LogPluginManager: Mounting plugin AppleMoviePlayer
LogPluginManager: Mounting plugin ChunkDownloader
LogPluginManager: Mounting plugin CableComponent
LogPluginManager: Mounting plugin CustomMeshComponent
LogPluginManager: Mounting plugin EditableMesh
LogPluginManager: Mounting plugin ExampleDeviceProfileSelector
LogPluginManager: Mounting plugin GooglePAD
LogPluginManager: Mounting plugin GoogleCloudMessaging
LogPluginManager: Mounting plugin LinuxDeviceProfileSelector
LogPluginManager: Mounting plugin IOSDeviceProfileSelector
LogPluginManager: Mounting plugin MobilePatchingUtils
LogPluginManager: Mounting plugin LocationServicesBPLibrary
LogPluginManager: Mounting plugin OpenXRHandTracking
LogPluginManager: Mounting plugin OpenXR
LogPluginManager: Mounting plugin OpenXREyeTracker
LogPluginManager: Mounting plugin PhysXVehicles
LogPluginManager: Mounting plugin ProceduralMeshComponent
LogPluginManager: Mounting plugin PropertyAccessEditor
LogPluginManager: Mounting plugin RuntimePhysXCooking
LogPluginManager: Mounting plugin PostSplashScreen
LogPluginManager: Mounting plugin SignificanceManager
LogPluginManager: Mounting plugin SoundFields
LogPluginManager: Mounting plugin Synthesis
LogPluginManager: Mounting plugin WebMMoviePlayer
LogPluginManager: Mounting plugin WindowsMoviePlayer
LogPluginManager: Mounting plugin GameplayCameras
LogPluginManager: Mounting plugin CameraShakePreviewer
LogPluginManager: Mounting plugin ContentBrowserAssetDataSource
LogPluginManager: Mounting plugin ContentBrowserFileDataSource
LogPluginManager: Mounting plugin ContentBrowserClassDataSource
LogPluginManager: Mounting plugin OnlineSubsystemGooglePlay
LogPluginManager: Mounting plugin OnlineSubsystemIOS
LogPluginManager: Mounting plugin OculusVR
LogPluginManager: Mounting plugin SteamVR
PixWinPlugin: PIX capture plugin failed to initialize! Check that the process is launched from PIX.
LogInit: Using libcurl 7.55.1-DEV
LogInit:  - built for x86_64-pc-win32
LogInit:  - supports SSL with OpenSSL/1.1.1
LogInit:  - supports HTTP deflate (compression) using libz 1.2.8
LogInit:  - other features:
LogInit:      CURL_VERSION_SSL
LogInit:      CURL_VERSION_LIBZ
LogInit:      CURL_VERSION_IPV6
LogInit:      CURL_VERSION_ASYNCHDNS
LogInit:      CURL_VERSION_LARGEFILE
LogInit:      CURL_VERSION_IDN
LogInit:  CurlRequestOptions (configurable via config and command line):
LogInit:  - bVerifyPeer = true  - Libcurl will verify peer certificate
LogInit:  - bUseHttpProxy = false  - Libcurl will NOT use HTTP proxy
LogInit:  - bDontReuseConnections = false  - Libcurl will reuse connections
LogInit:  - MaxHostConnections = 16  - Libcurl will limit the number of connections to a host
LogInit:  - LocalHostAddr = Default
LogInit:  - BufferSize = 65536
LogOnline: OSS: Creating online subsystem instance for: NULL
LogInit: WinSock: version 1.1 (2.2), MaxSocks=32767, MaxUdp=65467
LogOnline: OSS: TryLoadSubsystemAndSetDefault: Loaded subsystem for module [NULL]
LogOculusPluginWrapper: OculusPlugin initialized successfully
LogHMD: Failed initializing OVRPlugin 1.59.0
LogInit: Build: ++UE4+Release-4.27-CL-18319896
LogInit: Engine Version: 4.27.2-18319896+++UE4+Release-4.27
LogInit: Compatible Engine Version: 4.27.0-17155196+++UE4+Release-4.27
LogInit: Net CL: 17155196
LogInit: OS: Windows 10 (Release 2009) (), CPU: 11th Gen Intel(R) Core(TM) i5-11400H @ 2.70GHz, GPU: Intel(R) UHD Graphics
LogInit: Compiled (64-bit): Nov 30 2021 07:12:08
LogInit: Compiled with Visual C++: 19.24.28315.00
LogInit: Build Configuration: Development
LogInit: Branch Name: ++UE4+Release-4.27
LogInit: Command Line:  /Game/Levels/MainMenu_Level -game -PIEVIACONSOLE -Multiprocess GameUserSettingsINI=C:/Users/Jack/Documents/GitHub/PacManHunter/Saved/Config/Windows/PIEGameUserSettings0.ini -MultiprocessSaveConfig -forcepassthrough -messaging -SessionName="Play in Standalone Game" -windowed -ResX=1280 -ResY=720
LogInit: Base Directory: C:/Program Files/Epic Games/UE_4.27/Engine/Binaries/Win64/
LogInit: Allocator: TBB
LogInit: Installed Engine Build: 1
LogDevObjectVersion: Number of dev versions registered: 29
LogDevObjectVersion:   Dev-Blueprints (B0D832E4-1F89-4F0D-ACCF-7EB736FD4AA2): 10
LogDevObjectVersion:   Dev-Build (E1C64328-A22C-4D53-A36C-8E866417BD8C): 0
LogDevObjectVersion:   Dev-Core (375EC13C-06E4-48FB-B500-84F0262A717E): 4
LogDevObjectVersion:   Dev-Editor (E4B068ED-F494-42E9-A231-DA0B2E46BB41): 40
LogDevObjectVersion:   Dev-Framework (CFFC743F-43B0-4480-9391-14DF171D2073): 37
LogDevObjectVersion:   Dev-Mobile (B02B49B5-BB20-44E9-A304-32B752E40360): 3
LogDevObjectVersion:   Dev-Networking (A4E4105C-59A1-49B5-A7C5-40C4547EDFEE): 0
LogDevObjectVersion:   Dev-Online (39C831C9-5AE6-47DC-9A44-9C173E1C8E7C): 0
LogDevObjectVersion:   Dev-Physics (78F01B33-EBEA-4F98-B9B4-84EACCB95AA2): 14
LogDevObjectVersion:   Dev-Platform (6631380F-2D4D-43E0-8009-CF276956A95A): 0
LogDevObjectVersion:   Dev-Rendering (12F88B9F-8875-4AFC-A67C-D90C383ABD29): 45
LogDevObjectVersion:   Dev-Sequencer (7B5AE74C-D270-4C10-A958-57980B212A5A): 13
LogDevObjectVersion:   Dev-VR (D7296918-1DD6-4BDD-9DE2-64A83CC13884): 3
LogDevObjectVersion:   Dev-LoadTimes (C2A15278-BFE7-4AFE-6C17-90FF531DF755): 1
LogDevObjectVersion:   Private-Geometry (6EACA3D4-40EC-4CC1-B786-8BED09428FC5): 3
LogDevObjectVersion:   Dev-AnimPhys (29E575DD-E0A3-4627-9D10-D276232CDCEA): 17
LogDevObjectVersion:   Dev-Anim (AF43A65D-7FD3-4947-9873-3E8ED9C1BB05): 15
LogDevObjectVersion:   Dev-ReflectionCapture (6B266CEC-1EC7-4B8F-A30B-E4D90942FC07): 1
LogDevObjectVersion:   Dev-Automation (0DF73D61-A23F-47EA-B727-89E90C41499A): 1
LogDevObjectVersion:   FortniteMain (601D1886-AC64-4F84-AA16-D3DE0DEAC7D6): 47
LogDevObjectVersion:   FortniteRelease (E7086368-6B23-4C58-8439-1B7016265E91): 1
LogDevObjectVersion:   Dev-Enterprise (9DFFBCD6-494F-0158-E221-12823C92A888): 10
LogDevObjectVersion:   Dev-Niagara (F2AED0AC-9AFE-416F-8664-AA7FFA26D6FC): 1
LogDevObjectVersion:   Dev-Destruction (174F1F0B-B4C6-45A5-B13F-2EE8D0FB917D): 10
LogDevObjectVersion:   Dev-Physics-Ext (35F94A83-E258-406C-A318-09F59610247C): 41
LogDevObjectVersion:   Dev-PhysicsMaterial-Chaos (B68FC16E-8B1B-42E2-B453-215C058844FE): 1
LogDevObjectVersion:   Dev-CineCamera (B2E18506-4273-CFC2-A54E-F4BB758BBA07): 1
LogDevObjectVersion:   Dev-VirtualProduction (64F58936-FD1B-42BA-BA96-7289D5D0FA4E): 1
LogDevObjectVersion:   Dev-MediaFramework (6F0ED827-A609-4895-9C91-998D90180EA4): 2
LogInit: Presizing for max 25165824 objects, including 0 objects not considered by GC, pre-allocating 0 bytes for permanent pool.
LogConfig: Applying CVar settings from Section [/Script/Engine.StreamingSettings] File [C:/Users/Jack/Documents/GitHub/PacManHunter/Saved/Config/Windows/Engine.ini]
LogConfig: Setting CVar [[s.MinBulkDataSizeForAsyncLoading:131072]]
LogConfig: Setting CVar [[s.AsyncLoadingThreadEnabled:0]]
LogConfig: Setting CVar [[s.EventDrivenLoaderEnabled:1]]
LogConfig: Setting CVar [[s.WarnIfTimeLimitExceeded:0]]
LogConfig: Setting CVar [[s.TimeLimitExceededMultiplier:1.5]]
LogConfig: Setting CVar [[s.TimeLimitExceededMinTime:0.005]]
LogConfig: Setting CVar [[s.UseBackgroundLevelStreaming:1]]
LogConfig: Setting CVar [[s.PriorityAsyncLoadingExtraTime:15.0]]
LogConfig: Setting CVar [[s.LevelStreamingActorsUpdateTimeLimit:5.0]]
LogConfig: Setting CVar [[s.PriorityLevelStreamingActorsUpdateExtraTime:5.0]]
LogConfig: Setting CVar [[s.LevelStreamingComponentsRegistrationGranularity:10]]
LogConfig: Setting CVar [[s.UnregisterComponentsTimeLimit:1.0]]
LogConfig: Setting CVar [[s.LevelStreamingComponentsUnregistrationGranularity:5]]
LogConfig: Setting CVar [[s.FlushStreamingOnExit:1]]
LogInit: Object subsystem initialized
LogConfig: Setting CVar [[con.DebugEarlyDefault:1]]
LogConfig: Setting CVar [[r.setres:1280x720]]
[2023.04.16-19.16.01:211][  0]LogConfig: Setting CVar [[con.DebugEarlyDefault:1]]
[2023.04.16-19.16.01:211][  0]LogConfig: Setting CVar [[r.setres:1280x720]]
[2023.04.16-19.16.01:212][  0]LogConfig: Applying CVar settings from Section [/Script/Engine.RendererSettings] File [C:/Users/Jack/Documents/GitHub/PacManHunter/Saved/Config/Windows/Engine.ini]
[2023.04.16-19.16.01:212][  0]LogConfig: Setting CVar [[r.GPUCrashDebugging:0]]
[2023.04.16-19.16.01:212][  0]LogConfig: Setting CVar [[r.SkinCache.CompileShaders:1]]
[2023.04.16-19.16.01:212][  0]LogConfig: Applying CVar settings from Section [/Script/Engine.RendererOverrideSettings] File [C:/Users/Jack/Documents/GitHub/PacManHunter/Saved/Config/Windows/Engine.ini]
[2023.04.16-19.16.01:212][  0]LogConfig: Applying CVar settings from Section [/Script/Engine.StreamingSettings] File [C:/Users/Jack/Documents/GitHub/PacManHunter/Saved/Config/Windows/Engine.ini]
[2023.04.16-19.16.01:212][  0]LogConfig: Setting CVar [[s.MinBulkDataSizeForAsyncLoading:131072]]
[2023.04.16-19.16.01:212][  0]LogConfig: Setting CVar [[s.AsyncLoadingThreadEnabled:0]]
[2023.04.16-19.16.01:212][  0]LogConfig: Setting CVar [[s.EventDrivenLoaderEnabled:1]]
[2023.04.16-19.16.01:212][  0]LogConfig: Setting CVar [[s.WarnIfTimeLimitExceeded:0]]
[2023.04.16-19.16.01:212][  0]LogConfig: Setting CVar [[s.TimeLimitExceededMultiplier:1.5]]
[2023.04.16-19.16.01:212][  0]LogConfig: Setting CVar [[s.TimeLimitExceededMinTime:0.005]]
[2023.04.16-19.16.01:212][  0]LogConfig: Setting CVar [[s.UseBackgroundLevelStreaming:1]]
[2023.04.16-19.16.01:212][  0]LogConfig: Setting CVar [[s.PriorityAsyncLoadingExtraTime:15.0]]
[2023.04.16-19.16.01:212][  0]LogConfig: Setting CVar [[s.LevelStreamingActorsUpdateTimeLimit:5.0]]
[2023.04.16-19.16.01:212][  0]LogConfig: Setting CVar [[s.PriorityLevelStreamingActorsUpdateExtraTime:5.0]]
[2023.04.16-19.16.01:212][  0]LogConfig: Setting CVar [[s.LevelStreamingComponentsRegistrationGranularity:10]]
[2023.04.16-19.16.01:212][  0]LogConfig: Setting CVar [[s.UnregisterComponentsTimeLimit:1.0]]
[2023.04.16-19.16.01:212][  0]LogConfig: Setting CVar [[s.LevelStreamingComponentsUnregistrationGranularity:5]]
[2023.04.16-19.16.01:212][  0]LogConfig: Setting CVar [[s.FlushStreamingOnExit:1]]
[2023.04.16-19.16.01:212][  0]LogConfig: Applying CVar settings from Section [/Script/Engine.GarbageCollectionSettings] File [C:/Users/Jack/Documents/GitHub/PacManHunter/Saved/Config/Windows/Engine.ini]
[2023.04.16-19.16.01:212][  0]LogConfig: Setting CVar [[gc.MaxObjectsNotConsideredByGC:1]]
[2023.04.16-19.16.01:212][  0]LogConfig: Setting CVar [[gc.SizeOfPermanentObjectPool:0]]
[2023.04.16-19.16.01:212][  0]LogConfig: Setting CVar [[gc.FlushStreamingOnGC:0]]
[2023.04.16-19.16.01:212][  0]LogConfig: Setting CVar [[gc.NumRetriesBeforeForcingGC:10]]
[2023.04.16-19.16.01:212][  0]LogConfig: Setting CVar [[gc.AllowParallelGC:1]]
[2023.04.16-19.16.01:212][  0]LogConfig: Setting CVar [[gc.TimeBetweenPurgingPendingKillObjects:61.1]]
[2023.04.16-19.16.01:212][  0]LogConfig: Setting CVar [[gc.MaxObjectsInEditor:25165824]]
[2023.04.16-19.16.01:212][  0]LogConfig: Setting CVar [[gc.IncrementalBeginDestroyEnabled:1]]
[2023.04.16-19.16.01:212][  0]LogConfig: Setting CVar [[gc.CreateGCClusters:1]]
[2023.04.16-19.16.01:212][  0]LogConfig: Setting CVar [[gc.MinGCClusterSize:5]]
[2023.04.16-19.16.01:212][  0]LogConfig: Setting CVar [[gc.ActorClusteringEnabled:0]]
[2023.04.16-19.16.01:212][  0]LogConfig: Setting CVar [[gc.BlueprintClusteringEnabled:0]]
[2023.04.16-19.16.01:212][  0]LogConfig: Setting CVar [[gc.UseDisregardForGCOnDedicatedServers:0]]
[2023.04.16-19.16.01:212][  0]LogConfig: Setting CVar [[gc.MultithreadedDestructionEnabled:1]]
[2023.04.16-19.16.01:212][  0]LogConfig: Applying CVar settings from Section [/Script/Engine.NetworkSettings] File [C:/Users/Jack/Documents/GitHub/PacManHunter/Saved/Config/Windows/Engine.ini]
[2023.04.16-19.16.01:212][  0]LogConfig: Applying CVar settings from Section [/Script/UnrealEd.CookerSettings] File [C:/Users/Jack/Documents/GitHub/PacManHunter/Saved/Config/Windows/Engine.ini]
[2023.04.16-19.16.01:246][  0]LogConfig: Applying CVar settings from Section [ViewDistanceQuality@3] File [C:/Users/Jack/Documents/GitHub/PacManHunter/Saved/Config/Windows/Scalability.ini]
[2023.04.16-19.16.01:246][  0]LogConfig: Setting CVar [[r.SkeletalMeshLODBias:0]]
[2023.04.16-19.16.01:246][  0]LogConfig: Setting CVar [[r.ViewDistanceScale:1.0]]
[2023.04.16-19.16.01:246][  0]LogConfig: Applying CVar settings from Section [AntiAliasingQuality@3] File [C:/Users/Jack/Documents/GitHub/PacManHunter/Saved/Config/Windows/Scalability.ini]
[2023.04.16-19.16.01:246][  0]LogConfig: Setting CVar [[r.PostProcessAAQuality:4]]
[2023.04.16-19.16.01:246][  0]LogConfig: Applying CVar settings from Section [ShadowQuality@3] File [C:/Users/Jack/Documents/GitHub/PacManHunter/Saved/Config/Windows/Scalability.ini]
[2023.04.16-19.16.01:246][  0]LogConfig: Setting CVar [[r.LightFunctionQuality:1]]
[2023.04.16-19.16.01:246][  0]LogConfig: Setting CVar [[r.ShadowQuality:5]]
[2023.04.16-19.16.01:246][  0]LogConfig: Setting CVar [[r.Shadow.CSM.MaxCascades:10]]
[2023.04.16-19.16.01:246][  0]LogConfig: Setting CVar [[r.Shadow.MaxResolution:2048]]
[2023.04.16-19.16.01:246][  0]LogConfig: Setting CVar [[r.Shadow.MaxCSMResolution:2048]]
[2023.04.16-19.16.01:246][  0]LogConfig: Setting CVar [[r.Shadow.RadiusThreshold:0.01]]
[2023.04.16-19.16.01:246][  0]LogConfig: Setting CVar [[r.Shadow.DistanceScale:1.0]]
[2023.04.16-19.16.01:246][  0]LogConfig: Setting CVar [[r.Shadow.CSM.TransitionScale:1.0]]
[2023.04.16-19.16.01:246][  0]LogConfig: Setting CVar [[r.Shadow.PreShadowResolutionFactor:1.0]]
[2023.04.16-19.16.01:246][  0]LogConfig: Setting CVar [[r.DistanceFieldShadowing:1]]
[2023.04.16-19.16.01:246][  0]LogConfig: Setting CVar [[r.DistanceFieldAO:1]]
[2023.04.16-19.16.01:246][  0]LogConfig: Setting CVar [[r.AOQuality:2]]
[2023.04.16-19.16.01:246][  0]LogConfig: Setting CVar [[r.VolumetricFog:1]]
[2023.04.16-19.16.01:246][  0]LogConfig: Setting CVar [[r.VolumetricFog.GridPixelSize:8]]
[2023.04.16-19.16.01:246][  0]LogConfig: Setting CVar [[r.VolumetricFog.GridSizeZ:128]]
[2023.04.16-19.16.01:246][  0]LogConfig: Setting CVar [[r.VolumetricFog.HistoryMissSupersampleCount:4]]
[2023.04.16-19.16.01:246][  0]LogConfig: Setting CVar [[r.LightMaxDrawDistanceScale:1]]
[2023.04.16-19.16.01:246][  0]LogConfig: Setting CVar [[r.CapsuleShadows:1]]
[2023.04.16-19.16.01:246][  0]LogConfig: Applying CVar settings from Section [PostProcessQuality@3] File [C:/Users/Jack/Documents/GitHub/PacManHunter/Saved/Config/Windows/Scalability.ini]
[2023.04.16-19.16.01:246][  0]LogConfig: Setting CVar [[r.MotionBlurQuality:4]]
[2023.04.16-19.16.01:246][  0]LogConfig: Setting CVar [[r.AmbientOcclusionMipLevelFactor:0.4]]
[2023.04.16-19.16.01:246][  0]LogConfig: Setting CVar [[r.AmbientOcclusionMaxQuality:100]]
[2023.04.16-19.16.01:246][  0]LogConfig: Setting CVar [[r.AmbientOcclusionLevels:-1]]
[2023.04.16-19.16.01:246][  0]LogConfig: Setting CVar [[r.AmbientOcclusionRadiusScale:1.0]]
[2023.04.16-19.16.01:246][  0]LogConfig: Setting CVar [[r.DepthOfFieldQuality:2]]
[2023.04.16-19.16.01:246][  0]LogConfig: Setting CVar [[r.RenderTargetPoolMin:400]]
[2023.04.16-19.16.01:246][  0]LogConfig: Setting CVar [[r.LensFlareQuality:2]]
[2023.04.16-19.16.01:246][  0]LogConfig: Setting CVar [[r.SceneColorFringeQuality:1]]
[2023.04.16-19.16.01:246][  0]LogConfig: Setting CVar [[r.EyeAdaptationQuality:2]]
[2023.04.16-19.16.01:246][  0]LogConfig: Setting CVar [[r.BloomQuality:5]]
[2023.04.16-19.16.01:246][  0]LogConfig: Setting CVar [[r.FastBlurThreshold:100]]
[2023.04.16-19.16.01:247][  0]LogConfig: Setting CVar [[r.Upscale.Quality:3]]
[2023.04.16-19.16.01:247][  0]LogConfig: Setting CVar [[r.Tonemapper.GrainQuantization:1]]
[2023.04.16-19.16.01:247][  0]LogConfig: Setting CVar [[r.LightShaftQuality:1]]
[2023.04.16-19.16.01:247][  0]LogConfig: Setting CVar [[r.Filter.SizeScale:1]]
[2023.04.16-19.16.01:247][  0]LogConfig: Setting CVar [[r.Tonemapper.Quality:5]]
[2023.04.16-19.16.01:247][  0]LogConfig: Setting CVar [[r.DOF.Gather.AccumulatorQuality:1        ; higher gathering accumulator quality]]
[2023.04.16-19.16.01:247][  0]LogConfig: Setting CVar [[r.DOF.Gather.PostfilterMethod:1          ; Median3x3 postfilering method]]
[2023.04.16-19.16.01:247][  0]LogConfig: Setting CVar [[r.DOF.Gather.EnableBokehSettings:0       ; no bokeh simulation when gathering]]
[2023.04.16-19.16.01:247][  0]LogConfig: Setting CVar [[r.DOF.Gather.RingCount:4                 ; medium number of samples when gathering]]
[2023.04.16-19.16.01:247][  0]LogConfig: Setting CVar [[r.DOF.Scatter.ForegroundCompositing:1    ; additive foreground scattering]]
[2023.04.16-19.16.01:247][  0]LogConfig: Setting CVar [[r.DOF.Scatter.BackgroundCompositing:2    ; additive background scattering]]
[2023.04.16-19.16.01:247][  0]LogConfig: Setting CVar [[r.DOF.Scatter.EnableBokehSettings:1      ; bokeh simulation when scattering]]
[2023.04.16-19.16.01:247][  0]LogConfig: Setting CVar [[r.DOF.Scatter.MaxSpriteRatio:0.1         ; only a maximum of 10% of scattered bokeh]]
[2023.04.16-19.16.01:247][  0]LogConfig: Setting CVar [[r.DOF.Recombine.Quality:1                ; cheap slight out of focus]]
[2023.04.16-19.16.01:247][  0]LogConfig: Setting CVar [[r.DOF.Recombine.EnableBokehSettings:0    ; no bokeh simulation on slight out of focus]]
[2023.04.16-19.16.01:247][  0]LogConfig: Setting CVar [[r.DOF.TemporalAAQuality:1                ; more stable temporal accumulation]]
[2023.04.16-19.16.01:247][  0]LogConfig: Setting CVar [[r.DOF.Kernel.MaxForegroundRadius:0.025]]
[2023.04.16-19.16.01:247][  0]LogConfig: Setting CVar [[r.DOF.Kernel.MaxBackgroundRadius:0.025]]
[2023.04.16-19.16.01:247][  0]LogConfig: Applying CVar settings from Section [TextureQuality@3] File [C:/Users/Jack/Documents/GitHub/PacManHunter/Saved/Config/Windows/Scalability.ini]
[2023.04.16-19.16.01:247][  0]LogConfig: Setting CVar [[r.Streaming.MipBias:0]]
[2023.04.16-19.16.01:247][  0]LogConfig: Setting CVar [[r.Streaming.AmortizeCPUToGPUCopy:0]]
[2023.04.16-19.16.01:247][  0]LogConfig: Setting CVar [[r.Streaming.MaxNumTexturesToStreamPerFrame:0]]
[2023.04.16-19.16.01:247][  0]LogConfig: Setting CVar [[r.Streaming.Boost:1]]
[2023.04.16-19.16.01:247][  0]LogConfig: Setting CVar [[r.MaxAnisotropy:8]]
[2023.04.16-19.16.01:247][  0]LogConfig: Setting CVar [[r.VT.MaxAnisotropy:8]]
[2023.04.16-19.16.01:247][  0]LogConfig: Setting CVar [[r.Streaming.LimitPoolSizeToVRAM:0]]
[2023.04.16-19.16.01:247][  0]LogConfig: Setting CVar [[r.Streaming.PoolSize:1000]]
[2023.04.16-19.16.01:247][  0]LogConfig: Setting CVar [[r.Streaming.MaxEffectiveScreenSize:0]]
[2023.04.16-19.16.01:247][  0]LogConfig: Applying CVar settings from Section [EffectsQuality@3] File [C:/Users/Jack/Documents/GitHub/PacManHunter/Saved/Config/Windows/Scalability.ini]
[2023.04.16-19.16.01:247][  0]LogConfig: Setting CVar [[r.TranslucencyLightingVolumeDim:64]]
[2023.04.16-19.16.01:247][  0]LogConfig: Setting CVar [[r.RefractionQuality:2]]
[2023.04.16-19.16.01:247][  0]LogConfig: Setting CVar [[r.SSR.Quality:3]]
[2023.04.16-19.16.01:247][  0]LogConfig: Setting CVar [[r.SSR.HalfResSceneColor:0]]
[2023.04.16-19.16.01:247][  0]LogConfig: Setting CVar [[r.SceneColorFormat:4]]
[2023.04.16-19.16.01:247][  0]LogConfig: Setting CVar [[r.DetailMode:2]]
[2023.04.16-19.16.01:247][  0]LogConfig: Setting CVar [[r.TranslucencyVolumeBlur:1]]
[2023.04.16-19.16.01:247][  0]LogConfig: Setting CVar [[r.MaterialQualityLevel:1 ; High quality]]
[2023.04.16-19.16.01:247][  0]LogConfig: Setting CVar [[r.AnisotropicMaterials:1]]
[2023.04.16-19.16.01:247][  0]LogConfig: Setting CVar [[r.SSS.Scale:1]]
[2023.04.16-19.16.01:247][  0]LogConfig: Setting CVar [[r.SSS.SampleSet:2]]
[2023.04.16-19.16.01:247][  0]LogConfig: Setting CVar [[r.SSS.Quality:1]]
[2023.04.16-19.16.01:247][  0]LogConfig: Setting CVar [[r.SSS.HalfRes:0]]
[2023.04.16-19.16.01:247][  0]LogConfig: Setting CVar [[r.SSGI.Quality:3]]
[2023.04.16-19.16.01:247][  0]LogConfig: Setting CVar [[r.EmitterSpawnRateScale:1.0]]
[2023.04.16-19.16.01:247][  0]LogConfig: Setting CVar [[r.ParticleLightQuality:2]]
[2023.04.16-19.16.01:247][  0]LogConfig: Setting CVar [[r.SkyAtmosphere.AerialPerspectiveLUT.FastApplyOnOpaque:1 ; Always have FastSkyLUT 1 in this case to avoid wrong sky]]
[2023.04.16-19.16.01:247][  0]LogConfig: Setting CVar [[r.SkyAtmosphere.AerialPerspectiveLUT.SampleCountMaxPerSlice:4]]
[2023.04.16-19.16.01:247][  0]LogConfig: Setting CVar [[r.SkyAtmosphere.AerialPerspectiveLUT.DepthResolution:16.0]]
[2023.04.16-19.16.01:247][  0]LogConfig: Setting CVar [[r.SkyAtmosphere.FastSkyLUT:1]]
[2023.04.16-19.16.01:247][  0]LogConfig: Setting CVar [[r.SkyAtmosphere.FastSkyLUT.SampleCountMin:4.0]]
[2023.04.16-19.16.01:247][  0]LogConfig: Setting CVar [[r.SkyAtmosphere.FastSkyLUT.SampleCountMax:128.0]]
[2023.04.16-19.16.01:247][  0]LogConfig: Setting CVar [[r.SkyAtmosphere.SampleCountMin:4.0]]
[2023.04.16-19.16.01:247][  0]LogConfig: Setting CVar [[r.SkyAtmosphere.SampleCountMax:128.0]]
[2023.04.16-19.16.01:247][  0]LogConfig: Setting CVar [[r.SkyAtmosphere.TransmittanceLUT.UseSmallFormat:0]]
[2023.04.16-19.16.01:247][  0]LogConfig: Setting CVar [[r.SkyAtmosphere.TransmittanceLUT.SampleCount:10.0]]
[2023.04.16-19.16.01:247][  0]LogConfig: Setting CVar [[r.SkyAtmosphere.MultiScatteringLUT.SampleCount:15.0]]
[2023.04.16-19.16.01:247][  0]LogConfig: Setting CVar [[r.SkyLight.RealTimeReflectionCapture:1]]
[2023.04.16-19.16.01:247][  0]LogConfig: Applying CVar settings from Section [FoliageQuality@3] File [C:/Users/Jack/Documents/GitHub/PacManHunter/Saved/Config/Windows/Scalability.ini]
[2023.04.16-19.16.01:247][  0]LogConfig: Setting CVar [[foliage.DensityScale:1.0]]
[2023.04.16-19.16.01:247][  0]LogConfig: Setting CVar [[grass.DensityScale:1.0]]
[2023.04.16-19.16.01:247][  0]LogConfig: Applying CVar settings from Section [ShadingQuality@3] File [C:/Users/Jack/Documents/GitHub/PacManHunter/Saved/Config/Windows/Scalability.ini]
[2023.04.16-19.16.01:247][  0]LogConfig: Setting CVar [[r.HairStrands.SkyLighting.IntegrationType:2]]
[2023.04.16-19.16.01:247][  0]LogConfig: Setting CVar [[r.HairStrands.SkyAO.SampleCount:4]]
[2023.04.16-19.16.01:247][  0]LogConfig: Setting CVar [[r.HairStrands.Visibility.MSAA.SamplePerPixel:4]]
[2023.04.16-19.16.01:247][  0]LogInit: Selected Device Profile: [Windows]
[2023.04.16-19.16.01:247][  0]LogInit: Applying CVar settings loaded from the selected device profile: [Windows]
[2023.04.16-19.16.01:248][  0]LogHAL: Display: Platform has ~ 8 GB [8341741568 / 8589934592 / 8], which maps to Default [LargestMinGB=32, LargerMinGB=12, DefaultMinGB=8, SmallerMinGB=6, SmallestMinGB=0)
[2023.04.16-19.16.01:248][  0]LogInit: Going up to parent DeviceProfile []
[2023.04.16-19.16.01:248][  0]LogConfig: Applying CVar settings from Section [ViewDistanceQuality@3] File [C:/Users/Jack/Documents/GitHub/PacManHunter/Saved/Config/Windows/Scalability.ini]
[2023.04.16-19.16.01:248][  0]LogConfig: Setting CVar [[r.SkeletalMeshLODBias:0]]
[2023.04.16-19.16.01:248][  0]LogConfig: Setting CVar [[r.ViewDistanceScale:1.0]]
[2023.04.16-19.16.01:248][  0]LogConfig: Applying CVar settings from Section [AntiAliasingQuality@3] File [C:/Users/Jack/Documents/GitHub/PacManHunter/Saved/Config/Windows/Scalability.ini]
[2023.04.16-19.16.01:248][  0]LogConfig: Setting CVar [[r.PostProcessAAQuality:4]]
[2023.04.16-19.16.01:248][  0]LogConfig: Applying CVar settings from Section [ShadowQuality@3] File [C:/Users/Jack/Documents/GitHub/PacManHunter/Saved/Config/Windows/Scalability.ini]
[2023.04.16-19.16.01:248][  0]LogConfig: Setting CVar [[r.LightFunctionQuality:1]]
[2023.04.16-19.16.01:248][  0]LogConfig: Setting CVar [[r.ShadowQuality:5]]
[2023.04.16-19.16.01:248][  0]LogConfig: Setting CVar [[r.Shadow.CSM.MaxCascades:10]]
[2023.04.16-19.16.01:248][  0]LogConfig: Setting CVar [[r.Shadow.MaxResolution:2048]]
[2023.04.16-19.16.01:249][  0]LogConfig: Setting CVar [[r.Shadow.MaxCSMResolution:2048]]
[2023.04.16-19.16.01:249][  0]LogConfig: Setting CVar [[r.Shadow.RadiusThreshold:0.01]]
[2023.04.16-19.16.01:249][  0]LogConfig: Setting CVar [[r.Shadow.DistanceScale:1.0]]
[2023.04.16-19.16.01:249][  0]LogConfig: Setting CVar [[r.Shadow.CSM.TransitionScale:1.0]]
[2023.04.16-19.16.01:249][  0]LogConfig: Setting CVar [[r.Shadow.PreShadowResolutionFactor:1.0]]
[2023.04.16-19.16.01:249][  0]LogConfig: Setting CVar [[r.DistanceFieldShadowing:1]]
[2023.04.16-19.16.01:249][  0]LogConfig: Setting CVar [[r.DistanceFieldAO:1]]
[2023.04.16-19.16.01:249][  0]LogConfig: Setting CVar [[r.AOQuality:2]]
[2023.04.16-19.16.01:249][  0]LogConfig: Setting CVar [[r.VolumetricFog:1]]
[2023.04.16-19.16.01:249][  0]LogConfig: Setting CVar [[r.VolumetricFog.GridPixelSize:8]]
[2023.04.16-19.16.01:249][  0]LogConfig: Setting CVar [[r.VolumetricFog.GridSizeZ:128]]
[2023.04.16-19.16.01:249][  0]LogConfig: Setting CVar [[r.VolumetricFog.HistoryMissSupersampleCount:4]]
[2023.04.16-19.16.01:249][  0]LogConfig: Setting CVar [[r.LightMaxDrawDistanceScale:1]]
[2023.04.16-19.16.01:249][  0]LogConfig: Setting CVar [[r.CapsuleShadows:1]]
[2023.04.16-19.16.01:249][  0]LogConfig: Applying CVar settings from Section [PostProcessQuality@3] File [C:/Users/Jack/Documents/GitHub/PacManHunter/Saved/Config/Windows/Scalability.ini]
[2023.04.16-19.16.01:249][  0]LogConfig: Setting CVar [[r.MotionBlurQuality:4]]
[2023.04.16-19.16.01:249][  0]LogConfig: Setting CVar [[r.AmbientOcclusionMipLevelFactor:0.4]]
[2023.04.16-19.16.01:249][  0]LogConfig: Setting CVar [[r.AmbientOcclusionMaxQuality:100]]
[2023.04.16-19.16.01:249][  0]LogConfig: Setting CVar [[r.AmbientOcclusionLevels:-1]]
[2023.04.16-19.16.01:249][  0]LogConfig: Setting CVar [[r.AmbientOcclusionRadiusScale:1.0]]
[2023.04.16-19.16.01:249][  0]LogConfig: Setting CVar [[r.DepthOfFieldQuality:2]]
[2023.04.16-19.16.01:249][  0]LogConfig: Setting CVar [[r.RenderTargetPoolMin:400]]
[2023.04.16-19.16.01:249][  0]LogConfig: Setting CVar [[r.LensFlareQuality:2]]
[2023.04.16-19.16.01:249][  0]LogConfig: Setting CVar [[r.SceneColorFringeQuality:1]]
[2023.04.16-19.16.01:249][  0]LogConfig: Setting CVar [[r.EyeAdaptationQuality:2]]
[2023.04.16-19.16.01:249][  0]LogConfig: Setting CVar [[r.BloomQuality:5]]
[2023.04.16-19.16.01:249][  0]LogConfig: Setting CVar [[r.FastBlurThreshold:100]]
[2023.04.16-19.16.01:249][  0]LogConfig: Setting CVar [[r.Upscale.Quality:3]]
[2023.04.16-19.16.01:249][  0]LogConfig: Setting CVar [[r.Tonemapper.GrainQuantization:1]]
[2023.04.16-19.16.01:249][  0]LogConfig: Setting CVar [[r.LightShaftQuality:1]]
[2023.04.16-19.16.01:249][  0]LogConfig: Setting CVar [[r.Filter.SizeScale:1]]
[2023.04.16-19.16.01:249][  0]LogConfig: Setting CVar [[r.Tonemapper.Quality:5]]
[2023.04.16-19.16.01:249][  0]LogConfig: Setting CVar [[r.DOF.Gather.AccumulatorQuality:1        ; higher gathering accumulator quality]]
[2023.04.16-19.16.01:249][  0]LogConfig: Setting CVar [[r.DOF.Gather.PostfilterMethod:1          ; Median3x3 postfilering method]]
[2023.04.16-19.16.01:249][  0]LogConfig: Setting CVar [[r.DOF.Gather.EnableBokehSettings:0       ; no bokeh simulation when gathering]]
[2023.04.16-19.16.01:249][  0]LogConfig: Setting CVar [[r.DOF.Gather.RingCount:4                 ; medium number of samples when gathering]]
[2023.04.16-19.16.01:249][  0]LogConfig: Setting CVar [[r.DOF.Scatter.ForegroundCompositing:1    ; additive foreground scattering]]
[2023.04.16-19.16.01:249][  0]LogConfig: Setting CVar [[r.DOF.Scatter.BackgroundCompositing:2    ; additive background scattering]]
[2023.04.16-19.16.01:249][  0]LogConfig: Setting CVar [[r.DOF.Scatter.EnableBokehSettings:1      ; bokeh simulation when scattering]]
[2023.04.16-19.16.01:249][  0]LogConfig: Setting CVar [[r.DOF.Scatter.MaxSpriteRatio:0.1         ; only a maximum of 10% of scattered bokeh]]
[2023.04.16-19.16.01:249][  0]LogConfig: Setting CVar [[r.DOF.Recombine.Quality:1                ; cheap slight out of focus]]
[2023.04.16-19.16.01:249][  0]LogConfig: Setting CVar [[r.DOF.Recombine.EnableBokehSettings:0    ; no bokeh simulation on slight out of focus]]
[2023.04.16-19.16.01:249][  0]LogConfig: Setting CVar [[r.DOF.TemporalAAQuality:1                ; more stable temporal accumulation]]
[2023.04.16-19.16.01:249][  0]LogConfig: Setting CVar [[r.DOF.Kernel.MaxForegroundRadius:0.025]]
[2023.04.16-19.16.01:249][  0]LogConfig: Setting CVar [[r.DOF.Kernel.MaxBackgroundRadius:0.025]]
[2023.04.16-19.16.01:249][  0]LogConfig: Applying CVar settings from Section [TextureQuality@3] File [C:/Users/Jack/Documents/GitHub/PacManHunter/Saved/Config/Windows/Scalability.ini]
[2023.04.16-19.16.01:249][  0]LogConfig: Setting CVar [[r.Streaming.MipBias:0]]
[2023.04.16-19.16.01:249][  0]LogConfig: Setting CVar [[r.Streaming.AmortizeCPUToGPUCopy:0]]
[2023.04.16-19.16.01:249][  0]LogConfig: Setting CVar [[r.Streaming.MaxNumTexturesToStreamPerFrame:0]]
[2023.04.16-19.16.01:249][  0]LogConfig: Setting CVar [[r.Streaming.Boost:1]]
[2023.04.16-19.16.01:249][  0]LogConfig: Setting CVar [[r.MaxAnisotropy:8]]
[2023.04.16-19.16.01:249][  0]LogConfig: Setting CVar [[r.VT.MaxAnisotropy:8]]
[2023.04.16-19.16.01:249][  0]LogConfig: Setting CVar [[r.Streaming.LimitPoolSizeToVRAM:0]]
[2023.04.16-19.16.01:249][  0]LogConfig: Setting CVar [[r.Streaming.PoolSize:1000]]
[2023.04.16-19.16.01:249][  0]LogConfig: Setting CVar [[r.Streaming.MaxEffectiveScreenSize:0]]
[2023.04.16-19.16.01:249][  0]LogConfig: Applying CVar settings from Section [EffectsQuality@3] File [C:/Users/Jack/Documents/GitHub/PacManHunter/Saved/Config/Windows/Scalability.ini]
[2023.04.16-19.16.01:249][  0]LogConfig: Setting CVar [[r.TranslucencyLightingVolumeDim:64]]
[2023.04.16-19.16.01:249][  0]LogConfig: Setting CVar [[r.RefractionQuality:2]]
[2023.04.16-19.16.01:249][  0]LogConfig: Setting CVar [[r.SSR.Quality:3]]
[2023.04.16-19.16.01:249][  0]LogConfig: Setting CVar [[r.SSR.HalfResSceneColor:0]]
[2023.04.16-19.16.01:249][  0]LogConfig: Setting CVar [[r.SceneColorFormat:4]]
[2023.04.16-19.16.01:249][  0]LogConfig: Setting CVar [[r.DetailMode:2]]
[2023.04.16-19.16.01:249][  0]LogConfig: Setting CVar [[r.TranslucencyVolumeBlur:1]]
[2023.04.16-19.16.01:249][  0]LogConfig: Setting CVar [[r.MaterialQualityLevel:1 ; High quality]]
[2023.04.16-19.16.01:249][  0]LogConfig: Setting CVar [[r.AnisotropicMaterials:1]]
[2023.04.16-19.16.01:249][  0]LogConfig: Setting CVar [[r.SSS.Scale:1]]
[2023.04.16-19.16.01:249][  0]LogConfig: Setting CVar [[r.SSS.SampleSet:2]]
[2023.04.16-19.16.01:249][  0]LogConfig: Setting CVar [[r.SSS.Quality:1]]
[2023.04.16-19.16.01:249][  0]LogConfig: Setting CVar [[r.SSS.HalfRes:0]]
[2023.04.16-19.16.01:249][  0]LogConfig: Setting CVar [[r.SSGI.Quality:3]]
[2023.04.16-19.16.01:249][  0]LogConfig: Setting CVar [[r.EmitterSpawnRateScale:1.0]]
[2023.04.16-19.16.01:249][  0]LogConfig: Setting CVar [[r.ParticleLightQuality:2]]
[2023.04.16-19.16.01:249][  0]LogConfig: Setting CVar [[r.SkyAtmosphere.AerialPerspectiveLUT.FastApplyOnOpaque:1 ; Always have FastSkyLUT 1 in this case to avoid wrong sky]]
[2023.04.16-19.16.01:249][  0]LogConfig: Setting CVar [[r.SkyAtmosphere.AerialPerspectiveLUT.SampleCountMaxPerSlice:4]]
[2023.04.16-19.16.01:249][  0]LogConfig: Setting CVar [[r.SkyAtmosphere.AerialPerspectiveLUT.DepthResolution:16.0]]
[2023.04.16-19.16.01:249][  0]LogConfig: Setting CVar [[r.SkyAtmosphere.FastSkyLUT:1]]
[2023.04.16-19.16.01:249][  0]LogConfig: Setting CVar [[r.SkyAtmosphere.FastSkyLUT.SampleCountMin:4.0]]
[2023.04.16-19.16.01:249][  0]LogConfig: Setting CVar [[r.SkyAtmosphere.FastSkyLUT.SampleCountMax:128.0]]
[2023.04.16-19.16.01:249][  0]LogConfig: Setting CVar [[r.SkyAtmosphere.SampleCountMin:4.0]]
[2023.04.16-19.16.01:249][  0]LogConfig: Setting CVar [[r.SkyAtmosphere.SampleCountMax:128.0]]
[2023.04.16-19.16.01:249][  0]LogConfig: Setting CVar [[r.SkyAtmosphere.TransmittanceLUT.UseSmallFormat:0]]
[2023.04.16-19.16.01:249][  0]LogConfig: Setting CVar [[r.SkyAtmosphere.TransmittanceLUT.SampleCount:10.0]]
[2023.04.16-19.16.01:249][  0]LogConfig: Setting CVar [[r.SkyAtmosphere.MultiScatteringLUT.SampleCount:15.0]]
[2023.04.16-19.16.01:249][  0]LogConfig: Setting CVar [[r.SkyLight.RealTimeReflectionCapture:1]]
[2023.04.16-19.16.01:249][  0]LogConfig: Applying CVar settings from Section [FoliageQuality@3] File [C:/Users/Jack/Documents/GitHub/PacManHunter/Saved/Config/Windows/Scalability.ini]
[2023.04.16-19.16.01:249][  0]LogConfig: Setting CVar [[foliage.DensityScale:1.0]]
[2023.04.16-19.16.01:250][  0]LogConfig: Setting CVar [[grass.DensityScale:1.0]]
[2023.04.16-19.16.01:250][  0]LogConfig: Applying CVar settings from Section [ShadingQuality@3] File [C:/Users/Jack/Documents/GitHub/PacManHunter/Saved/Config/Windows/Scalability.ini]
[2023.04.16-19.16.01:250][  0]LogConfig: Setting CVar [[r.HairStrands.SkyLighting.IntegrationType:2]]
[2023.04.16-19.16.01:250][  0]LogConfig: Setting CVar [[r.HairStrands.SkyAO.SampleCount:4]]
[2023.04.16-19.16.01:250][  0]LogConfig: Setting CVar [[r.HairStrands.Visibility.MSAA.SamplePerPixel:4]]
[2023.04.16-19.16.01:250][  0]LogConfig: Applying CVar settings from Section [Startup] File [../../../Engine/Config/ConsoleVariables.ini]
[2023.04.16-19.16.01:260][  0]LogConfig: Setting CVar [[net.UseAdaptiveNetUpdateFrequency:0]]
[2023.04.16-19.16.01:260][  0]LogConfig: Setting CVar [[p.chaos.AllowCreatePhysxBodies:1]]
[2023.04.16-19.16.01:260][  0]LogConfig: Setting CVar [[fx.SkipVectorVMBackendOptimizations:1]]
[2023.04.16-19.16.01:260][  0]LogConfig: Applying CVar settings from Section [ConsoleVariables] File [C:/Users/Jack/Documents/GitHub/PacManHunter/Saved/Config/Windows/Engine.ini]
[2023.04.16-19.16.01:260][  0]LogConfig: Applying CVar settings from Section [ConsoleVariables] File [C:/Users/Jack/Documents/GitHub/PacManHunter/Saved/Config/Windows/Editor.ini]
[2023.04.16-19.16.01:260][  0]LogInit: Computer: LAPTOP-REET2DGH
[2023.04.16-19.16.01:260][  0]LogInit: User: Jack
[2023.04.16-19.16.01:260][  0]LogInit: CPU Page size=4096, Cores=6
[2023.04.16-19.16.01:260][  0]LogInit: High frequency timer resolution =10.000000 MHz
[2023.04.16-19.16.01:260][  0]LogMemory: Memory total: Physical=7.8GB (8GB approx)
[2023.04.16-19.16.01:261][  0]LogMemory: Platform Memory Stats for Windows
[2023.04.16-19.16.01:261][  0]LogMemory: Process Physical Memory: 145.67 MB used, 145.67 MB peak
[2023.04.16-19.16.01:261][  0]LogMemory: Process Virtual Memory: 129.91 MB used, 129.91 MB peak
[2023.04.16-19.16.01:261][  0]LogMemory: Physical Memory: 7208.07 MB used,  747.23 MB free, 7955.30 MB total
[2023.04.16-19.16.01:261][  0]LogMemory: Virtual Memory: 134205480.00 MB used,  12249.71 MB free, 134217728.00 MB total
[2023.04.16-19.16.01:280][  0]LogWindows: WindowsPlatformFeatures enabled
[2023.04.16-19.16.01:512][  0]LogInit: Physics initialised using underlying interface: PhysX
[2023.04.16-19.16.01:513][  0]LogInit: Using OS detected language (en-GB).
[2023.04.16-19.16.01:513][  0]LogInit: Using OS detected locale (en-GB).
[2023.04.16-19.16.01:534][  0]LogTextLocalizationManager: No specific localization for 'en-GB' exists, so the 'en' localization will be used.
[2023.04.16-19.16.02:545][  0]LogWindowsTextInputMethodSystem: Display: IME system deactivated.
[2023.04.16-19.16.02:648][  0]LogSlate: New Slate User Created.  User Index 0, Is Virtual User: 0
[2023.04.16-19.16.02:648][  0]LogSlate: Slate User Registered.  User Index 0, Is Virtual User: 0
[2023.04.16-19.16.02:707][  0]LogD3D11RHI: Loaded GFSDK_Aftermath_Lib.x64.dll
[2023.04.16-19.16.02:754][  0]LogHMD: Failed to initialize OpenVR with code 110
[2023.04.16-19.16.02:754][  0]LogD3D11RHI: D3D11 min allowed feature level: 11_0
[2023.04.16-19.16.02:754][  0]LogD3D11RHI: D3D11 max allowed feature level: 11_0
[2023.04.16-19.16.02:754][  0]LogD3D11RHI: D3D11 adapters:
[2023.04.16-19.16.02:977][  0]LogD3D11RHI:    0. 'NVIDIA GeForce RTX 3050 Ti Laptop GPU' (Feature Level 11_0)
[2023.04.16-19.16.02:977][  0]LogD3D11RHI:       3990/0/3977 MB DedicatedVideo/DedicatedSystem/SharedSystem, Outputs:2, VendorId:0x10de
[2023.04.16-19.16.03:237][  0]LogD3D11RHI:    1. 'Intel(R) UHD Graphics' (Feature Level 11_0)
[2023.04.16-19.16.03:238][  0]LogD3D11RHI:       128/0/3977 MB DedicatedVideo/DedicatedSystem/SharedSystem, Outputs:0, VendorId:0x8086
[2023.04.16-19.16.03:261][  0]LogD3D11RHI:    2. 'Microsoft Basic Render Driver' (Feature Level 11_0)
[2023.04.16-19.16.03:261][  0]LogD3D11RHI:       0/0/3977 MB DedicatedVideo/DedicatedSystem/SharedSystem, Outputs:0, VendorId:0x1414
[2023.04.16-19.16.03:261][  0]LogD3D11RHI: Chosen D3D11 Adapter:
[2023.04.16-19.16.03:261][  0]LogD3D11RHI:     Description : NVIDIA GeForce RTX 3050 Ti Laptop GPU
[2023.04.16-19.16.03:261][  0]LogD3D11RHI:     VendorId    : 10de
[2023.04.16-19.16.03:261][  0]LogD3D11RHI:     DeviceId    : 25a0
[2023.04.16-19.16.03:261][  0]LogD3D11RHI:     SubSysId    : 153a1025
[2023.04.16-19.16.03:261][  0]LogD3D11RHI:     Revision    : 00a1
[2023.04.16-19.16.03:261][  0]LogD3D11RHI:     DedicatedVideoMemory : 4183818240 bytes
[2023.04.16-19.16.03:261][  0]LogD3D11RHI:     DedicatedSystemMemory : 0 bytes
[2023.04.16-19.16.03:261][  0]LogD3D11RHI:     SharedSystemMemory : 4170870784 bytes
[2023.04.16-19.16.03:261][  0]LogD3D11RHI:     AdapterLuid : 0 65753
[2023.04.16-19.16.03:285][  0]LogD3D11RHI: Creating new Direct3DDevice
[2023.04.16-19.16.03:285][  0]LogD3D11RHI:     GPU DeviceId: 0x25a0 (for the marketing name, search the web for "GPU Device Id")
[2023.04.16-19.16.03:285][  0]LogWindows: EnumDisplayDevices:
[2023.04.16-19.16.03:286][  0]LogWindows:    0. 'Intel(R) UHD Graphics' (P:1 D:1)
[2023.04.16-19.16.03:286][  0]LogWindows:    1. 'Intel(R) UHD Graphics' (P:0 D:0)
[2023.04.16-19.16.03:286][  0]LogWindows:    2. 'Intel(R) UHD Graphics' (P:0 D:0)
[2023.04.16-19.16.03:286][  0]LogWindows:    3. 'Intel(R) UHD Graphics' (P:0 D:0)
[2023.04.16-19.16.03:286][  0]LogWindows:    4. 'NVIDIA GeForce RTX 3050 Ti Laptop GPU' (P:0 D:1)
[2023.04.16-19.16.03:286][  0]LogWindows: DebugString: PrimaryIsNotTheChoosenAdapter PrimaryIsNotTheChoosenAdapter PrimaryIsNotTheChoosenAdapter PrimaryIsNotTheChoosenAdapter 
[2023.04.16-19.16.03:286][  0]LogD3D11RHI:     Adapter Name: NVIDIA GeForce RTX 3050 Ti Laptop GPU
[2023.04.16-19.16.03:286][  0]LogD3D11RHI:   Driver Version: 462.62 (internal:27.21.14.6262, unified:462.62)
[2023.04.16-19.16.03:286][  0]LogD3D11RHI:      Driver Date: 5-11-2021
[2023.04.16-19.16.03:286][  0]LogRHI: Texture pool is 2793 MB (70% of 3990 MB)
[2023.04.16-19.16.03:288][  0]LogD3D11RHI: Creating D3DDevice using adapter:
[2023.04.16-19.16.03:288][  0]LogD3D11RHI:     Description : NVIDIA GeForce RTX 3050 Ti Laptop GPU
[2023.04.16-19.16.03:288][  0]LogD3D11RHI:     VendorId    : 10de
[2023.04.16-19.16.03:288][  0]LogD3D11RHI:     DeviceId    : 25a0
[2023.04.16-19.16.03:288][  0]LogD3D11RHI:     SubSysId    : 153a1025
[2023.04.16-19.16.03:288][  0]LogD3D11RHI:     Revision    : 00a1
[2023.04.16-19.16.03:288][  0]LogD3D11RHI:     DedicatedVideoMemory : 4183818240 bytes
[2023.04.16-19.16.03:288][  0]LogD3D11RHI:     DedicatedSystemMemory : 0 bytes
[2023.04.16-19.16.03:288][  0]LogD3D11RHI:     SharedSystemMemory : 4170870784 bytes
[2023.04.16-19.16.03:288][  0]LogD3D11RHI:     AdapterLuid : 0 65753
[2023.04.16-19.16.03:430][  0]LogD3D11RHI: RHI has support for 64 bit atomics
[2023.04.16-19.16.03:430][  0]LogD3D11RHI: Async texture creation enabled
[2023.04.16-19.16.03:430][  0]LogD3D11RHI: Array index from any shader is supported
[2023.04.16-19.16.03:472][  0]LogD3D11RHI: GPU Timing Frequency: 1000.000000 (Debug: 2 1)
[2023.04.16-19.16.03:545][  0]LogRHI: GeForceNow SDK initialized: 1
[2023.04.16-19.16.04:487][  0]LogTargetPlatformManager: Display: Loaded TargetPlatform 'WindowsNoEditor'
[2023.04.16-19.16.04:509][  0]LogTargetPlatformManager: Display: Loaded TargetPlatform 'Windows'
[2023.04.16-19.16.04:528][  0]LogTargetPlatformManager: Display: Loaded TargetPlatform 'WindowsClient'
[2023.04.16-19.16.04:554][  0]LogTargetPlatformManager: Display: Loaded TargetPlatform 'WindowsServer'
[2023.04.16-19.16.04:554][  0]LogTargetPlatformManager: Display: Building Assets For Windows
[2023.04.16-19.16.04:624][  0]LogAudioDebug: Display: Lib vorbis DLL was dynamically loaded.
[2023.04.16-19.16.04:868][  0]LogTextureFormatOodle: Display: Oodle Texture 2.9.0 init RDO Off
[2023.04.16-19.16.05:160][  0]LogRendererCore: Ray tracing is disabled. Reason: r.RayTracing=0.
[2023.04.16-19.16.05:161][  0]LogShaderCompilers: Guid format shader working directory is -14 characters bigger than the processId version (../../../../../../Users/Jack/Documents/GitHub/PacManHunter/Intermediate/Shaders/WorkingDirectory/22296/).
[2023.04.16-19.16.05:161][  0]LogShaderCompilers: Cleaned the shader compiler working directory 'C:/Users/Jack/AppData/Local/Temp/UnrealShaderWorkingDir/F55DF46F4DF8A607ECE3C487BF5FDA71/'.
[2023.04.16-19.16.05:161][  0]LogXGEController: Cannot use XGE Controller as Incredibuild is not installed on this machine.
[2023.04.16-19.16.05:162][  0]LogShaderCompilers: Cannot use XGE Shader Compiler as Incredibuild is not installed on this machine.
[2023.04.16-19.16.05:162][  0]LogShaderCompilers: Display: Using Local Shader Compiler.
[2023.04.16-19.16.06:399][  0]LogDerivedDataCache: Display: Max Cache Size: 512 MB
[2023.04.16-19.16.06:638][  0]LogDerivedDataCache: Loaded boot cache 0.24s 106MB C:/Users/Jack/AppData/Local/UnrealEngine/4.27/DerivedDataCache/Boot.ddc.
[2023.04.16-19.16.06:639][  0]LogDerivedDataCache: Display: Loaded Boot cache: C:/Users/Jack/AppData/Local/UnrealEngine/4.27/DerivedDataCache/Boot.ddc
[2023.04.16-19.16.06:640][  0]LogDerivedDataCache: FDerivedDataBackendGraph:  Pak pak cache file ../../../../../../Users/Jack/Documents/GitHub/PacManHunter/DerivedDataCache/DDC.ddp not found, will not use a pak cache.
[2023.04.16-19.16.06:640][  0]LogDerivedDataCache: Unable to find inner node Pak for hierarchical cache Hierarchy.
[2023.04.16-19.16.06:641][  0]LogDerivedDataCache: FDerivedDataBackendGraph:  CompressedPak pak cache file ../../../../../../Users/Jack/Documents/GitHub/PacManHunter/DerivedDataCache/Compressed.ddp not found, will not use a pak cache.
[2023.04.16-19.16.06:641][  0]LogDerivedDataCache: Unable to find inner node CompressedPak for hierarchical cache Hierarchy.
[2023.04.16-19.16.06:674][  0]LogDerivedDataCache: Display: Pak cache opened for reading ../../../Engine/DerivedDataCache/Compressed.ddp.
[2023.04.16-19.16.06:674][  0]LogDerivedDataCache: FDerivedDataBackendGraph:  EnterprisePak pak cache file ../../../Enterprise/DerivedDataCache/Compressed.ddp not found, will not use a pak cache.
[2023.04.16-19.16.06:674][  0]LogDerivedDataCache: Unable to find inner node EnterprisePak for hierarchical cache Hierarchy.
[2023.04.16-19.16.06:716][  0]LogDerivedDataCache: Speed tests for C:/Users/Jack/AppData/Local/UnrealEngine/Common/DerivedDataCache took 0.04 seconds
[2023.04.16-19.16.06:716][  0]LogDerivedDataCache: Display: Performance to C:/Users/Jack/AppData/Local/UnrealEngine/Common/DerivedDataCache: Latency=0.35ms. RandomReadSpeed=60.45MBs, RandomWriteSpeed=40.65MBs. Assigned SpeedClass 'Local'
[2023.04.16-19.16.06:718][  0]LogDerivedDataCache: Using Local data cache path C:/Users/Jack/AppData/Local/UnrealEngine/Common/DerivedDataCache: Writable
[2023.04.16-19.16.06:718][  0]LogDerivedDataCache: Shared data cache path not found in *engine.ini, will not use an Shared cache.
[2023.04.16-19.16.06:718][  0]LogDerivedDataCache: Unable to find inner node Shared for hierarchical cache Hierarchy.
[2023.04.16-19.16.06:766][  0]LogSlate: Using FreeType 2.10.0
[2023.04.16-19.16.06:768][  0]LogSlate: SlateFontServices - WITH_FREETYPE: 1, WITH_HARFBUZZ: 1
[2023.04.16-19.16.07:043][  0]LogInit: Using OS detected language (en-GB).
[2023.04.16-19.16.07:043][  0]LogInit: Using OS detected locale (en-GB).
[2023.04.16-19.16.07:043][  0]LogTextLocalizationManager: No localization for 'en-GB' exists, so 'en' will be used for the language.
[2023.04.16-19.16.07:043][  0]LogTextLocalizationManager: No localization for 'en-GB' exists, so 'en' will be used for the locale.
[2023.04.16-19.16.07:043][  0]LogSlate: FontCache flush requested. Reason: Culture for localization was changed
[2023.04.16-19.16.07:043][  0]LogSlate: FontCache flush requested. Reason: Culture for localization was changed
[2023.04.16-19.16.07:052][  0]LogTextLocalizationManager: Compacting localization data took   0.27ms
[2023.04.16-19.16.07:052][  0]LogAssetRegistry: FAssetRegistry took 0.0055 seconds to start up
[2023.04.16-19.16.07:469][  0]LogPackageLocalizationCache: Processed 27 localized package path(s) for 1 prioritized culture(s) in 0.001706 seconds
[2023.04.16-19.16.07:562][  0]LogInit: Selected Device Profile: [Windows]
[2023.04.16-19.16.07:562][  0]LogInit: Active device profile: [000001FF8B81D400][000001FFFA9DB940 49] Windows
[2023.04.16-19.16.07:562][  0]LogInit: Profiles: [000001FF8B81D400][000001FFFA9DB940 49] Windows, [000001FF8B7B3F00][000001FFFA9DFA80 49] WindowsNoEditor, [000001FF8B7BF700][000001FFFA9E7C00 49] WindowsServer, [000001FF8B7B3000][000001FFFABB2200 49] WindowsClient, [000001FF8B7BEF00][000001FFFABB6380 49] IOS, [000001FF8B7B0D00][000001FFFABBA500 49] iPadAir, [000001FF8B7BD100][000001FFFABBE680 49] iPadAir2, [000001FF8B764400][000001FFFABC6940 49] IPadPro, [000001FF8B764500][000001FFFABC2980 49] iPadAir3, [000001FF8B7B1200][000001FFFABCAB00 49] iPadAir4, [000001FF8B766F00][000001FFFABCEC80 49] iPadMini2, [000001FF8B7B2C00][000001FFFABD2E00 49] iPadMini3, [000001FF8B766C00][000001FFFABD6F80 49] iPadMini4, [000001FF8B7B1600][000001FFFABDB100 49] iPadMini5, [000001FF8B757C00][000001FFFABE33C0 49] iPhone6, [000001FF8B757D00][000001FFFABDF400 49] iPodTouch6, [000001FF8B7BFF00][000001FFFABEB6C0 49] iPhone7, [000001FF8B7BE700][000001FFFABE7700 49] iPodTouch7, [000001FF8B765A00][000001FFFABEF880 49] iPhone5S, [000001FF8B754100][000001FFFA9E39C0 49] iPhone6Plus, [000001FF8B7BC500][000001FFFABF3B00 49] iPhone6S, [000001FF8B755D00][000001FFFABF60C0 49] iPhone6SPlus, [000001FF8B764100][000001FFFB120240 49] iPhone7Plus, [000001FF8B755900][000001FFFB1243C0 49] iPhoneSE, [000001FF8B765F00][000001FFFB128540 49] iPhone8, [000001FF8B754B00][000001FFFB12C6C0 49] iPhone8Plus, [000001FF8B765D00][000001FFFB130840 49] iPhoneX, [000001FF8B754400][000001FFFB1349C0 49] iPhoneXS, [000001FF8B765900][000001FFFB138B40 49] iPhoneXSMax, [000001FF8B755800][000001FFFB13CCC0 49] iPhoneXR, [000001FF8B767D00][000001FFFB140E40 49] iPhone11, [000001FF8B755100][000001FFFB144FC0 49] iPhone11Pro, [000001FF8B765100][000001FFFB149140 49] iPhone11ProMax, [000001FF8B756C00][000001FFFB14D2C0 49] iPhoneSE2, [000001FF8B764D00][000001FFFB151440 49] iPhone12Mini, [000001FF8B757300][000001FFFB1555C0 49] iPhone12, [000001FF8B767A00][000001FFFB159740 49] iPhone12Pro, [000001FF8B755300][000001FFFB15D8C0 49] iPhone12ProMax, [000001FF8B765500][000001FFFB161A40 49] iPadPro105, [000001FF8B757F00][000001FFFABFBB80 49] iPadPro129, [000001FF8B765700][000001FFFB164140 49] iPadPro97, [000001FF8B757600][000001FFFB168280 49] iPadPro2_129, [000001FF8B764C00][000001FFFB16C3C0 49] iPad5, [000001FF8B754C00][000001FFFB174540 49] iPad6, [000001FF8B765800][000001FFFB1786C0 49] iPad7, [000001FF8B757400][000001FFFB17C840 49] iPad8, [000001FF8B764900][000001FFFB1809C0 49] iPadPro11, [000001FF8B756900][000001FFFB184B40 49] iPadPro2_11, [000001FF8B766A00][000001FFFB188CC0 49] iPadPro3_129, [000001FF8B757000][000001FFFB18CE40 49] iPadPro4_129, [000001FF8B764800][000001FF8BB3EFC0 49] AppleTV, [000001FF8B756400][000001FF8BB43140 49] AppleTV4K, [000001FF8B764F00][000001FF8BB472C0 49] TVOS, [000001FF8B754600][000001FF8BB4B440 49] Mac, [000001FF8B765400][000001FF8BB4F5C0 49] MacClient, [000001FF8B757200][000001FF8BB53740 49] MacNoEditor, [000001FF8B767E00][000001FF8BB578C0 49] MacServer, [000001FF8B756E00][000001FF8BB5BA40 49] Linux, [000001FF8B766700][000001FF8BB5FBC0 49] LinuxAArch64, [000001FF8B757E00][000001FFFB170180 49] LinuxNoEditor, [000001FF8B765000][000001FF8BB622C0 49] LinuxAArch64NoEditor, [000001FF8B757500][000001FF8BB66400 49] LinuxClient, [000001FF8B766100][000001FF8BB6A540 49] LinuxAArch64Client, [000001FF8B756700][000001FF8BB726C0 49] LinuxServer, [000001FF8B767900][000001FF8BB76840 49] LinuxAArch64Server, [000001FF8B757900][000001FF8BB7A9C0 49] Android, [000001FF8B766D00][000001FF8BB7EB40 49] Android_Low, [000001FF8B756B00][000001FF8BB82CC0 49] Android_Mid, [000001FF8B767100][000001FF8BB86E40 49] Android_High, [000001FF8B755600][000001FF8BB8AFC0 49] Android_Default, [000001FF8B765600][000001FF8BB8F140 49] Android_Adreno4xx, [000001FF8B754700][000001FF8BB932C0 49] Android_Adreno5xx_Low, [000001FF8B81ED00][000001FF8BB97440 49] Android_Adreno5xx, [000001FF8B7BC600][000001FF8BB9B5C0 49] Android_Adreno6xx, [000001FF8B81EC00][000001FF8BB9F740 49] Android_Adreno6xx_Vulkan, [000001FF8B7BCF00][000001FF8BBA38C0 49] Android_Mali_T6xx, [000001FF8B81F400][000001FF8BBA7A40 49] Android_Mali_T7xx, [000001FF8B7BDA00][000001FF8BBABBC0 49] Android_Mali_T8xx, [000001FF8B81EA00][000001FF8BBAE1C0 49] Android_Mali_G71, [000001FF8B7BC100][000001FF8BBB2340 49] Android_Mali_G72, [000001FF8B81DF00][000001FF8BB6E480 49] Android_Mali_G72_Vulkan, [000001FF8B7BCD00][000001FF8BBB65C0 49] Android_Mali_G76, [000001FF8B81D800][000001FF8BBBA700 49] Android_Mali_G76_Vulkan, [000001FF8B7BD600][000001FF8BBC2880 49] Android_Mali_G77, [000001FF8B81E800][000001FF8BBC6A00 49] Android_Mali_G77_Vulkan, [000001FF8B7BC900][000001FF8BBCAB80 49] Android_Mali_G78, [000001FF8B81F500][000001FF8BBCED00 49] Android_Mali_G78_Vulkan, [000001FF8B7BE100][000001FF8BBD2E80 49] Android_Mali_G710, [000001FF8B81D300][000001FF8BBD7000 49] Android_Mali_G710_Vulkan, [000001FF8B7BE000][000001FF8BBDB180 49] Android_Vulkan_SM5, [000001FF8B81CC00][000001FF8BBDF300 49] Android_PowerVR_G6xxx, [000001FF8B7BDE00][000001FF8BBE3480 49] Android_PowerVR_GT7xxx, [000001FF8B81C600][000001FF8BBE7600 49] Android_PowerVR_GE8xxx, [000001FF8B7BF100][000001FF8BBEB780 49] Android_PowerVR_GM9xxx, [000001FF8B81C100][000001FF8BBEF900 49] Android_PowerVR_GM9xxx_Vulkan, [000001FF8B756D00][000001FF8BBF3A80 49] Android_TegraK1, [000001FF8B81DC00][000001FF8BBF7C00 49] Android_Unknown_Vulkan, [000001FF8B756100][000001FF8BBFA200 49] Lumin, [000001FF8B81D700][000001FF8BBFE380 49] Lumin_Desktop, [000001FF8B755E00][000001FF8BC02500 49] HoloLens, 
[2023.04.16-19.16.07:931][  0]LogMeshReduction: Using QuadricMeshReduction for automatic static mesh reduction
[2023.04.16-19.16.07:931][  0]LogMeshReduction: Using SimplygonMeshReduction for automatic skeletal mesh reduction
[2023.04.16-19.16.07:932][  0]LogMeshReduction: Using ProxyLODMeshReduction for automatic mesh merging
[2023.04.16-19.16.07:932][  0]LogMeshReduction: No distributed automatic mesh merging module available
[2023.04.16-19.16.07:932][  0]LogMeshMerging: No distributed automatic mesh merging module available
[2023.04.16-19.16.08:160][  0]LogNetVersion: PacManHunter 1.0.0, NetCL: 17155196, EngineNetVer: 17, GameNetVer: 0 (Checksum: 2554951525)
[2023.04.16-19.16.08:706][  0]LogTexture: Default maximum texture size for cubemaps generated from long-lat sources has been changed from 512 to unlimited. In order to preserve old behaiour for '/Engine/MapTemplates/Sky/DaylightAmbientCubemap.DaylightAmbientCubemap', its maximum texture size has been explicitly set to 512.
[2023.04.16-19.16.08:974][  0]LogHMD: PokeAHoleMaterial loaded successfully
[2023.04.16-19.16.09:650][  0]LogMoviePlayer: Initializing movie player
[2023.04.16-19.16.09:889][  0]LogNiagaraDebuggerClient: Niagara Debugger Client Initialized | Session: 62F798F6457A05951FD9C18929D94257 | Instance: 2AE3F357436E55863DB526A1EC4A8218 (LAPTOP-REET2DGH-22296).
[2023.04.16-19.16.09:988][  0]LogCollectionManager: Loaded 0 collections in 0.002601 seconds
[2023.04.16-19.16.09:995][  0]LogFileCache: Scanning file cache for directory 'C:/Users/Jack/Documents/GitHub/PacManHunter/Saved/Collections/' took 0.00s
[2023.04.16-19.16.09:995][  0]LogFileCache: Scanning file cache for directory 'C:/Users/Jack/Documents/GitHub/PacManHunter/Content/Developers/Jack/Collections/' took 0.00s
[2023.04.16-19.16.09:995][  0]LogFileCache: Scanning file cache for directory 'C:/Users/Jack/Documents/GitHub/PacManHunter/Content/Collections/' took 0.00s
[2023.04.16-19.16.09:995][  0]LogCollectionManager: Fixed up redirectors for 0 collections in 0.000007 seconds (updated 0 objects)
[2023.04.16-19.16.10:584][  0]LogUdpMessaging: Initializing bridge on interface 0.0.0.0:0 to multicast group 230.0.0.1:6666.
[2023.04.16-19.16.10:610][  0]LogTcpMessaging: Initializing TcpMessaging bridge
[2023.04.16-19.16.10:656][  0]LogPython: Using Python 3.7.7
[2023.04.16-19.16.11:811][  0]SourceControl: Source control is disabled
[2023.04.16-19.16.11:811][  0]SourceControl: Source control is disabled
[2023.04.16-19.16.11:830][  0]SourceControl: Source control is disabled
[2023.04.16-19.16.11:945][  0]LogUProjectInfo: Found projects:
[2023.04.16-19.16.12:468][  0]LogOpenImageDenoise: OIDN starting up
[2023.04.16-19.16.12:520][  0]LogAndroidPermission: UAndroidPermissionCallbackProxy::GetInstance
[2023.04.16-19.16.12:618][  0]LogAudioCaptureCore: Display: No Audio Capture implementations found. Audio input will be silent.
[2023.04.16-19.16.12:619][  0]LogAudioCaptureCore: Display: No Audio Capture implementations found. Audio input will be silent.
[2023.04.16-19.16.12:849][  0]LogOcInput: OculusInput pre-init called
[2023.04.16-19.16.12:866][  0]LogUObjectArray: 22121 objects as part of root set at end of initial load.
[2023.04.16-19.16.12:866][  0]LogUObjectAllocator: 5975632 out of 0 bytes used by permanent object pool.
[2023.04.16-19.16.12:866][  0]LogUObjectArray: CloseDisregardForGC: 0/0 objects in disregard for GC pool
[2023.04.16-19.16.13:021][  0]LogEngine: Initializing Engine...
[2023.04.16-19.16.13:037][  0]LogHMD: Failed to enumerate extensions. Please check that you have a valid OpenXR runtime installed.
[2023.04.16-19.16.13:037][  0]LogHMD: Failed to initialize OpenVR with code 110
[2023.04.16-19.16.13:038][  0]LogMagicLeap: Warning: VR disabled because ZI is not enabled.  To enable, in the editor, Edit -> Project Settings -> Plugins -> Magic Leap Plugin -> Enable Zero Iteration
[2023.04.16-19.16.13:043][  0]LogStats: UGameplayTagsManager::InitializeManager -  0.001 s
[2023.04.16-19.16.13:331][  0]LogInit: Initializing FReadOnlyCVARCache
[2023.04.16-19.16.13:331][  0]LogAudio: Display: Initializing Audio Device Manager...
[2023.04.16-19.16.13:351][  0]LogAudio: Display: Loading Default Audio Settings Objects...
[2023.04.16-19.16.13:353][  0]LogAudio: Display: No default SoundConcurrencyObject specified (or failed to load).
[2023.04.16-19.16.13:357][  0]LogAudio: Display: Audio Device Manager Initialized
[2023.04.16-19.16.13:357][  0]LogAudio: Display: Creating Audio Device:                 Id: 1, Scope: Shared, Realtime: True
[2023.04.16-19.16.13:358][  0]LogAudioMixer: Display: Audio Mixer Platform Settings:
[2023.04.16-19.16.13:358][  0]LogAudioMixer: Display: 	Sample Rate:						  48000
[2023.04.16-19.16.13:358][  0]LogAudioMixer: Display: 	Callback Buffer Frame Size Requested: 1024
[2023.04.16-19.16.13:358][  0]LogAudioMixer: Display: 	Callback Buffer Frame Size To Use:	  1024
[2023.04.16-19.16.13:358][  0]LogAudioMixer: Display: 	Number of buffers to queue:			  2
[2023.04.16-19.16.13:358][  0]LogAudioMixer: Display: 	Max Channels (voices):				  32
[2023.04.16-19.16.13:358][  0]LogAudioMixer: Display: 	Number of Async Source Workers:		  0
[2023.04.16-19.16.13:358][  0]LogAudio: Display: AudioDevice MaxSources: 32
[2023.04.16-19.16.13:361][  0]LogAudio: Display: Audio Spatialization Plugin: None (built-in).
[2023.04.16-19.16.13:361][  0]LogAudio: Display: Audio Reverb Plugin: None (built-in).
[2023.04.16-19.16.13:361][  0]LogAudio: Display: Audio Occlusion Plugin: None (built-in).
[2023.04.16-19.16.13:361][  0]LogAudioMixer: Display: Initializing audio mixer.
[2023.04.16-19.16.13:403][  0]LogAudioMixer: Display: 0: FrontLeft
[2023.04.16-19.16.13:403][  0]LogAudioMixer: Display: 1: FrontRight
[2023.04.16-19.16.13:436][  0]LogAudioMixer: Display: Using Audio Device HP X24ih (NVIDIA High Definition Audio)
[2023.04.16-19.16.13:451][  0]LogAudioMixer: Display: Initializing Sound Submixes...
[2023.04.16-19.16.13:470][  0]LogAudioMixer: Display: Creating Master Submix 'MasterSubmixDefault'
[2023.04.16-19.16.13:470][  0]LogAudioMixer: Display: Creating Master Submix 'MasterReverbSubmixDefault'
[2023.04.16-19.16.13:473][  0]LogAudioMixer: Display: Creating Master Submix 'MasterEQSubmixDefault'
[2023.04.16-19.16.13:473][  0]LogAudioMixer: FMixerPlatformXAudio2::StartAudioStream() called
[2023.04.16-19.16.13:473][  0]LogAudioMixer: Display: Output buffers initialized: Frames=1024, Channels=2, Samples=2048
[2023.04.16-19.16.13:476][  0]LogAudioMixer: Display: Starting AudioMixerPlatformInterface::RunInternal()
[2023.04.16-19.16.13:476][  0]LogAudioMixer: Display: FMixerPlatformXAudio2::SubmitBuffer() called for the first time
[2023.04.16-19.16.13:476][  0]LogInit: FAudioDevice initialized.
[2023.04.16-19.16.13:481][  0]LogNetVersion: Set ProjectVersion to 1.0.0.0. Version Checksum will be recalculated on next use.
[2023.04.16-19.16.13:498][  0]LogInit: Texture streaming: Enabled
[2023.04.16-19.16.13:736][  0]LogAudio: Display: Audio Device (ID: 1) registered with world 'Untitled'.
[2023.04.16-19.16.13:739][  0]LogSlate: Updating window title bar state: overlay mode, drag disabled, window buttons hidden, title bar hidden
[2023.04.16-19.16.13:740][  0]LogInit: Display: Game Engine Initialized.
[2023.04.16-19.16.13:742][  0]LogNiagaraEditor: GEditor isn't valid! Particle reset commands will not work for Niagara components!
[2023.04.16-19.16.14:161][  0]LogInit: Display: Starting Game.
[2023.04.16-19.16.14:162][  0]LogNet: Browse: /Game/Levels/MainMenu_Level?Name=Player
[2023.04.16-19.16.14:163][  0]LogLoad: LoadMap: /Game/Levels/MainMenu_Level?Name=Player
[2023.04.16-19.16.14:163][  0]LogWorld: BeginTearingDown for /Temp/Untitled_0
[2023.04.16-19.16.14:167][  0]LogWorld: UWorld::CleanupWorld for Untitled, bSessionEnded=true, bCleanupResources=true
[2023.04.16-19.16.14:169][  0]LogSlate: InvalidateAllWidgets triggered.  All widgets were invalidated
[2023.04.16-19.16.14:180][  0]LogAudio: Display: Audio Device unregistered from world 'None'.
[2023.04.16-19.16.14:195][  0]LogUObjectHash: Compacting FUObjectHashTables data took   1.65ms
[2023.04.16-19.16.14:702][  0]LogAudio: Display: Audio Device (ID: 1) registered with world 'MainMenu_Level'.
[2023.04.16-19.16.14:749][  0]LogAIModule: Creating AISystem for world MainMenu_Level
[2023.04.16-19.16.14:750][  0]LogLoad: Game class is 'MainMenu_GameMode_C'
[2023.04.16-19.16.14:754][  0]LogWorld: Bringing World /Game/Levels/MainMenu_Level.MainMenu_Level up for play (max tick rate 0) at 2023.04.16-20.16.14
[2023.04.16-19.16.14:755][  0]LogWorld: Bringing up level for play took: 0.003097
[2023.04.16-19.16.14:758][  0]LogGameMode: FindPlayerStart: PATHS NOT DEFINED or NO PLAYERSTART with positive rating
[2023.04.16-19.16.14:762][  0]LogSpawn: Warning: SpawnActor failed because no class was specified
[2023.04.16-19.16.14:777][  0]LogLoad: Took 0.613751 seconds to LoadMap(/Game/Levels/MainMenu_Level)
[2023.04.16-19.16.14:866][  0]LogSlate: Took 0.001759 seconds to synchronously load lazily loaded font '../../../Engine/Content/Slate/Fonts/Roboto-Regular.ttf' (155K)
[2023.04.16-19.16.14:968][  0]LogRenderer: Reallocating scene render targets to support 1280x720 Format 10 NumSamples 1 (Frame:1).
[2023.04.16-19.16.14:968][  0]LogInit: Display: Engine is initialized. Leaving FEngineLoop::Init()
[2023.04.16-19.16.14:968][  0]LogLoad: (Engine Initialization) Total time: 17.69 seconds
[2023.04.16-19.16.14:968][  0]LogLoad: (Engine Initialization) Total Blueprint compile time: 0.00 seconds
[2023.04.16-19.16.14:979][  0]LogContentStreaming: Texture pool size now 1000 MB
[2023.04.16-19.16.14:984][  0]LogSlate: InvalidateAllWidgets triggered.  All widgets were invalidated
[2023.04.16-19.16.15:031][  1]LogSlate: Took 0.000777 seconds to synchronously load lazily loaded font '../../../Engine/Content/Slate/Fonts/Roboto-Regular.ttf' (155K)
[2023.04.16-19.16.19:072][599]r.SetRes = "1280x720"
[2023.04.16-19.16.20:553][826]r.SetRes = "720x480"
[2023.04.16-19.16.20:694][827]LogRenderer: Reallocating scene render targets to support 720x480 Format 10 NumSamples 1 (Frame:828).
[2023.04.16-19.16.21:667][977]r.SetRes = "1280x720"
[2023.04.16-19.16.21:828][978]LogRenderer: Reallocating scene render targets to support 1280x720 Format 10 NumSamples 1 (Frame:980).
[2023.04.16-19.16.22:539][ 70]r.SetRes = "1920x1080"
[2023.04.16-19.16.22:720][ 71]LogRenderer: Reallocating scene render targets to support 1920x1080 Format 10 NumSamples 1 (Frame:1074).
[2023.04.16-19.16.23:754][189]r.SetRes = "2560x1440"
[2023.04.16-19.16.23:886][190]LogRenderer: Reallocating scene render targets to support 2560x1080 Format 10 NumSamples 1 (Frame:1194).
[2023.04.16-19.16.25:077][294]r.SetRes = "720x480"
[2023.04.16-19.16.25:292][295]LogRenderer: Reallocating scene render targets to support 720x480 Format 10 NumSamples 1 (Frame:1300).
[2023.04.16-19.16.29:126][937]r.SetRes = "1280x720"
[2023.04.16-19.16.29:299][938]LogRenderer: Reallocating scene render targets to support 1280x720 Format 10 NumSamples 1 (Frame:1944).
[2023.04.16-19.16.31:614][260]Closing by request
[2023.04.16-19.16.31:615][260]LogWindows: FPlatformMisc::RequestExit(0)
[2023.04.16-19.16.31:615][260]LogWindows: FPlatformMisc::RequestExitWithStatus(0, 0)
[2023.04.16-19.16.31:615][260]LogCore: Engine exit requested (reason: Win RequestExit)
[2023.04.16-19.16.31:621][261]LogCore: Engine exit requested (reason: EngineExit() was called; note: exit was already requested)
[2023.04.16-19.16.31:622][261]LogInit: Display: PreExit Game.
[2023.04.16-19.16.31:730][261]LogWorld: BeginTearingDown for /Game/Levels/MainMenu_Level
[2023.04.16-19.16.31:733][261]LogWorld: UWorld::CleanupWorld for MainMenu_Level, bSessionEnded=true, bCleanupResources=true
[2023.04.16-19.16.31:735][261]LogSlate: InvalidateAllWidgets triggered.  All widgets were invalidated
[2023.04.16-19.16.32:058][261]LogAudio: Display: Beginning Audio Device Manager Shutdown (Module: AudioMixerXAudio2)...
[2023.04.16-19.16.32:058][261]LogAudio: Display: Destroying 1 Remaining Audio Device(s)...
[2023.04.16-19.16.32:058][261]LogAudio: Display: Audio Device unregistered from world 'MainMenu_Level'.
[2023.04.16-19.16.32:064][261]LogAudioMixer: FMixerPlatformXAudio2::StopAudioStream() called
[2023.04.16-19.16.32:065][261]LogAudioMixer: FMixerPlatformXAudio2::StopAudioStream() called
[2023.04.16-19.16.32:069][261]LogAudio: Display: Audio Device Manager Shutdown
[2023.04.16-19.16.32:082][261]LogSlate: Window 'PacManHunter (64-bit Development PCD3D_SM5) ' being destroyed
[2023.04.16-19.16.32:083][261]LogWindowsTextInputMethodSystem: Display: IME system deactivated.
[2023.04.16-19.16.32:141][261]LogExit: Preparing to exit.
[2023.04.16-19.16.32:176][261]LogUObjectHash: Compacting FUObjectHashTables data took   2.58ms
[2023.04.16-19.16.32:622][261]LogMoviePlayer: Shutting down movie player
[2023.04.16-19.16.32:765][261]LogSlate: Updating window title bar state: overlay mode, drag disabled, window buttons hidden, title bar hidden
[2023.04.16-19.16.32:866][261]LogDemo: Cleaned up 0 splitscreen connections with owner deletion
[2023.04.16-19.16.32:872][261]LogExit: Game engine shut down
[2023.04.16-19.16.33:093][261]LogExit: Object subsystem successfully closed.
[2023.04.16-19.16.33:125][261]LogShaderCompilers: Display: === FShaderJobCache stats ===
[2023.04.16-19.16.33:125][261]LogShaderCompilers: Display: Total job queries 0, among them cache hits 0 (0.00%)
[2023.04.16-19.16.33:125][261]LogShaderCompilers: Display: Tracking 0 distinct input hashes that result in 0 distinct outputs (0.00%)
[2023.04.16-19.16.33:125][261]LogShaderCompilers: Display: RAM used: 0.00 MB (0.00 GB) of 409.60 MB (0.40 GB) budget. Usage: 0.00%
[2023.04.16-19.16.33:125][261]LogShaderCompilers: Display: ================================================
[2023.04.16-19.16.33:161][261]LogShaderCompilers: Display: Shaders left to compile 0
[2023.04.16-19.16.33:213][261]LogModuleManager: Shutting down and abandoning module SequenceRecorderSections (560)
[2023.04.16-19.16.33:214][261]LogModuleManager: Shutting down and abandoning module SequenceRecorder (558)
[2023.04.16-19.16.33:214][261]LogModuleManager: Shutting down and abandoning module AutomationController (556)
[2023.04.16-19.16.33:214][261]LogModuleManager: Shutting down and abandoning module AutomationWorker (554)
[2023.04.16-19.16.33:214][261]LogModuleManager: Shutting down and abandoning module Voice (552)
[2023.04.16-19.16.33:214][261]LogModuleManager: Shutting down and abandoning module AIModule (550)
[2023.04.16-19.16.33:215][261]LogModuleManager: Shutting down and abandoning module GameplayDebugger (549)
[2023.04.16-19.16.33:215][261]LogModuleManager: Shutting down and abandoning module AITestSuite (547)
[2023.04.16-19.16.33:216][261]LogModuleManager: Shutting down and abandoning module NavigationSystem (545)
[2023.04.16-19.16.33:216][261]LogModuleManager: Shutting down and abandoning module AnimGraph (542)
[2023.04.16-19.16.33:216][261]LogModuleManager: Shutting down and abandoning module SteamVREditor (540)
[2023.04.16-19.16.33:216][261]LogModuleManager: Shutting down and abandoning module ToolMenus (539)
[2023.04.16-19.16.33:216][261]LogModuleManager: Shutting down and abandoning module OculusMR (536)
[2023.04.16-19.16.33:216][261]LogModuleManager: Shutting down and abandoning module OpenXRInput (534)
[2023.04.16-19.16.33:216][261]LogModuleManager: Shutting down and abandoning module PlanarCut (532)
[2023.04.16-19.16.33:217][261]LogModuleManager: Shutting down and abandoning module TakeRecorderSources (530)
[2023.04.16-19.16.33:217][261]LogModuleManager: Shutting down and abandoning module TakeRecorder (529)
[2023.04.16-19.16.33:218][261]LogModuleManager: Shutting down and abandoning module TakeTrackRecorders (526)
[2023.04.16-19.16.33:218][261]LogModuleManager: Shutting down and abandoning module TakesCore (524)
[2023.04.16-19.16.33:218][261]LogModuleManager: Shutting down and abandoning module CharacterAI (522)
[2023.04.16-19.16.33:218][261]LogModuleManager: Shutting down and abandoning module MagicLeapMediaCodecFactory (520)
[2023.04.16-19.16.33:218][261]LogModuleManager: Shutting down and abandoning module MagicLeapMediaFactory (518)
[2023.04.16-19.16.33:218][261]LogModuleManager: Shutting down and abandoning module WebMMediaFactory (516)
[2023.04.16-19.16.33:218][261]LogModuleManager: Shutting down and abandoning module WebMMedia (514)
[2023.04.16-19.16.33:218][261]LogModuleManager: Shutting down and abandoning module WmfMediaFactory (512)
[2023.04.16-19.16.33:218][261]LogModuleManager: Shutting down and abandoning module OpenExrWrapper (510)
[2023.04.16-19.16.33:218][261]LogModuleManager: Shutting down and abandoning module ImgMediaFactory (508)
[2023.04.16-19.16.33:218][261]LogModuleManager: Shutting down and abandoning module AvfMediaFactory (506)
[2023.04.16-19.16.33:218][261]LogModuleManager: Shutting down and abandoning module SessionServices (504)
[2023.04.16-19.16.33:218][261]LogModuleManager: Shutting down and abandoning module MovieSceneCapture (502)
[2023.04.16-19.16.33:218][261]LogModuleManager: Shutting down and abandoning module LiveCoding (500)
[2023.04.16-19.16.33:220][261]LogModuleManager: Shutting down and abandoning module LevelSequence (498)
[2023.04.16-19.16.33:220][261]LogModuleManager: Shutting down and abandoning module MovieSceneTracks (496)
[2023.04.16-19.16.33:220][261]LogModuleManager: Shutting down and abandoning module MovieScene (494)
[2023.04.16-19.16.33:220][261]LogModuleManager: Shutting down and abandoning module StreamingPauseRendering (492)
[2023.04.16-19.16.33:220][261]LogModuleManager: Shutting down and abandoning module PortalServices (490)
[2023.04.16-19.16.33:220][261]LogModuleManager: Shutting down and abandoning module PortalRpc (488)
[2023.04.16-19.16.33:220][261]LogModuleManager: Shutting down and abandoning module MessagingRpc (486)
[2023.04.16-19.16.33:221][261]LogModuleManager: Shutting down and abandoning module AudioMixerXAudio2 (484)
[2023.04.16-19.16.33:221][261]LogModuleManager: Shutting down and abandoning module AudioMixerCore (483)
[2023.04.16-19.16.33:221][261]LogModuleManager: Shutting down and abandoning module ImageWriteQueue (480)
[2023.04.16-19.16.33:227][261]LogModuleManager: Shutting down and abandoning module ProfilerService (478)
[2023.04.16-19.16.33:468][261]LogModuleManager: Shutting down and abandoning module TaskGraph (476)
[2023.04.16-19.16.33:469][261]LogModuleManager: Shutting down and abandoning module OculusInput (474)
[2023.04.16-19.16.33:469][261]LogModuleManager: Shutting down and abandoning module Synthesis (472)
[2023.04.16-19.16.33:470][261]LogModuleManager: Shutting down and abandoning module ProceduralMeshComponent (470)
[2023.04.16-19.16.33:470][261]LogModuleManager: Shutting down and abandoning module MobilePatchingUtils (468)
[2023.04.16-19.16.33:470][261]LogModuleManager: Shutting down and abandoning module GooglePAD (466)
[2023.04.16-19.16.33:470][261]LogModuleManager: Shutting down and abandoning module EditableMesh (464)
[2023.04.16-19.16.33:470][261]LogModuleManager: Shutting down and abandoning module CustomMeshComponent (462)
[2023.04.16-19.16.33:470][261]LogModuleManager: Shutting down and abandoning module CableComponent (460)
[2023.04.16-19.16.33:470][261]LogModuleManager: Shutting down and abandoning module AudioCapture (458)
[2023.04.16-19.16.33:470][261]LogModuleManager: Shutting down and abandoning module AudioCaptureRtAudio (457)
[2023.04.16-19.16.33:470][261]LogModuleManager: Shutting down and abandoning module ArchVisCharacter (454)
[2023.04.16-19.16.33:470][261]LogModuleManager: Shutting down and abandoning module AssetTags (452)
[2023.04.16-19.16.33:470][261]LogModuleManager: Shutting down and abandoning module AppleImageUtilsBlueprintSupport (450)
[2023.04.16-19.16.33:470][261]LogModuleManager: Shutting down and abandoning module AppleImageUtils (448)
[2023.04.16-19.16.33:470][261]LogModuleManager: Shutting down and abandoning module AndroidPermission (446)
[2023.04.16-19.16.33:470][261]LogModuleManager: Shutting down and abandoning module ActorLayerUtilities (444)
[2023.04.16-19.16.33:470][261]LogModuleManager: Shutting down and abandoning module MotoSynth (442)
[2023.04.16-19.16.33:470][261]LogModuleManager: Shutting down and abandoning module OpenImageDenoise (440)
[2023.04.16-19.16.33:470][261]LogOpenImageDenoise: OIDN shutting down
[2023.04.16-19.16.33:470][261]LogModuleManager: Shutting down and abandoning module GeometryCollectionTracks (438)
[2023.04.16-19.16.33:470][261]LogModuleManager: Shutting down and abandoning module GeometryCollectionSequencer (437)
[2023.04.16-19.16.33:470][261]LogModuleManager: Shutting down and abandoning module MeshConversion (434)
[2023.04.16-19.16.33:470][261]LogModuleManager: Shutting down and abandoning module DynamicMesh (432)
[2023.04.16-19.16.33:471][261]LogModuleManager: Shutting down and abandoning module GeometryAlgorithms (430)
[2023.04.16-19.16.33:471][261]LogModuleManager: Shutting down and abandoning module GeometricObjects (428)
[2023.04.16-19.16.33:471][261]LogModuleManager: Shutting down and abandoning module GeometryCacheTracks (426)
[2023.04.16-19.16.33:471][261]LogModuleManager: Shutting down and abandoning module GeometryCacheSequencer (425)
[2023.04.16-19.16.33:471][261]LogModuleManager: Shutting down and abandoning module GeometryCache (422)
[2023.04.16-19.16.33:471][261]LogModuleManager: Shutting down and abandoning module GeometryCacheEd (421)
[2023.04.16-19.16.33:471][261]LogModuleManager: Shutting down and abandoning module TakeMovieScene (418)
[2023.04.16-19.16.33:471][261]LogModuleManager: Shutting down and abandoning module ChaosNiagara (416)
[2023.04.16-19.16.33:471][261]LogModuleManager: Shutting down and abandoning module FieldSystemEngine (415)
[2023.04.16-19.16.33:471][261]LogModuleManager: Shutting down and abandoning module BackChannel (412)
[2023.04.16-19.16.33:471][261]LogModuleManager: Shutting down and abandoning module AutomationUtils (410)
[2023.04.16-19.16.33:471][261]LogModuleManager: Shutting down and abandoning module TemplateSequence (408)
[2023.04.16-19.16.33:471][261]LogModuleManager: Shutting down and abandoning module MagicLeapSharedWorld (406)
[2023.04.16-19.16.33:471][261]LogModuleManager: Shutting down and abandoning module MagicLeapLightEstimation (404)
[2023.04.16-19.16.33:471][261]LogModuleManager: Shutting down and abandoning module MagicLeapHelperVulkan (402)
[2023.04.16-19.16.33:471][261]LogModuleManager: Shutting down and abandoning module MagicLeapHelperOpenGL (400)
[2023.04.16-19.16.33:471][261]LogModuleManager: Shutting down and abandoning module MagicLeapAudio (398)
[2023.04.16-19.16.33:471][261]LogModuleManager: Shutting down and abandoning module VisualStudioSourceCodeAccess (396)
[2023.04.16-19.16.33:471][261]LogModuleManager: Shutting down and abandoning module HotReload (395)
[2023.04.16-19.16.33:472][261]LogModuleManager: Shutting down and abandoning module VisualStudioCodeSourceCodeAccess (392)
[2023.04.16-19.16.33:472][261]LogModuleManager: Shutting down and abandoning module MediaCompositing (390)
[2023.04.16-19.16.33:472][261]LogModuleManager: Shutting down and abandoning module ImgMedia (388)
[2023.04.16-19.16.33:472][261]LogModuleManager: Shutting down and abandoning module UObjectPlugin (386)
[2023.04.16-19.16.33:472][261]LogModuleManager: Shutting down and abandoning module SubversionSourceControl (384)
[2023.04.16-19.16.33:472][261]LogModuleManager: Shutting down and abandoning module PerforceSourceControl (382)
[2023.04.16-19.16.33:473][261]LogModuleManager: Shutting down and abandoning module SourceControl (381)
[2023.04.16-19.16.33:473][261]LogModuleManager: Shutting down and abandoning module CLionSourceCodeAccess (378)
[2023.04.16-19.16.33:473][261]LogModuleManager: Shutting down and abandoning module OodleNetworkHandlerComponent (376)
[2023.04.16-19.16.33:473][261]LogModuleManager: Shutting down and abandoning module LiveLinkSequencer (374)
[2023.04.16-19.16.33:473][261]LogModuleManager: Shutting down and abandoning module LiveLinkMovieScene (372)
[2023.04.16-19.16.33:473][261]LogModuleManager: Shutting down and abandoning module LiveLinkGraphNode (370)
[2023.04.16-19.16.33:473][261]LogModuleManager: Shutting down and abandoning module LiveLinkComponents (368)
[2023.04.16-19.16.33:473][261]LogModuleManager: Shutting down and abandoning module LiveLink (366)
[2023.04.16-19.16.33:560][261]LogModuleManager: Shutting down and abandoning module GameplayCameras (364)
[2023.04.16-19.16.33:560][261]LogModuleManager: Shutting down and abandoning module SoundFields (362)
[2023.04.16-19.16.33:561][261]LogModuleManager: Shutting down and abandoning module SignificanceManager (360)
[2023.04.16-19.16.33:561][261]LogModuleManager: Shutting down and abandoning module RuntimePhysXCooking (358)
[2023.04.16-19.16.33:561][261]LogModuleManager: Shutting down and abandoning module PropertyAccessEditor (356)
[2023.04.16-19.16.33:561][261]LogModuleManager: Shutting down and abandoning module PhysXVehiclesEditor (354)
[2023.04.16-19.16.33:561][261]LogModuleManager: Shutting down and abandoning module LocationServicesBPLibrary (350)
[2023.04.16-19.16.33:561][261]LogModuleManager: Shutting down and abandoning module AudioSynesthesia (348)
[2023.04.16-19.16.33:561][261]LogModuleManager: Shutting down and abandoning module AudioSynesthesiaCore (346)
[2023.04.16-19.16.33:561][261]LogModuleManager: Shutting down and abandoning module PythonScriptPlugin (344)
[2023.04.16-19.16.33:562][261]LogModuleManager: Shutting down and abandoning module TcpMessaging (342)
[2023.04.16-19.16.33:663][261]LogModuleManager: Shutting down and abandoning module UdpMessaging (340)
[2023.04.16-19.16.33:764][261]LogModuleManager: Shutting down and abandoning module ActorSequence (338)
[2023.04.16-19.16.33:764][261]LogModuleManager: Shutting down and abandoning module MagicLeapARPin (336)
[2023.04.16-19.16.33:764][261]LogModuleManager: Shutting down and abandoning module MagicLeapHandMeshing (334)
[2023.04.16-19.16.33:764][261]LogModuleManager: Shutting down and abandoning module MagicLeapSecureStorage (332)
[2023.04.16-19.16.33:764][261]LogModuleManager: Shutting down and abandoning module MagicLeapPrivileges (330)
[2023.04.16-19.16.33:764][261]LogModuleManager: Shutting down and abandoning module MagicLeapPlanes (328)
[2023.04.16-19.16.33:764][261]LogMagicLeapPlanes: Planes tracker already destroyed.
[2023.04.16-19.16.33:765][261]LogModuleManager: Shutting down and abandoning module MagicLeapImageTracker (326)
[2023.04.16-19.16.33:765][261]LogModuleManager: Shutting down and abandoning module MagicLeapIdentity (324)
[2023.04.16-19.16.33:765][261]LogModuleManager: Shutting down and abandoning module MagicLeapHandTracking (322)
[2023.04.16-19.16.33:765][261]LogModuleManager: Shutting down and abandoning module MagicLeapEyeTracker (320)
[2023.04.16-19.16.33:765][261]LogModuleManager: Shutting down and abandoning module MagicLeapController (318)
[2023.04.16-19.16.33:766][261]LogModuleManager: Shutting down and abandoning module MagicLeapARPinImpl (316)
[2023.04.16-19.16.33:766][261]LogModuleManager: Shutting down and abandoning module MagicLeapAR (314)
[2023.04.16-19.16.33:766][261]LogModuleManager: Shutting down and abandoning module FacialAnimation (312)
[2023.04.16-19.16.33:766][261]LogModuleManager: Shutting down and abandoning module GameplayTagsEditor (310)
[2023.04.16-19.16.33:766][261]LogModuleManager: Shutting down and abandoning module ImgMediaEngine (308)
[2023.04.16-19.16.33:766][261]LogModuleManager: Shutting down and abandoning module AssetManagerEditor (306)
[2023.04.16-19.16.33:766][261]LogModuleManager: Shutting down and abandoning module TreeMap (305)
[2023.04.16-19.16.33:766][261]LogModuleManager: Shutting down and abandoning module PropertyAccessNode (302)
[2023.04.16-19.16.33:766][261]LogModuleManager: Shutting down and abandoning module AnimationSharing (300)
[2023.04.16-19.16.33:766][261]LogModuleManager: Shutting down and abandoning module NiagaraAnimNotifies (298)
[2023.04.16-19.16.33:766][261]LogModuleManager: Shutting down and abandoning module Niagara (296)
[2023.04.16-19.16.33:767][261]LogModuleManager: Shutting down and abandoning module SignalProcessing (295)
[2023.04.16-19.16.33:767][261]LogModuleManager: Shutting down and abandoning module NiagaraEditor (293)
[2023.04.16-19.16.33:768][261]LogModuleManager: Shutting down and abandoning module ContentBrowser (292)
[2023.04.16-19.16.33:768][261]LogModuleManager: Shutting down and abandoning module CollectionManager (291)
[2023.04.16-19.16.33:769][261]LogModuleManager: Shutting down and abandoning module DirectoryWatcher (290)
[2023.04.16-19.16.33:769][261]LogModuleManager: Shutting down and abandoning module ContentBrowserData (287)
[2023.04.16-19.16.33:769][261]LogModuleManager: Shutting down and abandoning module NiagaraCore (282)
[2023.04.16-19.16.33:769][261]LogModuleManager: Shutting down and abandoning module LightPropagationVolumeRuntime (280)
[2023.04.16-19.16.33:769][261]LogModuleManager: Shutting down and abandoning module EnvironmentQueryEditor (278)
[2023.04.16-19.16.33:769][261]LogModuleManager: Shutting down and abandoning module Paper2D (276)
[2023.04.16-19.16.33:769][261]LogModuleManager: Shutting down and abandoning module WindowsMoviePlayer (274)
[2023.04.16-19.16.33:771][261]LogModuleManager: Shutting down and abandoning module WebMMoviePlayer (272)
[2023.04.16-19.16.33:771][261]LogModuleManager: Shutting down and abandoning module NetworkReplayStreaming (270)
[2023.04.16-19.16.33:771][261]LogModuleManager: Shutting down and abandoning module PacketHandler (268)
[2023.04.16-19.16.33:771][261]LogModuleManager: Shutting down and abandoning module ClothingSystemEditor (266)
[2023.04.16-19.16.33:771][261]LogModuleManager: Shutting down and abandoning module ClothingSystemRuntimeNv (264)
[2023.04.16-19.16.33:773][261]LogModuleManager: Shutting down and abandoning module MediaAssets (262)
[2023.04.16-19.16.33:773][261]LogModuleManager: Shutting down and abandoning module Overlay (260)
[2023.04.16-19.16.33:773][261]LogModuleManager: Shutting down and abandoning module OverlayEditor (259)
[2023.04.16-19.16.33:773][261]LogModuleManager: Shutting down and abandoning module VREditor (256)
[2023.04.16-19.16.33:774][261]LogModuleManager: Shutting down and abandoning module StringTableEditor (254)
[2023.04.16-19.16.33:774][261]LogModuleManager: Shutting down and abandoning module GameplayTasksEditor (252)
[2023.04.16-19.16.33:774][261]LogModuleManager: Shutting down and abandoning module BehaviorTreeEditor (250)
[2023.04.16-19.16.33:774][261]LogModuleManager: Shutting down and abandoning module FunctionalTesting (248)
[2023.04.16-19.16.33:774][261]LogModuleManager: Shutting down and abandoning module CollisionAnalyzer (246)
[2023.04.16-19.16.33:775][261]LogModuleManager: Shutting down and abandoning module WorkspaceMenuStructure (245)
[2023.04.16-19.16.33:775][261]LogModuleManager: Shutting down and abandoning module UMG (242)
[2023.04.16-19.16.33:775][261]LogModuleManager: Shutting down and abandoning module UMGEditor (241)
[2023.04.16-19.16.33:775][261]LogModuleManager: Shutting down and abandoning module Sequencer (240)
[2023.04.16-19.16.33:775][261]LogModuleManager: Shutting down and abandoning module MessageLog (237)
[2023.04.16-19.16.33:775][261]LogModuleManager: Shutting down and abandoning module SlateReflector (232)
[2023.04.16-19.16.33:777][261]LogModuleManager: Shutting down and abandoning module Slate (230)
[2023.04.16-19.16.33:777][261]LogModuleManager: Shutting down and abandoning module SlateCore (228)
[2023.04.16-19.16.33:778][261]LogModuleManager: Shutting down and abandoning module LandscapeEditorUtilities (226)
[2023.04.16-19.16.33:778][261]LogModuleManager: Shutting down and abandoning module UnrealEd (224)
[2023.04.16-19.16.33:778][261]LogModuleManager: Shutting down and abandoning module MRMesh (222)
[2023.04.16-19.16.33:778][261]LogModuleManager: Shutting down and abandoning module Messaging (220)
[2023.04.16-19.16.33:778][261]LogModuleManager: Shutting down and abandoning module SourceCodeAccess (218)
[2023.04.16-19.16.33:778][261]LogModuleManager: Shutting down and abandoning module HeadMountedDisplay (216)
[2023.04.16-19.16.33:778][261]LogModuleManager: Shutting down and abandoning module XAudio2 (214)
[2023.04.16-19.16.33:778][261]LogModuleManager: Shutting down and abandoning module Networking (212)
[2023.04.16-19.16.33:778][261]LogModuleManager: Shutting down and abandoning module Core (210)
[2023.04.16-19.16.33:778][261]LogModuleManager: Shutting down and abandoning module MaterialEditor (208)
[2023.04.16-19.16.33:778][261]LogModuleManager: Shutting down and abandoning module MovieSceneTools (206)
[2023.04.16-19.16.33:779][261]LogModuleManager: Shutting down and abandoning module EditorStyle (205)
[2023.04.16-19.16.33:780][261]LogModuleManager: Shutting down and abandoning module KismetCompiler (202)
[2023.04.16-19.16.33:780][261]LogModuleManager: Shutting down and abandoning module MeshBuilder (200)
[2023.04.16-19.16.33:780][261]LogModuleManager: Shutting down and abandoning module MeshUtilities (198)
[2023.04.16-19.16.33:780][261]LogModuleManager: Shutting down and abandoning module MeshMergeUtilities (197)
[2023.04.16-19.16.33:780][261]LogModuleManager: Shutting down and abandoning module MeshReductionInterface (196)
[2023.04.16-19.16.33:780][261]LogModuleManager: Shutting down and abandoning module MeshBoneReduction (195)
[2023.04.16-19.16.33:781][261]LogModuleManager: Shutting down and abandoning module SkeletalMeshReduction (193)
[2023.04.16-19.16.33:781][261]LogModuleManager: Shutting down and abandoning module ProxyLODMeshReduction (191)
[2023.04.16-19.16.33:781][261]LogModuleManager: Shutting down and abandoning module QuadricMeshReduction (189)
[2023.04.16-19.16.33:781][261]LogModuleManager: Shutting down and abandoning module MaterialBaking (185)
[2023.04.16-19.16.33:781][261]LogModuleManager: Shutting down and abandoning module NullInstallBundleManager (180)
[2023.04.16-19.16.33:781][261]LogModuleManager: Shutting down and abandoning module PIEPreviewDeviceProfileSelector (178)
[2023.04.16-19.16.33:782][261]LogModuleManager: Shutting down and abandoning module DerivedDataCache (176)
[2023.04.16-19.16.33:782][261]LogModuleManager: Shutting down and abandoning module TargetPlatform (174)
[2023.04.16-19.16.33:782][261]LogModuleManager: Shutting down and abandoning module VulkanShaderFormat (173)
[2023.04.16-19.16.33:783][261]LogModuleManager: Shutting down and abandoning module ShaderFormatVectorVM (171)
[2023.04.16-19.16.33:783][261]LogModuleManager: Shutting down and abandoning module ShaderFormatOpenGL (169)
[2023.04.16-19.16.33:783][261]LogModuleManager: Shutting down and abandoning module ShaderFormatD3D (167)
[2023.04.16-19.16.33:783][261]LogModuleManager: Shutting down and abandoning module MetalShaderFormat (165)
[2023.04.16-19.16.33:783][261]LogModuleManager: Shutting down and abandoning module TextureFormatOodle (163)
[2023.04.16-19.16.33:783][261]LogModuleManager: Shutting down and abandoning module TextureFormatUncompressed (161)
[2023.04.16-19.16.33:783][261]LogModuleManager: Shutting down and abandoning module TextureFormatPVR (159)
[2023.04.16-19.16.33:783][261]LogModuleManager: Shutting down and abandoning module TextureFormatETC2 (157)
[2023.04.16-19.16.33:783][261]LogModuleManager: Shutting down and abandoning module TextureFormatDXT (155)
[2023.04.16-19.16.33:783][261]LogModuleManager: Shutting down and abandoning module TextureFormatIntelISPCTexComp (153)
[2023.04.16-19.16.33:784][261]LogModuleManager: Shutting down and abandoning module TextureFormatASTC (151)
[2023.04.16-19.16.33:784][261]LogModuleManager: Shutting down and abandoning module ImageWrapper (150)
[2023.04.16-19.16.33:784][261]LogModuleManager: Shutting down and abandoning module AudioFormatOpus (147)
[2023.04.16-19.16.33:784][261]LogModuleManager: Shutting down and abandoning module AudioFormatOgg (145)
[2023.04.16-19.16.33:784][261]LogModuleManager: Shutting down and abandoning module AudioFormatADPCM (143)
[2023.04.16-19.16.33:784][261]LogModuleManager: Shutting down and abandoning module WindowsServerTargetPlatform (141)
[2023.04.16-19.16.33:784][261]LogModuleManager: Shutting down and abandoning module WindowsClientTargetPlatform (139)
[2023.04.16-19.16.33:784][261]LogModuleManager: Shutting down and abandoning module WindowsTargetPlatform (137)
[2023.04.16-19.16.33:784][261]LogModuleManager: Shutting down and abandoning module WindowsNoEditorTargetPlatform (135)
[2023.04.16-19.16.33:784][261]LogModuleManager: Shutting down and abandoning module D3D11RHI (132)
[2023.04.16-19.16.33:784][261]LogModuleManager: Shutting down and abandoning module InputCore (130)
[2023.04.16-19.16.33:784][261]LogModuleManager: Shutting down and abandoning module Settings (128)
[2023.04.16-19.16.33:784][261]LogModuleManager: Shutting down and abandoning module PhysXCooking (126)
[2023.04.16-19.16.33:784][261]LogModuleManager: Shutting down and abandoning module Chaos (124)
[2023.04.16-19.16.33:784][261]LogModuleManager: Shutting down and abandoning module WindowsPlatformFeatures (122)
[2023.04.16-19.16.33:784][261]LogModuleManager: Shutting down and abandoning module GameplayMediaEncoder (121)
[2023.04.16-19.16.33:784][261]LogModuleManager: Shutting down and abandoning module AVEncoder (120)
[2023.04.16-19.16.33:784][261]LogModuleManager: Shutting down and abandoning module SteamVRInputDevice (116)
[2023.04.16-19.16.33:784][261]LogModuleManager: Shutting down and abandoning module SteamVRInput (114)
[2023.04.16-19.16.33:784][261]LogModuleManager: Shutting down and abandoning module SteamVR (112)
[2023.04.16-19.16.33:785][261]LogHMD: Freeing OpenVRDLLHandle.
[2023.04.16-19.16.33:785][261]LogModuleManager: Shutting down and abandoning module OculusHMD (110)
[2023.04.16-19.16.33:785][261]LogModuleManager: Shutting down and abandoning module OpenXREyeTracker (108)
[2023.04.16-19.16.33:785][261]LogModuleManager: Shutting down and abandoning module OpenXRAR (106)
[2023.04.16-19.16.33:785][261]LogModuleManager: Shutting down and abandoning module AugmentedReality (105)
[2023.04.16-19.16.33:785][261]LogModuleManager: Shutting down and abandoning module OpenXRHandTracking (102)
[2023.04.16-19.16.33:785][261]LogSlate: Slate User Destroyed.  User Index 0, Is Virtual User: 0
[2023.04.16-19.16.33:786][261]LogModuleManager: Shutting down and abandoning module OpenXRHMD (101)
[2023.04.16-19.16.33:788][261]LogModuleManager: Shutting down and abandoning module ExampleDeviceProfileSelector (98)
[2023.04.16-19.16.33:788][261]LogModuleManager: Shutting down and abandoning module ChunkDownloader (96)
[2023.04.16-19.16.33:788][261]LogModuleManager: Shutting down and abandoning module ChaosCloth (94)
[2023.04.16-19.16.33:789][261]LogModuleManager: Shutting down and abandoning module OnlineBlueprintSupport (92)
[2023.04.16-19.16.33:789][261]LogModuleManager: Shutting down and abandoning module OnlineSubsystem (88)
[2023.04.16-19.16.33:792][261]LogModuleManager: Shutting down and abandoning module XMPP (83)
[2023.04.16-19.16.33:793][261]LogModuleManager: Shutting down and abandoning module WebSockets (82)
[2023.04.16-19.16.33:824][261]LogModuleManager: Shutting down and abandoning module HTTP (79)
[2023.04.16-19.16.33:824][261]LogHttp: Display: cleaning up 0 outstanding Http requests.
[2023.04.16-19.16.33:851][261]LogModuleManager: Shutting down and abandoning module SSL (78)
[2023.04.16-19.16.33:857][261]LogModuleManager: Shutting down and abandoning module LauncherChunkInstaller (74)
[2023.04.16-19.16.33:857][261]LogModuleManager: Shutting down and abandoning module MLSDK (72)
[2023.04.16-19.16.33:857][261]LogModuleManager: Shutting down and abandoning module MagicLeap (70)
[2023.04.16-19.16.33:857][261]LogModuleManager: Shutting down and abandoning module WmfMedia (68)
[2023.04.16-19.16.33:861][261]LogModuleManager: Shutting down and abandoning module Media (67)
[2023.04.16-19.16.33:863][261]LogModuleManager: Shutting down and abandoning module MediaInfo (66)
[2023.04.16-19.16.33:863][261]LogModuleManager: Shutting down and abandoning module VariantManagerContent (62)
[2023.04.16-19.16.33:863][261]LogModuleManager: Shutting down and abandoning module ExrReaderGpu (60)
[2023.04.16-19.16.33:863][261]LogModuleManager: Shutting down and abandoning module DatasmithContent (58)
[2023.04.16-19.16.33:864][261]LogModuleManager: Shutting down and abandoning module PixWinPlugin (56)
[2023.04.16-19.16.33:864][261]LogModuleManager: Shutting down and abandoning module NiagaraVertexFactories (54)
[2023.04.16-19.16.33:864][261]LogModuleManager: Shutting down and abandoning module NiagaraShader (52)
[2023.04.16-19.16.33:864][261]LogModuleManager: Shutting down and abandoning module AISupportModule (50)
[2023.04.16-19.16.33:864][261]LogModuleManager: Shutting down and abandoning module DesktopPlatform (48)
[2023.04.16-19.16.33:864][261]LogModuleManager: Shutting down and abandoning module PythonScriptPluginPreload (46)
[2023.04.16-19.16.33:864][261]LogModuleManager: Shutting down and abandoning module PlatformCryptoOpenSSL (44)
[2023.04.16-19.16.33:865][261]LogModuleManager: Shutting down and abandoning module PlatformCryptoTypes (42)
[2023.04.16-19.16.33:865][261]LogModuleManager: Shutting down and abandoning module PlatformCrypto (40)
[2023.04.16-19.16.33:865][261]LogModuleManager: Shutting down and abandoning module OodleDataCompressionFormat (38)
[2023.04.16-19.16.33:865][261]LogModuleManager: Shutting down and abandoning module XGEController (36)
[2023.04.16-19.16.33:865][261]LogModuleManager: Shutting down and abandoning module AnimationModifiers (34)
[2023.04.16-19.16.33:866][261]LogModuleManager: Shutting down and abandoning module AudioEditor (32)
[2023.04.16-19.16.33:868][261]LogModuleManager: Shutting down and abandoning module PropertyEditor (31)
[2023.04.16-19.16.33:868][261]LogModuleManager: Shutting down and abandoning module TextureCompressor (28)
[2023.04.16-19.16.33:870][261]LogModuleManager: Shutting down and abandoning module RenderCore (26)
[2023.04.16-19.16.33:870][261]LogModuleManager: Shutting down and abandoning module Landscape (24)
[2023.04.16-19.16.33:870][261]LogModuleManager: Shutting down and abandoning module SlateRHIRenderer (22)
[2023.04.16-19.16.33:870][261]LogModuleManager: Shutting down and abandoning module AnimGraphRuntime (20)
[2023.04.16-19.16.33:870][261]LogModuleManager: Shutting down and abandoning module Renderer (18)
[2023.04.16-19.16.33:871][261]LogModuleManager: Shutting down and abandoning module Engine (16)
[2023.04.16-19.16.33:871][261]LogModuleManager: Shutting down and abandoning module CoreUObject (14)
[2023.04.16-19.16.33:871][261]LogModuleManager: Shutting down and abandoning module NetworkFile (12)
[2023.04.16-19.16.33:871][261]LogModuleManager: Shutting down and abandoning module CookedIterativeFile (10)
[2023.04.16-19.16.33:871][261]LogModuleManager: Shutting down and abandoning module StreamingFile (8)
[2023.04.16-19.16.33:872][261]LogModuleManager: Shutting down and abandoning module SandboxFile (6)
[2023.04.16-19.16.33:872][261]LogModuleManager: Shutting down and abandoning module PakFile (4)
[2023.04.16-19.16.33:872][261]LogModuleManager: Shutting down and abandoning module RSA (3)
[2023.04.16-19.16.34:110][261]LogContentStreaming: Display: There are 1 unreleased StreamingManagers
[2023.04.16-19.16.34:127][261]LogD3D11RHI: Shutdown
[2023.04.16-19.16.34:127][261]LogD3D11RHI: CleanupD3DDevice
[2023.04.16-19.16.34:145][261]LogExit: Exiting.
[2023.04.16-19.16.34:156][261]Log file closed, 04/16/23 20:16:34
