Log file open, 04/04/23 00:27:24
LogWindows: Failed to load 'aqProf.dll' (GetLastError=126)
LogWindows: File 'aqProf.dll' does not exist
LogWindows: Failed to load 'VtuneApi.dll' (GetLastError=126)
LogWindows: File 'VtuneApi.dll' does not exist
LogWindows: Failed to load 'VtuneApi32e.dll' (GetLastError=126)
LogWindows: File 'VtuneApi32e.dll' does not exist
LogConsoleResponse: Display: Failed to find resolution value strings in scalability ini. Falling back to default.
LogConsoleResponse: Display: Failed to find resolution value strings in scalability ini. Falling back to default.
LogInit: Display: Running engine for game: PacManHunter
LogPlatformFile: Not using cached read wrapper
LogTaskGraph: Started task graph with 5 named threads and 35 total threads with 3 sets of task threads.
LogStats: Stats thread started at 0.256228
LogICUInternationalization: ICU TimeZone Detection - Raw Offset: +0:00, Platform Override: ''
LogInit: Display: Loading text-based GConfig....
LogPluginManager: Mounting plugin MeshPainting
LogPluginManager: Mounting plugin XGEController
LogPluginManager: Mounting plugin Paper2D
LogPluginManager: Mounting plugin LiveLink
LogPluginManager: Mounting plugin AISupport
LogPluginManager: Mounting plugin EnvironmentQueryEditor
LogPluginManager: Mounting plugin CameraShakePreviewer
LogPluginManager: Mounting plugin LightPropagationVolume
LogPluginManager: Mounting plugin GameplayCameras
LogPluginManager: Mounting plugin OodleData
LogPluginManager: Mounting plugin AnimationSharing
LogPluginManager: Mounting plugin OodleNetwork
LogPluginManager: Mounting plugin GitSourceControl
LogPluginManager: Mounting plugin NullSourceCodeAccess
LogPluginManager: Mounting plugin CodeLiteSourceCodeAccess
LogPluginManager: Mounting plugin CLionSourceCodeAccess
LogPluginManager: Mounting plugin KDevelopSourceCodeAccess
LogPluginManager: Mounting plugin PerforceSourceControl
LogPluginManager: Mounting plugin PixWinPlugin
LogPluginManager: Mounting plugin PlasticSourceControl
LogPluginManager: Mounting plugin PluginUtils
LogPluginManager: Mounting plugin RiderSourceCodeAccess
LogPluginManager: Mounting plugin PropertyAccessNode
LogPluginManager: Mounting plugin SubversionSourceControl
LogPluginManager: Mounting plugin TextureFormatOodle
LogPluginManager: Mounting plugin UObjectPlugin
LogPluginManager: Mounting plugin VisualStudioCodeSourceCodeAccess
LogPluginManager: Mounting plugin VisualStudioSourceCodeAccess
LogPluginManager: Mounting plugin AssetManagerEditor
LogPluginManager: Mounting plugin XCodeSourceCodeAccess
LogPluginManager: Mounting plugin CryptoKeys
LogPluginManager: Mounting plugin CurveEditorTools
LogPluginManager: Mounting plugin DataValidation
LogPluginManager: Mounting plugin FacialAnimation
LogPluginManager: Mounting plugin GameplayTagsEditor
LogPluginManager: Mounting plugin GeometryMode
LogPluginManager: Mounting plugin MacGraphicsSwitching
LogPluginManager: Mounting plugin MaterialAnalyzer
LogPluginManager: Mounting plugin MobileLauncherProfileWizard
LogPluginManager: Mounting plugin PluginBrowser
LogPluginManager: Mounting plugin SpeedTreeImporter
LogPluginManager: Mounting plugin Niagara
LogPluginManager: Mounting plugin DatasmithContent
LogPluginManager: Mounting plugin AlembicImporter
LogPluginManager: Mounting plugin LuminPlatformFeatures
LogPluginManager: Mounting plugin AutomationUtils
LogPluginManager: Mounting plugin MagicLeap
LogPluginManager: Mounting plugin BackChannel
LogPluginManager: Mounting plugin MagicLeapLightEstimation
LogPluginManager: Mounting plugin ChaosClothEditor
LogPluginManager: Mounting plugin ChaosEditor
LogPluginManager: Mounting plugin ChaosCloth
LogPluginManager: Mounting plugin ChaosNiagara
LogPluginManager: Mounting plugin ChaosSolverPlugin
LogPluginManager: Mounting plugin CharacterAI
LogPluginManager: Mounting plugin MagicLeapPassableWorld
LogPluginManager: Mounting plugin MagicLeapMedia
LogPluginManager: Mounting plugin VariantManagerContent
LogPluginManager: Mounting plugin MLSDK
LogPluginManager: Mounting plugin GeometryCache
LogPluginManager: Mounting plugin GeometryCollectionPlugin
LogPluginManager: Mounting plugin GeometryProcessing
LogPluginManager: Mounting plugin OpenImageDenoise
LogPluginManager: Mounting plugin MotoSynth
LogPluginManager: Mounting plugin PlanarCut
LogPluginManager: Mounting plugin PlatformCrypto
LogPluginManager: Mounting plugin ProxyLODPlugin
LogPluginManager: Mounting plugin PythonScriptPlugin
LogPluginManager: Mounting plugin TcpMessaging
LogPluginManager: Mounting plugin UdpMessaging
LogPluginManager: Mounting plugin AndroidMedia
LogPluginManager: Mounting plugin AvfMedia
LogPluginManager: Mounting plugin MediaCompositing
LogPluginManager: Mounting plugin ImgMedia
LogPluginManager: Mounting plugin MediaPlayerEditor
LogPluginManager: Mounting plugin WebMMedia
LogPluginManager: Mounting plugin SkeletalReduction
LogPluginManager: Mounting plugin WmfMedia
LogPluginManager: Mounting plugin ActorSequence
LogPluginManager: Mounting plugin MatineeToLevelSequence
LogPluginManager: Mounting plugin LevelSequenceEditor
LogPluginManager: Mounting plugin LauncherChunkInstaller
LogPluginManager: Mounting plugin TemplateSequence
LogPluginManager: Mounting plugin OnlineSubsystem
LogPluginManager: Mounting plugin OnlineSubsystemNull
LogPluginManager: Mounting plugin OnlineSubsystemUtils
LogPluginManager: Mounting plugin ActorLayerUtilities
LogPluginManager: Mounting plugin AndroidMoviePlayer
LogPluginManager: Mounting plugin AndroidDeviceProfileSelector
LogPluginManager: Mounting plugin AndroidPermission
LogPluginManager: Mounting plugin AppleImageUtils
LogPluginManager: Mounting plugin AppleMoviePlayer
LogPluginManager: Mounting plugin ArchVisCharacter
LogPluginManager: Mounting plugin AssetTags
LogPluginManager: Mounting plugin AudioSynesthesia
LogPluginManager: Mounting plugin CableComponent
LogPluginManager: Mounting plugin ChunkDownloader
LogPluginManager: Mounting plugin CustomMeshComponent
LogPluginManager: Mounting plugin EditableMesh
LogPluginManager: Mounting plugin ExampleDeviceProfileSelector
LogPluginManager: Mounting plugin ScreenshotTools
LogPluginManager: Mounting plugin GoogleCloudMessaging
LogPluginManager: Mounting plugin GooglePAD
LogPluginManager: Mounting plugin AudioCapture
LogPluginManager: Mounting plugin IOSDeviceProfileSelector
LogPluginManager: Mounting plugin LinuxDeviceProfileSelector
LogPluginManager: Mounting plugin LocationServicesBPLibrary
LogPluginManager: Mounting plugin MobilePatchingUtils
LogPluginManager: Mounting plugin OpenXREyeTracker
LogPluginManager: Mounting plugin OpenXR
LogPluginManager: Mounting plugin OpenXRHandTracking
LogPluginManager: Mounting plugin PhysXVehicles
LogPluginManager: Mounting plugin PostSplashScreen
LogPluginManager: Mounting plugin PropertyAccessEditor
LogPluginManager: Mounting plugin SignificanceManager
LogPluginManager: Mounting plugin ProceduralMeshComponent
LogPluginManager: Mounting plugin RuntimePhysXCooking
LogPluginManager: Mounting plugin SoundFields
LogPluginManager: Mounting plugin Synthesis
LogPluginManager: Mounting plugin WebMMoviePlayer
LogPluginManager: Mounting plugin Takes
LogPluginManager: Mounting plugin WindowsMoviePlayer
LogPluginManager: Mounting plugin ContentBrowserClassDataSource
LogPluginManager: Mounting plugin ContentBrowserFileDataSource
LogPluginManager: Mounting plugin ContentBrowserAssetDataSource
LogPluginManager: Mounting plugin OnlineSubsystemGooglePlay
LogPluginManager: Mounting plugin OnlineSubsystemIOS
LogPluginManager: Mounting plugin OculusVR
LogPluginManager: Mounting plugin SteamVR
PixWinPlugin: PIX capture plugin failed to initialize! Check that the process is launched from PIX.
LogInit: Using libcurl 7.55.1-DEV
LogInit:  - built for x86_64-pc-win32
LogInit:  - supports SSL with OpenSSL/1.1.1
LogInit:  - supports HTTP deflate (compression) using libz 1.2.8
LogInit:  - other features:
LogInit:      CURL_VERSION_SSL
LogInit:      CURL_VERSION_LIBZ
LogInit:      CURL_VERSION_IPV6
LogInit:      CURL_VERSION_ASYNCHDNS
LogInit:      CURL_VERSION_LARGEFILE
LogInit:      CURL_VERSION_IDN
LogInit:  CurlRequestOptions (configurable via config and command line):
LogInit:  - bVerifyPeer = true  - Libcurl will verify peer certificate
LogInit:  - bUseHttpProxy = false  - Libcurl will NOT use HTTP proxy
LogInit:  - bDontReuseConnections = false  - Libcurl will reuse connections
LogInit:  - MaxHostConnections = 16  - Libcurl will limit the number of connections to a host
LogInit:  - LocalHostAddr = Default
LogInit:  - BufferSize = 65536
LogOnline: OSS: Creating online subsystem instance for: NULL
LogInit: WinSock: version 1.1 (2.2), MaxSocks=32767, MaxUdp=65467
LogOnline: OSS: TryLoadSubsystemAndSetDefault: Loaded subsystem for module [NULL]
LogOculusPluginWrapper: OculusPlugin initialized successfully
LogHMD: Failed initializing OVRPlugin 1.59.0
LogInit: Build: ++UE4+Release-4.27-CL-18319896
LogInit: Engine Version: 4.27.2-18319896+++UE4+Release-4.27
LogInit: Compatible Engine Version: 4.27.0-17155196+++UE4+Release-4.27
LogInit: Net CL: 17155196
LogInit: OS: Windows 10 (Release 2009) (), CPU: 11th Gen Intel(R) Core(TM) i5-11400H @ 2.70GHz, GPU: Intel(R) UHD Graphics
LogInit: Compiled (64-bit): Nov 30 2021 07:12:08
LogInit: Compiled with Visual C++: 19.24.28315.00
LogInit: Build Configuration: Development
LogInit: Branch Name: ++UE4+Release-4.27
LogInit: Command Line:  /Game/ThirdPersonBP/Maps/ThirdPersonExampleMap -game -PIEVIACONSOLE -Multiprocess GameUserSettingsINI=C:/Users/Jack/Documents/GitHub/PacManHunter/Saved/Config/Windows/PIEGameUserSettings0.ini -MultiprocessSaveConfig -forcepassthrough -messaging -SessionName="Play in Standalone Game" -windowed -ResX=1280 -ResY=720
LogInit: Base Directory: C:/Program Files/Epic Games/UE_4.27/Engine/Binaries/Win64/
LogInit: Allocator: TBB
LogInit: Installed Engine Build: 1
LogDevObjectVersion: Number of dev versions registered: 29
LogDevObjectVersion:   Dev-Blueprints (B0D832E4-1F89-4F0D-ACCF-7EB736FD4AA2): 10
LogDevObjectVersion:   Dev-Build (E1C64328-A22C-4D53-A36C-8E866417BD8C): 0
LogDevObjectVersion:   Dev-Core (375EC13C-06E4-48FB-B500-84F0262A717E): 4
LogDevObjectVersion:   Dev-Editor (E4B068ED-F494-42E9-A231-DA0B2E46BB41): 40
LogDevObjectVersion:   Dev-Framework (CFFC743F-43B0-4480-9391-14DF171D2073): 37
LogDevObjectVersion:   Dev-Mobile (B02B49B5-BB20-44E9-A304-32B752E40360): 3
LogDevObjectVersion:   Dev-Networking (A4E4105C-59A1-49B5-A7C5-40C4547EDFEE): 0
LogDevObjectVersion:   Dev-Online (39C831C9-5AE6-47DC-9A44-9C173E1C8E7C): 0
LogDevObjectVersion:   Dev-Physics (78F01B33-EBEA-4F98-B9B4-84EACCB95AA2): 14
LogDevObjectVersion:   Dev-Platform (6631380F-2D4D-43E0-8009-CF276956A95A): 0
LogDevObjectVersion:   Dev-Rendering (12F88B9F-8875-4AFC-A67C-D90C383ABD29): 45
LogDevObjectVersion:   Dev-Sequencer (7B5AE74C-D270-4C10-A958-57980B212A5A): 13
LogDevObjectVersion:   Dev-VR (D7296918-1DD6-4BDD-9DE2-64A83CC13884): 3
LogDevObjectVersion:   Dev-LoadTimes (C2A15278-BFE7-4AFE-6C17-90FF531DF755): 1
LogDevObjectVersion:   Private-Geometry (6EACA3D4-40EC-4CC1-B786-8BED09428FC5): 3
LogDevObjectVersion:   Dev-AnimPhys (29E575DD-E0A3-4627-9D10-D276232CDCEA): 17
LogDevObjectVersion:   Dev-Anim (AF43A65D-7FD3-4947-9873-3E8ED9C1BB05): 15
LogDevObjectVersion:   Dev-ReflectionCapture (6B266CEC-1EC7-4B8F-A30B-E4D90942FC07): 1
LogDevObjectVersion:   Dev-Automation (0DF73D61-A23F-47EA-B727-89E90C41499A): 1
LogDevObjectVersion:   FortniteMain (601D1886-AC64-4F84-AA16-D3DE0DEAC7D6): 47
LogDevObjectVersion:   FortniteRelease (E7086368-6B23-4C58-8439-1B7016265E91): 1
LogDevObjectVersion:   Dev-Enterprise (9DFFBCD6-494F-0158-E221-12823C92A888): 10
LogDevObjectVersion:   Dev-Niagara (F2AED0AC-9AFE-416F-8664-AA7FFA26D6FC): 1
LogDevObjectVersion:   Dev-Destruction (174F1F0B-B4C6-45A5-B13F-2EE8D0FB917D): 10
LogDevObjectVersion:   Dev-Physics-Ext (35F94A83-E258-406C-A318-09F59610247C): 41
LogDevObjectVersion:   Dev-PhysicsMaterial-Chaos (B68FC16E-8B1B-42E2-B453-215C058844FE): 1
LogDevObjectVersion:   Dev-CineCamera (B2E18506-4273-CFC2-A54E-F4BB758BBA07): 1
LogDevObjectVersion:   Dev-VirtualProduction (64F58936-FD1B-42BA-BA96-7289D5D0FA4E): 1
LogDevObjectVersion:   Dev-MediaFramework (6F0ED827-A609-4895-9C91-998D90180EA4): 2
LogInit: Presizing for max 25165824 objects, including 0 objects not considered by GC, pre-allocating 0 bytes for permanent pool.
LogConfig: Applying CVar settings from Section [/Script/Engine.StreamingSettings] File [C:/Users/Jack/Documents/GitHub/PacManHunter/Saved/Config/Windows/Engine.ini]
LogConfig: Setting CVar [[s.MinBulkDataSizeForAsyncLoading:131072]]
LogConfig: Setting CVar [[s.AsyncLoadingThreadEnabled:0]]
LogConfig: Setting CVar [[s.EventDrivenLoaderEnabled:1]]
LogConfig: Setting CVar [[s.WarnIfTimeLimitExceeded:0]]
LogConfig: Setting CVar [[s.TimeLimitExceededMultiplier:1.5]]
LogConfig: Setting CVar [[s.TimeLimitExceededMinTime:0.005]]
LogConfig: Setting CVar [[s.UseBackgroundLevelStreaming:1]]
LogConfig: Setting CVar [[s.PriorityAsyncLoadingExtraTime:15.0]]
LogConfig: Setting CVar [[s.LevelStreamingActorsUpdateTimeLimit:5.0]]
LogConfig: Setting CVar [[s.PriorityLevelStreamingActorsUpdateExtraTime:5.0]]
LogConfig: Setting CVar [[s.LevelStreamingComponentsRegistrationGranularity:10]]
LogConfig: Setting CVar [[s.UnregisterComponentsTimeLimit:1.0]]
LogConfig: Setting CVar [[s.LevelStreamingComponentsUnregistrationGranularity:5]]
LogConfig: Setting CVar [[s.FlushStreamingOnExit:1]]
LogInit: Object subsystem initialized
LogConfig: Setting CVar [[con.DebugEarlyDefault:1]]
LogConfig: Setting CVar [[r.setres:1280x720]]
[2023.04.03-23.27.25:282][  0]LogConfig: Setting CVar [[con.DebugEarlyDefault:1]]
[2023.04.03-23.27.25:282][  0]LogConfig: Setting CVar [[r.setres:1280x720]]
[2023.04.03-23.27.25:282][  0]LogConfig: Applying CVar settings from Section [/Script/Engine.RendererSettings] File [C:/Users/Jack/Documents/GitHub/PacManHunter/Saved/Config/Windows/Engine.ini]
[2023.04.03-23.27.25:282][  0]LogConfig: Setting CVar [[r.GPUCrashDebugging:0]]
[2023.04.03-23.27.25:282][  0]LogConfig: Setting CVar [[r.SkinCache.CompileShaders:1]]
[2023.04.03-23.27.25:282][  0]LogConfig: Applying CVar settings from Section [/Script/Engine.RendererOverrideSettings] File [C:/Users/Jack/Documents/GitHub/PacManHunter/Saved/Config/Windows/Engine.ini]
[2023.04.03-23.27.25:282][  0]LogConfig: Applying CVar settings from Section [/Script/Engine.StreamingSettings] File [C:/Users/Jack/Documents/GitHub/PacManHunter/Saved/Config/Windows/Engine.ini]
[2023.04.03-23.27.25:282][  0]LogConfig: Setting CVar [[s.MinBulkDataSizeForAsyncLoading:131072]]
[2023.04.03-23.27.25:282][  0]LogConfig: Setting CVar [[s.AsyncLoadingThreadEnabled:0]]
[2023.04.03-23.27.25:282][  0]LogConfig: Setting CVar [[s.EventDrivenLoaderEnabled:1]]
[2023.04.03-23.27.25:282][  0]LogConfig: Setting CVar [[s.WarnIfTimeLimitExceeded:0]]
[2023.04.03-23.27.25:282][  0]LogConfig: Setting CVar [[s.TimeLimitExceededMultiplier:1.5]]
[2023.04.03-23.27.25:282][  0]LogConfig: Setting CVar [[s.TimeLimitExceededMinTime:0.005]]
[2023.04.03-23.27.25:282][  0]LogConfig: Setting CVar [[s.UseBackgroundLevelStreaming:1]]
[2023.04.03-23.27.25:282][  0]LogConfig: Setting CVar [[s.PriorityAsyncLoadingExtraTime:15.0]]
[2023.04.03-23.27.25:282][  0]LogConfig: Setting CVar [[s.LevelStreamingActorsUpdateTimeLimit:5.0]]
[2023.04.03-23.27.25:282][  0]LogConfig: Setting CVar [[s.PriorityLevelStreamingActorsUpdateExtraTime:5.0]]
[2023.04.03-23.27.25:282][  0]LogConfig: Setting CVar [[s.LevelStreamingComponentsRegistrationGranularity:10]]
[2023.04.03-23.27.25:282][  0]LogConfig: Setting CVar [[s.UnregisterComponentsTimeLimit:1.0]]
[2023.04.03-23.27.25:282][  0]LogConfig: Setting CVar [[s.LevelStreamingComponentsUnregistrationGranularity:5]]
[2023.04.03-23.27.25:282][  0]LogConfig: Setting CVar [[s.FlushStreamingOnExit:1]]
[2023.04.03-23.27.25:282][  0]LogConfig: Applying CVar settings from Section [/Script/Engine.GarbageCollectionSettings] File [C:/Users/Jack/Documents/GitHub/PacManHunter/Saved/Config/Windows/Engine.ini]
[2023.04.03-23.27.25:282][  0]LogConfig: Setting CVar [[gc.MaxObjectsNotConsideredByGC:1]]
[2023.04.03-23.27.25:282][  0]LogConfig: Setting CVar [[gc.SizeOfPermanentObjectPool:0]]
[2023.04.03-23.27.25:282][  0]LogConfig: Setting CVar [[gc.FlushStreamingOnGC:0]]
[2023.04.03-23.27.25:282][  0]LogConfig: Setting CVar [[gc.NumRetriesBeforeForcingGC:10]]
[2023.04.03-23.27.25:282][  0]LogConfig: Setting CVar [[gc.AllowParallelGC:1]]
[2023.04.03-23.27.25:282][  0]LogConfig: Setting CVar [[gc.TimeBetweenPurgingPendingKillObjects:61.1]]
[2023.04.03-23.27.25:282][  0]LogConfig: Setting CVar [[gc.MaxObjectsInEditor:25165824]]
[2023.04.03-23.27.25:282][  0]LogConfig: Setting CVar [[gc.IncrementalBeginDestroyEnabled:1]]
[2023.04.03-23.27.25:282][  0]LogConfig: Setting CVar [[gc.CreateGCClusters:1]]
[2023.04.03-23.27.25:282][  0]LogConfig: Setting CVar [[gc.MinGCClusterSize:5]]
[2023.04.03-23.27.25:282][  0]LogConfig: Setting CVar [[gc.ActorClusteringEnabled:0]]
[2023.04.03-23.27.25:282][  0]LogConfig: Setting CVar [[gc.BlueprintClusteringEnabled:0]]
[2023.04.03-23.27.25:282][  0]LogConfig: Setting CVar [[gc.UseDisregardForGCOnDedicatedServers:0]]
[2023.04.03-23.27.25:282][  0]LogConfig: Setting CVar [[gc.MultithreadedDestructionEnabled:1]]
[2023.04.03-23.27.25:282][  0]LogConfig: Applying CVar settings from Section [/Script/Engine.NetworkSettings] File [C:/Users/Jack/Documents/GitHub/PacManHunter/Saved/Config/Windows/Engine.ini]
[2023.04.03-23.27.25:282][  0]LogConfig: Applying CVar settings from Section [/Script/UnrealEd.CookerSettings] File [C:/Users/Jack/Documents/GitHub/PacManHunter/Saved/Config/Windows/Engine.ini]
[2023.04.03-23.27.25:291][  0]LogConfig: Applying CVar settings from Section [ViewDistanceQuality@3] File [C:/Users/Jack/Documents/GitHub/PacManHunter/Saved/Config/Windows/Scalability.ini]
[2023.04.03-23.27.25:291][  0]LogConfig: Setting CVar [[r.SkeletalMeshLODBias:0]]
[2023.04.03-23.27.25:291][  0]LogConfig: Setting CVar [[r.ViewDistanceScale:1.0]]
[2023.04.03-23.27.25:291][  0]LogConfig: Applying CVar settings from Section [AntiAliasingQuality@3] File [C:/Users/Jack/Documents/GitHub/PacManHunter/Saved/Config/Windows/Scalability.ini]
[2023.04.03-23.27.25:291][  0]LogConfig: Setting CVar [[r.PostProcessAAQuality:4]]
[2023.04.03-23.27.25:291][  0]LogConfig: Applying CVar settings from Section [ShadowQuality@3] File [C:/Users/Jack/Documents/GitHub/PacManHunter/Saved/Config/Windows/Scalability.ini]
[2023.04.03-23.27.25:291][  0]LogConfig: Setting CVar [[r.LightFunctionQuality:1]]
[2023.04.03-23.27.25:291][  0]LogConfig: Setting CVar [[r.ShadowQuality:5]]
[2023.04.03-23.27.25:291][  0]LogConfig: Setting CVar [[r.Shadow.CSM.MaxCascades:10]]
[2023.04.03-23.27.25:291][  0]LogConfig: Setting CVar [[r.Shadow.MaxResolution:2048]]
[2023.04.03-23.27.25:291][  0]LogConfig: Setting CVar [[r.Shadow.MaxCSMResolution:2048]]
[2023.04.03-23.27.25:291][  0]LogConfig: Setting CVar [[r.Shadow.RadiusThreshold:0.01]]
[2023.04.03-23.27.25:291][  0]LogConfig: Setting CVar [[r.Shadow.DistanceScale:1.0]]
[2023.04.03-23.27.25:291][  0]LogConfig: Setting CVar [[r.Shadow.CSM.TransitionScale:1.0]]
[2023.04.03-23.27.25:291][  0]LogConfig: Setting CVar [[r.Shadow.PreShadowResolutionFactor:1.0]]
[2023.04.03-23.27.25:291][  0]LogConfig: Setting CVar [[r.DistanceFieldShadowing:1]]
[2023.04.03-23.27.25:291][  0]LogConfig: Setting CVar [[r.DistanceFieldAO:1]]
[2023.04.03-23.27.25:291][  0]LogConfig: Setting CVar [[r.AOQuality:2]]
[2023.04.03-23.27.25:291][  0]LogConfig: Setting CVar [[r.VolumetricFog:1]]
[2023.04.03-23.27.25:291][  0]LogConfig: Setting CVar [[r.VolumetricFog.GridPixelSize:8]]
[2023.04.03-23.27.25:291][  0]LogConfig: Setting CVar [[r.VolumetricFog.GridSizeZ:128]]
[2023.04.03-23.27.25:291][  0]LogConfig: Setting CVar [[r.VolumetricFog.HistoryMissSupersampleCount:4]]
[2023.04.03-23.27.25:291][  0]LogConfig: Setting CVar [[r.LightMaxDrawDistanceScale:1]]
[2023.04.03-23.27.25:291][  0]LogConfig: Setting CVar [[r.CapsuleShadows:1]]
[2023.04.03-23.27.25:291][  0]LogConfig: Applying CVar settings from Section [PostProcessQuality@3] File [C:/Users/Jack/Documents/GitHub/PacManHunter/Saved/Config/Windows/Scalability.ini]
[2023.04.03-23.27.25:291][  0]LogConfig: Setting CVar [[r.MotionBlurQuality:4]]
[2023.04.03-23.27.25:291][  0]LogConfig: Setting CVar [[r.AmbientOcclusionMipLevelFactor:0.4]]
[2023.04.03-23.27.25:291][  0]LogConfig: Setting CVar [[r.AmbientOcclusionMaxQuality:100]]
[2023.04.03-23.27.25:291][  0]LogConfig: Setting CVar [[r.AmbientOcclusionLevels:-1]]
[2023.04.03-23.27.25:291][  0]LogConfig: Setting CVar [[r.AmbientOcclusionRadiusScale:1.0]]
[2023.04.03-23.27.25:291][  0]LogConfig: Setting CVar [[r.DepthOfFieldQuality:2]]
[2023.04.03-23.27.25:291][  0]LogConfig: Setting CVar [[r.RenderTargetPoolMin:400]]
[2023.04.03-23.27.25:291][  0]LogConfig: Setting CVar [[r.LensFlareQuality:2]]
[2023.04.03-23.27.25:291][  0]LogConfig: Setting CVar [[r.SceneColorFringeQuality:1]]
[2023.04.03-23.27.25:291][  0]LogConfig: Setting CVar [[r.EyeAdaptationQuality:2]]
[2023.04.03-23.27.25:291][  0]LogConfig: Setting CVar [[r.BloomQuality:5]]
[2023.04.03-23.27.25:291][  0]LogConfig: Setting CVar [[r.FastBlurThreshold:100]]
[2023.04.03-23.27.25:291][  0]LogConfig: Setting CVar [[r.Upscale.Quality:3]]
[2023.04.03-23.27.25:291][  0]LogConfig: Setting CVar [[r.Tonemapper.GrainQuantization:1]]
[2023.04.03-23.27.25:291][  0]LogConfig: Setting CVar [[r.LightShaftQuality:1]]
[2023.04.03-23.27.25:291][  0]LogConfig: Setting CVar [[r.Filter.SizeScale:1]]
[2023.04.03-23.27.25:291][  0]LogConfig: Setting CVar [[r.Tonemapper.Quality:5]]
[2023.04.03-23.27.25:291][  0]LogConfig: Setting CVar [[r.DOF.Gather.AccumulatorQuality:1        ; higher gathering accumulator quality]]
[2023.04.03-23.27.25:291][  0]LogConfig: Setting CVar [[r.DOF.Gather.PostfilterMethod:1          ; Median3x3 postfilering method]]
[2023.04.03-23.27.25:291][  0]LogConfig: Setting CVar [[r.DOF.Gather.EnableBokehSettings:0       ; no bokeh simulation when gathering]]
[2023.04.03-23.27.25:291][  0]LogConfig: Setting CVar [[r.DOF.Gather.RingCount:4                 ; medium number of samples when gathering]]
[2023.04.03-23.27.25:291][  0]LogConfig: Setting CVar [[r.DOF.Scatter.ForegroundCompositing:1    ; additive foreground scattering]]
[2023.04.03-23.27.25:291][  0]LogConfig: Setting CVar [[r.DOF.Scatter.BackgroundCompositing:2    ; additive background scattering]]
[2023.04.03-23.27.25:291][  0]LogConfig: Setting CVar [[r.DOF.Scatter.EnableBokehSettings:1      ; bokeh simulation when scattering]]
[2023.04.03-23.27.25:291][  0]LogConfig: Setting CVar [[r.DOF.Scatter.MaxSpriteRatio:0.1         ; only a maximum of 10% of scattered bokeh]]
[2023.04.03-23.27.25:291][  0]LogConfig: Setting CVar [[r.DOF.Recombine.Quality:1                ; cheap slight out of focus]]
[2023.04.03-23.27.25:291][  0]LogConfig: Setting CVar [[r.DOF.Recombine.EnableBokehSettings:0    ; no bokeh simulation on slight out of focus]]
[2023.04.03-23.27.25:291][  0]LogConfig: Setting CVar [[r.DOF.TemporalAAQuality:1                ; more stable temporal accumulation]]
[2023.04.03-23.27.25:291][  0]LogConfig: Setting CVar [[r.DOF.Kernel.MaxForegroundRadius:0.025]]
[2023.04.03-23.27.25:291][  0]LogConfig: Setting CVar [[r.DOF.Kernel.MaxBackgroundRadius:0.025]]
[2023.04.03-23.27.25:291][  0]LogConfig: Applying CVar settings from Section [TextureQuality@3] File [C:/Users/Jack/Documents/GitHub/PacManHunter/Saved/Config/Windows/Scalability.ini]
[2023.04.03-23.27.25:291][  0]LogConfig: Setting CVar [[r.Streaming.MipBias:0]]
[2023.04.03-23.27.25:291][  0]LogConfig: Setting CVar [[r.Streaming.AmortizeCPUToGPUCopy:0]]
[2023.04.03-23.27.25:291][  0]LogConfig: Setting CVar [[r.Streaming.MaxNumTexturesToStreamPerFrame:0]]
[2023.04.03-23.27.25:291][  0]LogConfig: Setting CVar [[r.Streaming.Boost:1]]
[2023.04.03-23.27.25:291][  0]LogConfig: Setting CVar [[r.MaxAnisotropy:8]]
[2023.04.03-23.27.25:291][  0]LogConfig: Setting CVar [[r.VT.MaxAnisotropy:8]]
[2023.04.03-23.27.25:291][  0]LogConfig: Setting CVar [[r.Streaming.LimitPoolSizeToVRAM:0]]
[2023.04.03-23.27.25:291][  0]LogConfig: Setting CVar [[r.Streaming.PoolSize:1000]]
[2023.04.03-23.27.25:291][  0]LogConfig: Setting CVar [[r.Streaming.MaxEffectiveScreenSize:0]]
[2023.04.03-23.27.25:291][  0]LogConfig: Applying CVar settings from Section [EffectsQuality@3] File [C:/Users/Jack/Documents/GitHub/PacManHunter/Saved/Config/Windows/Scalability.ini]
[2023.04.03-23.27.25:291][  0]LogConfig: Setting CVar [[r.TranslucencyLightingVolumeDim:64]]
[2023.04.03-23.27.25:291][  0]LogConfig: Setting CVar [[r.RefractionQuality:2]]
[2023.04.03-23.27.25:291][  0]LogConfig: Setting CVar [[r.SSR.Quality:3]]
[2023.04.03-23.27.25:291][  0]LogConfig: Setting CVar [[r.SSR.HalfResSceneColor:0]]
[2023.04.03-23.27.25:291][  0]LogConfig: Setting CVar [[r.SceneColorFormat:4]]
[2023.04.03-23.27.25:291][  0]LogConfig: Setting CVar [[r.DetailMode:2]]
[2023.04.03-23.27.25:291][  0]LogConfig: Setting CVar [[r.TranslucencyVolumeBlur:1]]
[2023.04.03-23.27.25:291][  0]LogConfig: Setting CVar [[r.MaterialQualityLevel:1 ; High quality]]
[2023.04.03-23.27.25:291][  0]LogConfig: Setting CVar [[r.AnisotropicMaterials:1]]
[2023.04.03-23.27.25:291][  0]LogConfig: Setting CVar [[r.SSS.Scale:1]]
[2023.04.03-23.27.25:291][  0]LogConfig: Setting CVar [[r.SSS.SampleSet:2]]
[2023.04.03-23.27.25:291][  0]LogConfig: Setting CVar [[r.SSS.Quality:1]]
[2023.04.03-23.27.25:291][  0]LogConfig: Setting CVar [[r.SSS.HalfRes:0]]
[2023.04.03-23.27.25:291][  0]LogConfig: Setting CVar [[r.SSGI.Quality:3]]
[2023.04.03-23.27.25:291][  0]LogConfig: Setting CVar [[r.EmitterSpawnRateScale:1.0]]
[2023.04.03-23.27.25:291][  0]LogConfig: Setting CVar [[r.ParticleLightQuality:2]]
[2023.04.03-23.27.25:291][  0]LogConfig: Setting CVar [[r.SkyAtmosphere.AerialPerspectiveLUT.FastApplyOnOpaque:1 ; Always have FastSkyLUT 1 in this case to avoid wrong sky]]
[2023.04.03-23.27.25:291][  0]LogConfig: Setting CVar [[r.SkyAtmosphere.AerialPerspectiveLUT.SampleCountMaxPerSlice:4]]
[2023.04.03-23.27.25:291][  0]LogConfig: Setting CVar [[r.SkyAtmosphere.AerialPerspectiveLUT.DepthResolution:16.0]]
[2023.04.03-23.27.25:291][  0]LogConfig: Setting CVar [[r.SkyAtmosphere.FastSkyLUT:1]]
[2023.04.03-23.27.25:291][  0]LogConfig: Setting CVar [[r.SkyAtmosphere.FastSkyLUT.SampleCountMin:4.0]]
[2023.04.03-23.27.25:291][  0]LogConfig: Setting CVar [[r.SkyAtmosphere.FastSkyLUT.SampleCountMax:128.0]]
[2023.04.03-23.27.25:291][  0]LogConfig: Setting CVar [[r.SkyAtmosphere.SampleCountMin:4.0]]
[2023.04.03-23.27.25:291][  0]LogConfig: Setting CVar [[r.SkyAtmosphere.SampleCountMax:128.0]]
[2023.04.03-23.27.25:291][  0]LogConfig: Setting CVar [[r.SkyAtmosphere.TransmittanceLUT.UseSmallFormat:0]]
[2023.04.03-23.27.25:291][  0]LogConfig: Setting CVar [[r.SkyAtmosphere.TransmittanceLUT.SampleCount:10.0]]
[2023.04.03-23.27.25:291][  0]LogConfig: Setting CVar [[r.SkyAtmosphere.MultiScatteringLUT.SampleCount:15.0]]
[2023.04.03-23.27.25:291][  0]LogConfig: Setting CVar [[r.SkyLight.RealTimeReflectionCapture:1]]
[2023.04.03-23.27.25:291][  0]LogConfig: Applying CVar settings from Section [FoliageQuality@3] File [C:/Users/Jack/Documents/GitHub/PacManHunter/Saved/Config/Windows/Scalability.ini]
[2023.04.03-23.27.25:291][  0]LogConfig: Setting CVar [[foliage.DensityScale:1.0]]
[2023.04.03-23.27.25:291][  0]LogConfig: Setting CVar [[grass.DensityScale:1.0]]
[2023.04.03-23.27.25:291][  0]LogConfig: Applying CVar settings from Section [ShadingQuality@3] File [C:/Users/Jack/Documents/GitHub/PacManHunter/Saved/Config/Windows/Scalability.ini]
[2023.04.03-23.27.25:291][  0]LogConfig: Setting CVar [[r.HairStrands.SkyLighting.IntegrationType:2]]
[2023.04.03-23.27.25:291][  0]LogConfig: Setting CVar [[r.HairStrands.SkyAO.SampleCount:4]]
[2023.04.03-23.27.25:291][  0]LogConfig: Setting CVar [[r.HairStrands.Visibility.MSAA.SamplePerPixel:4]]
[2023.04.03-23.27.25:291][  0]LogInit: Selected Device Profile: [Windows]
[2023.04.03-23.27.25:291][  0]LogInit: Applying CVar settings loaded from the selected device profile: [Windows]
[2023.04.03-23.27.25:291][  0]LogHAL: Display: Platform has ~ 8 GB [8341741568 / 8589934592 / 8], which maps to Default [LargestMinGB=32, LargerMinGB=12, DefaultMinGB=8, SmallerMinGB=6, SmallestMinGB=0)
[2023.04.03-23.27.25:291][  0]LogInit: Going up to parent DeviceProfile []
[2023.04.03-23.27.25:291][  0]LogConfig: Applying CVar settings from Section [ViewDistanceQuality@3] File [C:/Users/Jack/Documents/GitHub/PacManHunter/Saved/Config/Windows/Scalability.ini]
[2023.04.03-23.27.25:291][  0]LogConfig: Setting CVar [[r.SkeletalMeshLODBias:0]]
[2023.04.03-23.27.25:291][  0]LogConfig: Setting CVar [[r.ViewDistanceScale:1.0]]
[2023.04.03-23.27.25:291][  0]LogConfig: Applying CVar settings from Section [AntiAliasingQuality@3] File [C:/Users/Jack/Documents/GitHub/PacManHunter/Saved/Config/Windows/Scalability.ini]
[2023.04.03-23.27.25:291][  0]LogConfig: Setting CVar [[r.PostProcessAAQuality:4]]
[2023.04.03-23.27.25:291][  0]LogConfig: Applying CVar settings from Section [ShadowQuality@3] File [C:/Users/Jack/Documents/GitHub/PacManHunter/Saved/Config/Windows/Scalability.ini]
[2023.04.03-23.27.25:291][  0]LogConfig: Setting CVar [[r.LightFunctionQuality:1]]
[2023.04.03-23.27.25:291][  0]LogConfig: Setting CVar [[r.ShadowQuality:5]]
[2023.04.03-23.27.25:291][  0]LogConfig: Setting CVar [[r.Shadow.CSM.MaxCascades:10]]
[2023.04.03-23.27.25:291][  0]LogConfig: Setting CVar [[r.Shadow.MaxResolution:2048]]
[2023.04.03-23.27.25:291][  0]LogConfig: Setting CVar [[r.Shadow.MaxCSMResolution:2048]]
[2023.04.03-23.27.25:291][  0]LogConfig: Setting CVar [[r.Shadow.RadiusThreshold:0.01]]
[2023.04.03-23.27.25:291][  0]LogConfig: Setting CVar [[r.Shadow.DistanceScale:1.0]]
[2023.04.03-23.27.25:291][  0]LogConfig: Setting CVar [[r.Shadow.CSM.TransitionScale:1.0]]
[2023.04.03-23.27.25:291][  0]LogConfig: Setting CVar [[r.Shadow.PreShadowResolutionFactor:1.0]]
[2023.04.03-23.27.25:291][  0]LogConfig: Setting CVar [[r.DistanceFieldShadowing:1]]
[2023.04.03-23.27.25:291][  0]LogConfig: Setting CVar [[r.DistanceFieldAO:1]]
[2023.04.03-23.27.25:291][  0]LogConfig: Setting CVar [[r.AOQuality:2]]
[2023.04.03-23.27.25:291][  0]LogConfig: Setting CVar [[r.VolumetricFog:1]]
[2023.04.03-23.27.25:291][  0]LogConfig: Setting CVar [[r.VolumetricFog.GridPixelSize:8]]
[2023.04.03-23.27.25:291][  0]LogConfig: Setting CVar [[r.VolumetricFog.GridSizeZ:128]]
[2023.04.03-23.27.25:291][  0]LogConfig: Setting CVar [[r.VolumetricFog.HistoryMissSupersampleCount:4]]
[2023.04.03-23.27.25:291][  0]LogConfig: Setting CVar [[r.LightMaxDrawDistanceScale:1]]
[2023.04.03-23.27.25:291][  0]LogConfig: Setting CVar [[r.CapsuleShadows:1]]
[2023.04.03-23.27.25:291][  0]LogConfig: Applying CVar settings from Section [PostProcessQuality@3] File [C:/Users/Jack/Documents/GitHub/PacManHunter/Saved/Config/Windows/Scalability.ini]
[2023.04.03-23.27.25:291][  0]LogConfig: Setting CVar [[r.MotionBlurQuality:4]]
[2023.04.03-23.27.25:291][  0]LogConfig: Setting CVar [[r.AmbientOcclusionMipLevelFactor:0.4]]
[2023.04.03-23.27.25:291][  0]LogConfig: Setting CVar [[r.AmbientOcclusionMaxQuality:100]]
[2023.04.03-23.27.25:291][  0]LogConfig: Setting CVar [[r.AmbientOcclusionLevels:-1]]
[2023.04.03-23.27.25:291][  0]LogConfig: Setting CVar [[r.AmbientOcclusionRadiusScale:1.0]]
[2023.04.03-23.27.25:291][  0]LogConfig: Setting CVar [[r.DepthOfFieldQuality:2]]
[2023.04.03-23.27.25:291][  0]LogConfig: Setting CVar [[r.RenderTargetPoolMin:400]]
[2023.04.03-23.27.25:291][  0]LogConfig: Setting CVar [[r.LensFlareQuality:2]]
[2023.04.03-23.27.25:291][  0]LogConfig: Setting CVar [[r.SceneColorFringeQuality:1]]
[2023.04.03-23.27.25:291][  0]LogConfig: Setting CVar [[r.EyeAdaptationQuality:2]]
[2023.04.03-23.27.25:291][  0]LogConfig: Setting CVar [[r.BloomQuality:5]]
[2023.04.03-23.27.25:291][  0]LogConfig: Setting CVar [[r.FastBlurThreshold:100]]
[2023.04.03-23.27.25:291][  0]LogConfig: Setting CVar [[r.Upscale.Quality:3]]
[2023.04.03-23.27.25:291][  0]LogConfig: Setting CVar [[r.Tonemapper.GrainQuantization:1]]
[2023.04.03-23.27.25:291][  0]LogConfig: Setting CVar [[r.LightShaftQuality:1]]
[2023.04.03-23.27.25:291][  0]LogConfig: Setting CVar [[r.Filter.SizeScale:1]]
[2023.04.03-23.27.25:291][  0]LogConfig: Setting CVar [[r.Tonemapper.Quality:5]]
[2023.04.03-23.27.25:291][  0]LogConfig: Setting CVar [[r.DOF.Gather.AccumulatorQuality:1        ; higher gathering accumulator quality]]
[2023.04.03-23.27.25:291][  0]LogConfig: Setting CVar [[r.DOF.Gather.PostfilterMethod:1          ; Median3x3 postfilering method]]
[2023.04.03-23.27.25:291][  0]LogConfig: Setting CVar [[r.DOF.Gather.EnableBokehSettings:0       ; no bokeh simulation when gathering]]
[2023.04.03-23.27.25:291][  0]LogConfig: Setting CVar [[r.DOF.Gather.RingCount:4                 ; medium number of samples when gathering]]
[2023.04.03-23.27.25:291][  0]LogConfig: Setting CVar [[r.DOF.Scatter.ForegroundCompositing:1    ; additive foreground scattering]]
[2023.04.03-23.27.25:291][  0]LogConfig: Setting CVar [[r.DOF.Scatter.BackgroundCompositing:2    ; additive background scattering]]
[2023.04.03-23.27.25:291][  0]LogConfig: Setting CVar [[r.DOF.Scatter.EnableBokehSettings:1      ; bokeh simulation when scattering]]
[2023.04.03-23.27.25:291][  0]LogConfig: Setting CVar [[r.DOF.Scatter.MaxSpriteRatio:0.1         ; only a maximum of 10% of scattered bokeh]]
[2023.04.03-23.27.25:291][  0]LogConfig: Setting CVar [[r.DOF.Recombine.Quality:1                ; cheap slight out of focus]]
[2023.04.03-23.27.25:291][  0]LogConfig: Setting CVar [[r.DOF.Recombine.EnableBokehSettings:0    ; no bokeh simulation on slight out of focus]]
[2023.04.03-23.27.25:291][  0]LogConfig: Setting CVar [[r.DOF.TemporalAAQuality:1                ; more stable temporal accumulation]]
[2023.04.03-23.27.25:291][  0]LogConfig: Setting CVar [[r.DOF.Kernel.MaxForegroundRadius:0.025]]
[2023.04.03-23.27.25:291][  0]LogConfig: Setting CVar [[r.DOF.Kernel.MaxBackgroundRadius:0.025]]
[2023.04.03-23.27.25:291][  0]LogConfig: Applying CVar settings from Section [TextureQuality@3] File [C:/Users/Jack/Documents/GitHub/PacManHunter/Saved/Config/Windows/Scalability.ini]
[2023.04.03-23.27.25:291][  0]LogConfig: Setting CVar [[r.Streaming.MipBias:0]]
[2023.04.03-23.27.25:291][  0]LogConfig: Setting CVar [[r.Streaming.AmortizeCPUToGPUCopy:0]]
[2023.04.03-23.27.25:291][  0]LogConfig: Setting CVar [[r.Streaming.MaxNumTexturesToStreamPerFrame:0]]
[2023.04.03-23.27.25:291][  0]LogConfig: Setting CVar [[r.Streaming.Boost:1]]
[2023.04.03-23.27.25:293][  0]LogConfig: Setting CVar [[r.MaxAnisotropy:8]]
[2023.04.03-23.27.25:293][  0]LogConfig: Setting CVar [[r.VT.MaxAnisotropy:8]]
[2023.04.03-23.27.25:293][  0]LogConfig: Setting CVar [[r.Streaming.LimitPoolSizeToVRAM:0]]
[2023.04.03-23.27.25:293][  0]LogConfig: Setting CVar [[r.Streaming.PoolSize:1000]]
[2023.04.03-23.27.25:293][  0]LogConfig: Setting CVar [[r.Streaming.MaxEffectiveScreenSize:0]]
[2023.04.03-23.27.25:293][  0]LogConfig: Applying CVar settings from Section [EffectsQuality@3] File [C:/Users/Jack/Documents/GitHub/PacManHunter/Saved/Config/Windows/Scalability.ini]
[2023.04.03-23.27.25:293][  0]LogConfig: Setting CVar [[r.TranslucencyLightingVolumeDim:64]]
[2023.04.03-23.27.25:293][  0]LogConfig: Setting CVar [[r.RefractionQuality:2]]
[2023.04.03-23.27.25:293][  0]LogConfig: Setting CVar [[r.SSR.Quality:3]]
[2023.04.03-23.27.25:293][  0]LogConfig: Setting CVar [[r.SSR.HalfResSceneColor:0]]
[2023.04.03-23.27.25:293][  0]LogConfig: Setting CVar [[r.SceneColorFormat:4]]
[2023.04.03-23.27.25:293][  0]LogConfig: Setting CVar [[r.DetailMode:2]]
[2023.04.03-23.27.25:293][  0]LogConfig: Setting CVar [[r.TranslucencyVolumeBlur:1]]
[2023.04.03-23.27.25:293][  0]LogConfig: Setting CVar [[r.MaterialQualityLevel:1 ; High quality]]
[2023.04.03-23.27.25:293][  0]LogConfig: Setting CVar [[r.AnisotropicMaterials:1]]
[2023.04.03-23.27.25:293][  0]LogConfig: Setting CVar [[r.SSS.Scale:1]]
[2023.04.03-23.27.25:293][  0]LogConfig: Setting CVar [[r.SSS.SampleSet:2]]
[2023.04.03-23.27.25:293][  0]LogConfig: Setting CVar [[r.SSS.Quality:1]]
[2023.04.03-23.27.25:293][  0]LogConfig: Setting CVar [[r.SSS.HalfRes:0]]
[2023.04.03-23.27.25:293][  0]LogConfig: Setting CVar [[r.SSGI.Quality:3]]
[2023.04.03-23.27.25:293][  0]LogConfig: Setting CVar [[r.EmitterSpawnRateScale:1.0]]
[2023.04.03-23.27.25:293][  0]LogConfig: Setting CVar [[r.ParticleLightQuality:2]]
[2023.04.03-23.27.25:293][  0]LogConfig: Setting CVar [[r.SkyAtmosphere.AerialPerspectiveLUT.FastApplyOnOpaque:1 ; Always have FastSkyLUT 1 in this case to avoid wrong sky]]
[2023.04.03-23.27.25:293][  0]LogConfig: Setting CVar [[r.SkyAtmosphere.AerialPerspectiveLUT.SampleCountMaxPerSlice:4]]
[2023.04.03-23.27.25:293][  0]LogConfig: Setting CVar [[r.SkyAtmosphere.AerialPerspectiveLUT.DepthResolution:16.0]]
[2023.04.03-23.27.25:293][  0]LogConfig: Setting CVar [[r.SkyAtmosphere.FastSkyLUT:1]]
[2023.04.03-23.27.25:293][  0]LogConfig: Setting CVar [[r.SkyAtmosphere.FastSkyLUT.SampleCountMin:4.0]]
[2023.04.03-23.27.25:293][  0]LogConfig: Setting CVar [[r.SkyAtmosphere.FastSkyLUT.SampleCountMax:128.0]]
[2023.04.03-23.27.25:293][  0]LogConfig: Setting CVar [[r.SkyAtmosphere.SampleCountMin:4.0]]
[2023.04.03-23.27.25:293][  0]LogConfig: Setting CVar [[r.SkyAtmosphere.SampleCountMax:128.0]]
[2023.04.03-23.27.25:293][  0]LogConfig: Setting CVar [[r.SkyAtmosphere.TransmittanceLUT.UseSmallFormat:0]]
[2023.04.03-23.27.25:293][  0]LogConfig: Setting CVar [[r.SkyAtmosphere.TransmittanceLUT.SampleCount:10.0]]
[2023.04.03-23.27.25:293][  0]LogConfig: Setting CVar [[r.SkyAtmosphere.MultiScatteringLUT.SampleCount:15.0]]
[2023.04.03-23.27.25:293][  0]LogConfig: Setting CVar [[r.SkyLight.RealTimeReflectionCapture:1]]
[2023.04.03-23.27.25:293][  0]LogConfig: Applying CVar settings from Section [FoliageQuality@3] File [C:/Users/Jack/Documents/GitHub/PacManHunter/Saved/Config/Windows/Scalability.ini]
[2023.04.03-23.27.25:293][  0]LogConfig: Setting CVar [[foliage.DensityScale:1.0]]
[2023.04.03-23.27.25:293][  0]LogConfig: Setting CVar [[grass.DensityScale:1.0]]
[2023.04.03-23.27.25:293][  0]LogConfig: Applying CVar settings from Section [ShadingQuality@3] File [C:/Users/Jack/Documents/GitHub/PacManHunter/Saved/Config/Windows/Scalability.ini]
[2023.04.03-23.27.25:293][  0]LogConfig: Setting CVar [[r.HairStrands.SkyLighting.IntegrationType:2]]
[2023.04.03-23.27.25:293][  0]LogConfig: Setting CVar [[r.HairStrands.SkyAO.SampleCount:4]]
[2023.04.03-23.27.25:293][  0]LogConfig: Setting CVar [[r.HairStrands.Visibility.MSAA.SamplePerPixel:4]]
[2023.04.03-23.27.25:293][  0]LogConfig: Applying CVar settings from Section [Startup] File [../../../Engine/Config/ConsoleVariables.ini]
[2023.04.03-23.27.25:293][  0]LogConfig: Setting CVar [[net.UseAdaptiveNetUpdateFrequency:0]]
[2023.04.03-23.27.25:293][  0]LogConfig: Setting CVar [[p.chaos.AllowCreatePhysxBodies:1]]
[2023.04.03-23.27.25:293][  0]LogConfig: Setting CVar [[fx.SkipVectorVMBackendOptimizations:1]]
[2023.04.03-23.27.25:293][  0]LogConfig: Applying CVar settings from Section [ConsoleVariables] File [C:/Users/Jack/Documents/GitHub/PacManHunter/Saved/Config/Windows/Engine.ini]
[2023.04.03-23.27.25:293][  0]LogConfig: Applying CVar settings from Section [ConsoleVariables] File [C:/Users/Jack/Documents/GitHub/PacManHunter/Saved/Config/Windows/Editor.ini]
[2023.04.03-23.27.25:293][  0]LogInit: Computer: LAPTOP-REET2DGH
[2023.04.03-23.27.25:293][  0]LogInit: User: Jack
[2023.04.03-23.27.25:293][  0]LogInit: CPU Page size=4096, Cores=6
[2023.04.03-23.27.25:293][  0]LogInit: High frequency timer resolution =10.000000 MHz
[2023.04.03-23.27.25:293][  0]LogMemory: Memory total: Physical=7.8GB (8GB approx)
[2023.04.03-23.27.25:293][  0]LogMemory: Platform Memory Stats for Windows
[2023.04.03-23.27.25:293][  0]LogMemory: Process Physical Memory: 145.38 MB used, 145.38 MB peak
[2023.04.03-23.27.25:293][  0]LogMemory: Process Virtual Memory: 132.21 MB used, 132.21 MB peak
[2023.04.03-23.27.25:293][  0]LogMemory: Physical Memory: 6616.23 MB used,  1339.08 MB free, 7955.30 MB total
[2023.04.03-23.27.25:293][  0]LogMemory: Virtual Memory: 134213424.00 MB used,  4303.77 MB free, 134217728.00 MB total
[2023.04.03-23.27.25:300][  0]LogWindows: WindowsPlatformFeatures enabled
[2023.04.03-23.27.25:363][  0]LogInit: Physics initialised using underlying interface: PhysX
[2023.04.03-23.27.25:363][  0]LogInit: Using OS detected language (en-GB).
[2023.04.03-23.27.25:363][  0]LogInit: Using OS detected locale (en-GB).
[2023.04.03-23.27.25:366][  0]LogTextLocalizationManager: No specific localization for 'en-GB' exists, so the 'en' localization will be used.
[2023.04.03-23.27.25:695][  0]LogWindowsTextInputMethodSystem: Display: IME system deactivated.
[2023.04.03-23.27.25:738][  0]LogSlate: New Slate User Created.  User Index 0, Is Virtual User: 0
[2023.04.03-23.27.25:738][  0]LogSlate: Slate User Registered.  User Index 0, Is Virtual User: 0
[2023.04.03-23.27.25:759][  0]LogD3D11RHI: Loaded GFSDK_Aftermath_Lib.x64.dll
[2023.04.03-23.27.25:799][  0]LogHMD: Failed to initialize OpenVR with code 110
[2023.04.03-23.27.25:799][  0]LogD3D11RHI: D3D11 min allowed feature level: 11_0
[2023.04.03-23.27.25:799][  0]LogD3D11RHI: D3D11 max allowed feature level: 11_0
[2023.04.03-23.27.25:799][  0]LogD3D11RHI: D3D11 adapters:
[2023.04.03-23.27.25:926][  0]LogD3D11RHI:    0. 'NVIDIA GeForce RTX 3050 Ti Laptop GPU' (Feature Level 11_0)
[2023.04.03-23.27.25:926][  0]LogD3D11RHI:       3990/0/3977 MB DedicatedVideo/DedicatedSystem/SharedSystem, Outputs:2, VendorId:0x10de
[2023.04.03-23.27.26:000][  0]LogD3D11RHI:    1. 'Intel(R) UHD Graphics' (Feature Level 11_0)
[2023.04.03-23.27.26:000][  0]LogD3D11RHI:       128/0/3977 MB DedicatedVideo/DedicatedSystem/SharedSystem, Outputs:0, VendorId:0x8086
[2023.04.03-23.27.26:009][  0]LogD3D11RHI:    2. 'Microsoft Basic Render Driver' (Feature Level 11_0)
[2023.04.03-23.27.26:009][  0]LogD3D11RHI:       0/0/3977 MB DedicatedVideo/DedicatedSystem/SharedSystem, Outputs:0, VendorId:0x1414
[2023.04.03-23.27.26:009][  0]LogD3D11RHI: Chosen D3D11 Adapter:
[2023.04.03-23.27.26:009][  0]LogD3D11RHI:     Description : NVIDIA GeForce RTX 3050 Ti Laptop GPU
[2023.04.03-23.27.26:009][  0]LogD3D11RHI:     VendorId    : 10de
[2023.04.03-23.27.26:009][  0]LogD3D11RHI:     DeviceId    : 25a0
[2023.04.03-23.27.26:009][  0]LogD3D11RHI:     SubSysId    : 153a1025
[2023.04.03-23.27.26:009][  0]LogD3D11RHI:     Revision    : 00a1
[2023.04.03-23.27.26:009][  0]LogD3D11RHI:     DedicatedVideoMemory : 4183818240 bytes
[2023.04.03-23.27.26:009][  0]LogD3D11RHI:     DedicatedSystemMemory : 0 bytes
[2023.04.03-23.27.26:009][  0]LogD3D11RHI:     SharedSystemMemory : 4170870784 bytes
[2023.04.03-23.27.26:009][  0]LogD3D11RHI:     AdapterLuid : 0 66704
[2023.04.03-23.27.26:016][  0]LogD3D11RHI: Creating new Direct3DDevice
[2023.04.03-23.27.26:016][  0]LogD3D11RHI:     GPU DeviceId: 0x25a0 (for the marketing name, search the web for "GPU Device Id")
[2023.04.03-23.27.26:016][  0]LogWindows: EnumDisplayDevices:
[2023.04.03-23.27.26:016][  0]LogWindows:    0. 'Intel(R) UHD Graphics' (P:1 D:1)
[2023.04.03-23.27.26:016][  0]LogWindows:    1. 'Intel(R) UHD Graphics' (P:0 D:0)
[2023.04.03-23.27.26:017][  0]LogWindows:    2. 'Intel(R) UHD Graphics' (P:0 D:0)
[2023.04.03-23.27.26:017][  0]LogWindows:    3. 'Intel(R) UHD Graphics' (P:0 D:0)
[2023.04.03-23.27.26:017][  0]LogWindows:    4. 'NVIDIA GeForce RTX 3050 Ti Laptop GPU' (P:0 D:1)
[2023.04.03-23.27.26:017][  0]LogWindows: DebugString: PrimaryIsNotTheChoosenAdapter PrimaryIsNotTheChoosenAdapter PrimaryIsNotTheChoosenAdapter PrimaryIsNotTheChoosenAdapter 
[2023.04.03-23.27.26:017][  0]LogD3D11RHI:     Adapter Name: NVIDIA GeForce RTX 3050 Ti Laptop GPU
[2023.04.03-23.27.26:017][  0]LogD3D11RHI:   Driver Version: 462.62 (internal:27.21.14.6262, unified:462.62)
[2023.04.03-23.27.26:017][  0]LogD3D11RHI:      Driver Date: 5-11-2021
[2023.04.03-23.27.26:017][  0]LogRHI: Texture pool is 2793 MB (70% of 3990 MB)
[2023.04.03-23.27.26:017][  0]LogD3D11RHI: Creating D3DDevice using adapter:
[2023.04.03-23.27.26:017][  0]LogD3D11RHI:     Description : NVIDIA GeForce RTX 3050 Ti Laptop GPU
[2023.04.03-23.27.26:017][  0]LogD3D11RHI:     VendorId    : 10de
[2023.04.03-23.27.26:017][  0]LogD3D11RHI:     DeviceId    : 25a0
[2023.04.03-23.27.26:017][  0]LogD3D11RHI:     SubSysId    : 153a1025
[2023.04.03-23.27.26:017][  0]LogD3D11RHI:     Revision    : 00a1
[2023.04.03-23.27.26:017][  0]LogD3D11RHI:     DedicatedVideoMemory : 4183818240 bytes
[2023.04.03-23.27.26:017][  0]LogD3D11RHI:     DedicatedSystemMemory : 0 bytes
[2023.04.03-23.27.26:017][  0]LogD3D11RHI:     SharedSystemMemory : 4170870784 bytes
[2023.04.03-23.27.26:017][  0]LogD3D11RHI:     AdapterLuid : 0 66704
[2023.04.03-23.27.26:099][  0]LogD3D11RHI: RHI has support for 64 bit atomics
[2023.04.03-23.27.26:099][  0]LogD3D11RHI: Async texture creation enabled
[2023.04.03-23.27.26:099][  0]LogD3D11RHI: Array index from any shader is supported
[2023.04.03-23.27.26:121][  0]LogD3D11RHI: GPU Timing Frequency: 1000.000000 (Debug: 2 2)
[2023.04.03-23.27.26:152][  0]LogRHI: GeForceNow SDK initialized: 1
[2023.04.03-23.27.26:524][  0]LogTargetPlatformManager: Display: Loaded TargetPlatform 'WindowsNoEditor'
[2023.04.03-23.27.26:531][  0]LogTargetPlatformManager: Display: Loaded TargetPlatform 'Windows'
[2023.04.03-23.27.26:537][  0]LogTargetPlatformManager: Display: Loaded TargetPlatform 'WindowsClient'
[2023.04.03-23.27.26:545][  0]LogTargetPlatformManager: Display: Loaded TargetPlatform 'WindowsServer'
[2023.04.03-23.27.26:545][  0]LogTargetPlatformManager: Display: Building Assets For Windows
[2023.04.03-23.27.26:556][  0]LogAudioDebug: Display: Lib vorbis DLL was dynamically loaded.
[2023.04.03-23.27.26:602][  0]LogTextureFormatOodle: Display: Oodle Texture 2.9.0 init RDO Off
[2023.04.03-23.27.26:650][  0]LogRendererCore: Ray tracing is disabled. Reason: r.RayTracing=0.
[2023.04.03-23.27.26:650][  0]LogShaderCompilers: Guid format shader working directory is -14 characters bigger than the processId version (../../../../../../Users/Jack/Documents/GitHub/PacManHunter/Intermediate/Shaders/WorkingDirectory/10160/).
[2023.04.03-23.27.26:650][  0]LogShaderCompilers: Cleaned the shader compiler working directory 'C:/Users/Jack/AppData/Local/Temp/UnrealShaderWorkingDir/EDA064C840068266F946DBA2D7ACD157/'.
[2023.04.03-23.27.26:651][  0]LogXGEController: Cannot use XGE Controller as Incredibuild is not installed on this machine.
[2023.04.03-23.27.26:651][  0]LogShaderCompilers: Cannot use XGE Shader Compiler as Incredibuild is not installed on this machine.
[2023.04.03-23.27.26:651][  0]LogShaderCompilers: Display: Using Local Shader Compiler.
[2023.04.03-23.27.27:431][  0]LogDerivedDataCache: Display: Max Cache Size: 512 MB
[2023.04.03-23.27.27:560][  0]LogDerivedDataCache: Loaded boot cache 0.13s 106MB C:/Users/Jack/AppData/Local/UnrealEngine/4.27/DerivedDataCache/Boot.ddc.
[2023.04.03-23.27.27:560][  0]LogDerivedDataCache: Display: Loaded Boot cache: C:/Users/Jack/AppData/Local/UnrealEngine/4.27/DerivedDataCache/Boot.ddc
[2023.04.03-23.27.27:561][  0]LogDerivedDataCache: FDerivedDataBackendGraph:  Pak pak cache file ../../../../../../Users/Jack/Documents/GitHub/PacManHunter/DerivedDataCache/DDC.ddp not found, will not use a pak cache.
[2023.04.03-23.27.27:561][  0]LogDerivedDataCache: Unable to find inner node Pak for hierarchical cache Hierarchy.
[2023.04.03-23.27.27:561][  0]LogDerivedDataCache: FDerivedDataBackendGraph:  CompressedPak pak cache file ../../../../../../Users/Jack/Documents/GitHub/PacManHunter/DerivedDataCache/Compressed.ddp not found, will not use a pak cache.
[2023.04.03-23.27.27:561][  0]LogDerivedDataCache: Unable to find inner node CompressedPak for hierarchical cache Hierarchy.
[2023.04.03-23.27.27:579][  0]LogDerivedDataCache: Display: Pak cache opened for reading ../../../Engine/DerivedDataCache/Compressed.ddp.
[2023.04.03-23.27.27:579][  0]LogDerivedDataCache: FDerivedDataBackendGraph:  EnterprisePak pak cache file ../../../Enterprise/DerivedDataCache/Compressed.ddp not found, will not use a pak cache.
[2023.04.03-23.27.27:579][  0]LogDerivedDataCache: Unable to find inner node EnterprisePak for hierarchical cache Hierarchy.
[2023.04.03-23.27.27:596][  0]LogDerivedDataCache: Speed tests for C:/Users/Jack/AppData/Local/UnrealEngine/Common/DerivedDataCache took 0.02 seconds
[2023.04.03-23.27.27:596][  0]LogDerivedDataCache: Display: Performance to C:/Users/Jack/AppData/Local/UnrealEngine/Common/DerivedDataCache: Latency=0.03ms. RandomReadSpeed=999.56MBs, RandomWriteSpeed=59.67MBs. Assigned SpeedClass 'Local'
[2023.04.03-23.27.27:598][  0]LogDerivedDataCache: Using Local data cache path C:/Users/Jack/AppData/Local/UnrealEngine/Common/DerivedDataCache: Writable
[2023.04.03-23.27.27:598][  0]LogDerivedDataCache: Shared data cache path not found in *engine.ini, will not use an Shared cache.
[2023.04.03-23.27.27:598][  0]LogDerivedDataCache: Unable to find inner node Shared for hierarchical cache Hierarchy.
[2023.04.03-23.27.27:633][  0]LogSlate: Using FreeType 2.10.0
[2023.04.03-23.27.27:634][  0]LogSlate: SlateFontServices - WITH_FREETYPE: 1, WITH_HARFBUZZ: 1
[2023.04.03-23.27.27:815][  0]LogInit: Using OS detected language (en-GB).
[2023.04.03-23.27.27:815][  0]LogInit: Using OS detected locale (en-GB).
[2023.04.03-23.27.27:815][  0]LogTextLocalizationManager: No localization for 'en-GB' exists, so 'en' will be used for the language.
[2023.04.03-23.27.27:815][  0]LogTextLocalizationManager: No localization for 'en-GB' exists, so 'en' will be used for the locale.
[2023.04.03-23.27.27:815][  0]LogSlate: FontCache flush requested. Reason: Culture for localization was changed
[2023.04.03-23.27.27:815][  0]LogSlate: FontCache flush requested. Reason: Culture for localization was changed
[2023.04.03-23.27.27:822][  0]LogTextLocalizationManager: Compacting localization data took   0.01ms
[2023.04.03-23.27.27:822][  0]LogAssetRegistry: FAssetRegistry took 0.0025 seconds to start up
[2023.04.03-23.27.28:051][  0]LogPackageLocalizationCache: Processed 27 localized package path(s) for 1 prioritized culture(s) in 0.000925 seconds
[2023.04.03-23.27.28:111][  0]LogInit: Selected Device Profile: [Windows]
[2023.04.03-23.27.28:111][  0]LogInit: Active device profile: [0000022532081400][0000022521F3D6C0 49] Windows
[2023.04.03-23.27.28:111][  0]LogInit: Profiles: [0000022532081400][0000022521F3D6C0 49] Windows, [0000022532004100][0000022521765800 49] WindowsNoEditor, [0000022531FF8200][0000022521769940 49] WindowsServer, [0000022532006500][000002252176DA80 49] WindowsClient, [0000022531FF9A00][0000022521775C00 49] IOS, [0000022532006000][0000022521778200 49] iPadAir, [0000022531FFA100][0000022521A52380 49] iPadAir2, [0000022531FB8400][0000022521A5A640 49] IPadPro, [0000022531FB8500][0000022521A56680 49] iPadAir3, [0000022531FFB900][0000022521A5E800 49] iPadAir4, [0000022531FBBD00][0000022521A62980 49] iPadMini2, [0000022531FF8800][0000022521A66B00 49] iPadMini3, [0000022531FB9300][0000022521A6AC80 49] iPadMini4, [0000022531FFB200][0000022521A6EE00 49] iPadMini5, [0000022531F9FC00][0000022521A770C0 49] iPhone6, [0000022531F9FD00][0000022521A73100 49] iPodTouch6, [0000022531FBB400][0000022521A7F3C0 49] iPhone7, [0000022531FBB300][0000022521A7B400 49] iPodTouch7, [0000022531F9C700][0000022521A83580 49] iPhone5S, [0000022531FBB700][0000022521A87700 49] iPhone6Plus, [0000022531F9F000][0000022521A8B880 49] iPhone6S, [0000022531FBBF00][00000225217719C0 49] iPhone6SPlus, [0000022531F9D100][0000022521A8FB00 49] iPhone7Plus, [0000022531FB8A00][0000022521A920C0 49] iPhoneSE, [0000022531F9E700][0000022521A9A240 49] iPhone8, [0000022531FB9A00][00000225228723C0 49] iPhone8Plus, [0000022531F9F400][0000022522876540 49] iPhoneX, [0000022531FB8900][000002252287A6C0 49] iPhoneXS, [0000022531F9CD00][000002252287E840 49] iPhoneXSMax, [0000022531FB9900][00000225228829C0 49] iPhoneXR, [0000022531F9FA00][0000022522886B40 49] iPhone11, [0000022531FB8F00][000002252288ACC0 49] iPhone11Pro, [0000022531F9C400][000002252288EE40 49] iPhone11ProMax, [0000022531FB9D00][0000022522892FC0 49] iPhoneSE2, [0000022531F9CE00][0000022522897140 49] iPhone12Mini, [0000022531FB8E00][000002252289B2C0 49] iPhone12, [0000022531F9DA00][000002252289F440 49] iPhone12Pro, [0000022531FBA600][00000225228A35C0 49] iPhone12ProMax, [0000022531F9D900][00000225228A7740 49] iPadPro105, [0000022531FB9C00][00000225228AB8C0 49] iPadPro129, [0000022531F9ED00][00000225228AFA40 49] iPadPro97, [0000022531FB9B00][0000022521A97B80 49] iPadPro2_129, [0000022531F9D300][00000225228B2140 49] iPad5, [0000022531FBAD00][00000225228B6280 49] iPad6, [0000022531F9DB00][00000225228BA3C0 49] iPad7, [0000022531FBAF00][00000225228C2540 49] iPad8, [0000022531F9CC00][00000225228C66C0 49] iPadPro11, [0000022531FBA300][00000225228CA840 49] iPadPro2_11, [0000022531F9F100][00000225228CE9C0 49] iPadPro3_129, [0000022531FBA000][00000225228D2B40 49] iPadPro4_129, [0000022531F9CB00][00000225228D6CC0 49] AppleTV, [0000022531FBBE00][00000225228DAE40 49] AppleTV4K, [0000022531F9C500][00000225228DEFC0 49] TVOS, [0000022531FBB500][00000225228E3140 49] Mac, [0000022531F9F300][00000225228E72C0 49] MacClient, [0000022531FB9200][00000225228EB440 49] MacNoEditor, [0000022531F9F600][00000225228EF5C0 49] MacServer, [0000022531FB9400][00000225228F3740 49] Linux, [0000022531F9E500][00000225228F78C0 49] LinuxAArch64, [0000022531FBA400][00000225228FBA40 49] LinuxNoEditor, [0000022531F9DF00][00000225228FFBC0 49] LinuxAArch64NoEditor, [0000022531FBB200][00000225228BE180 49] LinuxClient, [0000022531F9F900][00000225229022C0 49] LinuxAArch64Client, [0000022531FBBB00][0000022522906400 49] LinuxServer, [0000022531F9E300][000002252290A540 49] LinuxAArch64Server, [0000022531FB9700][00000225229126C0 49] Android, [0000022532007900][0000022522916840 49] Android_Low, [0000022532083200][000002252291A9C0 49] Android_Mid, [0000022532007A00][000002252291EB40 49] Android_High, [0000022532080200][0000022522922CC0 49] Android_Default, [0000022532004A00][0000022522926E40 49] Android_Adreno4xx, [0000022532080C00][000002252292AFC0 49] Android_Adreno5xx_Low, [0000022532004600][000002252292F140 49] Android_Adreno5xx, [0000022532082700][00000225229332C0 49] Android_Adreno6xx, [0000022532005000][0000022522937440 49] Android_Adreno6xx_Vulkan, [0000022532081100][000002252293B5C0 49] Android_Mali_T6xx, [0000022532004900][000002252293F740 49] Android_Mali_T7xx, [0000022532080F00][00000225229438C0 49] Android_Mali_T8xx, [0000022532005F00][0000022522947A40 49] Android_Mali_G71, [0000022532082800][000002252294BBC0 49] Android_Mali_G72, [0000022532007800][000002252294E1C0 49] Android_Mali_G72_Vulkan, [0000022532082C00][0000022522952340 49] Android_Mali_G76, [0000022532006A00][000002252290E480 49] Android_Mali_G76_Vulkan, [0000022532082A00][00000225229565C0 49] Android_Mali_G77, [0000022532007000][000002252295A700 49] Android_Mali_G77_Vulkan, [0000022532081300][0000022522962880 49] Android_Mali_G78, [0000022532006E00][0000022522966A00 49] Android_Mali_G78_Vulkan, [0000022532082D00][000002252296AB80 49] Android_Mali_G710, [0000022532005C00][000002252296ED00 49] Android_Mali_G710_Vulkan, [0000022532083100][0000022522972E80 49] Android_Vulkan_SM5, [0000022532005800][0000022522977000 49] Android_PowerVR_G6xxx, [0000022532081E00][000002252297B180 49] Android_PowerVR_GT7xxx, [0000022532006B00][000002252297F300 49] Android_PowerVR_GE8xxx, [0000022532082900][0000022522983480 49] Android_PowerVR_GM9xxx, [0000022531FBB800][0000022522987600 49] Android_PowerVR_GM9xxx_Vulkan, [0000022532082F00][000002252298B780 49] Android_TegraK1, [0000022531FB9E00][000002252298F900 49] Android_Unknown_Vulkan, [0000022532082300][0000022522993A80 49] Lumin, [0000022531FBB600][0000022522997C00 49] Lumin_Desktop, [0000022532082600][000002252299A200 49] HoloLens, 
[2023.04.03-23.27.28:255][  0]LogMeshReduction: Using QuadricMeshReduction for automatic static mesh reduction
[2023.04.03-23.27.28:255][  0]LogMeshReduction: Using SimplygonMeshReduction for automatic skeletal mesh reduction
[2023.04.03-23.27.28:255][  0]LogMeshReduction: Using ProxyLODMeshReduction for automatic mesh merging
[2023.04.03-23.27.28:255][  0]LogMeshReduction: No distributed automatic mesh merging module available
[2023.04.03-23.27.28:255][  0]LogMeshMerging: No distributed automatic mesh merging module available
[2023.04.03-23.27.28:286][  0]LogNetVersion: PacManHunter 1.0.0, NetCL: 17155196, EngineNetVer: 17, GameNetVer: 0 (Checksum: 2554951525)
[2023.04.03-23.27.28:551][  0]LogTexture: Default maximum texture size for cubemaps generated from long-lat sources has been changed from 512 to unlimited. In order to preserve old behaiour for '/Engine/MapTemplates/Sky/DaylightAmbientCubemap.DaylightAmbientCubemap', its maximum texture size has been explicitly set to 512.
[2023.04.03-23.27.28:650][  0]LogHMD: PokeAHoleMaterial loaded successfully
[2023.04.03-23.27.28:835][  0]LogMoviePlayer: Initializing movie player
[2023.04.03-23.27.29:000][  0]LogNiagaraDebuggerClient: Niagara Debugger Client Initialized | Session: DBE0FCA140DFD3E542F15997EEA3C2ED | Instance: 98BB22E6470BE2FE9B37CD8C325AEE54 (LAPTOP-REET2DGH-10160).
[2023.04.03-23.27.29:032][  0]LogCollectionManager: Loaded 0 collections in 0.002122 seconds
[2023.04.03-23.27.29:037][  0]LogFileCache: Scanning file cache for directory 'C:/Users/Jack/Documents/GitHub/PacManHunter/Saved/Collections/' took 0.00s
[2023.04.03-23.27.29:037][  0]LogFileCache: Scanning file cache for directory 'C:/Users/Jack/Documents/GitHub/PacManHunter/Content/Developers/Jack/Collections/' took 0.00s
[2023.04.03-23.27.29:037][  0]LogCollectionManager: Fixed up redirectors for 0 collections in 0.000002 seconds (updated 0 objects)
[2023.04.03-23.27.29:188][  0]LogFileCache: Scanning file cache for directory 'C:/Users/Jack/Documents/GitHub/PacManHunter/Content/Collections/' took 0.00s
[2023.04.03-23.27.29:188][  0]LogPython: Using Python 3.7.7
[2023.04.03-23.27.29:675][  0]LogTcpMessaging: Initializing TcpMessaging bridge
[2023.04.03-23.27.29:680][  0]LogUdpMessaging: Initializing bridge on interface 0.0.0.0:0 to multicast group 230.0.0.1:6666.
[2023.04.03-23.27.29:797][  0]SourceControl: Source control is disabled
[2023.04.03-23.27.29:797][  0]SourceControl: Source control is disabled
[2023.04.03-23.27.29:801][  0]SourceControl: Source control is disabled
[2023.04.03-23.27.29:810][  0]LogUProjectInfo: Found projects:
[2023.04.03-23.27.29:921][  0]LogOpenImageDenoise: OIDN starting up
[2023.04.03-23.27.29:955][  0]LogAndroidPermission: UAndroidPermissionCallbackProxy::GetInstance
[2023.04.03-23.27.30:012][  0]LogAudioCaptureCore: Display: No Audio Capture implementations found. Audio input will be silent.
[2023.04.03-23.27.30:012][  0]LogAudioCaptureCore: Display: No Audio Capture implementations found. Audio input will be silent.
[2023.04.03-23.27.30:062][  0]LogOcInput: OculusInput pre-init called
[2023.04.03-23.27.30:071][  0]LogUObjectArray: 22121 objects as part of root set at end of initial load.
[2023.04.03-23.27.30:071][  0]LogUObjectAllocator: 5975632 out of 0 bytes used by permanent object pool.
[2023.04.03-23.27.30:071][  0]LogUObjectArray: CloseDisregardForGC: 0/0 objects in disregard for GC pool
[2023.04.03-23.27.30:126][  0]LogEngine: Initializing Engine...
[2023.04.03-23.27.30:129][  0]LogHMD: Failed to enumerate extensions. Please check that you have a valid OpenXR runtime installed.
[2023.04.03-23.27.30:129][  0]LogHMD: Failed to initialize OpenVR with code 110
[2023.04.03-23.27.30:129][  0]LogMagicLeap: Warning: VR disabled because ZI is not enabled.  To enable, in the editor, Edit -> Project Settings -> Plugins -> Magic Leap Plugin -> Enable Zero Iteration
[2023.04.03-23.27.30:131][  0]LogStats: UGameplayTagsManager::InitializeManager -  0.000 s
[2023.04.03-23.27.30:273][  0]LogInit: Initializing FReadOnlyCVARCache
[2023.04.03-23.27.30:273][  0]LogAudio: Display: Initializing Audio Device Manager...
[2023.04.03-23.27.30:282][  0]LogAudio: Display: Loading Default Audio Settings Objects...
[2023.04.03-23.27.30:285][  0]LogAudio: Display: No default SoundConcurrencyObject specified (or failed to load).
[2023.04.03-23.27.30:287][  0]LogAudio: Display: Audio Device Manager Initialized
[2023.04.03-23.27.30:287][  0]LogAudio: Display: Creating Audio Device:                 Id: 1, Scope: Shared, Realtime: True
[2023.04.03-23.27.30:287][  0]LogAudioMixer: Display: Audio Mixer Platform Settings:
[2023.04.03-23.27.30:287][  0]LogAudioMixer: Display: 	Sample Rate:						  48000
[2023.04.03-23.27.30:287][  0]LogAudioMixer: Display: 	Callback Buffer Frame Size Requested: 1024
[2023.04.03-23.27.30:287][  0]LogAudioMixer: Display: 	Callback Buffer Frame Size To Use:	  1024
[2023.04.03-23.27.30:287][  0]LogAudioMixer: Display: 	Number of buffers to queue:			  2
[2023.04.03-23.27.30:287][  0]LogAudioMixer: Display: 	Max Channels (voices):				  32
[2023.04.03-23.27.30:287][  0]LogAudioMixer: Display: 	Number of Async Source Workers:		  0
[2023.04.03-23.27.30:287][  0]LogAudio: Display: AudioDevice MaxSources: 32
[2023.04.03-23.27.30:288][  0]LogAudio: Display: Audio Spatialization Plugin: None (built-in).
[2023.04.03-23.27.30:288][  0]LogAudio: Display: Audio Reverb Plugin: None (built-in).
[2023.04.03-23.27.30:288][  0]LogAudio: Display: Audio Occlusion Plugin: None (built-in).
[2023.04.03-23.27.30:288][  0]LogAudioMixer: Display: Initializing audio mixer.
[2023.04.03-23.27.30:306][  0]LogAudioMixer: Display: 0: FrontLeft
[2023.04.03-23.27.30:306][  0]LogAudioMixer: Display: 1: FrontRight
[2023.04.03-23.27.30:416][  0]LogAudioMixer: Display: Using Audio Device Speakers (Realtek(R) Audio)
[2023.04.03-23.27.30:425][  0]LogAudioMixer: Display: Initializing Sound Submixes...
[2023.04.03-23.27.30:426][  0]LogAudioMixer: Display: Creating Master Submix 'MasterSubmixDefault'
[2023.04.03-23.27.30:426][  0]LogAudioMixer: Display: Creating Master Submix 'MasterReverbSubmixDefault'
[2023.04.03-23.27.30:428][  0]LogAudioMixer: Display: Creating Master Submix 'MasterEQSubmixDefault'
[2023.04.03-23.27.30:428][  0]LogAudioMixer: FMixerPlatformXAudio2::StartAudioStream() called
[2023.04.03-23.27.30:428][  0]LogAudioMixer: Display: Output buffers initialized: Frames=1024, Channels=2, Samples=2048
[2023.04.03-23.27.30:432][  0]LogAudioMixer: Display: Starting AudioMixerPlatformInterface::RunInternal()
[2023.04.03-23.27.30:432][  0]LogAudioMixer: Display: FMixerPlatformXAudio2::SubmitBuffer() called for the first time
[2023.04.03-23.27.30:432][  0]LogInit: FAudioDevice initialized.
[2023.04.03-23.27.30:433][  0]LogNetVersion: Set ProjectVersion to 1.0.0.0. Version Checksum will be recalculated on next use.
[2023.04.03-23.27.30:434][  0]LogInit: Texture streaming: Enabled
[2023.04.03-23.27.30:519][  0]LogAudio: Display: Audio Device (ID: 1) registered with world 'Untitled'.
[2023.04.03-23.27.30:519][  0]LogSlate: Updating window title bar state: overlay mode, drag disabled, window buttons hidden, title bar hidden
[2023.04.03-23.27.30:519][  0]LogInit: Display: Game Engine Initialized.
[2023.04.03-23.27.30:520][  0]LogNiagaraEditor: GEditor isn't valid! Particle reset commands will not work for Niagara components!
[2023.04.03-23.27.30:660][  0]LogInit: Display: Starting Game.
[2023.04.03-23.27.30:660][  0]LogNet: Browse: /Game/ThirdPersonBP/Maps/ThirdPersonExampleMap?Name=Player
[2023.04.03-23.27.30:660][  0]LogLoad: LoadMap: /Game/ThirdPersonBP/Maps/ThirdPersonExampleMap?Name=Player
[2023.04.03-23.27.30:660][  0]LogWorld: BeginTearingDown for /Temp/Untitled_0
[2023.04.03-23.27.30:661][  0]LogWorld: UWorld::CleanupWorld for Untitled, bSessionEnded=true, bCleanupResources=true
[2023.04.03-23.27.30:661][  0]LogSlate: InvalidateAllWidgets triggered.  All widgets were invalidated
[2023.04.03-23.27.30:669][  0]LogAudio: Display: Audio Device unregistered from world 'None'.
[2023.04.03-23.27.30:672][  0]LogUObjectHash: Compacting FUObjectHashTables data took   0.91ms
[2023.04.03-23.27.31:166][  0]LogAudio: Display: Audio Device (ID: 1) registered with world 'ThirdPersonExampleMap'.
[2023.04.03-23.27.31:178][  0]LogAIModule: Creating AISystem for world ThirdPersonExampleMap
[2023.04.03-23.27.31:363][  0]LogLoad: Game class is 'ThirdPersonGameMode_C'
[2023.04.03-23.27.31:369][  0]LogWorld: Bringing World /Game/ThirdPersonBP/Maps/ThirdPersonExampleMap.ThirdPersonExampleMap up for play (max tick rate 0) at 2023.04.04-00.27.31
[2023.04.03-23.27.31:371][  0]LogWorld: Bringing up level for play took: 0.006632
[2023.04.03-23.27.31:377][  0]LogLoad: Took 0.716759 seconds to LoadMap(/Game/ThirdPersonBP/Maps/ThirdPersonExampleMap)
[2023.04.03-23.27.31:414][  0]LogSlate: Took 0.000371 seconds to synchronously load lazily loaded font '../../../Engine/Content/Slate/Fonts/Roboto-Regular.ttf' (155K)
[2023.04.03-23.27.31:454][  0]LogRenderer: Reallocating scene render targets to support 1280x720 Format 10 NumSamples 1 (Frame:1).
[2023.04.03-23.27.31:454][  0]LogInit: Display: Engine is initialized. Leaving FEngineLoop::Init()
[2023.04.03-23.27.31:454][  0]LogLoad: (Engine Initialization) Total time: 7.51 seconds
[2023.04.03-23.27.31:454][  0]LogLoad: (Engine Initialization) Total Blueprint compile time: 0.00 seconds
[2023.04.03-23.27.31:458][  0]LogContentStreaming: Texture pool size now 1000 MB
[2023.04.03-23.27.31:460][  0]LogSlate: InvalidateAllWidgets triggered.  All widgets were invalidated
[2023.04.03-23.27.31:494][  0]LogRenderer: Reallocating scene render targets to support 128x128 Format 10 NumSamples 1 (Frame:1).
[2023.04.03-23.27.31:525][  0]LogRenderer: Reallocating scene render targets to support 1280x720 Format 10 NumSamples 1 (Frame:2).
[2023.04.03-23.27.31:542][  1]LogSlate: Took 0.000397 seconds to synchronously load lazily loaded font '../../../Engine/Content/Slate/Fonts/Roboto-Regular.ttf' (155K)
[2023.04.03-23.27.32:248][ 97]LogSlate: Updating window title bar state: overlay mode, drag disabled, window buttons hidden, title bar hidden
[2023.04.03-23.27.35:728][644]LogSlate: Updating window title bar state: overlay mode, drag disabled, window buttons hidden, title bar hidden
[2023.04.03-23.27.36:874][816]LogSlate: Updating window title bar state: overlay mode, drag disabled, window buttons hidden, title bar hidden
[2023.04.03-23.27.40:280][312]LogSlate: Window 'PacManHunter (64-bit Development PCD3D_SM5) ' being destroyed
[2023.04.03-23.27.40:281][312]LogWindowsTextInputMethodSystem: Display: IME system deactivated.
[2023.04.03-23.27.40:293][312]LogSlate: Updating window title bar state: overlay mode, drag disabled, window buttons hidden, title bar hidden
[2023.04.03-23.27.40:294][312]LogEngine: All Windows Closed
[2023.04.03-23.27.40:294][312]LogWindows: FPlatformMisc::RequestExit(0)
[2023.04.03-23.27.40:294][312]LogWindows: FPlatformMisc::RequestExitWithStatus(0, 0)
[2023.04.03-23.27.40:294][312]LogCore: Engine exit requested (reason: Win RequestExit)
[2023.04.03-23.27.40:296][313]LogCore: Engine exit requested (reason: EngineExit() was called; note: exit was already requested)
[2023.04.03-23.27.40:296][313]LogInit: Display: PreExit Game.
[2023.04.03-23.27.40:404][313]LogWorld: BeginTearingDown for /Game/ThirdPersonBP/Maps/ThirdPersonExampleMap
[2023.04.03-23.27.40:404][313]LogWorld: UWorld::CleanupWorld for ThirdPersonExampleMap, bSessionEnded=true, bCleanupResources=true
[2023.04.03-23.27.40:405][313]LogSlate: InvalidateAllWidgets triggered.  All widgets were invalidated
[2023.04.03-23.27.41:138][313]LogAudio: Display: Beginning Audio Device Manager Shutdown (Module: AudioMixerXAudio2)...
[2023.04.03-23.27.41:138][313]LogAudio: Display: Destroying 1 Remaining Audio Device(s)...
[2023.04.03-23.27.41:138][313]LogAudio: Display: Audio Device unregistered from world 'ThirdPersonExampleMap'.
[2023.04.03-23.27.41:183][313]LogAudioMixer: FMixerPlatformXAudio2::StopAudioStream() called
[2023.04.03-23.27.41:184][313]LogAudioMixer: FMixerPlatformXAudio2::StopAudioStream() called
[2023.04.03-23.27.41:191][313]LogAudio: Display: Audio Device Manager Shutdown
[2023.04.03-23.27.41:198][313]LogExit: Preparing to exit.
[2023.04.03-23.27.41:702][313]LogSlate: Updating window title bar state: overlay mode, drag disabled, window buttons hidden, title bar hidden
[2023.04.03-23.27.41:704][313]LogUObjectHash: Compacting FUObjectHashTables data took   0.73ms
[2023.04.03-23.27.41:727][313]LogMoviePlayer: Shutting down movie player
[2023.04.03-23.27.41:829][313]LogDemo: Cleaned up 0 splitscreen connections with owner deletion
[2023.04.03-23.27.41:833][313]LogExit: Game engine shut down
[2023.04.03-23.27.41:869][313]LogExit: Object subsystem successfully closed.
[2023.04.03-23.27.41:881][313]LogShaderCompilers: Display: === FShaderJobCache stats ===
[2023.04.03-23.27.41:881][313]LogShaderCompilers: Display: Total job queries 0, among them cache hits 0 (0.00%)
[2023.04.03-23.27.41:881][313]LogShaderCompilers: Display: Tracking 0 distinct input hashes that result in 0 distinct outputs (0.00%)
[2023.04.03-23.27.41:881][313]LogShaderCompilers: Display: RAM used: 0.00 MB (0.00 GB) of 409.60 MB (0.40 GB) budget. Usage: 0.00%
[2023.04.03-23.27.41:881][313]LogShaderCompilers: Display: ================================================
[2023.04.03-23.27.41:888][313]LogShaderCompilers: Display: Shaders left to compile 0
[2023.04.03-23.27.41:903][313]LogModuleManager: Shutting down and abandoning module SequenceRecorderSections (560)
[2023.04.03-23.27.41:903][313]LogModuleManager: Shutting down and abandoning module SequenceRecorder (558)
[2023.04.03-23.27.41:903][313]LogModuleManager: Shutting down and abandoning module AutomationController (556)
[2023.04.03-23.27.41:903][313]LogModuleManager: Shutting down and abandoning module AutomationWorker (554)
[2023.04.03-23.27.41:904][313]LogModuleManager: Shutting down and abandoning module Voice (552)
[2023.04.03-23.27.41:904][313]LogModuleManager: Shutting down and abandoning module AIModule (550)
[2023.04.03-23.27.41:904][313]LogModuleManager: Shutting down and abandoning module GameplayDebugger (549)
[2023.04.03-23.27.41:904][313]LogModuleManager: Shutting down and abandoning module AITestSuite (547)
[2023.04.03-23.27.41:904][313]LogModuleManager: Shutting down and abandoning module NavigationSystem (545)
[2023.04.03-23.27.41:904][313]LogModuleManager: Shutting down and abandoning module AnimGraph (542)
[2023.04.03-23.27.41:904][313]LogModuleManager: Shutting down and abandoning module SteamVREditor (540)
[2023.04.03-23.27.41:904][313]LogModuleManager: Shutting down and abandoning module ToolMenus (539)
[2023.04.03-23.27.41:904][313]LogModuleManager: Shutting down and abandoning module OculusMR (536)
[2023.04.03-23.27.41:904][313]LogModuleManager: Shutting down and abandoning module TakeRecorderSources (534)
[2023.04.03-23.27.41:904][313]LogModuleManager: Shutting down and abandoning module TakeRecorder (533)
[2023.04.03-23.27.41:904][313]LogModuleManager: Shutting down and abandoning module TakeTrackRecorders (530)
[2023.04.03-23.27.41:904][313]LogModuleManager: Shutting down and abandoning module TakesCore (528)
[2023.04.03-23.27.41:904][313]LogModuleManager: Shutting down and abandoning module OpenXRInput (526)
[2023.04.03-23.27.41:904][313]LogModuleManager: Shutting down and abandoning module WmfMediaFactory (524)
[2023.04.03-23.27.41:904][313]LogModuleManager: Shutting down and abandoning module WebMMediaFactory (522)
[2023.04.03-23.27.41:904][313]LogModuleManager: Shutting down and abandoning module WebMMedia (520)
[2023.04.03-23.27.41:904][313]LogModuleManager: Shutting down and abandoning module OpenExrWrapper (518)
[2023.04.03-23.27.41:904][313]LogModuleManager: Shutting down and abandoning module ImgMediaFactory (516)
[2023.04.03-23.27.41:904][313]LogModuleManager: Shutting down and abandoning module AvfMediaFactory (514)
[2023.04.03-23.27.41:904][313]LogModuleManager: Shutting down and abandoning module PlanarCut (512)
[2023.04.03-23.27.41:904][313]LogModuleManager: Shutting down and abandoning module MagicLeapMediaCodecFactory (510)
[2023.04.03-23.27.41:904][313]LogModuleManager: Shutting down and abandoning module MagicLeapMediaFactory (508)
[2023.04.03-23.27.41:904][313]LogModuleManager: Shutting down and abandoning module CharacterAI (506)
[2023.04.03-23.27.41:904][313]LogModuleManager: Shutting down and abandoning module SessionServices (504)
[2023.04.03-23.27.41:904][313]LogModuleManager: Shutting down and abandoning module MovieSceneCapture (502)
[2023.04.03-23.27.41:904][313]LogModuleManager: Shutting down and abandoning module LiveCoding (500)
[2023.04.03-23.27.41:904][313]LogModuleManager: Shutting down and abandoning module LevelSequence (498)
[2023.04.03-23.27.41:904][313]LogModuleManager: Shutting down and abandoning module MovieSceneTracks (496)
[2023.04.03-23.27.41:904][313]LogModuleManager: Shutting down and abandoning module MovieScene (494)
[2023.04.03-23.27.41:904][313]LogModuleManager: Shutting down and abandoning module StreamingPauseRendering (492)
[2023.04.03-23.27.41:904][313]LogModuleManager: Shutting down and abandoning module PortalServices (490)
[2023.04.03-23.27.41:904][313]LogModuleManager: Shutting down and abandoning module PortalRpc (488)
[2023.04.03-23.27.41:904][313]LogModuleManager: Shutting down and abandoning module MessagingRpc (486)
[2023.04.03-23.27.41:904][313]LogModuleManager: Shutting down and abandoning module AudioMixerXAudio2 (484)
[2023.04.03-23.27.41:904][313]LogModuleManager: Shutting down and abandoning module AudioMixerCore (483)
[2023.04.03-23.27.41:904][313]LogModuleManager: Shutting down and abandoning module ImageWriteQueue (480)
[2023.04.03-23.27.41:907][313]LogModuleManager: Shutting down and abandoning module ProfilerService (478)
[2023.04.03-23.27.42:126][313]LogModuleManager: Shutting down and abandoning module TaskGraph (476)
[2023.04.03-23.27.42:126][313]LogModuleManager: Shutting down and abandoning module OculusInput (474)
[2023.04.03-23.27.42:126][313]LogModuleManager: Shutting down and abandoning module TakeMovieScene (472)
[2023.04.03-23.27.42:126][313]LogModuleManager: Shutting down and abandoning module Synthesis (470)
[2023.04.03-23.27.42:126][313]LogModuleManager: Shutting down and abandoning module ProceduralMeshComponent (468)
[2023.04.03-23.27.42:126][313]LogModuleManager: Shutting down and abandoning module MobilePatchingUtils (466)
[2023.04.03-23.27.42:126][313]LogModuleManager: Shutting down and abandoning module AudioCapture (464)
[2023.04.03-23.27.42:126][313]LogModuleManager: Shutting down and abandoning module AudioCaptureRtAudio (463)
[2023.04.03-23.27.42:126][313]LogModuleManager: Shutting down and abandoning module GooglePAD (460)
[2023.04.03-23.27.42:126][313]LogModuleManager: Shutting down and abandoning module EditableMesh (458)
[2023.04.03-23.27.42:126][313]LogModuleManager: Shutting down and abandoning module CustomMeshComponent (456)
[2023.04.03-23.27.42:127][313]LogModuleManager: Shutting down and abandoning module CableComponent (454)
[2023.04.03-23.27.42:127][313]LogModuleManager: Shutting down and abandoning module AssetTags (452)
[2023.04.03-23.27.42:127][313]LogModuleManager: Shutting down and abandoning module ArchVisCharacter (450)
[2023.04.03-23.27.42:127][313]LogModuleManager: Shutting down and abandoning module AppleImageUtilsBlueprintSupport (448)
[2023.04.03-23.27.42:127][313]LogModuleManager: Shutting down and abandoning module AppleImageUtils (446)
[2023.04.03-23.27.42:127][313]LogModuleManager: Shutting down and abandoning module AndroidPermission (444)
[2023.04.03-23.27.42:127][313]LogModuleManager: Shutting down and abandoning module ActorLayerUtilities (442)
[2023.04.03-23.27.42:127][313]LogModuleManager: Shutting down and abandoning module TemplateSequence (440)
[2023.04.03-23.27.42:127][313]LogModuleManager: Shutting down and abandoning module ImgMedia (438)
[2023.04.03-23.27.42:127][313]LogModuleManager: Shutting down and abandoning module MediaCompositing (436)
[2023.04.03-23.27.42:127][313]LogModuleManager: Shutting down and abandoning module MotoSynth (434)
[2023.04.03-23.27.42:127][313]LogModuleManager: Shutting down and abandoning module OpenImageDenoise (432)
[2023.04.03-23.27.42:127][313]LogOpenImageDenoise: OIDN shutting down
[2023.04.03-23.27.42:127][313]LogModuleManager: Shutting down and abandoning module MeshConversion (430)
[2023.04.03-23.27.42:127][313]LogModuleManager: Shutting down and abandoning module DynamicMesh (428)
[2023.04.03-23.27.42:127][313]LogModuleManager: Shutting down and abandoning module GeometryAlgorithms (426)
[2023.04.03-23.27.42:127][313]LogModuleManager: Shutting down and abandoning module GeometricObjects (424)
[2023.04.03-23.27.42:127][313]LogModuleManager: Shutting down and abandoning module GeometryCollectionTracks (422)
[2023.04.03-23.27.42:127][313]LogModuleManager: Shutting down and abandoning module GeometryCollectionSequencer (421)
[2023.04.03-23.27.42:127][313]LogModuleManager: Shutting down and abandoning module GeometryCacheTracks (418)
[2023.04.03-23.27.42:127][313]LogModuleManager: Shutting down and abandoning module GeometryCacheSequencer (417)
[2023.04.03-23.27.42:127][313]LogModuleManager: Shutting down and abandoning module GeometryCache (414)
[2023.04.03-23.27.42:127][313]LogModuleManager: Shutting down and abandoning module GeometryCacheEd (413)
[2023.04.03-23.27.42:127][313]LogModuleManager: Shutting down and abandoning module MagicLeapSharedWorld (410)
[2023.04.03-23.27.42:127][313]LogModuleManager: Shutting down and abandoning module ChaosNiagara (408)
[2023.04.03-23.27.42:127][313]LogModuleManager: Shutting down and abandoning module FieldSystemEngine (407)
[2023.04.03-23.27.42:127][313]LogModuleManager: Shutting down and abandoning module MagicLeapLightEstimation (404)
[2023.04.03-23.27.42:127][313]LogModuleManager: Shutting down and abandoning module BackChannel (402)
[2023.04.03-23.27.42:127][313]LogModuleManager: Shutting down and abandoning module MagicLeapHelperVulkan (400)
[2023.04.03-23.27.42:127][313]LogModuleManager: Shutting down and abandoning module MagicLeapHelperOpenGL (398)
[2023.04.03-23.27.42:127][313]LogModuleManager: Shutting down and abandoning module MagicLeapAudio (396)
[2023.04.03-23.27.42:127][313]LogModuleManager: Shutting down and abandoning module AutomationUtils (394)
[2023.04.03-23.27.42:127][313]LogModuleManager: Shutting down and abandoning module VisualStudioSourceCodeAccess (392)
[2023.04.03-23.27.42:127][313]LogModuleManager: Shutting down and abandoning module HotReload (391)
[2023.04.03-23.27.42:127][313]LogModuleManager: Shutting down and abandoning module VisualStudioCodeSourceCodeAccess (388)
[2023.04.03-23.27.42:127][313]LogModuleManager: Shutting down and abandoning module UObjectPlugin (386)
[2023.04.03-23.27.42:127][313]LogModuleManager: Shutting down and abandoning module SubversionSourceControl (384)
[2023.04.03-23.27.42:127][313]LogModuleManager: Shutting down and abandoning module PerforceSourceControl (382)
[2023.04.03-23.27.42:127][313]LogModuleManager: Shutting down and abandoning module SourceControl (381)
[2023.04.03-23.27.42:127][313]LogModuleManager: Shutting down and abandoning module CLionSourceCodeAccess (378)
[2023.04.03-23.27.42:127][313]LogModuleManager: Shutting down and abandoning module OodleNetworkHandlerComponent (376)
[2023.04.03-23.27.42:127][313]LogModuleManager: Shutting down and abandoning module LiveLinkSequencer (374)
[2023.04.03-23.27.42:127][313]LogModuleManager: Shutting down and abandoning module LiveLinkMovieScene (372)
[2023.04.03-23.27.42:127][313]LogModuleManager: Shutting down and abandoning module LiveLinkGraphNode (370)
[2023.04.03-23.27.42:127][313]LogModuleManager: Shutting down and abandoning module LiveLinkComponents (368)
[2023.04.03-23.27.42:127][313]LogModuleManager: Shutting down and abandoning module LiveLink (366)
[2023.04.03-23.27.42:746][313]LogModuleManager: Shutting down and abandoning module SoundFields (364)
[2023.04.03-23.27.42:746][313]LogModuleManager: Shutting down and abandoning module RuntimePhysXCooking (362)
[2023.04.03-23.27.42:746][313]LogModuleManager: Shutting down and abandoning module SignificanceManager (360)
[2023.04.03-23.27.42:746][313]LogModuleManager: Shutting down and abandoning module PropertyAccessEditor (358)
[2023.04.03-23.27.42:746][313]LogModuleManager: Shutting down and abandoning module PhysXVehiclesEditor (356)
[2023.04.03-23.27.42:746][313]LogModuleManager: Shutting down and abandoning module LocationServicesBPLibrary (352)
[2023.04.03-23.27.42:746][313]LogModuleManager: Shutting down and abandoning module AudioSynesthesia (350)
[2023.04.03-23.27.42:746][313]LogModuleManager: Shutting down and abandoning module AudioSynesthesiaCore (348)
[2023.04.03-23.27.42:746][313]LogModuleManager: Shutting down and abandoning module ActorSequence (346)
[2023.04.03-23.27.42:747][313]LogModuleManager: Shutting down and abandoning module ImgMediaEngine (344)
[2023.04.03-23.27.42:747][313]LogModuleManager: Shutting down and abandoning module UdpMessaging (342)
[2023.04.03-23.27.42:848][313]LogModuleManager: Shutting down and abandoning module TcpMessaging (340)
[2023.04.03-23.27.42:949][313]LogModuleManager: Shutting down and abandoning module PythonScriptPlugin (338)
[2023.04.03-23.27.42:951][313]LogModuleManager: Shutting down and abandoning module MagicLeapARPin (336)
[2023.04.03-23.27.42:951][313]LogModuleManager: Shutting down and abandoning module MagicLeapHandMeshing (334)
[2023.04.03-23.27.42:953][313]LogModuleManager: Shutting down and abandoning module MagicLeapSecureStorage (332)
[2023.04.03-23.27.42:953][313]LogModuleManager: Shutting down and abandoning module MagicLeapPrivileges (330)
[2023.04.03-23.27.42:953][313]LogModuleManager: Shutting down and abandoning module MagicLeapPlanes (328)
[2023.04.03-23.27.42:953][313]LogMagicLeapPlanes: Planes tracker already destroyed.
[2023.04.03-23.27.42:953][313]LogModuleManager: Shutting down and abandoning module MagicLeapImageTracker (326)
[2023.04.03-23.27.42:953][313]LogModuleManager: Shutting down and abandoning module MagicLeapIdentity (324)
[2023.04.03-23.27.42:953][313]LogModuleManager: Shutting down and abandoning module MagicLeapHandTracking (322)
[2023.04.03-23.27.42:953][313]LogModuleManager: Shutting down and abandoning module MagicLeapEyeTracker (320)
[2023.04.03-23.27.42:953][313]LogModuleManager: Shutting down and abandoning module MagicLeapController (318)
[2023.04.03-23.27.42:953][313]LogModuleManager: Shutting down and abandoning module MagicLeapARPinImpl (316)
[2023.04.03-23.27.42:953][313]LogModuleManager: Shutting down and abandoning module MagicLeapAR (314)
[2023.04.03-23.27.42:953][313]LogModuleManager: Shutting down and abandoning module NiagaraAnimNotifies (312)
[2023.04.03-23.27.42:953][313]LogModuleManager: Shutting down and abandoning module Niagara (310)
[2023.04.03-23.27.42:953][313]LogModuleManager: Shutting down and abandoning module SignalProcessing (309)
[2023.04.03-23.27.42:953][313]LogModuleManager: Shutting down and abandoning module NiagaraEditor (307)
[2023.04.03-23.27.42:953][313]LogModuleManager: Shutting down and abandoning module ContentBrowser (306)
[2023.04.03-23.27.42:953][313]LogModuleManager: Shutting down and abandoning module CollectionManager (305)
[2023.04.03-23.27.42:954][313]LogModuleManager: Shutting down and abandoning module DirectoryWatcher (304)
[2023.04.03-23.27.42:955][313]LogModuleManager: Shutting down and abandoning module ContentBrowserData (301)
[2023.04.03-23.27.42:956][313]LogModuleManager: Shutting down and abandoning module NiagaraCore (296)
[2023.04.03-23.27.42:956][313]LogModuleManager: Shutting down and abandoning module GameplayTagsEditor (294)
[2023.04.03-23.27.42:956][313]LogModuleManager: Shutting down and abandoning module FacialAnimation (292)
[2023.04.03-23.27.42:956][313]LogModuleManager: Shutting down and abandoning module AssetManagerEditor (290)
[2023.04.03-23.27.42:956][313]LogModuleManager: Shutting down and abandoning module TreeMap (289)
[2023.04.03-23.27.42:956][313]LogModuleManager: Shutting down and abandoning module PropertyAccessNode (286)
[2023.04.03-23.27.42:956][313]LogModuleManager: Shutting down and abandoning module AnimationSharing (284)
[2023.04.03-23.27.42:956][313]LogModuleManager: Shutting down and abandoning module GameplayCameras (282)
[2023.04.03-23.27.42:956][313]LogModuleManager: Shutting down and abandoning module LightPropagationVolumeRuntime (280)
[2023.04.03-23.27.42:956][313]LogModuleManager: Shutting down and abandoning module EnvironmentQueryEditor (278)
[2023.04.03-23.27.42:956][313]LogModuleManager: Shutting down and abandoning module Paper2D (276)
[2023.04.03-23.27.42:956][313]LogModuleManager: Shutting down and abandoning module WindowsMoviePlayer (274)
[2023.04.03-23.27.42:959][313]LogModuleManager: Shutting down and abandoning module WebMMoviePlayer (272)
[2023.04.03-23.27.42:959][313]LogModuleManager: Shutting down and abandoning module NetworkReplayStreaming (270)
[2023.04.03-23.27.42:959][313]LogModuleManager: Shutting down and abandoning module PacketHandler (268)
[2023.04.03-23.27.42:959][313]LogModuleManager: Shutting down and abandoning module ClothingSystemEditor (266)
[2023.04.03-23.27.42:960][313]LogModuleManager: Shutting down and abandoning module ClothingSystemRuntimeNv (264)
[2023.04.03-23.27.42:960][313]LogModuleManager: Shutting down and abandoning module MediaAssets (262)
[2023.04.03-23.27.42:960][313]LogModuleManager: Shutting down and abandoning module Overlay (260)
[2023.04.03-23.27.42:960][313]LogModuleManager: Shutting down and abandoning module OverlayEditor (259)
[2023.04.03-23.27.42:960][313]LogModuleManager: Shutting down and abandoning module VREditor (256)
[2023.04.03-23.27.42:960][313]LogModuleManager: Shutting down and abandoning module StringTableEditor (254)
[2023.04.03-23.27.42:960][313]LogModuleManager: Shutting down and abandoning module GameplayTasksEditor (252)
[2023.04.03-23.27.42:960][313]LogModuleManager: Shutting down and abandoning module BehaviorTreeEditor (250)
[2023.04.03-23.27.42:960][313]LogModuleManager: Shutting down and abandoning module FunctionalTesting (248)
[2023.04.03-23.27.42:960][313]LogModuleManager: Shutting down and abandoning module CollisionAnalyzer (246)
[2023.04.03-23.27.42:960][313]LogModuleManager: Shutting down and abandoning module WorkspaceMenuStructure (245)
[2023.04.03-23.27.42:960][313]LogModuleManager: Shutting down and abandoning module UMG (242)
[2023.04.03-23.27.42:960][313]LogModuleManager: Shutting down and abandoning module UMGEditor (241)
[2023.04.03-23.27.42:960][313]LogModuleManager: Shutting down and abandoning module Sequencer (240)
[2023.04.03-23.27.42:960][313]LogModuleManager: Shutting down and abandoning module MessageLog (237)
[2023.04.03-23.27.42:960][313]LogModuleManager: Shutting down and abandoning module SlateReflector (232)
[2023.04.03-23.27.42:960][313]LogModuleManager: Shutting down and abandoning module Slate (230)
[2023.04.03-23.27.42:960][313]LogModuleManager: Shutting down and abandoning module SlateCore (228)
[2023.04.03-23.27.42:961][313]LogModuleManager: Shutting down and abandoning module LandscapeEditorUtilities (226)
[2023.04.03-23.27.42:961][313]LogModuleManager: Shutting down and abandoning module UnrealEd (224)
[2023.04.03-23.27.42:961][313]LogModuleManager: Shutting down and abandoning module MRMesh (222)
[2023.04.03-23.27.42:961][313]LogModuleManager: Shutting down and abandoning module Messaging (220)
[2023.04.03-23.27.42:961][313]LogModuleManager: Shutting down and abandoning module SourceCodeAccess (218)
[2023.04.03-23.27.42:961][313]LogModuleManager: Shutting down and abandoning module HeadMountedDisplay (216)
[2023.04.03-23.27.42:961][313]LogModuleManager: Shutting down and abandoning module XAudio2 (214)
[2023.04.03-23.27.42:961][313]LogModuleManager: Shutting down and abandoning module Networking (212)
[2023.04.03-23.27.42:961][313]LogModuleManager: Shutting down and abandoning module Core (210)
[2023.04.03-23.27.42:961][313]LogModuleManager: Shutting down and abandoning module MaterialEditor (208)
[2023.04.03-23.27.42:961][313]LogModuleManager: Shutting down and abandoning module MovieSceneTools (206)
[2023.04.03-23.27.42:961][313]LogModuleManager: Shutting down and abandoning module EditorStyle (205)
[2023.04.03-23.27.42:964][313]LogModuleManager: Shutting down and abandoning module KismetCompiler (202)
[2023.04.03-23.27.42:964][313]LogModuleManager: Shutting down and abandoning module MeshBuilder (200)
[2023.04.03-23.27.42:964][313]LogModuleManager: Shutting down and abandoning module MeshUtilities (198)
[2023.04.03-23.27.42:964][313]LogModuleManager: Shutting down and abandoning module MeshMergeUtilities (197)
[2023.04.03-23.27.42:964][313]LogModuleManager: Shutting down and abandoning module MeshReductionInterface (196)
[2023.04.03-23.27.42:964][313]LogModuleManager: Shutting down and abandoning module MeshBoneReduction (195)
[2023.04.03-23.27.42:964][313]LogModuleManager: Shutting down and abandoning module SkeletalMeshReduction (193)
[2023.04.03-23.27.42:964][313]LogModuleManager: Shutting down and abandoning module ProxyLODMeshReduction (191)
[2023.04.03-23.27.42:964][313]LogModuleManager: Shutting down and abandoning module QuadricMeshReduction (189)
[2023.04.03-23.27.42:964][313]LogModuleManager: Shutting down and abandoning module MaterialBaking (185)
[2023.04.03-23.27.42:964][313]LogModuleManager: Shutting down and abandoning module NullInstallBundleManager (180)
[2023.04.03-23.27.42:964][313]LogModuleManager: Shutting down and abandoning module PIEPreviewDeviceProfileSelector (178)
[2023.04.03-23.27.42:964][313]LogModuleManager: Shutting down and abandoning module DerivedDataCache (176)
[2023.04.03-23.27.42:964][313]LogModuleManager: Shutting down and abandoning module TargetPlatform (174)
[2023.04.03-23.27.42:964][313]LogModuleManager: Shutting down and abandoning module VulkanShaderFormat (173)
[2023.04.03-23.27.42:965][313]LogModuleManager: Shutting down and abandoning module ShaderFormatVectorVM (171)
[2023.04.03-23.27.42:965][313]LogModuleManager: Shutting down and abandoning module ShaderFormatOpenGL (169)
[2023.04.03-23.27.42:965][313]LogModuleManager: Shutting down and abandoning module ShaderFormatD3D (167)
[2023.04.03-23.27.42:965][313]LogModuleManager: Shutting down and abandoning module MetalShaderFormat (165)
[2023.04.03-23.27.42:965][313]LogModuleManager: Shutting down and abandoning module TextureFormatOodle (163)
[2023.04.03-23.27.42:965][313]LogModuleManager: Shutting down and abandoning module TextureFormatUncompressed (161)
[2023.04.03-23.27.42:965][313]LogModuleManager: Shutting down and abandoning module TextureFormatPVR (159)
[2023.04.03-23.27.42:965][313]LogModuleManager: Shutting down and abandoning module TextureFormatETC2 (157)
[2023.04.03-23.27.42:965][313]LogModuleManager: Shutting down and abandoning module TextureFormatDXT (155)
[2023.04.03-23.27.42:965][313]LogModuleManager: Shutting down and abandoning module TextureFormatIntelISPCTexComp (153)
[2023.04.03-23.27.42:966][313]LogModuleManager: Shutting down and abandoning module TextureFormatASTC (151)
[2023.04.03-23.27.42:966][313]LogModuleManager: Shutting down and abandoning module ImageWrapper (150)
[2023.04.03-23.27.42:966][313]LogModuleManager: Shutting down and abandoning module AudioFormatOpus (147)
[2023.04.03-23.27.42:966][313]LogModuleManager: Shutting down and abandoning module AudioFormatOgg (145)
[2023.04.03-23.27.42:966][313]LogModuleManager: Shutting down and abandoning module AudioFormatADPCM (143)
[2023.04.03-23.27.42:966][313]LogModuleManager: Shutting down and abandoning module WindowsServerTargetPlatform (141)
[2023.04.03-23.27.42:966][313]LogModuleManager: Shutting down and abandoning module WindowsClientTargetPlatform (139)
[2023.04.03-23.27.42:966][313]LogModuleManager: Shutting down and abandoning module WindowsTargetPlatform (137)
[2023.04.03-23.27.42:966][313]LogModuleManager: Shutting down and abandoning module WindowsNoEditorTargetPlatform (135)
[2023.04.03-23.27.42:966][313]LogModuleManager: Shutting down and abandoning module D3D11RHI (132)
[2023.04.03-23.27.42:966][313]LogModuleManager: Shutting down and abandoning module InputCore (130)
[2023.04.03-23.27.42:966][313]LogModuleManager: Shutting down and abandoning module Settings (128)
[2023.04.03-23.27.42:966][313]LogModuleManager: Shutting down and abandoning module PhysXCooking (126)
[2023.04.03-23.27.42:966][313]LogModuleManager: Shutting down and abandoning module Chaos (124)
[2023.04.03-23.27.42:966][313]LogModuleManager: Shutting down and abandoning module WindowsPlatformFeatures (122)
[2023.04.03-23.27.42:966][313]LogModuleManager: Shutting down and abandoning module GameplayMediaEncoder (121)
[2023.04.03-23.27.42:966][313]LogModuleManager: Shutting down and abandoning module AVEncoder (120)
[2023.04.03-23.27.42:966][313]LogModuleManager: Shutting down and abandoning module SteamVRInputDevice (116)
[2023.04.03-23.27.42:966][313]LogModuleManager: Shutting down and abandoning module SteamVRInput (114)
[2023.04.03-23.27.42:966][313]LogModuleManager: Shutting down and abandoning module SteamVR (112)
[2023.04.03-23.27.42:966][313]LogHMD: Freeing OpenVRDLLHandle.
[2023.04.03-23.27.42:966][313]LogModuleManager: Shutting down and abandoning module OculusHMD (110)
[2023.04.03-23.27.42:966][313]LogModuleManager: Shutting down and abandoning module OpenXRHandTracking (108)
[2023.04.03-23.27.42:966][313]LogSlate: Slate User Destroyed.  User Index 0, Is Virtual User: 0
[2023.04.03-23.27.42:966][313]LogModuleManager: Shutting down and abandoning module OpenXRAR (106)
[2023.04.03-23.27.42:966][313]LogModuleManager: Shutting down and abandoning module AugmentedReality (105)
[2023.04.03-23.27.42:966][313]LogModuleManager: Shutting down and abandoning module OpenXRHMD (102)
[2023.04.03-23.27.42:967][313]LogModuleManager: Shutting down and abandoning module OpenXREyeTracker (100)
[2023.04.03-23.27.42:967][313]LogModuleManager: Shutting down and abandoning module ExampleDeviceProfileSelector (98)
[2023.04.03-23.27.42:967][313]LogModuleManager: Shutting down and abandoning module ChunkDownloader (96)
[2023.04.03-23.27.42:967][313]LogModuleManager: Shutting down and abandoning module OnlineBlueprintSupport (94)
[2023.04.03-23.27.42:967][313]LogModuleManager: Shutting down and abandoning module OnlineSubsystem (90)
[2023.04.03-23.27.42:969][313]LogModuleManager: Shutting down and abandoning module XMPP (85)
[2023.04.03-23.27.42:969][313]LogModuleManager: Shutting down and abandoning module WebSockets (84)
[2023.04.03-23.27.42:983][313]LogModuleManager: Shutting down and abandoning module HTTP (81)
[2023.04.03-23.27.42:984][313]LogHttp: Display: cleaning up 0 outstanding Http requests.
[2023.04.03-23.27.43:010][313]LogModuleManager: Shutting down and abandoning module SSL (80)
[2023.04.03-23.27.43:013][313]LogModuleManager: Shutting down and abandoning module LauncherChunkInstaller (76)
[2023.04.03-23.27.43:013][313]LogModuleManager: Shutting down and abandoning module WmfMedia (74)
[2023.04.03-23.27.43:019][313]LogModuleManager: Shutting down and abandoning module Media (73)
[2023.04.03-23.27.43:024][313]LogModuleManager: Shutting down and abandoning module MediaInfo (72)
[2023.04.03-23.27.43:024][313]LogModuleManager: Shutting down and abandoning module ExrReaderGpu (68)
[2023.04.03-23.27.43:024][313]LogModuleManager: Shutting down and abandoning module MLSDK (66)
[2023.04.03-23.27.43:024][313]LogModuleManager: Shutting down and abandoning module VariantManagerContent (64)
[2023.04.03-23.27.43:024][313]LogModuleManager: Shutting down and abandoning module ChaosCloth (62)
[2023.04.03-23.27.43:024][313]LogModuleManager: Shutting down and abandoning module MagicLeap (60)
[2023.04.03-23.27.43:024][313]LogModuleManager: Shutting down and abandoning module DatasmithContent (58)
[2023.04.03-23.27.43:026][313]LogModuleManager: Shutting down and abandoning module NiagaraVertexFactories (56)
[2023.04.03-23.27.43:026][313]LogModuleManager: Shutting down and abandoning module NiagaraShader (54)
[2023.04.03-23.27.43:026][313]LogModuleManager: Shutting down and abandoning module PixWinPlugin (52)
[2023.04.03-23.27.43:026][313]LogModuleManager: Shutting down and abandoning module AISupportModule (50)
[2023.04.03-23.27.43:026][313]LogModuleManager: Shutting down and abandoning module DesktopPlatform (48)
[2023.04.03-23.27.43:026][313]LogModuleManager: Shutting down and abandoning module PythonScriptPluginPreload (46)
[2023.04.03-23.27.43:026][313]LogModuleManager: Shutting down and abandoning module PlatformCryptoOpenSSL (44)
[2023.04.03-23.27.43:026][313]LogModuleManager: Shutting down and abandoning module PlatformCryptoTypes (42)
[2023.04.03-23.27.43:026][313]LogModuleManager: Shutting down and abandoning module PlatformCrypto (40)
[2023.04.03-23.27.43:026][313]LogModuleManager: Shutting down and abandoning module OodleDataCompressionFormat (38)
[2023.04.03-23.27.43:026][313]LogModuleManager: Shutting down and abandoning module XGEController (36)
[2023.04.03-23.27.43:026][313]LogModuleManager: Shutting down and abandoning module AnimationModifiers (34)
[2023.04.03-23.27.43:027][313]LogModuleManager: Shutting down and abandoning module AudioEditor (32)
[2023.04.03-23.27.43:028][313]LogModuleManager: Shutting down and abandoning module PropertyEditor (31)
[2023.04.03-23.27.43:028][313]LogModuleManager: Shutting down and abandoning module TextureCompressor (28)
[2023.04.03-23.27.43:028][313]LogModuleManager: Shutting down and abandoning module RenderCore (26)
[2023.04.03-23.27.43:028][313]LogModuleManager: Shutting down and abandoning module Landscape (24)
[2023.04.03-23.27.43:028][313]LogModuleManager: Shutting down and abandoning module SlateRHIRenderer (22)
[2023.04.03-23.27.43:028][313]LogModuleManager: Shutting down and abandoning module AnimGraphRuntime (20)
[2023.04.03-23.27.43:028][313]LogModuleManager: Shutting down and abandoning module Renderer (18)
[2023.04.03-23.27.43:028][313]LogModuleManager: Shutting down and abandoning module Engine (16)
[2023.04.03-23.27.43:029][313]LogModuleManager: Shutting down and abandoning module CoreUObject (14)
[2023.04.03-23.27.43:029][313]LogModuleManager: Shutting down and abandoning module NetworkFile (12)
[2023.04.03-23.27.43:029][313]LogModuleManager: Shutting down and abandoning module CookedIterativeFile (10)
[2023.04.03-23.27.43:029][313]LogModuleManager: Shutting down and abandoning module StreamingFile (8)
[2023.04.03-23.27.43:029][313]LogModuleManager: Shutting down and abandoning module SandboxFile (6)
[2023.04.03-23.27.43:029][313]LogModuleManager: Shutting down and abandoning module PakFile (4)
[2023.04.03-23.27.43:029][313]LogModuleManager: Shutting down and abandoning module RSA (3)
[2023.04.03-23.27.43:144][313]LogContentStreaming: Display: There are 1 unreleased StreamingManagers
[2023.04.03-23.27.43:183][313]LogD3D11RHI: Shutdown
[2023.04.03-23.27.43:183][313]LogD3D11RHI: CleanupD3DDevice
[2023.04.03-23.27.43:187][313]LogExit: Exiting.
[2023.04.03-23.27.43:200][313]Log file closed, 04/04/23 00:27:43
