Log file open, 04/10/23 17:26:31
LogWindows: Failed to load 'aqProf.dll' (GetLastError=126)
LogWindows: File 'aqProf.dll' does not exist
LogWindows: Failed to load 'VtuneApi.dll' (GetLastError=126)
LogWindows: File 'VtuneApi.dll' does not exist
LogWindows: Failed to load 'VtuneApi32e.dll' (GetLastError=126)
LogWindows: File 'VtuneApi32e.dll' does not exist
LogConsoleResponse: Display: Failed to find resolution value strings in scalability ini. Falling back to default.
LogConsoleResponse: Display: Failed to find resolution value strings in scalability ini. Falling back to default.
LogInit: Display: Running engine for game: PacManHunter
LogPlatformFile: Not using cached read wrapper
LogTaskGraph: Started task graph with 5 named threads and 35 total threads with 3 sets of task threads.
LogStats: Stats thread started at 0.373592
LogICUInternationalization: ICU TimeZone Detection - Raw Offset: +0:00, Platform Override: ''
LogInit: Display: Loading text-based GConfig....
LogPluginManager: Mounting plugin MeshPainting
LogPluginManager: Mounting plugin XGEController
LogPluginManager: Mounting plugin Paper2D
LogPluginManager: Mounting plugin LightPropagationVolume
LogPluginManager: Mounting plugin LiveLink
LogPluginManager: Mounting plugin CameraShakePreviewer
LogPluginManager: Mounting plugin GameplayCameras
LogPluginManager: Mounting plugin OodleData
LogPluginManager: Mounting plugin AISupport
LogPluginManager: Mounting plugin OodleNetwork
LogPluginManager: Mounting plugin EnvironmentQueryEditor
LogPluginManager: Mounting plugin AnimationSharing
LogPluginManager: Mounting plugin Niagara
LogPluginManager: Mounting plugin CLionSourceCodeAccess
LogPluginManager: Mounting plugin GitSourceControl
LogPluginManager: Mounting plugin CodeLiteSourceCodeAccess
LogPluginManager: Mounting plugin KDevelopSourceCodeAccess
LogPluginManager: Mounting plugin PerforceSourceControl
LogPluginManager: Mounting plugin NullSourceCodeAccess
LogPluginManager: Mounting plugin PluginUtils
LogPluginManager: Mounting plugin PropertyAccessNode
LogPluginManager: Mounting plugin PlasticSourceControl
LogPluginManager: Mounting plugin PixWinPlugin
LogPluginManager: Mounting plugin RiderSourceCodeAccess
LogPluginManager: Mounting plugin SubversionSourceControl
LogPluginManager: Mounting plugin UObjectPlugin
LogPluginManager: Mounting plugin TextureFormatOodle
LogPluginManager: Mounting plugin VisualStudioSourceCodeAccess
LogPluginManager: Mounting plugin VisualStudioCodeSourceCodeAccess
LogPluginManager: Mounting plugin XCodeSourceCodeAccess
LogPluginManager: Mounting plugin DatasmithContent
LogPluginManager: Mounting plugin AndroidMedia
LogPluginManager: Mounting plugin VariantManagerContent
LogPluginManager: Mounting plugin AvfMedia
LogPluginManager: Mounting plugin ImgMedia
LogPluginManager: Mounting plugin MediaCompositing
LogPluginManager: Mounting plugin MediaPlayerEditor
LogPluginManager: Mounting plugin WmfMedia
LogPluginManager: Mounting plugin WebMMedia
LogPluginManager: Mounting plugin TcpMessaging
LogPluginManager: Mounting plugin UdpMessaging
LogPluginManager: Mounting plugin AssetManagerEditor
LogPluginManager: Mounting plugin FacialAnimation
LogPluginManager: Mounting plugin CryptoKeys
LogPluginManager: Mounting plugin CurveEditorTools
LogPluginManager: Mounting plugin DataValidation
LogPluginManager: Mounting plugin GameplayTagsEditor
LogPluginManager: Mounting plugin GeometryMode
LogPluginManager: Mounting plugin MaterialAnalyzer
LogPluginManager: Mounting plugin MacGraphicsSwitching
LogPluginManager: Mounting plugin LauncherChunkInstaller
LogPluginManager: Mounting plugin LuminPlatformFeatures
LogPluginManager: Mounting plugin MobileLauncherProfileWizard
LogPluginManager: Mounting plugin SpeedTreeImporter
LogPluginManager: Mounting plugin PluginBrowser
LogPluginManager: Mounting plugin MagicLeap
LogPluginManager: Mounting plugin MagicLeapLightEstimation
LogPluginManager: Mounting plugin MagicLeapMedia
LogPluginManager: Mounting plugin MagicLeapPassableWorld
LogPluginManager: Mounting plugin MLSDK
LogPluginManager: Mounting plugin ActorLayerUtilities
LogPluginManager: Mounting plugin AndroidPermission
LogPluginManager: Mounting plugin AndroidDeviceProfileSelector
LogPluginManager: Mounting plugin AppleImageUtils
LogPluginManager: Mounting plugin ArchVisCharacter
LogPluginManager: Mounting plugin AudioCapture
LogPluginManager: Mounting plugin AndroidMoviePlayer
LogPluginManager: Mounting plugin AppleMoviePlayer
LogPluginManager: Mounting plugin AssetTags
LogPluginManager: Mounting plugin AudioSynesthesia
LogPluginManager: Mounting plugin CableComponent
LogPluginManager: Mounting plugin ChunkDownloader
LogPluginManager: Mounting plugin ExampleDeviceProfileSelector
LogPluginManager: Mounting plugin EditableMesh
LogPluginManager: Mounting plugin CustomMeshComponent
LogPluginManager: Mounting plugin ActorSequence
LogPluginManager: Mounting plugin LevelSequenceEditor
LogPluginManager: Mounting plugin MatineeToLevelSequence
LogPluginManager: Mounting plugin TemplateSequence
LogPluginManager: Mounting plugin GooglePAD
LogPluginManager: Mounting plugin GoogleCloudMessaging
LogPluginManager: Mounting plugin IOSDeviceProfileSelector
LogPluginManager: Mounting plugin LocationServicesBPLibrary
LogPluginManager: Mounting plugin LinuxDeviceProfileSelector
LogPluginManager: Mounting plugin MobilePatchingUtils
LogPluginManager: Mounting plugin OpenXR
LogPluginManager: Mounting plugin OpenXREyeTracker
LogPluginManager: Mounting plugin OpenXRHandTracking
LogPluginManager: Mounting plugin PostSplashScreen
LogPluginManager: Mounting plugin PhysXVehicles
LogPluginManager: Mounting plugin ProceduralMeshComponent
LogPluginManager: Mounting plugin PropertyAccessEditor
LogPluginManager: Mounting plugin RuntimePhysXCooking
LogPluginManager: Mounting plugin SignificanceManager
LogPluginManager: Mounting plugin SoundFields
LogPluginManager: Mounting plugin Synthesis
LogPluginManager: Mounting plugin OnlineSubsystem
LogPluginManager: Mounting plugin OnlineSubsystemNull
LogPluginManager: Mounting plugin OnlineSubsystemUtils
LogPluginManager: Mounting plugin WebMMoviePlayer
LogPluginManager: Mounting plugin WindowsMoviePlayer
LogPluginManager: Mounting plugin ScreenshotTools
LogPluginManager: Mounting plugin AutomationUtils
LogPluginManager: Mounting plugin BackChannel
LogPluginManager: Mounting plugin AlembicImporter
LogPluginManager: Mounting plugin ChaosCloth
LogPluginManager: Mounting plugin ChaosClothEditor
LogPluginManager: Mounting plugin ChaosEditor
LogPluginManager: Mounting plugin ChaosNiagara
LogPluginManager: Mounting plugin CharacterAI
LogPluginManager: Mounting plugin ChaosSolverPlugin
LogPluginManager: Mounting plugin Takes
LogPluginManager: Mounting plugin GeometryCache
LogPluginManager: Mounting plugin GeometryCollectionPlugin
LogPluginManager: Mounting plugin GeometryProcessing
LogPluginManager: Mounting plugin MotoSynth
LogPluginManager: Mounting plugin OpenImageDenoise
LogPluginManager: Mounting plugin PlanarCut
LogPluginManager: Mounting plugin ProxyLODPlugin
LogPluginManager: Mounting plugin PythonScriptPlugin
LogPluginManager: Mounting plugin PlatformCrypto
LogPluginManager: Mounting plugin SkeletalReduction
LogPluginManager: Mounting plugin ContentBrowserAssetDataSource
LogPluginManager: Mounting plugin ContentBrowserClassDataSource
LogPluginManager: Mounting plugin ContentBrowserFileDataSource
LogPluginManager: Mounting plugin OculusVR
LogPluginManager: Mounting plugin SteamVR
LogPluginManager: Mounting plugin OnlineSubsystemGooglePlay
LogPluginManager: Mounting plugin OnlineSubsystemIOS
PixWinPlugin: PIX capture plugin failed to initialize! Check that the process is launched from PIX.
LogInit: Using libcurl 7.55.1-DEV
LogInit:  - built for x86_64-pc-win32
LogInit:  - supports SSL with OpenSSL/1.1.1
LogInit:  - supports HTTP deflate (compression) using libz 1.2.8
LogInit:  - other features:
LogInit:      CURL_VERSION_SSL
LogInit:      CURL_VERSION_LIBZ
LogInit:      CURL_VERSION_IPV6
LogInit:      CURL_VERSION_ASYNCHDNS
LogInit:      CURL_VERSION_LARGEFILE
LogInit:      CURL_VERSION_IDN
LogInit:  CurlRequestOptions (configurable via config and command line):
LogInit:  - bVerifyPeer = true  - Libcurl will verify peer certificate
LogInit:  - bUseHttpProxy = false  - Libcurl will NOT use HTTP proxy
LogInit:  - bDontReuseConnections = false  - Libcurl will reuse connections
LogInit:  - MaxHostConnections = 16  - Libcurl will limit the number of connections to a host
LogInit:  - LocalHostAddr = Default
LogInit:  - BufferSize = 65536
LogOnline: OSS: Creating online subsystem instance for: NULL
LogInit: WinSock: version 1.1 (2.2), MaxSocks=32767, MaxUdp=65467
LogOnline: OSS: TryLoadSubsystemAndSetDefault: Loaded subsystem for module [NULL]
LogOculusPluginWrapper: OculusPlugin initialized successfully
LogHMD: Failed initializing OVRPlugin 1.59.0
LogInit: Build: ++UE4+Release-4.27-CL-18319896
LogInit: Engine Version: 4.27.2-18319896+++UE4+Release-4.27
LogInit: Compatible Engine Version: 4.27.0-17155196+++UE4+Release-4.27
LogInit: Net CL: 17155196
LogInit: OS: Windows 10 (Release 2009) (), CPU: 11th Gen Intel(R) Core(TM) i5-11400H @ 2.70GHz, GPU: Intel(R) UHD Graphics
LogInit: Compiled (64-bit): Nov 30 2021 07:12:08
LogInit: Compiled with Visual C++: 19.24.28315.00
LogInit: Build Configuration: Development
LogInit: Branch Name: ++UE4+Release-4.27
LogInit: Command Line:  /Game/ThirdPersonBP/Maps/ThirdPersonExampleMap -game -PIEVIACONSOLE -Multiprocess GameUserSettingsINI=C:/Users/Jack/Documents/GitHub/PacManHunter/Saved/Config/Windows/PIEGameUserSettings0.ini -MultiprocessSaveConfig -forcepassthrough -messaging -SessionName="Play in Standalone Game" -windowed -ResX=1280 -ResY=720
LogInit: Base Directory: C:/Program Files/Epic Games/UE_4.27/Engine/Binaries/Win64/
LogInit: Allocator: TBB
LogInit: Installed Engine Build: 1
LogDevObjectVersion: Number of dev versions registered: 29
LogDevObjectVersion:   Dev-Blueprints (B0D832E4-1F89-4F0D-ACCF-7EB736FD4AA2): 10
LogDevObjectVersion:   Dev-Build (E1C64328-A22C-4D53-A36C-8E866417BD8C): 0
LogDevObjectVersion:   Dev-Core (375EC13C-06E4-48FB-B500-84F0262A717E): 4
LogDevObjectVersion:   Dev-Editor (E4B068ED-F494-42E9-A231-DA0B2E46BB41): 40
LogDevObjectVersion:   Dev-Framework (CFFC743F-43B0-4480-9391-14DF171D2073): 37
LogDevObjectVersion:   Dev-Mobile (B02B49B5-BB20-44E9-A304-32B752E40360): 3
LogDevObjectVersion:   Dev-Networking (A4E4105C-59A1-49B5-A7C5-40C4547EDFEE): 0
LogDevObjectVersion:   Dev-Online (39C831C9-5AE6-47DC-9A44-9C173E1C8E7C): 0
LogDevObjectVersion:   Dev-Physics (78F01B33-EBEA-4F98-B9B4-84EACCB95AA2): 14
LogDevObjectVersion:   Dev-Platform (6631380F-2D4D-43E0-8009-CF276956A95A): 0
LogDevObjectVersion:   Dev-Rendering (12F88B9F-8875-4AFC-A67C-D90C383ABD29): 45
LogDevObjectVersion:   Dev-Sequencer (7B5AE74C-D270-4C10-A958-57980B212A5A): 13
LogDevObjectVersion:   Dev-VR (D7296918-1DD6-4BDD-9DE2-64A83CC13884): 3
LogDevObjectVersion:   Dev-LoadTimes (C2A15278-BFE7-4AFE-6C17-90FF531DF755): 1
LogDevObjectVersion:   Private-Geometry (6EACA3D4-40EC-4CC1-B786-8BED09428FC5): 3
LogDevObjectVersion:   Dev-AnimPhys (29E575DD-E0A3-4627-9D10-D276232CDCEA): 17
LogDevObjectVersion:   Dev-Anim (AF43A65D-7FD3-4947-9873-3E8ED9C1BB05): 15
LogDevObjectVersion:   Dev-ReflectionCapture (6B266CEC-1EC7-4B8F-A30B-E4D90942FC07): 1
LogDevObjectVersion:   Dev-Automation (0DF73D61-A23F-47EA-B727-89E90C41499A): 1
LogDevObjectVersion:   FortniteMain (601D1886-AC64-4F84-AA16-D3DE0DEAC7D6): 47
LogDevObjectVersion:   FortniteRelease (E7086368-6B23-4C58-8439-1B7016265E91): 1
LogDevObjectVersion:   Dev-Enterprise (9DFFBCD6-494F-0158-E221-12823C92A888): 10
LogDevObjectVersion:   Dev-Niagara (F2AED0AC-9AFE-416F-8664-AA7FFA26D6FC): 1
LogDevObjectVersion:   Dev-Destruction (174F1F0B-B4C6-45A5-B13F-2EE8D0FB917D): 10
LogDevObjectVersion:   Dev-Physics-Ext (35F94A83-E258-406C-A318-09F59610247C): 41
LogDevObjectVersion:   Dev-PhysicsMaterial-Chaos (B68FC16E-8B1B-42E2-B453-215C058844FE): 1
LogDevObjectVersion:   Dev-CineCamera (B2E18506-4273-CFC2-A54E-F4BB758BBA07): 1
LogDevObjectVersion:   Dev-VirtualProduction (64F58936-FD1B-42BA-BA96-7289D5D0FA4E): 1
LogDevObjectVersion:   Dev-MediaFramework (6F0ED827-A609-4895-9C91-998D90180EA4): 2
LogInit: Presizing for max 25165824 objects, including 0 objects not considered by GC, pre-allocating 0 bytes for permanent pool.
LogConfig: Applying CVar settings from Section [/Script/Engine.StreamingSettings] File [C:/Users/Jack/Documents/GitHub/PacManHunter/Saved/Config/Windows/Engine.ini]
LogConfig: Setting CVar [[s.MinBulkDataSizeForAsyncLoading:131072]]
LogConfig: Setting CVar [[s.AsyncLoadingThreadEnabled:0]]
LogConfig: Setting CVar [[s.EventDrivenLoaderEnabled:1]]
LogConfig: Setting CVar [[s.WarnIfTimeLimitExceeded:0]]
LogConfig: Setting CVar [[s.TimeLimitExceededMultiplier:1.5]]
LogConfig: Setting CVar [[s.TimeLimitExceededMinTime:0.005]]
LogConfig: Setting CVar [[s.UseBackgroundLevelStreaming:1]]
LogConfig: Setting CVar [[s.PriorityAsyncLoadingExtraTime:15.0]]
LogConfig: Setting CVar [[s.LevelStreamingActorsUpdateTimeLimit:5.0]]
LogConfig: Setting CVar [[s.PriorityLevelStreamingActorsUpdateExtraTime:5.0]]
LogConfig: Setting CVar [[s.LevelStreamingComponentsRegistrationGranularity:10]]
LogConfig: Setting CVar [[s.UnregisterComponentsTimeLimit:1.0]]
LogConfig: Setting CVar [[s.LevelStreamingComponentsUnregistrationGranularity:5]]
LogConfig: Setting CVar [[s.FlushStreamingOnExit:1]]
LogInit: Object subsystem initialized
LogConfig: Setting CVar [[con.DebugEarlyDefault:1]]
LogConfig: Setting CVar [[r.setres:1280x720]]
[2023.04.10-16.26.31:691][  0]LogConfig: Setting CVar [[con.DebugEarlyDefault:1]]
[2023.04.10-16.26.31:691][  0]LogConfig: Setting CVar [[r.setres:1280x720]]
[2023.04.10-16.26.31:691][  0]LogConfig: Applying CVar settings from Section [/Script/Engine.RendererSettings] File [C:/Users/Jack/Documents/GitHub/PacManHunter/Saved/Config/Windows/Engine.ini]
[2023.04.10-16.26.31:691][  0]LogConfig: Setting CVar [[r.GPUCrashDebugging:0]]
[2023.04.10-16.26.31:691][  0]LogConfig: Setting CVar [[r.SkinCache.CompileShaders:1]]
[2023.04.10-16.26.31:691][  0]LogConfig: Applying CVar settings from Section [/Script/Engine.RendererOverrideSettings] File [C:/Users/Jack/Documents/GitHub/PacManHunter/Saved/Config/Windows/Engine.ini]
[2023.04.10-16.26.31:691][  0]LogConfig: Applying CVar settings from Section [/Script/Engine.StreamingSettings] File [C:/Users/Jack/Documents/GitHub/PacManHunter/Saved/Config/Windows/Engine.ini]
[2023.04.10-16.26.31:691][  0]LogConfig: Setting CVar [[s.MinBulkDataSizeForAsyncLoading:131072]]
[2023.04.10-16.26.31:691][  0]LogConfig: Setting CVar [[s.AsyncLoadingThreadEnabled:0]]
[2023.04.10-16.26.31:691][  0]LogConfig: Setting CVar [[s.EventDrivenLoaderEnabled:1]]
[2023.04.10-16.26.31:691][  0]LogConfig: Setting CVar [[s.WarnIfTimeLimitExceeded:0]]
[2023.04.10-16.26.31:691][  0]LogConfig: Setting CVar [[s.TimeLimitExceededMultiplier:1.5]]
[2023.04.10-16.26.31:691][  0]LogConfig: Setting CVar [[s.TimeLimitExceededMinTime:0.005]]
[2023.04.10-16.26.31:691][  0]LogConfig: Setting CVar [[s.UseBackgroundLevelStreaming:1]]
[2023.04.10-16.26.31:691][  0]LogConfig: Setting CVar [[s.PriorityAsyncLoadingExtraTime:15.0]]
[2023.04.10-16.26.31:691][  0]LogConfig: Setting CVar [[s.LevelStreamingActorsUpdateTimeLimit:5.0]]
[2023.04.10-16.26.31:691][  0]LogConfig: Setting CVar [[s.PriorityLevelStreamingActorsUpdateExtraTime:5.0]]
[2023.04.10-16.26.31:691][  0]LogConfig: Setting CVar [[s.LevelStreamingComponentsRegistrationGranularity:10]]
[2023.04.10-16.26.31:691][  0]LogConfig: Setting CVar [[s.UnregisterComponentsTimeLimit:1.0]]
[2023.04.10-16.26.31:691][  0]LogConfig: Setting CVar [[s.LevelStreamingComponentsUnregistrationGranularity:5]]
[2023.04.10-16.26.31:691][  0]LogConfig: Setting CVar [[s.FlushStreamingOnExit:1]]
[2023.04.10-16.26.31:691][  0]LogConfig: Applying CVar settings from Section [/Script/Engine.GarbageCollectionSettings] File [C:/Users/Jack/Documents/GitHub/PacManHunter/Saved/Config/Windows/Engine.ini]
[2023.04.10-16.26.31:691][  0]LogConfig: Setting CVar [[gc.MaxObjectsNotConsideredByGC:1]]
[2023.04.10-16.26.31:691][  0]LogConfig: Setting CVar [[gc.SizeOfPermanentObjectPool:0]]
[2023.04.10-16.26.31:691][  0]LogConfig: Setting CVar [[gc.FlushStreamingOnGC:0]]
[2023.04.10-16.26.31:691][  0]LogConfig: Setting CVar [[gc.NumRetriesBeforeForcingGC:10]]
[2023.04.10-16.26.31:691][  0]LogConfig: Setting CVar [[gc.AllowParallelGC:1]]
[2023.04.10-16.26.31:691][  0]LogConfig: Setting CVar [[gc.TimeBetweenPurgingPendingKillObjects:61.1]]
[2023.04.10-16.26.31:691][  0]LogConfig: Setting CVar [[gc.MaxObjectsInEditor:25165824]]
[2023.04.10-16.26.31:691][  0]LogConfig: Setting CVar [[gc.IncrementalBeginDestroyEnabled:1]]
[2023.04.10-16.26.31:691][  0]LogConfig: Setting CVar [[gc.CreateGCClusters:1]]
[2023.04.10-16.26.31:691][  0]LogConfig: Setting CVar [[gc.MinGCClusterSize:5]]
[2023.04.10-16.26.31:691][  0]LogConfig: Setting CVar [[gc.ActorClusteringEnabled:0]]
[2023.04.10-16.26.31:691][  0]LogConfig: Setting CVar [[gc.BlueprintClusteringEnabled:0]]
[2023.04.10-16.26.31:691][  0]LogConfig: Setting CVar [[gc.UseDisregardForGCOnDedicatedServers:0]]
[2023.04.10-16.26.31:691][  0]LogConfig: Setting CVar [[gc.MultithreadedDestructionEnabled:1]]
[2023.04.10-16.26.31:691][  0]LogConfig: Applying CVar settings from Section [/Script/Engine.NetworkSettings] File [C:/Users/Jack/Documents/GitHub/PacManHunter/Saved/Config/Windows/Engine.ini]
[2023.04.10-16.26.31:691][  0]LogConfig: Applying CVar settings from Section [/Script/UnrealEd.CookerSettings] File [C:/Users/Jack/Documents/GitHub/PacManHunter/Saved/Config/Windows/Engine.ini]
[2023.04.10-16.26.31:697][  0]LogConfig: Applying CVar settings from Section [ViewDistanceQuality@3] File [C:/Users/Jack/Documents/GitHub/PacManHunter/Saved/Config/Windows/Scalability.ini]
[2023.04.10-16.26.31:697][  0]LogConfig: Setting CVar [[r.SkeletalMeshLODBias:0]]
[2023.04.10-16.26.31:697][  0]LogConfig: Setting CVar [[r.ViewDistanceScale:1.0]]
[2023.04.10-16.26.31:697][  0]LogConfig: Applying CVar settings from Section [AntiAliasingQuality@3] File [C:/Users/Jack/Documents/GitHub/PacManHunter/Saved/Config/Windows/Scalability.ini]
[2023.04.10-16.26.31:697][  0]LogConfig: Setting CVar [[r.PostProcessAAQuality:4]]
[2023.04.10-16.26.31:697][  0]LogConfig: Applying CVar settings from Section [ShadowQuality@3] File [C:/Users/Jack/Documents/GitHub/PacManHunter/Saved/Config/Windows/Scalability.ini]
[2023.04.10-16.26.31:697][  0]LogConfig: Setting CVar [[r.LightFunctionQuality:1]]
[2023.04.10-16.26.31:697][  0]LogConfig: Setting CVar [[r.ShadowQuality:5]]
[2023.04.10-16.26.31:697][  0]LogConfig: Setting CVar [[r.Shadow.CSM.MaxCascades:10]]
[2023.04.10-16.26.31:697][  0]LogConfig: Setting CVar [[r.Shadow.MaxResolution:2048]]
[2023.04.10-16.26.31:697][  0]LogConfig: Setting CVar [[r.Shadow.MaxCSMResolution:2048]]
[2023.04.10-16.26.31:697][  0]LogConfig: Setting CVar [[r.Shadow.RadiusThreshold:0.01]]
[2023.04.10-16.26.31:697][  0]LogConfig: Setting CVar [[r.Shadow.DistanceScale:1.0]]
[2023.04.10-16.26.31:697][  0]LogConfig: Setting CVar [[r.Shadow.CSM.TransitionScale:1.0]]
[2023.04.10-16.26.31:697][  0]LogConfig: Setting CVar [[r.Shadow.PreShadowResolutionFactor:1.0]]
[2023.04.10-16.26.31:697][  0]LogConfig: Setting CVar [[r.DistanceFieldShadowing:1]]
[2023.04.10-16.26.31:697][  0]LogConfig: Setting CVar [[r.DistanceFieldAO:1]]
[2023.04.10-16.26.31:697][  0]LogConfig: Setting CVar [[r.AOQuality:2]]
[2023.04.10-16.26.31:697][  0]LogConfig: Setting CVar [[r.VolumetricFog:1]]
[2023.04.10-16.26.31:697][  0]LogConfig: Setting CVar [[r.VolumetricFog.GridPixelSize:8]]
[2023.04.10-16.26.31:697][  0]LogConfig: Setting CVar [[r.VolumetricFog.GridSizeZ:128]]
[2023.04.10-16.26.31:698][  0]LogConfig: Setting CVar [[r.VolumetricFog.HistoryMissSupersampleCount:4]]
[2023.04.10-16.26.31:698][  0]LogConfig: Setting CVar [[r.LightMaxDrawDistanceScale:1]]
[2023.04.10-16.26.31:698][  0]LogConfig: Setting CVar [[r.CapsuleShadows:1]]
[2023.04.10-16.26.31:698][  0]LogConfig: Applying CVar settings from Section [PostProcessQuality@3] File [C:/Users/Jack/Documents/GitHub/PacManHunter/Saved/Config/Windows/Scalability.ini]
[2023.04.10-16.26.31:698][  0]LogConfig: Setting CVar [[r.MotionBlurQuality:4]]
[2023.04.10-16.26.31:698][  0]LogConfig: Setting CVar [[r.AmbientOcclusionMipLevelFactor:0.4]]
[2023.04.10-16.26.31:698][  0]LogConfig: Setting CVar [[r.AmbientOcclusionMaxQuality:100]]
[2023.04.10-16.26.31:698][  0]LogConfig: Setting CVar [[r.AmbientOcclusionLevels:-1]]
[2023.04.10-16.26.31:698][  0]LogConfig: Setting CVar [[r.AmbientOcclusionRadiusScale:1.0]]
[2023.04.10-16.26.31:698][  0]LogConfig: Setting CVar [[r.DepthOfFieldQuality:2]]
[2023.04.10-16.26.31:698][  0]LogConfig: Setting CVar [[r.RenderTargetPoolMin:400]]
[2023.04.10-16.26.31:698][  0]LogConfig: Setting CVar [[r.LensFlareQuality:2]]
[2023.04.10-16.26.31:698][  0]LogConfig: Setting CVar [[r.SceneColorFringeQuality:1]]
[2023.04.10-16.26.31:698][  0]LogConfig: Setting CVar [[r.EyeAdaptationQuality:2]]
[2023.04.10-16.26.31:698][  0]LogConfig: Setting CVar [[r.BloomQuality:5]]
[2023.04.10-16.26.31:698][  0]LogConfig: Setting CVar [[r.FastBlurThreshold:100]]
[2023.04.10-16.26.31:698][  0]LogConfig: Setting CVar [[r.Upscale.Quality:3]]
[2023.04.10-16.26.31:698][  0]LogConfig: Setting CVar [[r.Tonemapper.GrainQuantization:1]]
[2023.04.10-16.26.31:698][  0]LogConfig: Setting CVar [[r.LightShaftQuality:1]]
[2023.04.10-16.26.31:698][  0]LogConfig: Setting CVar [[r.Filter.SizeScale:1]]
[2023.04.10-16.26.31:698][  0]LogConfig: Setting CVar [[r.Tonemapper.Quality:5]]
[2023.04.10-16.26.31:698][  0]LogConfig: Setting CVar [[r.DOF.Gather.AccumulatorQuality:1        ; higher gathering accumulator quality]]
[2023.04.10-16.26.31:698][  0]LogConfig: Setting CVar [[r.DOF.Gather.PostfilterMethod:1          ; Median3x3 postfilering method]]
[2023.04.10-16.26.31:698][  0]LogConfig: Setting CVar [[r.DOF.Gather.EnableBokehSettings:0       ; no bokeh simulation when gathering]]
[2023.04.10-16.26.31:698][  0]LogConfig: Setting CVar [[r.DOF.Gather.RingCount:4                 ; medium number of samples when gathering]]
[2023.04.10-16.26.31:698][  0]LogConfig: Setting CVar [[r.DOF.Scatter.ForegroundCompositing:1    ; additive foreground scattering]]
[2023.04.10-16.26.31:698][  0]LogConfig: Setting CVar [[r.DOF.Scatter.BackgroundCompositing:2    ; additive background scattering]]
[2023.04.10-16.26.31:698][  0]LogConfig: Setting CVar [[r.DOF.Scatter.EnableBokehSettings:1      ; bokeh simulation when scattering]]
[2023.04.10-16.26.31:698][  0]LogConfig: Setting CVar [[r.DOF.Scatter.MaxSpriteRatio:0.1         ; only a maximum of 10% of scattered bokeh]]
[2023.04.10-16.26.31:698][  0]LogConfig: Setting CVar [[r.DOF.Recombine.Quality:1                ; cheap slight out of focus]]
[2023.04.10-16.26.31:698][  0]LogConfig: Setting CVar [[r.DOF.Recombine.EnableBokehSettings:0    ; no bokeh simulation on slight out of focus]]
[2023.04.10-16.26.31:698][  0]LogConfig: Setting CVar [[r.DOF.TemporalAAQuality:1                ; more stable temporal accumulation]]
[2023.04.10-16.26.31:698][  0]LogConfig: Setting CVar [[r.DOF.Kernel.MaxForegroundRadius:0.025]]
[2023.04.10-16.26.31:698][  0]LogConfig: Setting CVar [[r.DOF.Kernel.MaxBackgroundRadius:0.025]]
[2023.04.10-16.26.31:698][  0]LogConfig: Applying CVar settings from Section [TextureQuality@3] File [C:/Users/Jack/Documents/GitHub/PacManHunter/Saved/Config/Windows/Scalability.ini]
[2023.04.10-16.26.31:698][  0]LogConfig: Setting CVar [[r.Streaming.MipBias:0]]
[2023.04.10-16.26.31:698][  0]LogConfig: Setting CVar [[r.Streaming.AmortizeCPUToGPUCopy:0]]
[2023.04.10-16.26.31:698][  0]LogConfig: Setting CVar [[r.Streaming.MaxNumTexturesToStreamPerFrame:0]]
[2023.04.10-16.26.31:698][  0]LogConfig: Setting CVar [[r.Streaming.Boost:1]]
[2023.04.10-16.26.31:698][  0]LogConfig: Setting CVar [[r.MaxAnisotropy:8]]
[2023.04.10-16.26.31:698][  0]LogConfig: Setting CVar [[r.VT.MaxAnisotropy:8]]
[2023.04.10-16.26.31:698][  0]LogConfig: Setting CVar [[r.Streaming.LimitPoolSizeToVRAM:0]]
[2023.04.10-16.26.31:698][  0]LogConfig: Setting CVar [[r.Streaming.PoolSize:1000]]
[2023.04.10-16.26.31:698][  0]LogConfig: Setting CVar [[r.Streaming.MaxEffectiveScreenSize:0]]
[2023.04.10-16.26.31:698][  0]LogConfig: Applying CVar settings from Section [EffectsQuality@3] File [C:/Users/Jack/Documents/GitHub/PacManHunter/Saved/Config/Windows/Scalability.ini]
[2023.04.10-16.26.31:698][  0]LogConfig: Setting CVar [[r.TranslucencyLightingVolumeDim:64]]
[2023.04.10-16.26.31:698][  0]LogConfig: Setting CVar [[r.RefractionQuality:2]]
[2023.04.10-16.26.31:698][  0]LogConfig: Setting CVar [[r.SSR.Quality:3]]
[2023.04.10-16.26.31:698][  0]LogConfig: Setting CVar [[r.SSR.HalfResSceneColor:0]]
[2023.04.10-16.26.31:698][  0]LogConfig: Setting CVar [[r.SceneColorFormat:4]]
[2023.04.10-16.26.31:698][  0]LogConfig: Setting CVar [[r.DetailMode:2]]
[2023.04.10-16.26.31:698][  0]LogConfig: Setting CVar [[r.TranslucencyVolumeBlur:1]]
[2023.04.10-16.26.31:698][  0]LogConfig: Setting CVar [[r.MaterialQualityLevel:1 ; High quality]]
[2023.04.10-16.26.31:698][  0]LogConfig: Setting CVar [[r.AnisotropicMaterials:1]]
[2023.04.10-16.26.31:698][  0]LogConfig: Setting CVar [[r.SSS.Scale:1]]
[2023.04.10-16.26.31:698][  0]LogConfig: Setting CVar [[r.SSS.SampleSet:2]]
[2023.04.10-16.26.31:698][  0]LogConfig: Setting CVar [[r.SSS.Quality:1]]
[2023.04.10-16.26.31:698][  0]LogConfig: Setting CVar [[r.SSS.HalfRes:0]]
[2023.04.10-16.26.31:698][  0]LogConfig: Setting CVar [[r.SSGI.Quality:3]]
[2023.04.10-16.26.31:698][  0]LogConfig: Setting CVar [[r.EmitterSpawnRateScale:1.0]]
[2023.04.10-16.26.31:698][  0]LogConfig: Setting CVar [[r.ParticleLightQuality:2]]
[2023.04.10-16.26.31:698][  0]LogConfig: Setting CVar [[r.SkyAtmosphere.AerialPerspectiveLUT.FastApplyOnOpaque:1 ; Always have FastSkyLUT 1 in this case to avoid wrong sky]]
[2023.04.10-16.26.31:698][  0]LogConfig: Setting CVar [[r.SkyAtmosphere.AerialPerspectiveLUT.SampleCountMaxPerSlice:4]]
[2023.04.10-16.26.31:698][  0]LogConfig: Setting CVar [[r.SkyAtmosphere.AerialPerspectiveLUT.DepthResolution:16.0]]
[2023.04.10-16.26.31:698][  0]LogConfig: Setting CVar [[r.SkyAtmosphere.FastSkyLUT:1]]
[2023.04.10-16.26.31:698][  0]LogConfig: Setting CVar [[r.SkyAtmosphere.FastSkyLUT.SampleCountMin:4.0]]
[2023.04.10-16.26.31:698][  0]LogConfig: Setting CVar [[r.SkyAtmosphere.FastSkyLUT.SampleCountMax:128.0]]
[2023.04.10-16.26.31:698][  0]LogConfig: Setting CVar [[r.SkyAtmosphere.SampleCountMin:4.0]]
[2023.04.10-16.26.31:698][  0]LogConfig: Setting CVar [[r.SkyAtmosphere.SampleCountMax:128.0]]
[2023.04.10-16.26.31:698][  0]LogConfig: Setting CVar [[r.SkyAtmosphere.TransmittanceLUT.UseSmallFormat:0]]
[2023.04.10-16.26.31:698][  0]LogConfig: Setting CVar [[r.SkyAtmosphere.TransmittanceLUT.SampleCount:10.0]]
[2023.04.10-16.26.31:698][  0]LogConfig: Setting CVar [[r.SkyAtmosphere.MultiScatteringLUT.SampleCount:15.0]]
[2023.04.10-16.26.31:698][  0]LogConfig: Setting CVar [[r.SkyLight.RealTimeReflectionCapture:1]]
[2023.04.10-16.26.31:698][  0]LogConfig: Applying CVar settings from Section [FoliageQuality@3] File [C:/Users/Jack/Documents/GitHub/PacManHunter/Saved/Config/Windows/Scalability.ini]
[2023.04.10-16.26.31:698][  0]LogConfig: Setting CVar [[foliage.DensityScale:1.0]]
[2023.04.10-16.26.31:698][  0]LogConfig: Setting CVar [[grass.DensityScale:1.0]]
[2023.04.10-16.26.31:698][  0]LogConfig: Applying CVar settings from Section [ShadingQuality@3] File [C:/Users/Jack/Documents/GitHub/PacManHunter/Saved/Config/Windows/Scalability.ini]
[2023.04.10-16.26.31:698][  0]LogConfig: Setting CVar [[r.HairStrands.SkyLighting.IntegrationType:2]]
[2023.04.10-16.26.31:698][  0]LogConfig: Setting CVar [[r.HairStrands.SkyAO.SampleCount:4]]
[2023.04.10-16.26.31:698][  0]LogConfig: Setting CVar [[r.HairStrands.Visibility.MSAA.SamplePerPixel:4]]
[2023.04.10-16.26.31:698][  0]LogInit: Selected Device Profile: [Windows]
[2023.04.10-16.26.31:698][  0]LogInit: Applying CVar settings loaded from the selected device profile: [Windows]
[2023.04.10-16.26.31:699][  0]LogHAL: Display: Platform has ~ 8 GB [8341741568 / 8589934592 / 8], which maps to Default [LargestMinGB=32, LargerMinGB=12, DefaultMinGB=8, SmallerMinGB=6, SmallestMinGB=0)
[2023.04.10-16.26.31:699][  0]LogInit: Going up to parent DeviceProfile []
[2023.04.10-16.26.31:699][  0]LogConfig: Applying CVar settings from Section [ViewDistanceQuality@3] File [C:/Users/Jack/Documents/GitHub/PacManHunter/Saved/Config/Windows/Scalability.ini]
[2023.04.10-16.26.31:699][  0]LogConfig: Setting CVar [[r.SkeletalMeshLODBias:0]]
[2023.04.10-16.26.31:699][  0]LogConfig: Setting CVar [[r.ViewDistanceScale:1.0]]
[2023.04.10-16.26.31:699][  0]LogConfig: Applying CVar settings from Section [AntiAliasingQuality@3] File [C:/Users/Jack/Documents/GitHub/PacManHunter/Saved/Config/Windows/Scalability.ini]
[2023.04.10-16.26.31:699][  0]LogConfig: Setting CVar [[r.PostProcessAAQuality:4]]
[2023.04.10-16.26.31:699][  0]LogConfig: Applying CVar settings from Section [ShadowQuality@3] File [C:/Users/Jack/Documents/GitHub/PacManHunter/Saved/Config/Windows/Scalability.ini]
[2023.04.10-16.26.31:699][  0]LogConfig: Setting CVar [[r.LightFunctionQuality:1]]
[2023.04.10-16.26.31:699][  0]LogConfig: Setting CVar [[r.ShadowQuality:5]]
[2023.04.10-16.26.31:699][  0]LogConfig: Setting CVar [[r.Shadow.CSM.MaxCascades:10]]
[2023.04.10-16.26.31:699][  0]LogConfig: Setting CVar [[r.Shadow.MaxResolution:2048]]
[2023.04.10-16.26.31:699][  0]LogConfig: Setting CVar [[r.Shadow.MaxCSMResolution:2048]]
[2023.04.10-16.26.31:699][  0]LogConfig: Setting CVar [[r.Shadow.RadiusThreshold:0.01]]
[2023.04.10-16.26.31:699][  0]LogConfig: Setting CVar [[r.Shadow.DistanceScale:1.0]]
[2023.04.10-16.26.31:699][  0]LogConfig: Setting CVar [[r.Shadow.CSM.TransitionScale:1.0]]
[2023.04.10-16.26.31:699][  0]LogConfig: Setting CVar [[r.Shadow.PreShadowResolutionFactor:1.0]]
[2023.04.10-16.26.31:699][  0]LogConfig: Setting CVar [[r.DistanceFieldShadowing:1]]
[2023.04.10-16.26.31:699][  0]LogConfig: Setting CVar [[r.DistanceFieldAO:1]]
[2023.04.10-16.26.31:699][  0]LogConfig: Setting CVar [[r.AOQuality:2]]
[2023.04.10-16.26.31:699][  0]LogConfig: Setting CVar [[r.VolumetricFog:1]]
[2023.04.10-16.26.31:699][  0]LogConfig: Setting CVar [[r.VolumetricFog.GridPixelSize:8]]
[2023.04.10-16.26.31:699][  0]LogConfig: Setting CVar [[r.VolumetricFog.GridSizeZ:128]]
[2023.04.10-16.26.31:699][  0]LogConfig: Setting CVar [[r.VolumetricFog.HistoryMissSupersampleCount:4]]
[2023.04.10-16.26.31:699][  0]LogConfig: Setting CVar [[r.LightMaxDrawDistanceScale:1]]
[2023.04.10-16.26.31:699][  0]LogConfig: Setting CVar [[r.CapsuleShadows:1]]
[2023.04.10-16.26.31:699][  0]LogConfig: Applying CVar settings from Section [PostProcessQuality@3] File [C:/Users/Jack/Documents/GitHub/PacManHunter/Saved/Config/Windows/Scalability.ini]
[2023.04.10-16.26.31:699][  0]LogConfig: Setting CVar [[r.MotionBlurQuality:4]]
[2023.04.10-16.26.31:699][  0]LogConfig: Setting CVar [[r.AmbientOcclusionMipLevelFactor:0.4]]
[2023.04.10-16.26.31:699][  0]LogConfig: Setting CVar [[r.AmbientOcclusionMaxQuality:100]]
[2023.04.10-16.26.31:699][  0]LogConfig: Setting CVar [[r.AmbientOcclusionLevels:-1]]
[2023.04.10-16.26.31:699][  0]LogConfig: Setting CVar [[r.AmbientOcclusionRadiusScale:1.0]]
[2023.04.10-16.26.31:699][  0]LogConfig: Setting CVar [[r.DepthOfFieldQuality:2]]
[2023.04.10-16.26.31:699][  0]LogConfig: Setting CVar [[r.RenderTargetPoolMin:400]]
[2023.04.10-16.26.31:699][  0]LogConfig: Setting CVar [[r.LensFlareQuality:2]]
[2023.04.10-16.26.31:699][  0]LogConfig: Setting CVar [[r.SceneColorFringeQuality:1]]
[2023.04.10-16.26.31:699][  0]LogConfig: Setting CVar [[r.EyeAdaptationQuality:2]]
[2023.04.10-16.26.31:699][  0]LogConfig: Setting CVar [[r.BloomQuality:5]]
[2023.04.10-16.26.31:699][  0]LogConfig: Setting CVar [[r.FastBlurThreshold:100]]
[2023.04.10-16.26.31:699][  0]LogConfig: Setting CVar [[r.Upscale.Quality:3]]
[2023.04.10-16.26.31:699][  0]LogConfig: Setting CVar [[r.Tonemapper.GrainQuantization:1]]
[2023.04.10-16.26.31:699][  0]LogConfig: Setting CVar [[r.LightShaftQuality:1]]
[2023.04.10-16.26.31:699][  0]LogConfig: Setting CVar [[r.Filter.SizeScale:1]]
[2023.04.10-16.26.31:699][  0]LogConfig: Setting CVar [[r.Tonemapper.Quality:5]]
[2023.04.10-16.26.31:699][  0]LogConfig: Setting CVar [[r.DOF.Gather.AccumulatorQuality:1        ; higher gathering accumulator quality]]
[2023.04.10-16.26.31:699][  0]LogConfig: Setting CVar [[r.DOF.Gather.PostfilterMethod:1          ; Median3x3 postfilering method]]
[2023.04.10-16.26.31:699][  0]LogConfig: Setting CVar [[r.DOF.Gather.EnableBokehSettings:0       ; no bokeh simulation when gathering]]
[2023.04.10-16.26.31:699][  0]LogConfig: Setting CVar [[r.DOF.Gather.RingCount:4                 ; medium number of samples when gathering]]
[2023.04.10-16.26.31:699][  0]LogConfig: Setting CVar [[r.DOF.Scatter.ForegroundCompositing:1    ; additive foreground scattering]]
[2023.04.10-16.26.31:699][  0]LogConfig: Setting CVar [[r.DOF.Scatter.BackgroundCompositing:2    ; additive background scattering]]
[2023.04.10-16.26.31:699][  0]LogConfig: Setting CVar [[r.DOF.Scatter.EnableBokehSettings:1      ; bokeh simulation when scattering]]
[2023.04.10-16.26.31:699][  0]LogConfig: Setting CVar [[r.DOF.Scatter.MaxSpriteRatio:0.1         ; only a maximum of 10% of scattered bokeh]]
[2023.04.10-16.26.31:699][  0]LogConfig: Setting CVar [[r.DOF.Recombine.Quality:1                ; cheap slight out of focus]]
[2023.04.10-16.26.31:699][  0]LogConfig: Setting CVar [[r.DOF.Recombine.EnableBokehSettings:0    ; no bokeh simulation on slight out of focus]]
[2023.04.10-16.26.31:699][  0]LogConfig: Setting CVar [[r.DOF.TemporalAAQuality:1                ; more stable temporal accumulation]]
[2023.04.10-16.26.31:699][  0]LogConfig: Setting CVar [[r.DOF.Kernel.MaxForegroundRadius:0.025]]
[2023.04.10-16.26.31:699][  0]LogConfig: Setting CVar [[r.DOF.Kernel.MaxBackgroundRadius:0.025]]
[2023.04.10-16.26.31:699][  0]LogConfig: Applying CVar settings from Section [TextureQuality@3] File [C:/Users/Jack/Documents/GitHub/PacManHunter/Saved/Config/Windows/Scalability.ini]
[2023.04.10-16.26.31:699][  0]LogConfig: Setting CVar [[r.Streaming.MipBias:0]]
[2023.04.10-16.26.31:699][  0]LogConfig: Setting CVar [[r.Streaming.AmortizeCPUToGPUCopy:0]]
[2023.04.10-16.26.31:699][  0]LogConfig: Setting CVar [[r.Streaming.MaxNumTexturesToStreamPerFrame:0]]
[2023.04.10-16.26.31:699][  0]LogConfig: Setting CVar [[r.Streaming.Boost:1]]
[2023.04.10-16.26.31:699][  0]LogConfig: Setting CVar [[r.MaxAnisotropy:8]]
[2023.04.10-16.26.31:699][  0]LogConfig: Setting CVar [[r.VT.MaxAnisotropy:8]]
[2023.04.10-16.26.31:699][  0]LogConfig: Setting CVar [[r.Streaming.LimitPoolSizeToVRAM:0]]
[2023.04.10-16.26.31:699][  0]LogConfig: Setting CVar [[r.Streaming.PoolSize:1000]]
[2023.04.10-16.26.31:699][  0]LogConfig: Setting CVar [[r.Streaming.MaxEffectiveScreenSize:0]]
[2023.04.10-16.26.31:699][  0]LogConfig: Applying CVar settings from Section [EffectsQuality@3] File [C:/Users/Jack/Documents/GitHub/PacManHunter/Saved/Config/Windows/Scalability.ini]
[2023.04.10-16.26.31:699][  0]LogConfig: Setting CVar [[r.TranslucencyLightingVolumeDim:64]]
[2023.04.10-16.26.31:699][  0]LogConfig: Setting CVar [[r.RefractionQuality:2]]
[2023.04.10-16.26.31:699][  0]LogConfig: Setting CVar [[r.SSR.Quality:3]]
[2023.04.10-16.26.31:699][  0]LogConfig: Setting CVar [[r.SSR.HalfResSceneColor:0]]
[2023.04.10-16.26.31:699][  0]LogConfig: Setting CVar [[r.SceneColorFormat:4]]
[2023.04.10-16.26.31:699][  0]LogConfig: Setting CVar [[r.DetailMode:2]]
[2023.04.10-16.26.31:699][  0]LogConfig: Setting CVar [[r.TranslucencyVolumeBlur:1]]
[2023.04.10-16.26.31:699][  0]LogConfig: Setting CVar [[r.MaterialQualityLevel:1 ; High quality]]
[2023.04.10-16.26.31:699][  0]LogConfig: Setting CVar [[r.AnisotropicMaterials:1]]
[2023.04.10-16.26.31:699][  0]LogConfig: Setting CVar [[r.SSS.Scale:1]]
[2023.04.10-16.26.31:699][  0]LogConfig: Setting CVar [[r.SSS.SampleSet:2]]
[2023.04.10-16.26.31:699][  0]LogConfig: Setting CVar [[r.SSS.Quality:1]]
[2023.04.10-16.26.31:699][  0]LogConfig: Setting CVar [[r.SSS.HalfRes:0]]
[2023.04.10-16.26.31:699][  0]LogConfig: Setting CVar [[r.SSGI.Quality:3]]
[2023.04.10-16.26.31:699][  0]LogConfig: Setting CVar [[r.EmitterSpawnRateScale:1.0]]
[2023.04.10-16.26.31:699][  0]LogConfig: Setting CVar [[r.ParticleLightQuality:2]]
[2023.04.10-16.26.31:699][  0]LogConfig: Setting CVar [[r.SkyAtmosphere.AerialPerspectiveLUT.FastApplyOnOpaque:1 ; Always have FastSkyLUT 1 in this case to avoid wrong sky]]
[2023.04.10-16.26.31:699][  0]LogConfig: Setting CVar [[r.SkyAtmosphere.AerialPerspectiveLUT.SampleCountMaxPerSlice:4]]
[2023.04.10-16.26.31:699][  0]LogConfig: Setting CVar [[r.SkyAtmosphere.AerialPerspectiveLUT.DepthResolution:16.0]]
[2023.04.10-16.26.31:699][  0]LogConfig: Setting CVar [[r.SkyAtmosphere.FastSkyLUT:1]]
[2023.04.10-16.26.31:699][  0]LogConfig: Setting CVar [[r.SkyAtmosphere.FastSkyLUT.SampleCountMin:4.0]]
[2023.04.10-16.26.31:700][  0]LogConfig: Setting CVar [[r.SkyAtmosphere.FastSkyLUT.SampleCountMax:128.0]]
[2023.04.10-16.26.31:700][  0]LogConfig: Setting CVar [[r.SkyAtmosphere.SampleCountMin:4.0]]
[2023.04.10-16.26.31:700][  0]LogConfig: Setting CVar [[r.SkyAtmosphere.SampleCountMax:128.0]]
[2023.04.10-16.26.31:700][  0]LogConfig: Setting CVar [[r.SkyAtmosphere.TransmittanceLUT.UseSmallFormat:0]]
[2023.04.10-16.26.31:700][  0]LogConfig: Setting CVar [[r.SkyAtmosphere.TransmittanceLUT.SampleCount:10.0]]
[2023.04.10-16.26.31:700][  0]LogConfig: Setting CVar [[r.SkyAtmosphere.MultiScatteringLUT.SampleCount:15.0]]
[2023.04.10-16.26.31:700][  0]LogConfig: Setting CVar [[r.SkyLight.RealTimeReflectionCapture:1]]
[2023.04.10-16.26.31:700][  0]LogConfig: Applying CVar settings from Section [FoliageQuality@3] File [C:/Users/Jack/Documents/GitHub/PacManHunter/Saved/Config/Windows/Scalability.ini]
[2023.04.10-16.26.31:700][  0]LogConfig: Setting CVar [[foliage.DensityScale:1.0]]
[2023.04.10-16.26.31:700][  0]LogConfig: Setting CVar [[grass.DensityScale:1.0]]
[2023.04.10-16.26.31:700][  0]LogConfig: Applying CVar settings from Section [ShadingQuality@3] File [C:/Users/Jack/Documents/GitHub/PacManHunter/Saved/Config/Windows/Scalability.ini]
[2023.04.10-16.26.31:700][  0]LogConfig: Setting CVar [[r.HairStrands.SkyLighting.IntegrationType:2]]
[2023.04.10-16.26.31:700][  0]LogConfig: Setting CVar [[r.HairStrands.SkyAO.SampleCount:4]]
[2023.04.10-16.26.31:700][  0]LogConfig: Setting CVar [[r.HairStrands.Visibility.MSAA.SamplePerPixel:4]]
[2023.04.10-16.26.31:700][  0]LogConfig: Applying CVar settings from Section [Startup] File [../../../Engine/Config/ConsoleVariables.ini]
[2023.04.10-16.26.31:701][  0]LogConfig: Setting CVar [[net.UseAdaptiveNetUpdateFrequency:0]]
[2023.04.10-16.26.31:701][  0]LogConfig: Setting CVar [[p.chaos.AllowCreatePhysxBodies:1]]
[2023.04.10-16.26.31:701][  0]LogConfig: Setting CVar [[fx.SkipVectorVMBackendOptimizations:1]]
[2023.04.10-16.26.31:701][  0]LogConfig: Applying CVar settings from Section [ConsoleVariables] File [C:/Users/Jack/Documents/GitHub/PacManHunter/Saved/Config/Windows/Engine.ini]
[2023.04.10-16.26.31:701][  0]LogConfig: Applying CVar settings from Section [ConsoleVariables] File [C:/Users/Jack/Documents/GitHub/PacManHunter/Saved/Config/Windows/Editor.ini]
[2023.04.10-16.26.31:701][  0]LogInit: Computer: LAPTOP-REET2DGH
[2023.04.10-16.26.31:701][  0]LogInit: User: Jack
[2023.04.10-16.26.31:701][  0]LogInit: CPU Page size=4096, Cores=6
[2023.04.10-16.26.31:701][  0]LogInit: High frequency timer resolution =10.000000 MHz
[2023.04.10-16.26.31:701][  0]LogMemory: Memory total: Physical=7.8GB (8GB approx)
[2023.04.10-16.26.31:701][  0]LogMemory: Platform Memory Stats for Windows
[2023.04.10-16.26.31:701][  0]LogMemory: Process Physical Memory: 143.96 MB used, 143.96 MB peak
[2023.04.10-16.26.31:701][  0]LogMemory: Process Virtual Memory: 128.00 MB used, 128.00 MB peak
[2023.04.10-16.26.31:701][  0]LogMemory: Physical Memory: 6384.12 MB used,  1571.18 MB free, 7955.30 MB total
[2023.04.10-16.26.31:701][  0]LogMemory: Virtual Memory: 134208864.00 MB used,  8864.20 MB free, 134217728.00 MB total
[2023.04.10-16.26.31:709][  0]LogWindows: WindowsPlatformFeatures enabled
[2023.04.10-16.26.31:764][  0]LogInit: Physics initialised using underlying interface: PhysX
[2023.04.10-16.26.31:765][  0]LogInit: Using OS detected language (en-GB).
[2023.04.10-16.26.31:765][  0]LogInit: Using OS detected locale (en-GB).
[2023.04.10-16.26.31:775][  0]LogTextLocalizationManager: No specific localization for 'en-GB' exists, so the 'en' localization will be used.
[2023.04.10-16.26.32:062][  0]LogWindowsTextInputMethodSystem: Display: IME system deactivated.
[2023.04.10-16.26.32:098][  0]LogSlate: New Slate User Created.  User Index 0, Is Virtual User: 0
[2023.04.10-16.26.32:098][  0]LogSlate: Slate User Registered.  User Index 0, Is Virtual User: 0
[2023.04.10-16.26.32:111][  0]LogD3D11RHI: Loaded GFSDK_Aftermath_Lib.x64.dll
[2023.04.10-16.26.32:157][  0]LogHMD: Failed to initialize OpenVR with code 110
[2023.04.10-16.26.32:157][  0]LogD3D11RHI: D3D11 min allowed feature level: 11_0
[2023.04.10-16.26.32:157][  0]LogD3D11RHI: D3D11 max allowed feature level: 11_0
[2023.04.10-16.26.32:157][  0]LogD3D11RHI: D3D11 adapters:
[2023.04.10-16.26.32:295][  0]LogD3D11RHI:    0. 'NVIDIA GeForce RTX 3050 Ti Laptop GPU' (Feature Level 11_0)
[2023.04.10-16.26.32:295][  0]LogD3D11RHI:       3990/0/3977 MB DedicatedVideo/DedicatedSystem/SharedSystem, Outputs:1, VendorId:0x10de
[2023.04.10-16.26.32:365][  0]LogD3D11RHI:    1. 'Intel(R) UHD Graphics' (Feature Level 11_0)
[2023.04.10-16.26.32:365][  0]LogD3D11RHI:       128/0/3977 MB DedicatedVideo/DedicatedSystem/SharedSystem, Outputs:0, VendorId:0x8086
[2023.04.10-16.26.32:371][  0]LogD3D11RHI:    2. 'Microsoft Basic Render Driver' (Feature Level 11_0)
[2023.04.10-16.26.32:371][  0]LogD3D11RHI:       0/0/3977 MB DedicatedVideo/DedicatedSystem/SharedSystem, Outputs:0, VendorId:0x1414
[2023.04.10-16.26.32:371][  0]LogD3D11RHI: Chosen D3D11 Adapter:
[2023.04.10-16.26.32:371][  0]LogD3D11RHI:     Description : NVIDIA GeForce RTX 3050 Ti Laptop GPU
[2023.04.10-16.26.32:371][  0]LogD3D11RHI:     VendorId    : 10de
[2023.04.10-16.26.32:371][  0]LogD3D11RHI:     DeviceId    : 25a0
[2023.04.10-16.26.32:371][  0]LogD3D11RHI:     SubSysId    : 153a1025
[2023.04.10-16.26.32:371][  0]LogD3D11RHI:     Revision    : 00a1
[2023.04.10-16.26.32:371][  0]LogD3D11RHI:     DedicatedVideoMemory : 4183818240 bytes
[2023.04.10-16.26.32:371][  0]LogD3D11RHI:     DedicatedSystemMemory : 0 bytes
[2023.04.10-16.26.32:371][  0]LogD3D11RHI:     SharedSystemMemory : 4170870784 bytes
[2023.04.10-16.26.32:371][  0]LogD3D11RHI:     AdapterLuid : 0 66704
[2023.04.10-16.26.32:378][  0]LogD3D11RHI: Creating new Direct3DDevice
[2023.04.10-16.26.32:378][  0]LogD3D11RHI:     GPU DeviceId: 0x25a0 (for the marketing name, search the web for "GPU Device Id")
[2023.04.10-16.26.32:378][  0]LogWindows: EnumDisplayDevices:
[2023.04.10-16.26.32:378][  0]LogWindows:    0. 'Intel(R) UHD Graphics' (P:1 D:1)
[2023.04.10-16.26.32:379][  0]LogWindows:    1. 'Intel(R) UHD Graphics' (P:0 D:0)
[2023.04.10-16.26.32:379][  0]LogWindows:    2. 'Intel(R) UHD Graphics' (P:0 D:0)
[2023.04.10-16.26.32:379][  0]LogWindows:    3. 'Intel(R) UHD Graphics' (P:0 D:0)
[2023.04.10-16.26.32:379][  0]LogWindows:    4. 'NVIDIA GeForce RTX 3050 Ti Laptop GPU' (P:0 D:0)
[2023.04.10-16.26.32:379][  0]LogWindows: DebugString: PrimaryIsNotTheChoosenAdapter PrimaryIsNotTheChoosenAdapter PrimaryIsNotTheChoosenAdapter PrimaryIsNotTheChoosenAdapter 
[2023.04.10-16.26.32:379][  0]LogD3D11RHI:     Adapter Name: NVIDIA GeForce RTX 3050 Ti Laptop GPU
[2023.04.10-16.26.32:379][  0]LogD3D11RHI:   Driver Version: 462.62 (internal:27.21.14.6262, unified:462.62)
[2023.04.10-16.26.32:379][  0]LogD3D11RHI:      Driver Date: 5-11-2021
[2023.04.10-16.26.32:379][  0]LogRHI: Texture pool is 2793 MB (70% of 3990 MB)
[2023.04.10-16.26.32:379][  0]LogD3D11RHI: Creating D3DDevice using adapter:
[2023.04.10-16.26.32:379][  0]LogD3D11RHI:     Description : NVIDIA GeForce RTX 3050 Ti Laptop GPU
[2023.04.10-16.26.32:379][  0]LogD3D11RHI:     VendorId    : 10de
[2023.04.10-16.26.32:379][  0]LogD3D11RHI:     DeviceId    : 25a0
[2023.04.10-16.26.32:379][  0]LogD3D11RHI:     SubSysId    : 153a1025
[2023.04.10-16.26.32:379][  0]LogD3D11RHI:     Revision    : 00a1
[2023.04.10-16.26.32:379][  0]LogD3D11RHI:     DedicatedVideoMemory : 4183818240 bytes
[2023.04.10-16.26.32:379][  0]LogD3D11RHI:     DedicatedSystemMemory : 0 bytes
[2023.04.10-16.26.32:379][  0]LogD3D11RHI:     SharedSystemMemory : 4170870784 bytes
[2023.04.10-16.26.32:379][  0]LogD3D11RHI:     AdapterLuid : 0 66704
[2023.04.10-16.26.32:465][  0]LogD3D11RHI: RHI has support for 64 bit atomics
[2023.04.10-16.26.32:465][  0]LogD3D11RHI: Async texture creation enabled
[2023.04.10-16.26.32:465][  0]LogD3D11RHI: Array index from any shader is supported
[2023.04.10-16.26.32:487][  0]LogD3D11RHI: GPU Timing Frequency: 1000.000000 (Debug: 2 2)
[2023.04.10-16.26.32:519][  0]LogRHI: GeForceNow SDK initialized: 1
[2023.04.10-16.26.32:905][  0]LogTargetPlatformManager: Display: Loaded TargetPlatform 'WindowsNoEditor'
[2023.04.10-16.26.32:911][  0]LogTargetPlatformManager: Display: Loaded TargetPlatform 'Windows'
[2023.04.10-16.26.32:919][  0]LogTargetPlatformManager: Display: Loaded TargetPlatform 'WindowsClient'
[2023.04.10-16.26.32:925][  0]LogTargetPlatformManager: Display: Loaded TargetPlatform 'WindowsServer'
[2023.04.10-16.26.32:925][  0]LogTargetPlatformManager: Display: Building Assets For Windows
[2023.04.10-16.26.32:939][  0]LogAudioDebug: Display: Lib vorbis DLL was dynamically loaded.
[2023.04.10-16.26.32:988][  0]LogTextureFormatOodle: Display: Oodle Texture 2.9.0 init RDO Off
[2023.04.10-16.26.33:069][  0]LogRendererCore: Ray tracing is disabled. Reason: r.RayTracing=0.
[2023.04.10-16.26.33:070][  0]LogShaderCompilers: Guid format shader working directory is -14 characters bigger than the processId version (../../../../../../Users/Jack/Documents/GitHub/PacManHunter/Intermediate/Shaders/WorkingDirectory/18080/).
[2023.04.10-16.26.33:070][  0]LogShaderCompilers: Cleaned the shader compiler working directory 'C:/Users/Jack/AppData/Local/Temp/UnrealShaderWorkingDir/9F7DA8C147391A8CB05C36835D11E6E7/'.
[2023.04.10-16.26.33:070][  0]LogXGEController: Cannot use XGE Controller as Incredibuild is not installed on this machine.
[2023.04.10-16.26.33:070][  0]LogShaderCompilers: Cannot use XGE Shader Compiler as Incredibuild is not installed on this machine.
[2023.04.10-16.26.33:070][  0]LogShaderCompilers: Display: Using Local Shader Compiler.
[2023.04.10-16.26.34:029][  0]LogDerivedDataCache: Display: Max Cache Size: 512 MB
[2023.04.10-16.26.34:178][  0]LogDerivedDataCache: Loaded boot cache 0.15s 106MB C:/Users/Jack/AppData/Local/UnrealEngine/4.27/DerivedDataCache/Boot.ddc.
[2023.04.10-16.26.34:178][  0]LogDerivedDataCache: Display: Loaded Boot cache: C:/Users/Jack/AppData/Local/UnrealEngine/4.27/DerivedDataCache/Boot.ddc
[2023.04.10-16.26.34:179][  0]LogDerivedDataCache: FDerivedDataBackendGraph:  Pak pak cache file ../../../../../../Users/Jack/Documents/GitHub/PacManHunter/DerivedDataCache/DDC.ddp not found, will not use a pak cache.
[2023.04.10-16.26.34:179][  0]LogDerivedDataCache: Unable to find inner node Pak for hierarchical cache Hierarchy.
[2023.04.10-16.26.34:179][  0]LogDerivedDataCache: FDerivedDataBackendGraph:  CompressedPak pak cache file ../../../../../../Users/Jack/Documents/GitHub/PacManHunter/DerivedDataCache/Compressed.ddp not found, will not use a pak cache.
[2023.04.10-16.26.34:179][  0]LogDerivedDataCache: Unable to find inner node CompressedPak for hierarchical cache Hierarchy.
[2023.04.10-16.26.34:199][  0]LogDerivedDataCache: Display: Pak cache opened for reading ../../../Engine/DerivedDataCache/Compressed.ddp.
[2023.04.10-16.26.34:200][  0]LogDerivedDataCache: FDerivedDataBackendGraph:  EnterprisePak pak cache file ../../../Enterprise/DerivedDataCache/Compressed.ddp not found, will not use a pak cache.
[2023.04.10-16.26.34:200][  0]LogDerivedDataCache: Unable to find inner node EnterprisePak for hierarchical cache Hierarchy.
[2023.04.10-16.26.34:223][  0]LogDerivedDataCache: Speed tests for C:/Users/Jack/AppData/Local/UnrealEngine/Common/DerivedDataCache took 0.02 seconds
[2023.04.10-16.26.34:223][  0]LogDerivedDataCache: Display: Performance to C:/Users/Jack/AppData/Local/UnrealEngine/Common/DerivedDataCache: Latency=0.11ms. RandomReadSpeed=129.31MBs, RandomWriteSpeed=67.21MBs. Assigned SpeedClass 'Local'
[2023.04.10-16.26.34:224][  0]LogDerivedDataCache: Using Local data cache path C:/Users/Jack/AppData/Local/UnrealEngine/Common/DerivedDataCache: Writable
[2023.04.10-16.26.34:224][  0]LogDerivedDataCache: Shared data cache path not found in *engine.ini, will not use an Shared cache.
[2023.04.10-16.26.34:224][  0]LogDerivedDataCache: Unable to find inner node Shared for hierarchical cache Hierarchy.
[2023.04.10-16.26.34:258][  0]LogSlate: Using FreeType 2.10.0
[2023.04.10-16.26.34:261][  0]LogSlate: SlateFontServices - WITH_FREETYPE: 1, WITH_HARFBUZZ: 1
[2023.04.10-16.26.34:437][  0]LogInit: Using OS detected language (en-GB).
[2023.04.10-16.26.34:437][  0]LogInit: Using OS detected locale (en-GB).
[2023.04.10-16.26.34:437][  0]LogTextLocalizationManager: No localization for 'en-GB' exists, so 'en' will be used for the language.
[2023.04.10-16.26.34:437][  0]LogTextLocalizationManager: No localization for 'en-GB' exists, so 'en' will be used for the locale.
[2023.04.10-16.26.34:437][  0]LogSlate: FontCache flush requested. Reason: Culture for localization was changed
[2023.04.10-16.26.34:437][  0]LogSlate: FontCache flush requested. Reason: Culture for localization was changed
[2023.04.10-16.26.34:443][  0]LogTextLocalizationManager: Compacting localization data took   0.24ms
[2023.04.10-16.26.34:443][  0]LogAssetRegistry: FAssetRegistry took 0.0024 seconds to start up
[2023.04.10-16.26.34:768][  0]LogPackageLocalizationCache: Processed 27 localized package path(s) for 1 prioritized culture(s) in 0.000982 seconds
[2023.04.10-16.26.34:826][  0]LogInit: Selected Device Profile: [Windows]
[2023.04.10-16.26.34:826][  0]LogInit: Active device profile: [00000129C41BD400][00000129B52E96C0 49] Windows
[2023.04.10-16.26.34:826][  0]LogInit: Profiles: [00000129C41BD400][00000129B52E96C0 49] Windows, [00000129C4147F00][00000129B52E5800 49] WindowsNoEditor, [00000129C416B700][00000129B52ED940 49] WindowsServer, [00000129C4147000][00000129B52F1A80 49] WindowsClient, [00000129C416AF00][00000129B618DC00 49] IOS, [00000129C4144D00][00000129B6190200 49] iPadAir, [00000129C4169100][00000129B6194380 49] iPadAir2, [00000129C4104400][00000129B619C640 49] IPadPro, [00000129C4104500][00000129B6198680 49] iPadAir3, [00000129C4145200][00000129B61A0800 49] iPadAir4, [00000129C4106F00][00000129B61A4980 49] iPadMini2, [00000129C4146C00][00000129B61A8B00 49] iPadMini3, [00000129C4106C00][00000129B61ACC80 49] iPadMini4, [00000129C4145600][00000129B61B0E00 49] iPadMini5, [00000129C40F7C00][00000129B61B90C0 49] iPhone6, [00000129C40F7D00][00000129B61B5100 49] iPodTouch6, [00000129C416BF00][00000129B61C13C0 49] iPhone7, [00000129C416A700][00000129B61BD400 49] iPodTouch7, [00000129C4105A00][00000129B61C5580 49] iPhone5S, [00000129C40F4100][00000129B61C9700 49] iPhone6Plus, [00000129C4168500][00000129B61CD880 49] iPhone6S, [00000129C40F5D00][00000129B61899C0 49] iPhone6SPlus, [00000129C4104100][00000129B61D1B00 49] iPhone7Plus, [00000129C40F5900][00000129B5E6C0C0 49] iPhoneSE, [00000129C4105F00][00000129B5E74240 49] iPhone8, [00000129C40F4B00][00000129B5E783C0 49] iPhone8Plus, [00000129C4105D00][00000129B5E7C540 49] iPhoneX, [00000129C40F4400][00000129B5E806C0 49] iPhoneXS, [00000129C4105900][00000129B5E84840 49] iPhoneXSMax, [00000129C40F5800][00000129B5E889C0 49] iPhoneXR, [00000129C4107D00][00000129B5E8CB40 49] iPhone11, [00000129C40F5100][00000129B5E90CC0 49] iPhone11Pro, [00000129C4105100][00000129B5E94E40 49] iPhone11ProMax, [00000129C40F6C00][00000129B5E98FC0 49] iPhoneSE2, [00000129C4104D00][00000129B5E9D140 49] iPhone12Mini, [00000129C40F7300][00000129B5EA12C0 49] iPhone12, [00000129C4107A00][00000129B5EA5440 49] iPhone12Pro, [00000129C40F5300][00000129B5EA95C0 49] iPhone12ProMax, [00000129C4105500][00000129B5EAD740 49] iPadPro105, [00000129C40F7F00][00000129B5EB18C0 49] iPadPro129, [00000129C4105700][00000129B5EB5A40 49] iPadPro97, [00000129C40F7600][00000129B5E71B80 49] iPadPro2_129, [00000129C4104C00][00000129B5EB8140 49] iPad5, [00000129C40F4C00][00000129B5EBC280 49] iPad6, [00000129C4105800][00000129B59023C0 49] iPad7, [00000129C40F7400][00000129B590A540 49] iPad8, [00000129C4104900][00000129B590E6C0 49] iPadPro11, [00000129C40F6900][00000129B5912840 49] iPadPro2_11, [00000129C4106A00][00000129B59169C0 49] iPadPro3_129, [00000129C40F7000][00000129B591AB40 49] iPadPro4_129, [00000129C4104800][00000129B591ECC0 49] AppleTV, [00000129C40F6400][00000129B5922E40 49] AppleTV4K, [00000129C4104F00][00000129B5926FC0 49] TVOS, [00000129C40F4600][00000129B592B140 49] Mac, [00000129C4105400][00000129B592F2C0 49] MacClient, [00000129C40F7200][00000129B5933440 49] MacNoEditor, [00000129C4107E00][00000129B59375C0 49] MacServer, [00000129C40F6E00][00000129B593B740 49] Linux, [00000129C4106700][00000129B593F8C0 49] LinuxAArch64, [00000129C40F7E00][00000129B5943A40 49] LinuxNoEditor, [00000129C4105000][00000129B5947BC0 49] LinuxAArch64NoEditor, [00000129C40F7500][00000129B5906180 49] LinuxClient, [00000129C4106100][00000129B594A2C0 49] LinuxAArch64Client, [00000129C40F6700][00000129B594E400 49] LinuxServer, [00000129C4107900][00000129B5952540 49] LinuxAArch64Server, [00000129C40F7900][00000129B595A6C0 49] Android, [00000129C4106D00][00000129B595E840 49] Android_Low, [00000129C40F6B00][00000129B59629C0 49] Android_Mid, [00000129C4107100][00000129B5966B40 49] Android_High, [00000129C40F5600][00000129B596ACC0 49] Android_Default, [00000129C4105600][00000129B596EE40 49] Android_Adreno4xx, [00000129C40F4700][00000129B5972FC0 49] Android_Adreno5xx_Low, [00000129C41BED00][00000129B5977140 49] Android_Adreno5xx, [00000129C4168600][00000129B597B2C0 49] Android_Adreno6xx, [00000129C41BEC00][00000129B597F440 49] Android_Adreno6xx_Vulkan, [00000129C4168F00][00000129B59835C0 49] Android_Mali_T6xx, [00000129C41BF400][00000129B5987740 49] Android_Mali_T7xx, [00000129C4169A00][00000129B598B8C0 49] Android_Mali_T8xx, [00000129C41BEA00][00000129B598FA40 49] Android_Mali_G71, [00000129C4168100][00000129B5993BC0 49] Android_Mali_G72, [00000129C41BDF00][00000129B59961C0 49] Android_Mali_G72_Vulkan, [00000129C4168D00][00000129B599A340 49] Android_Mali_G76, [00000129C41BD800][00000129B5956480 49] Android_Mali_G76_Vulkan, [00000129C4169600][00000129B599E5C0 49] Android_Mali_G77, [00000129C41BE800][00000129B59A2700 49] Android_Mali_G77_Vulkan, [00000129C4168900][00000129B59AA880 49] Android_Mali_G78, [00000129C41BF500][00000129B59AEA00 49] Android_Mali_G78_Vulkan, [00000129C416A100][00000129B59B2B80 49] Android_Mali_G710, [00000129C41BD300][00000129B59B6D00 49] Android_Mali_G710_Vulkan, [00000129C416A000][00000129B59BAE80 49] Android_Vulkan_SM5, [00000129C41BCC00][00000129B59BF000 49] Android_PowerVR_G6xxx, [00000129C4169E00][00000129B59C3180 49] Android_PowerVR_GT7xxx, [00000129C41BC600][00000129B59C7300 49] Android_PowerVR_GE8xxx, [00000129C416B100][00000129B59CB480 49] Android_PowerVR_GM9xxx, [00000129C41BC100][00000129B59CF600 49] Android_PowerVR_GM9xxx_Vulkan, [00000129C40F6D00][00000129B59D3780 49] Android_TegraK1, [00000129C41BDC00][00000129B59D7900 49] Android_Unknown_Vulkan, [00000129C40F6100][00000129B59DBA80 49] Lumin, [00000129C41BD700][00000129B59DFC00 49] Lumin_Desktop, [00000129C40F5E00][00000129B59E2200 49] HoloLens, 
[2023.04.10-16.26.34:925][  0]LogMeshReduction: Using QuadricMeshReduction for automatic static mesh reduction
[2023.04.10-16.26.34:925][  0]LogMeshReduction: Using SimplygonMeshReduction for automatic skeletal mesh reduction
[2023.04.10-16.26.34:925][  0]LogMeshReduction: Using ProxyLODMeshReduction for automatic mesh merging
[2023.04.10-16.26.34:925][  0]LogMeshReduction: No distributed automatic mesh merging module available
[2023.04.10-16.26.34:925][  0]LogMeshMerging: No distributed automatic mesh merging module available
[2023.04.10-16.26.35:043][  0]LogNetVersion: PacManHunter 1.0.0, NetCL: 17155196, EngineNetVer: 17, GameNetVer: 0 (Checksum: 2554951525)
[2023.04.10-16.26.35:380][  0]LogTexture: Default maximum texture size for cubemaps generated from long-lat sources has been changed from 512 to unlimited. In order to preserve old behaiour for '/Engine/MapTemplates/Sky/DaylightAmbientCubemap.DaylightAmbientCubemap', its maximum texture size has been explicitly set to 512.
[2023.04.10-16.26.35:461][  0]LogHMD: PokeAHoleMaterial loaded successfully
[2023.04.10-16.26.35:675][  0]LogMoviePlayer: Initializing movie player
[2023.04.10-16.26.35:824][  0]LogNiagaraDebuggerClient: Niagara Debugger Client Initialized | Session: 1B7AF12349E01625A973E0AA60C2F3FE | Instance: 6681C16245F6D660290D53AFF2465689 (LAPTOP-REET2DGH-18080).
[2023.04.10-16.26.35:874][  0]LogCollectionManager: Loaded 0 collections in 0.001886 seconds
[2023.04.10-16.26.35:876][  0]LogFileCache: Scanning file cache for directory 'C:/Users/Jack/Documents/GitHub/PacManHunter/Saved/Collections/' took 0.00s
[2023.04.10-16.26.35:876][  0]LogFileCache: Scanning file cache for directory 'C:/Users/Jack/Documents/GitHub/PacManHunter/Content/Developers/Jack/Collections/' took 0.00s
[2023.04.10-16.26.35:876][  0]LogCollectionManager: Fixed up redirectors for 0 collections in 0.000002 seconds (updated 0 objects)
[2023.04.10-16.26.35:923][  0]LogFileCache: Scanning file cache for directory 'C:/Users/Jack/Documents/GitHub/PacManHunter/Content/Collections/' took 0.00s
[2023.04.10-16.26.35:923][  0]LogTcpMessaging: Initializing TcpMessaging bridge
[2023.04.10-16.26.35:931][  0]LogUdpMessaging: Initializing bridge on interface 0.0.0.0:0 to multicast group 230.0.0.1:6666.
[2023.04.10-16.26.36:146][  0]LogPython: Using Python 3.7.7
[2023.04.10-16.26.36:664][  0]SourceControl: Source control is disabled
[2023.04.10-16.26.36:664][  0]SourceControl: Source control is disabled
[2023.04.10-16.26.36:669][  0]SourceControl: Source control is disabled
[2023.04.10-16.26.36:684][  0]LogUProjectInfo: Found projects:
[2023.04.10-16.26.36:752][  0]LogAndroidPermission: UAndroidPermissionCallbackProxy::GetInstance
[2023.04.10-16.26.36:779][  0]LogAudioCaptureCore: Display: No Audio Capture implementations found. Audio input will be silent.
[2023.04.10-16.26.36:779][  0]LogAudioCaptureCore: Display: No Audio Capture implementations found. Audio input will be silent.
[2023.04.10-16.26.36:988][  0]LogOpenImageDenoise: OIDN starting up
[2023.04.10-16.26.37:012][  0]LogOcInput: OculusInput pre-init called
[2023.04.10-16.26.37:023][  0]LogUObjectArray: 22121 objects as part of root set at end of initial load.
[2023.04.10-16.26.37:023][  0]LogUObjectAllocator: 5975632 out of 0 bytes used by permanent object pool.
[2023.04.10-16.26.37:023][  0]LogUObjectArray: CloseDisregardForGC: 0/0 objects in disregard for GC pool
[2023.04.10-16.26.37:111][  0]LogEngine: Initializing Engine...
[2023.04.10-16.26.37:122][  0]LogHMD: Failed to enumerate extensions. Please check that you have a valid OpenXR runtime installed.
[2023.04.10-16.26.37:122][  0]LogHMD: Failed to initialize OpenVR with code 110
[2023.04.10-16.26.37:122][  0]LogMagicLeap: Warning: VR disabled because ZI is not enabled.  To enable, in the editor, Edit -> Project Settings -> Plugins -> Magic Leap Plugin -> Enable Zero Iteration
[2023.04.10-16.26.37:124][  0]LogStats: UGameplayTagsManager::InitializeManager -  0.000 s
[2023.04.10-16.26.37:268][  0]LogInit: Initializing FReadOnlyCVARCache
[2023.04.10-16.26.37:268][  0]LogAudio: Display: Initializing Audio Device Manager...
[2023.04.10-16.26.37:277][  0]LogAudio: Display: Loading Default Audio Settings Objects...
[2023.04.10-16.26.37:279][  0]LogAudio: Display: No default SoundConcurrencyObject specified (or failed to load).
[2023.04.10-16.26.37:281][  0]LogAudio: Display: Audio Device Manager Initialized
[2023.04.10-16.26.37:281][  0]LogAudio: Display: Creating Audio Device:                 Id: 1, Scope: Shared, Realtime: True
[2023.04.10-16.26.37:282][  0]LogAudioMixer: Display: Audio Mixer Platform Settings:
[2023.04.10-16.26.37:282][  0]LogAudioMixer: Display: 	Sample Rate:						  48000
[2023.04.10-16.26.37:282][  0]LogAudioMixer: Display: 	Callback Buffer Frame Size Requested: 1024
[2023.04.10-16.26.37:282][  0]LogAudioMixer: Display: 	Callback Buffer Frame Size To Use:	  1024
[2023.04.10-16.26.37:282][  0]LogAudioMixer: Display: 	Number of buffers to queue:			  2
[2023.04.10-16.26.37:282][  0]LogAudioMixer: Display: 	Max Channels (voices):				  32
[2023.04.10-16.26.37:282][  0]LogAudioMixer: Display: 	Number of Async Source Workers:		  0
[2023.04.10-16.26.37:282][  0]LogAudio: Display: AudioDevice MaxSources: 32
[2023.04.10-16.26.37:282][  0]LogAudio: Display: Audio Spatialization Plugin: None (built-in).
[2023.04.10-16.26.37:282][  0]LogAudio: Display: Audio Reverb Plugin: None (built-in).
[2023.04.10-16.26.37:282][  0]LogAudio: Display: Audio Occlusion Plugin: None (built-in).
[2023.04.10-16.26.37:282][  0]LogAudioMixer: Display: Initializing audio mixer.
[2023.04.10-16.26.37:302][  0]LogAudioMixer: Display: 0: FrontLeft
[2023.04.10-16.26.37:302][  0]LogAudioMixer: Display: 1: FrontRight
[2023.04.10-16.26.37:407][  0]LogAudioMixer: Display: Using Audio Device Speakers (Realtek(R) Audio)
[2023.04.10-16.26.37:414][  0]LogAudioMixer: Display: Initializing Sound Submixes...
[2023.04.10-16.26.37:416][  0]LogAudioMixer: Display: Creating Master Submix 'MasterSubmixDefault'
[2023.04.10-16.26.37:416][  0]LogAudioMixer: Display: Creating Master Submix 'MasterReverbSubmixDefault'
[2023.04.10-16.26.37:419][  0]LogAudioMixer: Display: Creating Master Submix 'MasterEQSubmixDefault'
[2023.04.10-16.26.37:419][  0]LogAudioMixer: FMixerPlatformXAudio2::StartAudioStream() called
[2023.04.10-16.26.37:419][  0]LogAudioMixer: Display: Output buffers initialized: Frames=1024, Channels=2, Samples=2048
[2023.04.10-16.26.37:423][  0]LogAudioMixer: Display: Starting AudioMixerPlatformInterface::RunInternal()
[2023.04.10-16.26.37:423][  0]LogAudioMixer: Display: FMixerPlatformXAudio2::SubmitBuffer() called for the first time
[2023.04.10-16.26.37:423][  0]LogInit: FAudioDevice initialized.
[2023.04.10-16.26.37:425][  0]LogNetVersion: Set ProjectVersion to 1.0.0.0. Version Checksum will be recalculated on next use.
[2023.04.10-16.26.37:426][  0]LogInit: Texture streaming: Enabled
[2023.04.10-16.26.37:555][  0]LogAudio: Display: Audio Device (ID: 1) registered with world 'Untitled'.
[2023.04.10-16.26.37:556][  0]LogSlate: Updating window title bar state: overlay mode, drag disabled, window buttons hidden, title bar hidden
[2023.04.10-16.26.37:557][  0]LogInit: Display: Game Engine Initialized.
[2023.04.10-16.26.37:557][  0]LogNiagaraEditor: GEditor isn't valid! Particle reset commands will not work for Niagara components!
[2023.04.10-16.26.37:728][  0]LogInit: Display: Starting Game.
[2023.04.10-16.26.37:728][  0]LogNet: Browse: /Game/ThirdPersonBP/Maps/ThirdPersonExampleMap?Name=Player
[2023.04.10-16.26.37:729][  0]LogLoad: LoadMap: /Game/ThirdPersonBP/Maps/ThirdPersonExampleMap?Name=Player
[2023.04.10-16.26.37:729][  0]LogWorld: BeginTearingDown for /Temp/Untitled_0
[2023.04.10-16.26.37:732][  0]LogWorld: UWorld::CleanupWorld for Untitled, bSessionEnded=true, bCleanupResources=true
[2023.04.10-16.26.37:732][  0]LogSlate: InvalidateAllWidgets triggered.  All widgets were invalidated
[2023.04.10-16.26.37:739][  0]LogAudio: Display: Audio Device unregistered from world 'None'.
[2023.04.10-16.26.37:743][  0]LogUObjectHash: Compacting FUObjectHashTables data took   0.73ms
[2023.04.10-16.26.38:593][  0]LogAudio: Display: Audio Device (ID: 1) registered with world 'ThirdPersonExampleMap'.
[2023.04.10-16.26.38:607][  0]LogAIModule: Creating AISystem for world ThirdPersonExampleMap
[2023.04.10-16.26.38:608][  0]LogLoad: Game class is 'ThirdPersonGameMode_C'
[2023.04.10-16.26.38:617][  0]LogWorld: Bringing World /Game/ThirdPersonBP/Maps/ThirdPersonExampleMap.ThirdPersonExampleMap up for play (max tick rate 0) at 2023.04.10-17.26.38
[2023.04.10-16.26.38:618][  0]LogWorld: Bringing up level for play took: 0.009992
[2023.04.10-16.26.38:620][  0]LogSpawn: Warning: SpawnActor failed because no class was specified
[2023.04.10-16.26.38:625][  0]LogLoad: Took 0.895367 seconds to LoadMap(/Game/ThirdPersonBP/Maps/ThirdPersonExampleMap)
[2023.04.10-16.26.38:652][  0]LogRenderer: Reallocating scene render targets to support 1280x720 Format 10 NumSamples 1 (Frame:1).
[2023.04.10-16.26.38:652][  0]LogSlate: Took 0.000928 seconds to synchronously load lazily loaded font '../../../Engine/Content/Slate/Fonts/Roboto-Regular.ttf' (155K)
[2023.04.10-16.26.38:692][  0]LogInit: Display: Engine is initialized. Leaving FEngineLoop::Init()
[2023.04.10-16.26.38:692][  0]LogLoad: (Engine Initialization) Total time: 8.87 seconds
[2023.04.10-16.26.38:692][  0]LogLoad: (Engine Initialization) Total Blueprint compile time: 0.00 seconds
[2023.04.10-16.26.38:700][  0]LogContentStreaming: Texture pool size now 1000 MB
[2023.04.10-16.26.38:703][  0]LogSlate: InvalidateAllWidgets triggered.  All widgets were invalidated
[2023.04.10-16.26.38:740][  0]LogRenderer: Reallocating scene render targets to support 128x128 Format 10 NumSamples 1 (Frame:1).
[2023.04.10-16.26.38:778][  0]LogRenderer: Reallocating scene render targets to support 1280x720 Format 10 NumSamples 1 (Frame:2).
[2023.04.10-16.26.38:795][  1]LogSlate: Took 0.001257 seconds to synchronously load lazily loaded font '../../../Engine/Content/Slate/Fonts/Roboto-Regular.ttf' (155K)
[2023.04.10-16.26.44:143][862]LogPlayerController: Error: InputMode:UIOnly - Attempting to focus Non-Focusable widget SObjectWidget [Widget.cpp(799)]!
[2023.04.10-16.26.44:143][862]LogViewport: Display: Viewport MouseLockMode Changed, LockOnCapture -> DoNotLock
[2023.04.10-16.26.44:143][862]LogViewport: Display: Viewport MouseCaptureMode Changed, CapturePermanently_IncludingInitialMouseDown -> NoCapture
[2023.04.10-16.26.46:476][258]Closing by request
[2023.04.10-16.26.46:477][258]LogWindows: FPlatformMisc::RequestExit(0)
[2023.04.10-16.26.46:477][258]LogWindows: FPlatformMisc::RequestExitWithStatus(0, 0)
[2023.04.10-16.26.46:477][258]LogCore: Engine exit requested (reason: Win RequestExit)
[2023.04.10-16.26.46:481][259]LogCore: Engine exit requested (reason: EngineExit() was called; note: exit was already requested)
[2023.04.10-16.26.46:481][259]LogInit: Display: PreExit Game.
[2023.04.10-16.26.46:529][259]LogWorld: BeginTearingDown for /Game/ThirdPersonBP/Maps/ThirdPersonExampleMap
[2023.04.10-16.26.46:530][259]LogWorld: UWorld::CleanupWorld for ThirdPersonExampleMap, bSessionEnded=true, bCleanupResources=true
[2023.04.10-16.26.46:530][259]LogSlate: InvalidateAllWidgets triggered.  All widgets were invalidated
[2023.04.10-16.26.47:131][259]LogAudio: Display: Beginning Audio Device Manager Shutdown (Module: AudioMixerXAudio2)...
[2023.04.10-16.26.47:131][259]LogAudio: Display: Destroying 1 Remaining Audio Device(s)...
[2023.04.10-16.26.47:131][259]LogAudio: Display: Audio Device unregistered from world 'ThirdPersonExampleMap'.
[2023.04.10-16.26.47:166][259]LogAudioMixer: FMixerPlatformXAudio2::StopAudioStream() called
[2023.04.10-16.26.47:169][259]LogAudioMixer: FMixerPlatformXAudio2::StopAudioStream() called
[2023.04.10-16.26.47:175][259]LogAudio: Display: Audio Device Manager Shutdown
[2023.04.10-16.26.47:183][259]LogSlate: Window 'PacManHunter (64-bit Development PCD3D_SM5) ' being destroyed
[2023.04.10-16.26.47:184][259]LogWindowsTextInputMethodSystem: Display: IME system deactivated.
[2023.04.10-16.26.47:191][259]LogWindowsTextInputMethodSystem: Display: IME system deactivated.
[2023.04.10-16.26.47:204][259]LogExit: Preparing to exit.
[2023.04.10-16.26.47:226][259]LogUObjectHash: Compacting FUObjectHashTables data took   1.79ms
[2023.04.10-16.26.47:951][259]LogMoviePlayer: Shutting down movie player
[2023.04.10-16.26.48:069][259]LogSlate: Updating window title bar state: overlay mode, drag disabled, window buttons hidden, title bar hidden
[2023.04.10-16.26.48:102][259]LogDemo: Cleaned up 0 splitscreen connections with owner deletion
[2023.04.10-16.26.48:103][259]LogExit: Game engine shut down
[2023.04.10-16.26.48:210][259]LogExit: Object subsystem successfully closed.
[2023.04.10-16.26.48:223][259]LogShaderCompilers: Display: === FShaderJobCache stats ===
[2023.04.10-16.26.48:223][259]LogShaderCompilers: Display: Total job queries 0, among them cache hits 0 (0.00%)
[2023.04.10-16.26.48:223][259]LogShaderCompilers: Display: Tracking 0 distinct input hashes that result in 0 distinct outputs (0.00%)
[2023.04.10-16.26.48:223][259]LogShaderCompilers: Display: RAM used: 0.00 MB (0.00 GB) of 409.60 MB (0.40 GB) budget. Usage: 0.00%
[2023.04.10-16.26.48:223][259]LogShaderCompilers: Display: ================================================
[2023.04.10-16.26.48:244][259]LogShaderCompilers: Display: Shaders left to compile 0
[2023.04.10-16.26.48:285][259]LogModuleManager: Shutting down and abandoning module SequenceRecorderSections (560)
[2023.04.10-16.26.48:285][259]LogModuleManager: Shutting down and abandoning module SequenceRecorder (558)
[2023.04.10-16.26.48:285][259]LogModuleManager: Shutting down and abandoning module AutomationController (556)
[2023.04.10-16.26.48:285][259]LogModuleManager: Shutting down and abandoning module AutomationWorker (554)
[2023.04.10-16.26.48:285][259]LogModuleManager: Shutting down and abandoning module Voice (552)
[2023.04.10-16.26.48:286][259]LogModuleManager: Shutting down and abandoning module AIModule (550)
[2023.04.10-16.26.48:286][259]LogModuleManager: Shutting down and abandoning module GameplayDebugger (549)
[2023.04.10-16.26.48:286][259]LogModuleManager: Shutting down and abandoning module AITestSuite (547)
[2023.04.10-16.26.48:286][259]LogModuleManager: Shutting down and abandoning module NavigationSystem (545)
[2023.04.10-16.26.48:286][259]LogModuleManager: Shutting down and abandoning module AnimGraph (542)
[2023.04.10-16.26.48:286][259]LogModuleManager: Shutting down and abandoning module SteamVREditor (540)
[2023.04.10-16.26.48:286][259]LogModuleManager: Shutting down and abandoning module ToolMenus (539)
[2023.04.10-16.26.48:286][259]LogModuleManager: Shutting down and abandoning module OculusMR (536)
[2023.04.10-16.26.48:286][259]LogModuleManager: Shutting down and abandoning module PlanarCut (534)
[2023.04.10-16.26.48:286][259]LogModuleManager: Shutting down and abandoning module TakeRecorderSources (532)
[2023.04.10-16.26.48:287][259]LogModuleManager: Shutting down and abandoning module TakeRecorder (531)
[2023.04.10-16.26.48:288][259]LogModuleManager: Shutting down and abandoning module TakeTrackRecorders (528)
[2023.04.10-16.26.48:288][259]LogModuleManager: Shutting down and abandoning module TakesCore (526)
[2023.04.10-16.26.48:288][259]LogModuleManager: Shutting down and abandoning module CharacterAI (524)
[2023.04.10-16.26.48:288][259]LogModuleManager: Shutting down and abandoning module OpenXRInput (522)
[2023.04.10-16.26.48:288][259]LogModuleManager: Shutting down and abandoning module MagicLeapMediaCodecFactory (520)
[2023.04.10-16.26.48:288][259]LogModuleManager: Shutting down and abandoning module MagicLeapMediaFactory (518)
[2023.04.10-16.26.48:288][259]LogModuleManager: Shutting down and abandoning module WebMMediaFactory (516)
[2023.04.10-16.26.48:288][259]LogModuleManager: Shutting down and abandoning module WebMMedia (514)
[2023.04.10-16.26.48:289][259]LogModuleManager: Shutting down and abandoning module WmfMediaFactory (512)
[2023.04.10-16.26.48:289][259]LogModuleManager: Shutting down and abandoning module OpenExrWrapper (510)
[2023.04.10-16.26.48:289][259]LogModuleManager: Shutting down and abandoning module ImgMediaFactory (508)
[2023.04.10-16.26.48:289][259]LogModuleManager: Shutting down and abandoning module AvfMediaFactory (506)
[2023.04.10-16.26.48:289][259]LogModuleManager: Shutting down and abandoning module SessionServices (504)
[2023.04.10-16.26.48:289][259]LogModuleManager: Shutting down and abandoning module MovieSceneCapture (502)
[2023.04.10-16.26.48:289][259]LogModuleManager: Shutting down and abandoning module LiveCoding (500)
[2023.04.10-16.26.48:289][259]LogModuleManager: Shutting down and abandoning module LevelSequence (498)
[2023.04.10-16.26.48:289][259]LogModuleManager: Shutting down and abandoning module MovieSceneTracks (496)
[2023.04.10-16.26.48:289][259]LogModuleManager: Shutting down and abandoning module MovieScene (494)
[2023.04.10-16.26.48:290][259]LogModuleManager: Shutting down and abandoning module StreamingPauseRendering (492)
[2023.04.10-16.26.48:290][259]LogModuleManager: Shutting down and abandoning module PortalServices (490)
[2023.04.10-16.26.48:290][259]LogModuleManager: Shutting down and abandoning module PortalRpc (488)
[2023.04.10-16.26.48:290][259]LogModuleManager: Shutting down and abandoning module MessagingRpc (486)
[2023.04.10-16.26.48:290][259]LogModuleManager: Shutting down and abandoning module AudioMixerXAudio2 (484)
[2023.04.10-16.26.48:290][259]LogModuleManager: Shutting down and abandoning module AudioMixerCore (483)
[2023.04.10-16.26.48:290][259]LogModuleManager: Shutting down and abandoning module ImageWriteQueue (480)
[2023.04.10-16.26.48:293][259]LogModuleManager: Shutting down and abandoning module ProfilerService (478)
[2023.04.10-16.26.48:316][259]LogModuleManager: Shutting down and abandoning module TaskGraph (476)
[2023.04.10-16.26.48:317][259]LogModuleManager: Shutting down and abandoning module OculusInput (474)
[2023.04.10-16.26.48:317][259]LogModuleManager: Shutting down and abandoning module OpenImageDenoise (472)
[2023.04.10-16.26.48:317][259]LogOpenImageDenoise: OIDN shutting down
[2023.04.10-16.26.48:317][259]LogModuleManager: Shutting down and abandoning module MotoSynth (470)
[2023.04.10-16.26.48:317][259]LogModuleManager: Shutting down and abandoning module MeshConversion (468)
[2023.04.10-16.26.48:317][259]LogModuleManager: Shutting down and abandoning module DynamicMesh (466)
[2023.04.10-16.26.48:317][259]LogModuleManager: Shutting down and abandoning module GeometryAlgorithms (464)
[2023.04.10-16.26.48:318][259]LogModuleManager: Shutting down and abandoning module GeometricObjects (462)
[2023.04.10-16.26.48:318][259]LogModuleManager: Shutting down and abandoning module GeometryCollectionTracks (460)
[2023.04.10-16.26.48:318][259]LogModuleManager: Shutting down and abandoning module GeometryCollectionSequencer (459)
[2023.04.10-16.26.48:318][259]LogModuleManager: Shutting down and abandoning module GeometryCacheTracks (456)
[2023.04.10-16.26.48:318][259]LogModuleManager: Shutting down and abandoning module GeometryCacheSequencer (455)
[2023.04.10-16.26.48:318][259]LogModuleManager: Shutting down and abandoning module GeometryCache (452)
[2023.04.10-16.26.48:318][259]LogModuleManager: Shutting down and abandoning module GeometryCacheEd (451)
[2023.04.10-16.26.48:318][259]LogModuleManager: Shutting down and abandoning module TakeMovieScene (448)
[2023.04.10-16.26.48:318][259]LogModuleManager: Shutting down and abandoning module ChaosNiagara (446)
[2023.04.10-16.26.48:318][259]LogModuleManager: Shutting down and abandoning module BackChannel (444)
[2023.04.10-16.26.48:319][259]LogModuleManager: Shutting down and abandoning module AutomationUtils (442)
[2023.04.10-16.26.48:319][259]LogModuleManager: Shutting down and abandoning module Synthesis (440)
[2023.04.10-16.26.48:319][259]LogModuleManager: Shutting down and abandoning module ProceduralMeshComponent (438)
[2023.04.10-16.26.48:319][259]LogModuleManager: Shutting down and abandoning module MobilePatchingUtils (436)
[2023.04.10-16.26.48:319][259]LogModuleManager: Shutting down and abandoning module GooglePAD (434)
[2023.04.10-16.26.48:319][259]LogModuleManager: Shutting down and abandoning module TemplateSequence (432)
[2023.04.10-16.26.48:320][259]LogModuleManager: Shutting down and abandoning module CustomMeshComponent (430)
[2023.04.10-16.26.48:320][259]LogModuleManager: Shutting down and abandoning module EditableMesh (428)
[2023.04.10-16.26.48:320][259]LogModuleManager: Shutting down and abandoning module FieldSystemEngine (427)
[2023.04.10-16.26.48:320][259]LogModuleManager: Shutting down and abandoning module CableComponent (424)
[2023.04.10-16.26.48:320][259]LogModuleManager: Shutting down and abandoning module AssetTags (422)
[2023.04.10-16.26.48:320][259]LogModuleManager: Shutting down and abandoning module AudioCapture (420)
[2023.04.10-16.26.48:320][259]LogModuleManager: Shutting down and abandoning module AudioCaptureRtAudio (419)
[2023.04.10-16.26.48:320][259]LogModuleManager: Shutting down and abandoning module ArchVisCharacter (416)
[2023.04.10-16.26.48:320][259]LogModuleManager: Shutting down and abandoning module AppleImageUtilsBlueprintSupport (414)
[2023.04.10-16.26.48:320][259]LogModuleManager: Shutting down and abandoning module AppleImageUtils (412)
[2023.04.10-16.26.48:320][259]LogModuleManager: Shutting down and abandoning module AndroidPermission (410)
[2023.04.10-16.26.48:320][259]LogModuleManager: Shutting down and abandoning module ActorLayerUtilities (408)
[2023.04.10-16.26.48:320][259]LogModuleManager: Shutting down and abandoning module MagicLeapSharedWorld (406)
[2023.04.10-16.26.48:320][259]LogModuleManager: Shutting down and abandoning module MagicLeapLightEstimation (404)
[2023.04.10-16.26.48:320][259]LogModuleManager: Shutting down and abandoning module MagicLeapHelperVulkan (402)
[2023.04.10-16.26.48:320][259]LogModuleManager: Shutting down and abandoning module MagicLeapHelperOpenGL (400)
[2023.04.10-16.26.48:320][259]LogModuleManager: Shutting down and abandoning module MagicLeapAudio (398)
[2023.04.10-16.26.48:320][259]LogModuleManager: Shutting down and abandoning module MediaCompositing (396)
[2023.04.10-16.26.48:320][259]LogModuleManager: Shutting down and abandoning module ImgMedia (394)
[2023.04.10-16.26.48:320][259]LogModuleManager: Shutting down and abandoning module VisualStudioCodeSourceCodeAccess (392)
[2023.04.10-16.26.48:320][259]LogModuleManager: Shutting down and abandoning module VisualStudioSourceCodeAccess (390)
[2023.04.10-16.26.48:320][259]LogModuleManager: Shutting down and abandoning module HotReload (389)
[2023.04.10-16.26.48:321][259]LogModuleManager: Shutting down and abandoning module UObjectPlugin (386)
[2023.04.10-16.26.48:321][259]LogModuleManager: Shutting down and abandoning module SubversionSourceControl (384)
[2023.04.10-16.26.48:321][259]LogModuleManager: Shutting down and abandoning module PerforceSourceControl (382)
[2023.04.10-16.26.48:322][259]LogModuleManager: Shutting down and abandoning module SourceControl (381)
[2023.04.10-16.26.48:322][259]LogModuleManager: Shutting down and abandoning module CLionSourceCodeAccess (378)
[2023.04.10-16.26.48:322][259]LogModuleManager: Shutting down and abandoning module OodleNetworkHandlerComponent (376)
[2023.04.10-16.26.48:322][259]LogModuleManager: Shutting down and abandoning module LiveLinkSequencer (374)
[2023.04.10-16.26.48:322][259]LogModuleManager: Shutting down and abandoning module LiveLinkMovieScene (372)
[2023.04.10-16.26.48:322][259]LogModuleManager: Shutting down and abandoning module LiveLinkGraphNode (370)
[2023.04.10-16.26.48:322][259]LogModuleManager: Shutting down and abandoning module LiveLinkComponents (368)
[2023.04.10-16.26.48:322][259]LogModuleManager: Shutting down and abandoning module LiveLink (366)
[2023.04.10-16.26.48:586][259]LogModuleManager: Shutting down and abandoning module PythonScriptPlugin (364)
[2023.04.10-16.26.48:587][259]LogModuleManager: Shutting down and abandoning module SoundFields (362)
[2023.04.10-16.26.48:587][259]LogModuleManager: Shutting down and abandoning module SignificanceManager (360)
[2023.04.10-16.26.48:587][259]LogModuleManager: Shutting down and abandoning module RuntimePhysXCooking (358)
[2023.04.10-16.26.48:587][259]LogModuleManager: Shutting down and abandoning module PropertyAccessEditor (356)
[2023.04.10-16.26.48:587][259]LogModuleManager: Shutting down and abandoning module PhysXVehiclesEditor (354)
[2023.04.10-16.26.48:587][259]LogModuleManager: Shutting down and abandoning module LocationServicesBPLibrary (350)
[2023.04.10-16.26.48:587][259]LogModuleManager: Shutting down and abandoning module ActorSequence (348)
[2023.04.10-16.26.48:587][259]LogModuleManager: Shutting down and abandoning module AudioSynesthesia (346)
[2023.04.10-16.26.48:587][259]LogModuleManager: Shutting down and abandoning module AudioSynesthesiaCore (344)
[2023.04.10-16.26.48:587][259]LogModuleManager: Shutting down and abandoning module MagicLeapARPin (342)
[2023.04.10-16.26.48:588][259]LogModuleManager: Shutting down and abandoning module MagicLeapHandMeshing (340)
[2023.04.10-16.26.48:588][259]LogModuleManager: Shutting down and abandoning module MagicLeapSecureStorage (338)
[2023.04.10-16.26.48:588][259]LogModuleManager: Shutting down and abandoning module MagicLeapPrivileges (336)
[2023.04.10-16.26.48:588][259]LogModuleManager: Shutting down and abandoning module MagicLeapPlanes (334)
[2023.04.10-16.26.48:588][259]LogMagicLeapPlanes: Planes tracker already destroyed.
[2023.04.10-16.26.48:588][259]LogModuleManager: Shutting down and abandoning module MagicLeapImageTracker (332)
[2023.04.10-16.26.48:588][259]LogModuleManager: Shutting down and abandoning module MagicLeapIdentity (330)
[2023.04.10-16.26.48:588][259]LogModuleManager: Shutting down and abandoning module MagicLeapHandTracking (328)
[2023.04.10-16.26.48:588][259]LogModuleManager: Shutting down and abandoning module MagicLeapEyeTracker (326)
[2023.04.10-16.26.48:588][259]LogModuleManager: Shutting down and abandoning module MagicLeapController (324)
[2023.04.10-16.26.48:588][259]LogModuleManager: Shutting down and abandoning module MagicLeapARPinImpl (322)
[2023.04.10-16.26.48:588][259]LogModuleManager: Shutting down and abandoning module MagicLeapAR (320)
[2023.04.10-16.26.48:588][259]LogModuleManager: Shutting down and abandoning module GameplayTagsEditor (318)
[2023.04.10-16.26.48:589][259]LogModuleManager: Shutting down and abandoning module FacialAnimation (316)
[2023.04.10-16.26.48:589][259]LogModuleManager: Shutting down and abandoning module AssetManagerEditor (314)
[2023.04.10-16.26.48:589][259]LogModuleManager: Shutting down and abandoning module TreeMap (313)
[2023.04.10-16.26.48:589][259]LogModuleManager: Shutting down and abandoning module UdpMessaging (310)
[2023.04.10-16.26.48:690][259]LogModuleManager: Shutting down and abandoning module TcpMessaging (308)
[2023.04.10-16.26.48:935][259]LogModuleManager: Shutting down and abandoning module ImgMediaEngine (306)
[2023.04.10-16.26.48:935][259]LogModuleManager: Shutting down and abandoning module PropertyAccessNode (304)
[2023.04.10-16.26.48:935][259]LogModuleManager: Shutting down and abandoning module NiagaraAnimNotifies (302)
[2023.04.10-16.26.48:935][259]LogModuleManager: Shutting down and abandoning module Niagara (300)
[2023.04.10-16.26.48:936][259]LogModuleManager: Shutting down and abandoning module SignalProcessing (299)
[2023.04.10-16.26.48:936][259]LogModuleManager: Shutting down and abandoning module NiagaraEditor (297)
[2023.04.10-16.26.48:936][259]LogModuleManager: Shutting down and abandoning module ContentBrowser (296)
[2023.04.10-16.26.48:936][259]LogModuleManager: Shutting down and abandoning module CollectionManager (295)
[2023.04.10-16.26.48:937][259]LogModuleManager: Shutting down and abandoning module DirectoryWatcher (294)
[2023.04.10-16.26.48:937][259]LogModuleManager: Shutting down and abandoning module ContentBrowserData (291)
[2023.04.10-16.26.48:937][259]LogModuleManager: Shutting down and abandoning module NiagaraCore (286)
[2023.04.10-16.26.48:937][259]LogModuleManager: Shutting down and abandoning module AnimationSharing (284)
[2023.04.10-16.26.48:937][259]LogModuleManager: Shutting down and abandoning module EnvironmentQueryEditor (282)
[2023.04.10-16.26.48:937][259]LogModuleManager: Shutting down and abandoning module GameplayCameras (280)
[2023.04.10-16.26.48:937][259]LogModuleManager: Shutting down and abandoning module LightPropagationVolumeRuntime (278)
[2023.04.10-16.26.48:937][259]LogModuleManager: Shutting down and abandoning module Paper2D (276)
[2023.04.10-16.26.48:938][259]LogModuleManager: Shutting down and abandoning module WindowsMoviePlayer (274)
[2023.04.10-16.26.48:938][259]LogModuleManager: Shutting down and abandoning module WebMMoviePlayer (272)
[2023.04.10-16.26.48:938][259]LogModuleManager: Shutting down and abandoning module NetworkReplayStreaming (270)
[2023.04.10-16.26.48:938][259]LogModuleManager: Shutting down and abandoning module PacketHandler (268)
[2023.04.10-16.26.48:938][259]LogModuleManager: Shutting down and abandoning module ClothingSystemEditor (266)
[2023.04.10-16.26.48:938][259]LogModuleManager: Shutting down and abandoning module ClothingSystemRuntimeNv (264)
[2023.04.10-16.26.48:939][259]LogModuleManager: Shutting down and abandoning module MediaAssets (262)
[2023.04.10-16.26.48:939][259]LogModuleManager: Shutting down and abandoning module Overlay (260)
[2023.04.10-16.26.48:939][259]LogModuleManager: Shutting down and abandoning module OverlayEditor (259)
[2023.04.10-16.26.48:939][259]LogModuleManager: Shutting down and abandoning module VREditor (256)
[2023.04.10-16.26.48:939][259]LogModuleManager: Shutting down and abandoning module StringTableEditor (254)
[2023.04.10-16.26.48:939][259]LogModuleManager: Shutting down and abandoning module GameplayTasksEditor (252)
[2023.04.10-16.26.48:939][259]LogModuleManager: Shutting down and abandoning module BehaviorTreeEditor (250)
[2023.04.10-16.26.48:940][259]LogModuleManager: Shutting down and abandoning module FunctionalTesting (248)
[2023.04.10-16.26.48:940][259]LogModuleManager: Shutting down and abandoning module CollisionAnalyzer (246)
[2023.04.10-16.26.48:941][259]LogModuleManager: Shutting down and abandoning module WorkspaceMenuStructure (245)
[2023.04.10-16.26.48:941][259]LogModuleManager: Shutting down and abandoning module UMG (242)
[2023.04.10-16.26.48:941][259]LogModuleManager: Shutting down and abandoning module UMGEditor (241)
[2023.04.10-16.26.48:941][259]LogModuleManager: Shutting down and abandoning module Sequencer (240)
[2023.04.10-16.26.48:942][259]LogModuleManager: Shutting down and abandoning module MessageLog (237)
[2023.04.10-16.26.48:942][259]LogModuleManager: Shutting down and abandoning module SlateReflector (232)
[2023.04.10-16.26.48:944][259]LogModuleManager: Shutting down and abandoning module Slate (230)
[2023.04.10-16.26.48:944][259]LogModuleManager: Shutting down and abandoning module SlateCore (228)
[2023.04.10-16.26.48:945][259]LogModuleManager: Shutting down and abandoning module LandscapeEditorUtilities (226)
[2023.04.10-16.26.48:945][259]LogModuleManager: Shutting down and abandoning module UnrealEd (224)
[2023.04.10-16.26.48:945][259]LogModuleManager: Shutting down and abandoning module MRMesh (222)
[2023.04.10-16.26.48:945][259]LogModuleManager: Shutting down and abandoning module Messaging (220)
[2023.04.10-16.26.48:945][259]LogModuleManager: Shutting down and abandoning module SourceCodeAccess (218)
[2023.04.10-16.26.48:945][259]LogModuleManager: Shutting down and abandoning module HeadMountedDisplay (216)
[2023.04.10-16.26.48:945][259]LogModuleManager: Shutting down and abandoning module XAudio2 (214)
[2023.04.10-16.26.48:945][259]LogModuleManager: Shutting down and abandoning module Networking (212)
[2023.04.10-16.26.48:945][259]LogModuleManager: Shutting down and abandoning module Core (210)
[2023.04.10-16.26.48:945][259]LogModuleManager: Shutting down and abandoning module MaterialEditor (208)
[2023.04.10-16.26.48:945][259]LogModuleManager: Shutting down and abandoning module MovieSceneTools (206)
[2023.04.10-16.26.48:946][259]LogModuleManager: Shutting down and abandoning module EditorStyle (205)
[2023.04.10-16.26.48:946][259]LogModuleManager: Shutting down and abandoning module KismetCompiler (202)
[2023.04.10-16.26.48:946][259]LogModuleManager: Shutting down and abandoning module MeshBuilder (200)
[2023.04.10-16.26.48:946][259]LogModuleManager: Shutting down and abandoning module MeshUtilities (198)
[2023.04.10-16.26.48:947][259]LogModuleManager: Shutting down and abandoning module MeshMergeUtilities (197)
[2023.04.10-16.26.48:947][259]LogModuleManager: Shutting down and abandoning module MeshReductionInterface (196)
[2023.04.10-16.26.48:947][259]LogModuleManager: Shutting down and abandoning module MeshBoneReduction (195)
[2023.04.10-16.26.48:947][259]LogModuleManager: Shutting down and abandoning module SkeletalMeshReduction (193)
[2023.04.10-16.26.48:947][259]LogModuleManager: Shutting down and abandoning module ProxyLODMeshReduction (191)
[2023.04.10-16.26.48:948][259]LogModuleManager: Shutting down and abandoning module QuadricMeshReduction (189)
[2023.04.10-16.26.48:948][259]LogModuleManager: Shutting down and abandoning module MaterialBaking (185)
[2023.04.10-16.26.48:948][259]LogModuleManager: Shutting down and abandoning module NullInstallBundleManager (180)
[2023.04.10-16.26.48:948][259]LogModuleManager: Shutting down and abandoning module PIEPreviewDeviceProfileSelector (178)
[2023.04.10-16.26.48:948][259]LogModuleManager: Shutting down and abandoning module DerivedDataCache (176)
[2023.04.10-16.26.48:949][259]LogModuleManager: Shutting down and abandoning module TargetPlatform (174)
[2023.04.10-16.26.48:949][259]LogModuleManager: Shutting down and abandoning module VulkanShaderFormat (173)
[2023.04.10-16.26.48:950][259]LogModuleManager: Shutting down and abandoning module ShaderFormatVectorVM (171)
[2023.04.10-16.26.48:951][259]LogModuleManager: Shutting down and abandoning module ShaderFormatOpenGL (169)
[2023.04.10-16.26.48:951][259]LogModuleManager: Shutting down and abandoning module ShaderFormatD3D (167)
[2023.04.10-16.26.48:951][259]LogModuleManager: Shutting down and abandoning module MetalShaderFormat (165)
[2023.04.10-16.26.48:951][259]LogModuleManager: Shutting down and abandoning module TextureFormatOodle (163)
[2023.04.10-16.26.48:951][259]LogModuleManager: Shutting down and abandoning module TextureFormatUncompressed (161)
[2023.04.10-16.26.48:951][259]LogModuleManager: Shutting down and abandoning module TextureFormatPVR (159)
[2023.04.10-16.26.48:951][259]LogModuleManager: Shutting down and abandoning module TextureFormatETC2 (157)
[2023.04.10-16.26.48:951][259]LogModuleManager: Shutting down and abandoning module TextureFormatDXT (155)
[2023.04.10-16.26.48:951][259]LogModuleManager: Shutting down and abandoning module TextureFormatIntelISPCTexComp (153)
[2023.04.10-16.26.48:952][259]LogModuleManager: Shutting down and abandoning module TextureFormatASTC (151)
[2023.04.10-16.26.48:952][259]LogModuleManager: Shutting down and abandoning module ImageWrapper (150)
[2023.04.10-16.26.48:952][259]LogModuleManager: Shutting down and abandoning module AudioFormatOpus (147)
[2023.04.10-16.26.48:952][259]LogModuleManager: Shutting down and abandoning module AudioFormatOgg (145)
[2023.04.10-16.26.48:952][259]LogModuleManager: Shutting down and abandoning module AudioFormatADPCM (143)
[2023.04.10-16.26.48:952][259]LogModuleManager: Shutting down and abandoning module WindowsServerTargetPlatform (141)
[2023.04.10-16.26.48:952][259]LogModuleManager: Shutting down and abandoning module WindowsClientTargetPlatform (139)
[2023.04.10-16.26.48:952][259]LogModuleManager: Shutting down and abandoning module WindowsTargetPlatform (137)
[2023.04.10-16.26.48:952][259]LogModuleManager: Shutting down and abandoning module WindowsNoEditorTargetPlatform (135)
[2023.04.10-16.26.48:952][259]LogModuleManager: Shutting down and abandoning module D3D11RHI (132)
[2023.04.10-16.26.48:952][259]LogModuleManager: Shutting down and abandoning module InputCore (130)
[2023.04.10-16.26.48:952][259]LogModuleManager: Shutting down and abandoning module Settings (128)
[2023.04.10-16.26.48:952][259]LogModuleManager: Shutting down and abandoning module PhysXCooking (126)
[2023.04.10-16.26.48:952][259]LogModuleManager: Shutting down and abandoning module Chaos (124)
[2023.04.10-16.26.48:952][259]LogModuleManager: Shutting down and abandoning module WindowsPlatformFeatures (122)
[2023.04.10-16.26.48:952][259]LogModuleManager: Shutting down and abandoning module GameplayMediaEncoder (121)
[2023.04.10-16.26.48:952][259]LogModuleManager: Shutting down and abandoning module AVEncoder (120)
[2023.04.10-16.26.48:952][259]LogModuleManager: Shutting down and abandoning module SteamVRInputDevice (116)
[2023.04.10-16.26.48:952][259]LogModuleManager: Shutting down and abandoning module SteamVRInput (114)
[2023.04.10-16.26.48:952][259]LogModuleManager: Shutting down and abandoning module SteamVR (112)
[2023.04.10-16.26.48:953][259]LogHMD: Freeing OpenVRDLLHandle.
[2023.04.10-16.26.48:953][259]LogModuleManager: Shutting down and abandoning module OculusHMD (110)
[2023.04.10-16.26.48:953][259]LogModuleManager: Shutting down and abandoning module ChaosCloth (108)
[2023.04.10-16.26.48:953][259]LogModuleManager: Shutting down and abandoning module OnlineBlueprintSupport (106)
[2023.04.10-16.26.48:953][259]LogModuleManager: Shutting down and abandoning module OnlineSubsystem (102)
[2023.04.10-16.26.48:955][259]LogModuleManager: Shutting down and abandoning module XMPP (97)
[2023.04.10-16.26.48:956][259]LogModuleManager: Shutting down and abandoning module WebSockets (96)
[2023.04.10-16.26.48:979][259]LogModuleManager: Shutting down and abandoning module HTTP (93)
[2023.04.10-16.26.48:979][259]LogHttp: Display: cleaning up 0 outstanding Http requests.
[2023.04.10-16.26.48:981][259]LogModuleManager: Shutting down and abandoning module SSL (92)
[2023.04.10-16.26.48:983][259]LogModuleManager: Shutting down and abandoning module OpenXRHandTracking (88)
[2023.04.10-16.26.48:983][259]LogSlate: Slate User Destroyed.  User Index 0, Is Virtual User: 0
[2023.04.10-16.26.48:983][259]LogModuleManager: Shutting down and abandoning module OpenXREyeTracker (86)
[2023.04.10-16.26.48:983][259]LogModuleManager: Shutting down and abandoning module OpenXRAR (84)
[2023.04.10-16.26.48:984][259]LogModuleManager: Shutting down and abandoning module AugmentedReality (83)
[2023.04.10-16.26.48:984][259]LogModuleManager: Shutting down and abandoning module OpenXRHMD (80)
[2023.04.10-16.26.48:984][259]LogModuleManager: Shutting down and abandoning module ExampleDeviceProfileSelector (78)
[2023.04.10-16.26.48:984][259]LogModuleManager: Shutting down and abandoning module ChunkDownloader (76)
[2023.04.10-16.26.48:984][259]LogModuleManager: Shutting down and abandoning module MLSDK (74)
[2023.04.10-16.26.48:984][259]LogModuleManager: Shutting down and abandoning module MagicLeap (72)
[2023.04.10-16.26.48:985][259]LogModuleManager: Shutting down and abandoning module LauncherChunkInstaller (70)
[2023.04.10-16.26.48:985][259]LogModuleManager: Shutting down and abandoning module WmfMedia (68)
[2023.04.10-16.26.48:986][259]LogModuleManager: Shutting down and abandoning module Media (67)
[2023.04.10-16.26.48:986][259]LogModuleManager: Shutting down and abandoning module MediaInfo (66)
[2023.04.10-16.26.48:986][259]LogModuleManager: Shutting down and abandoning module ExrReaderGpu (62)
[2023.04.10-16.26.48:986][259]LogModuleManager: Shutting down and abandoning module VariantManagerContent (60)
[2023.04.10-16.26.48:986][259]LogModuleManager: Shutting down and abandoning module DatasmithContent (58)
[2023.04.10-16.26.48:987][259]LogModuleManager: Shutting down and abandoning module PixWinPlugin (56)
[2023.04.10-16.26.48:987][259]LogModuleManager: Shutting down and abandoning module NiagaraVertexFactories (54)
[2023.04.10-16.26.48:987][259]LogModuleManager: Shutting down and abandoning module NiagaraShader (52)
[2023.04.10-16.26.48:987][259]LogModuleManager: Shutting down and abandoning module AISupportModule (50)
[2023.04.10-16.26.48:987][259]LogModuleManager: Shutting down and abandoning module DesktopPlatform (48)
[2023.04.10-16.26.48:987][259]LogModuleManager: Shutting down and abandoning module PlatformCryptoOpenSSL (46)
[2023.04.10-16.26.48:987][259]LogModuleManager: Shutting down and abandoning module PlatformCryptoTypes (44)
[2023.04.10-16.26.48:987][259]LogModuleManager: Shutting down and abandoning module PlatformCrypto (42)
[2023.04.10-16.26.48:987][259]LogModuleManager: Shutting down and abandoning module PythonScriptPluginPreload (40)
[2023.04.10-16.26.48:987][259]LogModuleManager: Shutting down and abandoning module OodleDataCompressionFormat (38)
[2023.04.10-16.26.48:988][259]LogModuleManager: Shutting down and abandoning module XGEController (36)
[2023.04.10-16.26.48:988][259]LogModuleManager: Shutting down and abandoning module AnimationModifiers (34)
[2023.04.10-16.26.48:988][259]LogModuleManager: Shutting down and abandoning module AudioEditor (32)
[2023.04.10-16.26.48:989][259]LogModuleManager: Shutting down and abandoning module PropertyEditor (31)
[2023.04.10-16.26.48:989][259]LogModuleManager: Shutting down and abandoning module TextureCompressor (28)
[2023.04.10-16.26.48:990][259]LogModuleManager: Shutting down and abandoning module RenderCore (26)
[2023.04.10-16.26.48:990][259]LogModuleManager: Shutting down and abandoning module Landscape (24)
[2023.04.10-16.26.48:990][259]LogModuleManager: Shutting down and abandoning module SlateRHIRenderer (22)
[2023.04.10-16.26.48:990][259]LogModuleManager: Shutting down and abandoning module AnimGraphRuntime (20)
[2023.04.10-16.26.48:990][259]LogModuleManager: Shutting down and abandoning module Renderer (18)
[2023.04.10-16.26.48:991][259]LogModuleManager: Shutting down and abandoning module Engine (16)
[2023.04.10-16.26.48:991][259]LogModuleManager: Shutting down and abandoning module CoreUObject (14)
[2023.04.10-16.26.48:991][259]LogModuleManager: Shutting down and abandoning module NetworkFile (12)
[2023.04.10-16.26.48:991][259]LogModuleManager: Shutting down and abandoning module CookedIterativeFile (10)
[2023.04.10-16.26.48:991][259]LogModuleManager: Shutting down and abandoning module StreamingFile (8)
[2023.04.10-16.26.48:991][259]LogModuleManager: Shutting down and abandoning module SandboxFile (6)
[2023.04.10-16.26.48:991][259]LogModuleManager: Shutting down and abandoning module PakFile (4)
[2023.04.10-16.26.48:991][259]LogModuleManager: Shutting down and abandoning module RSA (3)
[2023.04.10-16.26.49:355][259]LogContentStreaming: Display: There are 1 unreleased StreamingManagers
[2023.04.10-16.26.49:377][259]LogD3D11RHI: Shutdown
[2023.04.10-16.26.49:377][259]LogD3D11RHI: CleanupD3DDevice
[2023.04.10-16.26.49:381][259]LogExit: Exiting.
[2023.04.10-16.26.49:393][259]Log file closed, 04/10/23 17:26:49
